Registering ORBextractor...
Registering AKAZEextractor...
Registering BRISKextractor...
Registering SIFTextractor...
Registering KAZEextractor...

ORB-SLAM2 Copyright (C) 2014-2016 Raul Mur-Artal, University of Zaragoza.
This program comes with ABSOLUTELY NO WARRANTY;
This is free software, and you are welcome to redistribute it
under certain conditions. See LICENSE.txt.

Input sensor was set to: Monocular

Loading Vocabulary : /home/howard/Refactored_ORB_SLAM2/Install/var/lib/orbslam2/voc/akaze_cv.fbow
This could take a while...
Loading AKAZE Vocabulary in FBoW.
AKAZE Vocabulary loaded in 0.016680s


Loading Vocabulary : /home/howard/Refactored_ORB_SLAM2/Install/var/lib/orbslam2/voc/kaze_cv.fbow
This could take a while...
Loading KAZE Vocabulary in FBoW.
KAZE Vocabulary loaded in 0.036482s


Camera Parameters: 
- fx: 520.909
- fy: 521.007
- cx: 325.141
- cy: 249.702
- k1: 0.231222
- k2: -0.784899
- k3: 0.917205
- p1: -0.003257
- p2: -0.000105
- fps: 30
- color order: RGB (ignored if grayscale)

[Feature 0] AKAZE Extractor Parameters: 
 ( TH_LOW: 100, TH_HIGH: 200 )
- Number of Features: 1000
- Scale Levels: 4
- Scale Factor: 1.2
- Threshold: 0.001
- Num of Octaves: 4
- Num of Octave Layers: 4

[Feature 1] KAZE Extractor Parameters: 
 ( TH_LOW: 0.5, TH_HIGH: 1 )
- Number of Features : 1000
- Scale Levels       : 4
- Scale Factor       : 1.2
- Threshold          : 0.0005
- nOctaves           : 4
- nOctaveLayers      : 4
- Extended (128‑dim) : 0
- Upright            : 0

-------
Start processing sequence ...
Images in the sequence: 3669

1
New map created with 273 points for 0 Feature Type 
New map created with 362 points for 1 Feature Type 
Tracking Initlized in 11.74s
The initlized frame ID: 15
System::StopViewer()
System::StopViewer() done
Viewer thread finished.

Saving correlation status...

========== Global Summary ==========
Frames: 3653
avg_CorrEdges: 303.048
avg_match_A: 317.531
avg_match_B: 510.362
global_RI_MNR: 0.954391
global_RI_GNR: 0.7528
global_RI_DICE: 0.732096

========== Per-Channel Summary ==========
   chA   chB     avgCorr        avgA        avgB   avgRI_MNR   avgRI_GNR  avgRI_DICE
     0     1     303.048     317.531     510.362    0.946112    0.747114     0.72568

Correlation status saved!

System Shutdown
-------

median tracking time: 0.0954292
mean tracking time: 0.0958521

Saving camera trajectory to result18.txt ...

trajectory saved!
All done

========== Performance Summary (ms) ==========
name                                mean      median        rmse         min         max       count
Tracking                           9.902       9.936       1.540       4.500      15.074        3653
Total Init                      1868.253    1868.253       0.000    1868.253    1868.253           1
Pipeline                          95.849      95.426       5.825      81.931     146.178        3669
KAZE Extract                      84.791      84.113       5.033      75.868     129.470        3669
Correlation                        0.431       0.441       0.077       0.247       0.736        3653
AKAZE Extract                     17.282      17.204       0.923      14.570      30.651        3669
