Registering ORBextractor...
Registering AKAZEextractor...
Registering BRISKextractor...
Registering SIFTextractor...
Registering KAZEextractor...

ORB-SLAM2 Copyright (C) 2014-2016 Raul Mur-Artal, University of Zaragoza.
This program comes with ABSOLUTELY NO WARRANTY;
This is free software, and you are welcome to redistribute it
under certain conditions. See LICENSE.txt.

Input sensor was set to: Monocular

Loading Vocabulary : /home/howard/Refactored_ORB_SLAM2/Install/var/lib/orbslam2/voc/orb_mur.fbow
This could take a while...
Loading ORB Vocabulary in FBoW.
ORB Vocabulary loaded in 0.010133s


Loading Vocabulary : /home/howard/Refactored_ORB_SLAM2/Install/var/lib/orbslam2/voc/akaze_cv.fbow
This could take a while...
Loading AKAZE Vocabulary in FBoW.
AKAZE Vocabulary loaded in 0.017101s


Camera Parameters: 
- fx: 520.909
- fy: 521.007
- cx: 325.141
- cy: 249.702
- k1: 0.231222
- k2: -0.784899
- k3: 0.917205
- p1: -0.003257
- p2: -0.000105
- fps: 30
- color order: RGB (ignored if grayscale)

[Feature 0] ORB Extractor Parameters: 
 ( TH_LOW: 50, TH_HIGH: 100 )
- Number of Features: 1000
- Scale Levels: 8
- Scale Factor: 1.2
- Initial Fast Threshold: 20
- Minimum Fast Threshold: 7

[Feature 1] AKAZE Extractor Parameters: 
 ( TH_LOW: 100, TH_HIGH: 200 )
- Number of Features: 1000
- Scale Levels: 4
- Scale Factor: 1.2
- Threshold: 0.001
- Num of Octaves: 4
- Num of Octave Layers: 4

-------
Start processing sequence ...
Images in the sequence: 3669

0
New map created with 90 points for 0 Feature Type 
New map created with 258 points for 1 Feature Type 
Tracking Initlized in 3.32s
The initlized frame ID: 16
System::StopViewer()
System::StopViewer() done
Viewer thread finished.

Saving correlation status...

========== Global Summary ==========
Frames: 3652
avg_CorrEdges: 74.618
avg_match_A: 235.299
avg_match_B: 349.403
global_RI_MNR: 0.31712
global_RI_GNR: 0.260238
global_RI_DICE: 0.255235

========== Per-Channel Summary ==========
   chA   chB     avgCorr        avgA        avgB   avgRI_MNR   avgRI_GNR  avgRI_DICE
     0     1      74.618     235.299     349.403    0.314954    0.257223    0.251567

Correlation status saved!

System Shutdown
-------

median tracking time: 0.025515
mean tracking time: 0.025571

Saving camera trajectory to result04.txt ...

trajectory saved!
All done

========== Performance Summary (ms) ==========
name                                mean      median        rmse         min         max       count
Tracking                           7.002       6.988       1.074       3.547      10.576        3652
Total Init                       684.497     684.497       0.000     684.497     684.497           1
Pipeline                          25.568      25.512       1.968      20.251      55.982        3669
Correlation                        0.252       0.256       0.036       0.155       0.419        3652
AKAZE Extract                     17.452      17.429       1.001      14.785      46.745        3669
ORB Extract                        5.133       5.144       0.335       4.129       7.357        3669
