Registering ORBextractor...
Registering AKAZEextractor...
Registering BRISKextractor...
Registering SIFTextractor...
Registering KAZEextractor...

ORB-SLAM2 Copyright (C) 2014-2016 Raul Mur-Artal, University of Zaragoza.
This program comes with ABSOLUTELY NO WARRANTY;
This is free software, and you are welcome to redistribute it
under certain conditions. See LICENSE.txt.

Input sensor was set to: Monocular

Loading Vocabulary : /home/howard/Refactored_ORB_SLAM2/Install/var/lib/orbslam2/voc/kaze_cv.fbow
This could take a while...
Loading KAZE Vocabulary in FBoW.
KAZE Vocabulary loaded in 0.037724s


Camera Parameters: 
- fx: 535.4
- fy: 539.2
- cx: 320.1
- cy: 247.6
- k1: 0
- k2: 0
- p1: 0
- p2: 0
- fps: 30
- color order: RGB (ignored if grayscale)

[Feature 0] KAZE Extractor Parameters: 
 ( TH_LOW: 0.5, TH_HIGH: 1 )
- Number of Features : 1000
- Scale Levels       : 4
- Scale Factor       : 1.2
- Threshold          : 1e-05
- nOctaves           : 4
- nOctaveLayers      : 4
- Extended (128‑dim) : 0
- Upright            : 0

-------
Start processing sequence ...
Images in the sequence: 474

0
New map created with 315 points for 0 Feature Type 
Tracking Initlized in 17.36s
The initlized frame ID: 29
The lost frame ID: 100
The lost frame ID: 108
The lost frame ID: 224
The lost frame ID: 228
The lost frame ID: 231
The lost frame ID: 404
The lost frame ID: 405
The lost frame ID: 420
The lost frame ID: 421
The lost frame ID: 423
The lost frame ID: 428
The lost frame ID: 434
The lost frame ID: 435
The lost frame ID: 437
The lost frame ID: 439
The lost frame ID: 449
The lost frame ID: 451
The lost frame ID: 458
The lost frame ID: 459
The lost frame ID: 467
The lost frame ID: 473
System::StopViewer()
System::StopViewer() done
Viewer thread finished.

Saving correlation status...

Correlation status saved!

System Shutdown
-------

median tracking time: 0.0815606
mean tracking time: 0.0839647

Saving camera trajectory to result06.txt ...

trajectory saved!
All done

========== Performance Summary (ms) ==========
name                                mean      median        rmse         min         max       count
Tracking                           2.647       2.054       1.306       1.121      10.822         444
Correlation                        0.000       0.000       0.000       0.000       0.001         423
Total Init                      3179.858    3179.858       0.000    3179.858    3179.858           1
Pipeline                          83.962      81.556       8.859      71.218     192.089         474
KAZE Extract                      79.189      78.156       6.784      68.918     167.795         474
