Registering ORBextractor...
Registering AKAZEextractor...
Registering BRISKextractor...
Registering SIFTextractor...
Registering KAZEextractor...

ORB-SLAM2 Copyright (C) 2014-2016 Raul Mur-Artal, University of Zaragoza.
This program comes with ABSOLUTELY NO WARRANTY;
This is free software, and you are welcome to redistribute it
under certain conditions. See LICENSE.txt.

Input sensor was set to: Monocular

Loading Vocabulary : /home/howard/Refactored_ORB_SLAM2/Install/var/lib/orbslam2/voc/orb_mur.fbow
This could take a while...
Loading ORB Vocabulary in FBoW.
ORB Vocabulary loaded in 0.009982s


Loading Vocabulary : /home/howard/Refactored_ORB_SLAM2/Install/var/lib/orbslam2/voc/akaze_cv.fbow
This could take a while...
Loading AKAZE Vocabulary in FBoW.
AKAZE Vocabulary loaded in 0.016943s


Camera Parameters: 
- fx: 535.4
- fy: 539.2
- cx: 320.1
- cy: 247.6
- k1: 0
- k2: 0
- p1: 0
- p2: 0
- fps: 30
- color order: RGB (ignored if grayscale)

[Feature 0] ORB Extractor Parameters: 
 ( TH_LOW: 50, TH_HIGH: 100 )
- Number of Features: 1000
- Scale Levels: 8
- Scale Factor: 1.2
- Initial Fast Threshold: 20
- Minimum Fast Threshold: 7

[Feature 1] AKAZE Extractor Parameters: 
 ( TH_LOW: 100, TH_HIGH: 200 )
- Number of Features: 1000
- Scale Levels: 4
- Scale Factor: 1.2
- Threshold: 1e-05
- Num of Octaves: 4
- Num of Octave Layers: 4

-------
Start processing sequence ...
Images in the sequence: 474

1
New map created with 5 points for 0 Feature Type 
New map created with 313 points for 1 Feature Type 
Tracking Initlized in 6.84s
The initlized frame ID: 28
The lost frame ID: 100
The lost frame ID: 103
The lost frame ID: 107
The lost frame ID: 108
The lost frame ID: 115
The lost frame ID: 120
The lost frame ID: 121
The lost frame ID: 129
The lost frame ID: 133
The lost frame ID: 135
The lost frame ID: 159
The lost frame ID: 178
The lost frame ID: 188
The lost frame ID: 190
The lost frame ID: 199
The lost frame ID: 200
The lost frame ID: 203
The lost frame ID: 206
The lost frame ID: 207
The lost frame ID: 209
The lost frame ID: 211
The lost frame ID: 214
The lost frame ID: 215
The lost frame ID: 217
The lost frame ID: 219
The lost frame ID: 220
The lost frame ID: 221
The lost frame ID: 222
The lost frame ID: 223
The lost frame ID: 224
The lost frame ID: 225
The lost frame ID: 226
The lost frame ID: 227
The lost frame ID: 228
The lost frame ID: 229
The lost frame ID: 230
The lost frame ID: 231
The lost frame ID: 232
The lost frame ID: 233
The lost frame ID: 234
The lost frame ID: 235
The lost frame ID: 236
The lost frame ID: 237
The lost frame ID: 238
The lost frame ID: 239
The lost frame ID: 240
The lost frame ID: 241
The lost frame ID: 242
The lost frame ID: 243
The lost frame ID: 244
The lost frame ID: 245
The lost frame ID: 246
The lost frame ID: 247
The lost frame ID: 248
The lost frame ID: 249
The lost frame ID: 250
The lost frame ID: 251
The lost frame ID: 252
The lost frame ID: 253
The lost frame ID: 254
The lost frame ID: 255
The lost frame ID: 256
The lost frame ID: 257
The lost frame ID: 258
The lost frame ID: 259
The lost frame ID: 260
The lost frame ID: 261
The lost frame ID: 262
The lost frame ID: 263
The lost frame ID: 264
The lost frame ID: 265
The lost frame ID: 266
The lost frame ID: 267
The lost frame ID: 268
The lost frame ID: 269
The lost frame ID: 270
The lost frame ID: 271
The lost frame ID: 272
The lost frame ID: 273
The lost frame ID: 274
The lost frame ID: 275
The lost frame ID: 276
The lost frame ID: 277
The lost frame ID: 278
The lost frame ID: 279
The lost frame ID: 280
The lost frame ID: 281
The lost frame ID: 282
The lost frame ID: 283
The lost frame ID: 284
The lost frame ID: 285
The lost frame ID: 286
The lost frame ID: 287
The lost frame ID: 288
The lost frame ID: 289
The lost frame ID: 290
The lost frame ID: 291
The lost frame ID: 292
The lost frame ID: 293
The lost frame ID: 294
The lost frame ID: 295
The lost frame ID: 296
The lost frame ID: 297
The lost frame ID: 298
The lost frame ID: 299
The lost frame ID: 300
The lost frame ID: 301
The lost frame ID: 302
The lost frame ID: 303
The lost frame ID: 304
The lost frame ID: 305
The lost frame ID: 306
The lost frame ID: 307
The lost frame ID: 308
The lost frame ID: 309
The lost frame ID: 310
The lost frame ID: 311
The lost frame ID: 312
The lost frame ID: 313
The lost frame ID: 314
The lost frame ID: 316
The lost frame ID: 317
The lost frame ID: 318
The lost frame ID: 319
The lost frame ID: 320
The lost frame ID: 321
The lost frame ID: 322
The lost frame ID: 323
The lost frame ID: 324
The lost frame ID: 325
The lost frame ID: 326
The lost frame ID: 327
The lost frame ID: 328
The lost frame ID: 329
The lost frame ID: 330
The lost frame ID: 331
The lost frame ID: 332
The lost frame ID: 333
The lost frame ID: 335
The lost frame ID: 336
The lost frame ID: 337
The lost frame ID: 338
The lost frame ID: 339
The lost frame ID: 340
The lost frame ID: 341
The lost frame ID: 342
The lost frame ID: 346
The lost frame ID: 347
The lost frame ID: 349
The lost frame ID: 353
The lost frame ID: 362
The lost frame ID: 371
The lost frame ID: 372
The lost frame ID: 379
The lost frame ID: 384
The lost frame ID: 386
The lost frame ID: 387
The lost frame ID: 389
The lost frame ID: 392
The lost frame ID: 398
The lost frame ID: 405
The lost frame ID: 407
The lost frame ID: 408
The lost frame ID: 412
The lost frame ID: 415
The lost frame ID: 430
The lost frame ID: 439
The lost frame ID: 442
The lost frame ID: 469
System::StopViewer()
System::StopViewer() done
Viewer thread finished.

Saving correlation status...

========== Global Summary ==========
Frames: 85
avg_CorrEdges: 4.11765
avg_match_A: 13.6706
avg_match_B: 222.906
global_RI_MNR: 0.301205
global_RI_GNR: 0.0745924
global_RI_DICE: 0.0348103

========== Per-Channel Summary ==========
   chA   chB     avgCorr        avgA        avgB   avgRI_MNR   avgRI_GNR  avgRI_DICE
     0     1     4.11765     13.6706     222.906    0.242991   0.0590872   0.0277183

Correlation status saved!

System Shutdown
-------

median tracking time: 0.0218327
mean tracking time: 0.0246263

Saving camera trajectory to result15.txt ...

trajectory saved!
All done

========== Performance Summary (ms) ==========
name                                mean      median        rmse         min         max       count
Tracking                           2.802       2.805       0.667       1.304       8.768         445
Total Init                      1932.094    1932.094       0.000    1932.094    1932.094           1
Pipeline                          24.624      21.830      10.590      18.870      74.175         474
Correlation                        0.025       0.003       0.037       0.002       0.144         275
AKAZE Extract                     18.171      17.871       1.925      16.296      35.992         474
ORB Extract                        2.501       2.485       0.295       1.882       4.389         474
