Registering ORBextractor...
Registering AKAZEextractor...
Registering BRISKextractor...
Registering SIFTextractor...
Registering KAZEextractor...
Registering SuperPointExtractor...

ORB-SLAM2 Copyright (C) 2014-2016 Raul Mur-Artal, University of Zaragoza.
This program comes with ABSOLUTELY NO WARRANTY;
This is free software, and you are welcome to redistribute it
under certain conditions. See LICENSE.txt.

Input sensor was set to: Monocular

Loading Vocabulary : /home/howard/Refactored_ORB_SLAM2/Install/var/lib/orbslam2/voc/kaze_cv.fbow
This could take a while...
Loading KAZE Vocabulary in FBoW.
KAZE Vocabulary loaded in 0.007712s


Loading Vocabulary : /home/howard/Refactored_ORB_SLAM2/Install/var/lib/orbslam2/voc/superpoint.fbow
This could take a while...
Loading SuperPoint Vocabulary in FBoW.
SuperPoint Vocabulary loaded in 0.008258s


Camera Parameters: 
- fx: 535.4
- fy: 539.2
- cx: 320.1
- cy: 247.6
- k1: 0
- k2: 0
- p1: 0
- p2: 0
- fps: 30
- color order: RGB (ignored if grayscale)

[Feature 0] KAZE Extractor Parameters: 
 ( TH_LOW: 0.5, TH_HIGH: 1 )
- Number of Features : 1000
- Scale Levels       : 4
- Scale Factor       : 1.4
- Threshold          : 1e-05
- nOctaves           : 4
- nOctaveLayers      : 4
- Extended (128‑dim) : 0
- Upright            : 0

[Feature 1] SuperPoint Extractor Parameters: 
 ( TH_LOW: 0.7, TH_HIGH: 0.9 )
- Number of Features: 1000
- Scale Levels: 4
- Scale Factor: 1.2
- Use CUDA: 1
- Use NMS: 1
- iniTh: 0.0024
- minTh: 0.0012

-------
Start processing sequence ...
Images in the sequence: 474

0
New map created with 321 points for 0 Feature Type 
New map created with 0 points for 1 Feature Type 
Tracking Initlized in 34.19s
The initlized frame ID: 29
The lost frame ID: 107
The lost frame ID: 211
The lost frame ID: 223
The lost frame ID: 224
The lost frame ID: 225
The lost frame ID: 226
The lost frame ID: 227
The lost frame ID: 228
The lost frame ID: 229
The lost frame ID: 230
The lost frame ID: 231
The lost frame ID: 232
The lost frame ID: 234
The lost frame ID: 235
The lost frame ID: 236
The lost frame ID: 237
The lost frame ID: 238
The lost frame ID: 239
The lost frame ID: 240
The lost frame ID: 241
The lost frame ID: 242
The lost frame ID: 243
The lost frame ID: 244
The lost frame ID: 245
The lost frame ID: 246
The lost frame ID: 248
The lost frame ID: 249
The lost frame ID: 250
The lost frame ID: 251
The lost frame ID: 252
The lost frame ID: 253
The lost frame ID: 254
The lost frame ID: 256
The lost frame ID: 257
The lost frame ID: 258
The lost frame ID: 259
The lost frame ID: 260
The lost frame ID: 261
The lost frame ID: 262
The lost frame ID: 263
The lost frame ID: 264
The lost frame ID: 265
The lost frame ID: 266
The lost frame ID: 267
The lost frame ID: 268
The lost frame ID: 269
The lost frame ID: 270
The lost frame ID: 271
The lost frame ID: 272
The lost frame ID: 273
The lost frame ID: 274
The lost frame ID: 275
The lost frame ID: 276
The lost frame ID: 277
The lost frame ID: 278
The lost frame ID: 279
The lost frame ID: 280
The lost frame ID: 281
The lost frame ID: 282
The lost frame ID: 283
The lost frame ID: 284
The lost frame ID: 285
The lost frame ID: 286
The lost frame ID: 287
The lost frame ID: 288
The lost frame ID: 289
The lost frame ID: 290
The lost frame ID: 291
The lost frame ID: 292
The lost frame ID: 293
The lost frame ID: 294
The lost frame ID: 295
The lost frame ID: 296
The lost frame ID: 297
The lost frame ID: 298
The lost frame ID: 299
The lost frame ID: 300
The lost frame ID: 301
The lost frame ID: 302
The lost frame ID: 303
The lost frame ID: 304
The lost frame ID: 305
The lost frame ID: 306
The lost frame ID: 307
The lost frame ID: 308
The lost frame ID: 309
The lost frame ID: 310
The lost frame ID: 311
The lost frame ID: 312
The lost frame ID: 313
The lost frame ID: 314
The lost frame ID: 315
The lost frame ID: 316
The lost frame ID: 317
The lost frame ID: 318
The lost frame ID: 319
The lost frame ID: 320
The lost frame ID: 321
The lost frame ID: 322
The lost frame ID: 323
The lost frame ID: 324
The lost frame ID: 325
The lost frame ID: 326
The lost frame ID: 327
The lost frame ID: 328
The lost frame ID: 329
The lost frame ID: 330
The lost frame ID: 331
The lost frame ID: 332
The lost frame ID: 333
The lost frame ID: 334
The lost frame ID: 335
The lost frame ID: 336
The lost frame ID: 337
The lost frame ID: 338
The lost frame ID: 339
The lost frame ID: 340
The lost frame ID: 341
The lost frame ID: 342
The lost frame ID: 343
The lost frame ID: 344
The lost frame ID: 345
The lost frame ID: 346
The lost frame ID: 347
The lost frame ID: 348
System::StopViewer()
System::StopViewer() done
Viewer thread finished.

Saving correlation status...

Correlation status saved!

System Shutdown
-------

median tracking time: 0.111568
mean tracking time: 0.116966

Saving camera trajectory to result02.txt ...

trajectory saved!
All done

========== Performance Summary (ms) ==========
name                                mean      median        rmse         min         max       count
Tracking                          10.201       4.702      10.506       1.845      41.432         444
Correlation                        0.013       0.011       0.012       0.002       0.137         319
Total Init                      3948.215    3948.215       0.000    3948.215    3948.215           1
Pipeline                         116.963     111.562      15.688      87.371     267.712         474
SuperPoint Extract                62.653      61.842      10.738      44.897     248.827         474
KAZE Extract                     103.987     102.853       8.291      75.868     160.940         474
