Registering ORBextractor...
Registering AKAZEextractor...
Registering BRISKextractor...
Registering SIFTextractor...
Registering KAZEextractor...
Registering SuperPointExtractor...

ORB-SLAM2 Copyright (C) 2014-2016 Raul Mur-Artal, University of Zaragoza.
This program comes with ABSOLUTELY NO WARRANTY;
This is free software, and you are welcome to redistribute it
under certain conditions. See LICENSE.txt.

Input sensor was set to: Monocular

Loading Vocabulary : /home/howard/Refactored_ORB_SLAM2/Install/var/lib/orbslam2/voc/kaze_cv.fbow
This could take a while...
Loading KAZE Vocabulary in FBoW.
KAZE Vocabulary loaded in 0.005973s


Camera Parameters: 
- fx: 517.306
- fy: 516.469
- cx: 318.643
- cy: 255.314
- k1: 0.262383
- k2: -0.953104
- k3: 1.16331
- p1: -0.005358
- p2: 0.002628
- fps: 30
- color order: RGB (ignored if grayscale)

[Feature 0] KAZE Extractor Parameters: 
 ( TH_LOW: 0.5, TH_HIGH: 1 )
- Number of Features : 1000
- Scale Levels       : 4
- Scale Factor       : 1.2
- Threshold          : 0.0005
- nOctaves           : 4
- nOctaveLayers      : 4
- Extended (128‑dim) : 0
- Upright            : 0

-------
Start processing sequence ...
Images in the sequence: 798

0
New map created with 435 points for 0 Feature Type 
Tracking Initlized in 16.83s
The initlized frame ID: 23
System::StopViewer()
System::StopViewer() done
Viewer thread finished.

Saving correlation status...

Correlation status saved!

System Shutdown
-------

median tracking time: 0.0956515
mean tracking time: 0.0963747

Saving camera trajectory to result18.txt ...

trajectory saved!
All done

========== Performance Summary (ms) ==========
name                                mean      median        rmse         min         max       count
Tracking                           5.232       5.383       0.787       2.721       7.019         774
Correlation                        0.000       0.000       0.000       0.000       0.001         774
Total Init                      2990.334    2990.334       0.000    2990.334    2990.334           1
Pipeline                          96.372      95.647       7.168      82.132     148.695         798
KAZE Extract                      89.199      89.050       4.581      75.750     113.452         798
