Registering ORBextractor...
Registering AKAZEextractor...
Registering BRISKextractor...
Registering SIFTextractor...
Registering KAZEextractor...

ORB-SLAM2 Copyright (C) 2014-2016 Raul Mur-Artal, University of Zaragoza.
This program comes with ABSOLUTELY NO WARRANTY;
This is free software, and you are welcome to redistribute it
under certain conditions. See LICENSE.txt.

Input sensor was set to: Monocular

Loading Vocabulary : /home/howard/Refactored_ORB_SLAM2/Install/var/lib/orbslam2/voc/akaze_cv.fbow
This could take a while...
Loading AKAZE Vocabulary in FBoW.
AKAZE Vocabulary loaded in 0.015704s


Camera Parameters: 
- fx: 535.4
- fy: 539.2
- cx: 320.1
- cy: 247.6
- k1: 0
- k2: 0
- p1: 0
- p2: 0
- fps: 30
- color order: RGB (ignored if grayscale)

[Feature 0] AKAZE Extractor Parameters: 
 ( TH_LOW: 100, TH_HIGH: 200 )
- Number of Features: 1000
- Scale Levels: 4
- Scale Factor: 1.2
- Threshold: 1e-05
- Num of Octaves: 4
- Num of Octave Layers: 4

-------
Start processing sequence ...
Images in the sequence: 474

0
New map created with 347 points for 0 Feature Type 
Tracking Initlized in 6.60s
The initlized frame ID: 29
The lost frame ID: 99
The lost frame ID: 100
The lost frame ID: 103
The lost frame ID: 107
The lost frame ID: 108
The lost frame ID: 119
System::StopViewer()
System::StopViewer() done
Viewer thread finished.

Saving correlation status...

Correlation status saved!

System Shutdown
-------

median tracking time: 0.0221312
mean tracking time: 0.0251509

Saving camera trajectory to result20.txt ...

trajectory saved!
All done

========== Performance Summary (ms) ==========
name                                mean      median        rmse         min         max       count
Tracking                           2.850       2.280       1.404       0.872       6.502         444
Total Init                      2018.538    2018.538       0.000    2018.538    2018.538           1
Pipeline                          25.148      22.122      10.731      18.874      71.526         474
Correlation                        0.000       0.000       0.001       0.000       0.013         438
AKAZE Extract                     18.754      18.686       0.968      16.624      22.153         474
