Registering ORBextractor...
Registering AKAZEextractor...
Registering BRISKextractor...
Registering SIFTextractor...
Registering KAZEextractor...
Registering SuperPointExtractor...

ORB-SLAM2 Copyright (C) 2014-2016 Raul Mur-Artal, University of Zaragoza.
This program comes with ABSOLUTELY NO WARRANTY;
This is free software, and you are welcome to redistribute it
under certain conditions. See LICENSE.txt.

Input sensor was set to: Monocular

Loading Vocabulary : /home/howard/Refactored_ORB_SLAM2/Install/var/lib/orbslam2/voc/kaze_cv.fbow
This could take a while...
Loading KAZE Vocabulary in FBoW.
KAZE Vocabulary loaded in 0.006835s


Loading Vocabulary : /home/howard/Refactored_ORB_SLAM2/Install/var/lib/orbslam2/voc/superpoint.fbow
This could take a while...
Loading SuperPoint Vocabulary in FBoW.
SuperPoint Vocabulary loaded in 0.008702s


Camera Parameters: 
- fx: 520.909
- fy: 521.007
- cx: 325.141
- cy: 249.702
- k1: 0.231222
- k2: -0.784899
- k3: 0.917205
- p1: -0.003257
- p2: -0.000105
- fps: 30
- color order: RGB (ignored if grayscale)

[Feature 0] KAZE Extractor Parameters: 
 ( TH_LOW: 0.5, TH_HIGH: 1 )
- Number of Features : 1000
- Scale Levels       : 4
- Scale Factor       : 1.2
- Threshold          : 0.0005
- nOctaves           : 4
- nOctaveLayers      : 4
- Extended (128‑dim) : 0
- Upright            : 0

[Feature 1] SuperPoint Extractor Parameters: 
 ( TH_LOW: 0.7, TH_HIGH: 0.9 )
- Number of Features: 1000
- Scale Levels: 4
- Scale Factor: 1.2
- Use CUDA: 1
- Use NMS: 1
- iniTh: 0.08
- minTh: 0.04

-------
Start processing sequence ...
Images in the sequence: 3669

0
New map created with 272 points for 0 Feature Type 
New map created with 86 points for 1 Feature Type 
Tracking Initlized in 15.54s
The initlized frame ID: 13
System::StopViewer()
System::StopViewer() done
Viewer thread finished.

Saving correlation status...

========== Global Summary ==========
Frames: 3655
avg_CorrEdges: 45.1343
avg_match_A: 414.343
avg_match_B: 587.178
global_RI_MNR: 0.10893
global_RI_GNR: 0.0915044
global_RI_DICE: 0.0901316

========== Per-Channel Summary ==========
   chA   chB     avgCorr        avgA        avgB   avgRI_MNR   avgRI_GNR  avgRI_DICE
     0     1     45.1343     414.343     587.178    0.108763   0.0905538   0.0888739

Correlation status saved!

System Shutdown
-------

median tracking time: 0.11683
mean tracking time: 0.118348

Saving camera trajectory to result06.txt ...

trajectory saved!
All done

========== Performance Summary (ms) ==========
name                                mean      median        rmse         min         max       count
Tracking                          13.299      13.612       2.269       3.330      20.205        3655
Correlation                        0.398       0.405       0.060       0.154       0.852        3655
Total Init                      1955.800    1955.800       0.000    1955.800    1955.800           1
Pipeline                         118.344     116.827      11.844      88.201     294.790        3669
SuperPoint Extract                81.684      76.383      17.583      52.328     275.025        3669
KAZE Extract                     101.278     100.857       8.476      81.132     158.452        3669
