Registering ORBextractor...
Registering AKAZEextractor...
Registering BRISKextractor...
Registering SIFTextractor...
Registering KAZEextractor...

ORB-SLAM2 Copyright (C) 2014-2016 Raul Mur-Artal, University of Zaragoza.
This program comes with ABSOLUTELY NO WARRANTY;
This is free software, and you are welcome to redistribute it
under certain conditions. See LICENSE.txt.

Input sensor was set to: Monocular

Loading Vocabulary : /home/howard/Refactored_ORB_SLAM2/Install/var/lib/orbslam2/voc/orb_mur.fbow
This could take a while...
Loading ORB Vocabulary in FBoW.
ORB Vocabulary loaded in 0.010693s


Loading Vocabulary : /home/howard/Refactored_ORB_SLAM2/Install/var/lib/orbslam2/voc/sift_cv.fbow
This could take a while...
Loading SIFT Vocabulary in FBoW.
SIFT Vocabulary loaded in 0.100352s


Camera Parameters: 
- fx: 520.909
- fy: 521.007
- cx: 325.141
- cy: 249.702
- k1: 0.231222
- k2: -0.784899
- k3: 0.917205
- p1: -0.003257
- p2: -0.000105
- fps: 30
- color order: RGB (ignored if grayscale)

[Feature 0] ORB Extractor Parameters: 
 ( TH_LOW: 50, TH_HIGH: 100 )
- Number of Features: 1000
- Scale Levels: 8
- Scale Factor: 1.2
- Initial Fast Threshold: 20
- Minimum Fast Threshold: 7

[Feature 1] SIFT Extractor Parameters: 
 ( TH_LOW: 300, TH_HIGH: 500 )
- Number of Features  : 1000
- Scale Levels        : 1
- Scale Factor        : 1
- Contrast Threshold  : 0.001
- Edge Threshold      : 5
- nOctaves            : 3
- Sigma               : 1.6

-------
Start processing sequence ...
Images in the sequence: 3669

1
New map created with 86 points for 0 Feature Type 
New map created with 393 points for 1 Feature Type 
Tracking Initlized in 3.06s
The initlized frame ID: 14
System::StopViewer()
System::StopViewer() done
Viewer thread finished.

Saving correlation status...

========== Global Summary ==========
Frames: 3654
avg_CorrEdges: 80.7277
avg_match_A: 248.148
avg_match_B: 340.395
global_RI_MNR: 0.325321
global_RI_GNR: 0.277764
global_RI_DICE: 0.274331

========== Per-Channel Summary ==========
   chA   chB     avgCorr        avgA        avgB   avgRI_MNR   avgRI_GNR  avgRI_DICE
     0     1     80.7277     248.148     340.395    0.326233    0.275396    0.271084

Correlation status saved!

System Shutdown
-------

median tracking time: 0.0277211
mean tracking time: 0.0284344

Saving camera trajectory to result07.txt ...

trajectory saved!
All done

========== Performance Summary (ms) ==========
name                                mean      median        rmse         min         max       count
Tracking                           8.164       8.090       1.326       2.907      12.421        3654
Correlation                        0.273       0.273       0.039       0.127       0.477        3654
Total Init                      1141.005    1141.005       0.000    1141.005    1141.005           1
Pipeline                          28.431      27.719       4.130      21.919     101.370        3669
SIFT Extract                      19.202      18.655       1.891      16.835      37.692        3669
ORB Extract                        5.296       5.285       0.324       4.235       8.519        3669
