Registering ORBextractor...
Registering AKAZEextractor...
Registering BRISKextractor...
Registering SIFTextractor...
Registering KAZEextractor...

ORB-SLAM2 Copyright (C) 2014-2016 Raul Mur-Artal, University of Zaragoza.
This program comes with ABSOLUTELY NO WARRANTY;
This is free software, and you are welcome to redistribute it
under certain conditions. See LICENSE.txt.

Input sensor was set to: Monocular

Loading Vocabulary : /home/howard/Refactored_ORB_SLAM2/Install/var/lib/orbslam2/voc/orb_mur.fbow
This could take a while...
Loading ORB Vocabulary in FBoW.
ORB Vocabulary loaded in 0.011365s


Loading Vocabulary : /home/howard/Refactored_ORB_SLAM2/Install/var/lib/orbslam2/voc/sift_cv.fbow
This could take a while...
Loading SIFT Vocabulary in FBoW.
SIFT Vocabulary loaded in 0.105159s


Camera Parameters: 
- fx: 520.909
- fy: 521.007
- cx: 325.141
- cy: 249.702
- k1: 0.231222
- k2: -0.784899
- k3: 0.917205
- p1: -0.003257
- p2: -0.000105
- fps: 30
- color order: RGB (ignored if grayscale)

[Feature 0] ORB Extractor Parameters: 
 ( TH_LOW: 50, TH_HIGH: 100 )
- Number of Features: 1000
- Scale Levels: 8
- Scale Factor: 1.2
- Initial Fast Threshold: 20
- Minimum Fast Threshold: 7

[Feature 1] SIFT Extractor Parameters: 
 ( TH_LOW: 300, TH_HIGH: 500 )
- Number of Features  : 1000
- Scale Levels        : 1
- Scale Factor        : 1
- Contrast Threshold  : 0.001
- Edge Threshold      : 5
- nOctaves            : 3
- Sigma               : 1.6

-------
Start processing sequence ...
Images in the sequence: 3669

1
New map created with 86 points for 0 Feature Type 
New map created with 393 points for 1 Feature Type 
Tracking Initlized in 3.09s
The initlized frame ID: 14
System::StopViewer()
System::StopViewer() done
Viewer thread finished.

Saving correlation status...

========== Global Summary ==========
Frames: 3654
avg_CorrEdges: 82.0679
avg_match_A: 244.385
avg_match_B: 338.357
global_RI_MNR: 0.335814
global_RI_GNR: 0.285396
global_RI_DICE: 0.281661

========== Per-Channel Summary ==========
   chA   chB     avgCorr        avgA        avgB   avgRI_MNR   avgRI_GNR  avgRI_DICE
     0     1     82.0679     244.385     338.357    0.336666    0.283814    0.279303

Correlation status saved!

System Shutdown
-------

median tracking time: 0.0274208
mean tracking time: 0.0280651

Saving camera trajectory to result04.txt ...

trajectory saved!
All done

========== Performance Summary (ms) ==========
name                                mean      median        rmse         min         max       count
Tracking                           7.910       7.775       1.280       3.226      11.813        3654
Correlation                        0.269       0.272       0.040       0.126       0.587        3654
Total Init                      1164.776    1164.776       0.000    1164.776    1164.776           1
Pipeline                          28.062      27.418       4.176      22.213     100.793        3669
SIFT Extract                      19.092      18.593       2.024      16.830      44.193        3669
ORB Extract                        5.286       5.285       0.324       4.321       8.744        3669
