Registering ORBextractor...
Registering AKAZEextractor...
Registering BRISKextractor...
Registering SIFTextractor...
Registering KAZEextractor...
Registering SuperPointExtractor...

ORB-SLAM2 Copyright (C) 2014-2016 Raul Mur-Artal, University of Zaragoza.
This program comes with ABSOLUTELY NO WARRANTY;
This is free software, and you are welcome to redistribute it
under certain conditions. See LICENSE.txt.

Input sensor was set to: Monocular

Loading Vocabulary : /home/howard/Refactored_ORB_SLAM2/Install/var/lib/orbslam2/voc/orb_mur.fbow
This could take a while...
Loading ORB Vocabulary in FBoW.
ORB Vocabulary loaded in 0.008742s


Loading Vocabulary : /home/howard/Refactored_ORB_SLAM2/Install/var/lib/orbslam2/voc/akaze_cv.fbow
This could take a while...
Loading AKAZE Vocabulary in FBoW.
AKAZE Vocabulary loaded in 0.001616s


Loading Vocabulary : /home/howard/Refactored_ORB_SLAM2/Install/var/lib/orbslam2/voc/brisk_cv.fbow
This could take a while...
Loading BRISK Vocabulary in FBoW.
BRISK Vocabulary loaded in 0.001568s


Loading Vocabulary : /home/howard/Refactored_ORB_SLAM2/Install/var/lib/orbslam2/voc/kaze_cv.fbow
This could take a while...
Loading KAZE Vocabulary in FBoW.
KAZE Vocabulary loaded in 0.005697s


Loading Vocabulary : /home/howard/Refactored_ORB_SLAM2/Install/var/lib/orbslam2/voc/sift_cv.fbow
This could take a while...
Loading SIFT Vocabulary in FBoW.
SIFT Vocabulary loaded in 0.011119s


Loading Vocabulary : /home/howard/Refactored_ORB_SLAM2/Install/var/lib/orbslam2/voc/superpoint.fbow
This could take a while...
Loading SuperPoint Vocabulary in FBoW.
SuperPoint Vocabulary loaded in 0.007355s


Camera Parameters: 
- fx: 520.909
- fy: 521.007
- cx: 325.141
- cy: 249.702
- k1: 0.231222
- k2: -0.784899
- k3: 0.917205
- p1: -0.003257
- p2: -0.000105
- fps: 30
- color order: RGB (ignored if grayscale)

[Feature 0] ORB Extractor Parameters: 
 ( TH_LOW: 50, TH_HIGH: 100 )
- Number of Features: 1000
- Scale Levels: 8
- Scale Factor: 1.2
- Initial Fast Threshold: 20
- Minimum Fast Threshold: 7

[Feature 1] AKAZE Extractor Parameters: 
 ( TH_LOW: 100, TH_HIGH: 200 )
- Number of Features: 1000
- Scale Levels: 4
- Scale Factor: 1.2
- Threshold: 0.001
- Num of Octaves: 4
- Num of Octave Layers: 4

[Feature 2] BRISK Extractor Parameters: 
 ( TH_LOW: 100, TH_HIGH: 200 )
- Number of Features: 1000
- Scale Levels: 6
- Scale Factor: 1.414
- Threshold: 10
- Num of Octaves: 3
- Pattern Scale: 1

[Feature 3] KAZE Extractor Parameters: 
 ( TH_LOW: 0.5, TH_HIGH: 1 )
- Number of Features : 1000
- Scale Levels       : 4
- Scale Factor       : 1.2
- Threshold          : 0.0005
- nOctaves           : 4
- nOctaveLayers      : 4
- Extended (128‑dim) : 0
- Upright            : 0

[Feature 4] SIFT Extractor Parameters: 
 ( TH_LOW: 300, TH_HIGH: 500 )
- Number of Features  : 1000
- Scale Levels        : 1
- Scale Factor        : 1
- Contrast Threshold  : 0.001
- Edge Threshold      : 5
- nOctaves            : 3
- Sigma               : 1.6

[Feature 5] SuperPoint Extractor Parameters: 
 ( TH_LOW: 0.7, TH_HIGH: 0.9 )
- Number of Features: 1000
- Scale Levels: 4
- Scale Factor: 1.2
- Use CUDA: 1
- Use NMS: 1
- iniTh: 0.08
- minTh: 0.04

-------
Start processing sequence ...
Images in the sequence: 3669

4
New map created with 89 points for 0 Feature Type 
New map created with 275 points for 1 Feature Type 
New map created with 371 points for 2 Feature Type 
New map created with 373 points for 3 Feature Type 
New map created with 393 points for 4 Feature Type 
New map created with 127 points for 5 Feature Type 
Tracking Initlized in 25.35s
The initlized frame ID: 14
System::StopViewer()
System::StopViewer() done
Viewer thread finished.

Saving correlation status...

========== Global Summary ==========
Frames: 54810
avg_CorrEdges: 110.542
avg_match_A: 316.461
avg_match_B: 423.44
global_RI_MNR: 0.349306
global_RI_GNR: 0.301974
global_RI_DICE: 0.298801

========== Per-Channel Summary ==========
   chA   chB     avgCorr        avgA        avgB   avgRI_MNR   avgRI_GNR  avgRI_DICE
     0     1     69.8254     222.934     329.247    0.312448    0.254204    0.248293
     0     2      167.54     222.934     359.467    0.744606    0.587602    0.570301
     0     3     109.513     222.934     471.065    0.489921    0.333898    0.310413
     0     4     71.6946     222.934     294.793    0.323919    0.275408    0.271386
     0     5     97.9475     222.934     542.214     0.43679    0.279173    0.253262
     1     2     99.8993     329.244     359.462     0.30229     0.28229    0.281309
     1     3     324.559     329.244     471.061    0.970193    0.808699     0.79458
     1     4      87.659     329.244     294.789    0.291495     0.27299    0.272083
     1     5     31.5618     329.244     542.212   0.0955174   0.0735129   0.0708642
     2     3     143.319     359.462     471.061    0.391675    0.341243    0.337559
     2     4     121.995     359.462     294.789    0.402152    0.364309    0.361927
     2     5     98.7852     359.462     542.212    0.271229    0.220032    0.214717
     3     4     131.785     471.061     294.789    0.439722    0.346771    0.336778
     3     5     53.5744     471.061     542.212    0.113799    0.104586    0.104015
     4     5      48.465     294.789     542.212    0.162253    0.119124    0.113361

Correlation status saved!

System Shutdown
-------

median tracking time: 0.17317
mean tracking time: 0.173903

Saving camera trajectory to result08.txt ...

trajectory saved!
All done

========== Performance Summary (ms) ==========
name                                mean      median        rmse         min         max       count
Tracking                          39.345      39.566       8.326      18.243      69.370        3654
Total Init                      3784.270    3784.270       0.000    3784.270    3784.270           1
Pipeline                         173.898     173.166      16.002     121.745     345.708        3669
SuperPoint Extract               125.285     128.292      17.227      70.977     295.200        3669
KAZE Extract                     118.340     116.634      12.632      93.491     191.226        3669
SIFT Extract                      34.436      30.086      10.731      22.202      91.742        3669
Correlation                        4.910       4.946       1.056       2.592       8.975        3654
AKAZE Extract                     26.605      26.536       5.450      16.490      56.225        3669
BRISK Extract                     52.496      51.515       8.962      31.648      95.831        3669
ORB Extract                        8.584       8.524       1.221       5.379      14.437        3669
