Registering ORBextractor...
Registering AKAZEextractor...
Registering BRISKextractor...
Registering SIFTextractor...
Registering KAZEextractor...
Registering SuperPointExtractor...

ORB-SLAM2 Copyright (C) 2014-2016 Raul Mur-Artal, University of Zaragoza.
This program comes with ABSOLUTELY NO WARRANTY;
This is free software, and you are welcome to redistribute it
under certain conditions. See LICENSE.txt.

Input sensor was set to: Monocular

Loading Vocabulary : /home/howard/Refactored_ORB_SLAM2/Install/var/lib/orbslam2/voc/orb_mur.fbow
This could take a while...
Loading ORB Vocabulary in FBoW.
ORB Vocabulary loaded in 0.008564s


Loading Vocabulary : /home/howard/Refactored_ORB_SLAM2/Install/var/lib/orbslam2/voc/akaze_cv.fbow
This could take a while...
Loading AKAZE Vocabulary in FBoW.
AKAZE Vocabulary loaded in 0.001637s


Loading Vocabulary : /home/howard/Refactored_ORB_SLAM2/Install/var/lib/orbslam2/voc/brisk_cv.fbow
This could take a while...
Loading BRISK Vocabulary in FBoW.
BRISK Vocabulary loaded in 0.001544s


Loading Vocabulary : /home/howard/Refactored_ORB_SLAM2/Install/var/lib/orbslam2/voc/kaze_cv.fbow
This could take a while...
Loading KAZE Vocabulary in FBoW.
KAZE Vocabulary loaded in 0.005588s


Loading Vocabulary : /home/howard/Refactored_ORB_SLAM2/Install/var/lib/orbslam2/voc/sift_cv.fbow
This could take a while...
Loading SIFT Vocabulary in FBoW.
SIFT Vocabulary loaded in 0.010995s


Loading Vocabulary : /home/howard/Refactored_ORB_SLAM2/Install/var/lib/orbslam2/voc/superpoint.fbow
This could take a while...
Loading SuperPoint Vocabulary in FBoW.
SuperPoint Vocabulary loaded in 0.007258s


Camera Parameters: 
- fx: 520.909
- fy: 521.007
- cx: 325.141
- cy: 249.702
- k1: 0.231222
- k2: -0.784899
- k3: 0.917205
- p1: -0.003257
- p2: -0.000105
- fps: 30
- color order: RGB (ignored if grayscale)

[Feature 0] ORB Extractor Parameters: 
 ( TH_LOW: 50, TH_HIGH: 100 )
- Number of Features: 1000
- Scale Levels: 8
- Scale Factor: 1.2
- Initial Fast Threshold: 20
- Minimum Fast Threshold: 7

[Feature 1] AKAZE Extractor Parameters: 
 ( TH_LOW: 100, TH_HIGH: 200 )
- Number of Features: 1000
- Scale Levels: 4
- Scale Factor: 1.2
- Threshold: 0.001
- Num of Octaves: 4
- Num of Octave Layers: 4

[Feature 2] BRISK Extractor Parameters: 
 ( TH_LOW: 100, TH_HIGH: 200 )
- Number of Features: 1000
- Scale Levels: 6
- Scale Factor: 1.414
- Threshold: 10
- Num of Octaves: 3
- Pattern Scale: 1

[Feature 3] KAZE Extractor Parameters: 
 ( TH_LOW: 0.5, TH_HIGH: 1 )
- Number of Features : 1000
- Scale Levels       : 4
- Scale Factor       : 1.2
- Threshold          : 0.0005
- nOctaves           : 4
- nOctaveLayers      : 4
- Extended (128‑dim) : 0
- Upright            : 0

[Feature 4] SIFT Extractor Parameters: 
 ( TH_LOW: 300, TH_HIGH: 500 )
- Number of Features  : 1000
- Scale Levels        : 1
- Scale Factor        : 1
- Contrast Threshold  : 0.001
- Edge Threshold      : 5
- nOctaves            : 3
- Sigma               : 1.6

[Feature 5] SuperPoint Extractor Parameters: 
 ( TH_LOW: 0.7, TH_HIGH: 0.9 )
- Number of Features: 1000
- Scale Levels: 4
- Scale Factor: 1.2
- Use CUDA: 1
- Use NMS: 1
- iniTh: 0.08
- minTh: 0.04

-------
Start processing sequence ...
Images in the sequence: 3669

4
New map created with 89 points for 0 Feature Type 
New map created with 275 points for 1 Feature Type 
New map created with 371 points for 2 Feature Type 
New map created with 373 points for 3 Feature Type 
New map created with 393 points for 4 Feature Type 
New map created with 127 points for 5 Feature Type 
Tracking Initlized in 24.86s
The initlized frame ID: 14
System::StopViewer()
System::StopViewer() done
Viewer thread finished.

Saving correlation status...

========== Global Summary ==========
Frames: 54810
avg_CorrEdges: 111.118
avg_match_A: 319.078
avg_match_B: 426.888
global_RI_MNR: 0.348246
global_RI_GNR: 0.301077
global_RI_DICE: 0.297916

========== Per-Channel Summary ==========
   chA   chB     avgCorr        avgA        avgB   avgRI_MNR   avgRI_GNR  avgRI_DICE
     0     1     68.7964     225.121     330.847    0.304195    0.247919    0.242318
     0     2     169.038     225.121      364.03    0.743681    0.586181    0.568983
     0     3     107.813     225.121     471.871    0.476543    0.326392    0.304027
     0     4     71.8549     225.121     301.384    0.321287    0.271852    0.267722
     0     5     98.8388     225.121     544.667    0.437249    0.280484    0.254837
     1     2     101.765     330.845     364.029    0.306722    0.285076    0.283905
     1     3     325.477     330.845     471.868    0.967725    0.808237    0.794371
     1     4     88.1787     330.845     301.383    0.287956    0.270356    0.269485
     1     5     30.7682     330.845     544.664   0.0914832   0.0709149   0.0684855
     2     3     143.366     364.028     471.868    0.386515    0.338501    0.335032
     2     4     122.405     364.028     301.383    0.394437    0.358146    0.355828
     2     5     101.907     364.028     544.663     0.27569    0.224714     0.21959
     3     4     132.948     471.868     301.383    0.434787    0.346388    0.337184
     3     5     53.6481     471.868     544.663    0.113558    0.104277    0.103705
     4     5     49.9592     301.383     544.663    0.163792    0.121113    0.115495

Correlation status saved!

System Shutdown
-------

median tracking time: 0.173893
mean tracking time: 0.174014

Saving camera trajectory to result07.txt ...

trajectory saved!
All done

========== Performance Summary (ms) ==========
name                                mean      median        rmse         min         max       count
Tracking                          39.827      39.973       8.531      17.840      67.190        3654
Total Init                      3730.481    3730.481       0.000    3730.481    3730.481           1
Pipeline                         174.009     173.886      18.055     122.914     320.839        3669
SuperPoint Extract               110.726     105.050      24.929      65.463     274.683        3669
KAZE Extract                     125.136     125.702      10.871      94.697     191.595        3669
SIFT Extract                      34.980      33.030       9.637      22.362      97.189        3669
Correlation                        4.912       4.950       1.064       2.337       9.475        3654
AKAZE Extract                     25.689      24.912       5.194      16.665      48.411        3669
BRISK Extract                     52.316      51.432       8.625      32.025      81.788        3669
ORB Extract                        8.151       8.023       1.116       5.212      13.046        3669
