Registering ORBextractor...
Registering AKAZEextractor...
Registering BRISKextractor...
Registering SIFTextractor...
Registering KAZEextractor...
Registering SuperPointExtractor...

ORB-SLAM2 Copyright (C) 2014-2016 Raul Mur-Artal, University of Zaragoza.
This program comes with ABSOLUTELY NO WARRANTY;
This is free software, and you are welcome to redistribute it
under certain conditions. See LICENSE.txt.

Input sensor was set to: Monocular

Loading Vocabulary : /home/howard/Refactored_ORB_SLAM2/Install/var/lib/orbslam2/voc/orb_mur.fbow
This could take a while...
Loading ORB Vocabulary in FBoW.
ORB Vocabulary loaded in 0.008628s


Loading Vocabulary : /home/howard/Refactored_ORB_SLAM2/Install/var/lib/orbslam2/voc/akaze_cv.fbow
This could take a while...
Loading AKAZE Vocabulary in FBoW.
AKAZE Vocabulary loaded in 0.001646s


Loading Vocabulary : /home/howard/Refactored_ORB_SLAM2/Install/var/lib/orbslam2/voc/brisk_cv.fbow
This could take a while...
Loading BRISK Vocabulary in FBoW.
BRISK Vocabulary loaded in 0.001560s


Loading Vocabulary : /home/howard/Refactored_ORB_SLAM2/Install/var/lib/orbslam2/voc/kaze_cv.fbow
This could take a while...
Loading KAZE Vocabulary in FBoW.
KAZE Vocabulary loaded in 0.005648s


Loading Vocabulary : /home/howard/Refactored_ORB_SLAM2/Install/var/lib/orbslam2/voc/sift_cv.fbow
This could take a while...
Loading SIFT Vocabulary in FBoW.
SIFT Vocabulary loaded in 0.010893s


Loading Vocabulary : /home/howard/Refactored_ORB_SLAM2/Install/var/lib/orbslam2/voc/superpoint.fbow
This could take a while...
Loading SuperPoint Vocabulary in FBoW.
SuperPoint Vocabulary loaded in 0.007361s


Camera Parameters: 
- fx: 520.909
- fy: 521.007
- cx: 325.141
- cy: 249.702
- k1: 0.231222
- k2: -0.784899
- k3: 0.917205
- p1: -0.003257
- p2: -0.000105
- fps: 30
- color order: RGB (ignored if grayscale)

[Feature 0] ORB Extractor Parameters: 
 ( TH_LOW: 50, TH_HIGH: 100 )
- Number of Features: 1000
- Scale Levels: 8
- Scale Factor: 1.2
- Initial Fast Threshold: 20
- Minimum Fast Threshold: 7

[Feature 1] AKAZE Extractor Parameters: 
 ( TH_LOW: 100, TH_HIGH: 200 )
- Number of Features: 1000
- Scale Levels: 4
- Scale Factor: 1.2
- Threshold: 0.001
- Num of Octaves: 4
- Num of Octave Layers: 4

[Feature 2] BRISK Extractor Parameters: 
 ( TH_LOW: 100, TH_HIGH: 200 )
- Number of Features: 1000
- Scale Levels: 6
- Scale Factor: 1.414
- Threshold: 10
- Num of Octaves: 3
- Pattern Scale: 1

[Feature 3] KAZE Extractor Parameters: 
 ( TH_LOW: 0.5, TH_HIGH: 1 )
- Number of Features : 1000
- Scale Levels       : 4
- Scale Factor       : 1.2
- Threshold          : 0.0005
- nOctaves           : 4
- nOctaveLayers      : 4
- Extended (128‑dim) : 0
- Upright            : 0

[Feature 4] SIFT Extractor Parameters: 
 ( TH_LOW: 300, TH_HIGH: 500 )
- Number of Features  : 1000
- Scale Levels        : 1
- Scale Factor        : 1
- Contrast Threshold  : 0.001
- Edge Threshold      : 5
- nOctaves            : 3
- Sigma               : 1.6

[Feature 5] SuperPoint Extractor Parameters: 
 ( TH_LOW: 0.7, TH_HIGH: 0.9 )
- Number of Features: 1000
- Scale Levels: 4
- Scale Factor: 1.2
- Use CUDA: 1
- Use NMS: 1
- iniTh: 0.08
- minTh: 0.04

-------
Start processing sequence ...
Images in the sequence: 3669

4
New map created with 89 points for 0 Feature Type 
New map created with 275 points for 1 Feature Type 
New map created with 371 points for 2 Feature Type 
New map created with 373 points for 3 Feature Type 
New map created with 393 points for 4 Feature Type 
New map created with 127 points for 5 Feature Type 
Tracking Initlized in 25.10s
The initlized frame ID: 14
System::StopViewer()
System::StopViewer() done
Viewer thread finished.

Saving correlation status...

========== Global Summary ==========
Frames: 54810
avg_CorrEdges: 113.568
avg_match_A: 320.996
avg_match_B: 426.773
global_RI_MNR: 0.3538
global_RI_GNR: 0.306837
global_RI_DICE: 0.303752

========== Per-Channel Summary ==========
   chA   chB     avgCorr        avgA        avgB   avgRI_MNR   avgRI_GNR  avgRI_DICE
     0     1     74.7737     228.339     333.769     0.32358    0.265089    0.259339
     0     2     175.018     228.339     363.344    0.758203    0.602366    0.585722
     0     3     114.816     228.339     474.544     0.49929    0.343607    0.320606
     0     4     75.3254     228.339     299.011    0.330884    0.282966     0.27909
     0     5     100.057     228.339     544.295    0.435138    0.280701    0.255606
     1     2     103.804     333.769     363.344    0.311276    0.290258    0.289221
     1     3      329.45     333.769     474.544    0.972191    0.812763    0.799115
     1     4      89.093     333.769     299.011    0.292252     0.27375    0.272837
     1     5     31.1029     333.769     544.295   0.0928929   0.0718187    0.069313
     2     3     145.559     363.344     474.544    0.394015    0.343686    0.340017
     2     4     123.208     363.344     299.011    0.399465    0.362302        0.36
     2     5      101.92     363.344     544.295    0.277206    0.225467    0.220212
     3     4     131.878     474.544     299.011    0.433007    0.342635     0.33301
     3     5      56.228     474.544     544.295    0.118749    0.109539     0.10901
     4     5     51.2887     299.011     544.295    0.170043    0.125073    0.119068

Correlation status saved!

System Shutdown
-------

median tracking time: 0.177305
mean tracking time: 0.176344

Saving camera trajectory to result03.txt ...

trajectory saved!
All done

========== Performance Summary (ms) ==========
name                                mean      median        rmse         min         max       count
Tracking                          39.690      39.903       8.306      17.209      68.046        3654
Total Init                      3769.215    3769.215       0.000    3769.215    3769.215           1
Pipeline                         176.340     177.301      17.696     122.979     322.618        3669
SuperPoint Extract               122.138     130.548      23.770      66.067     293.934        3669
KAZE Extract                     121.468     121.979      10.860      93.668     178.548        3669
SIFT Extract                      33.524      30.125       9.458      22.041      90.377        3669
Correlation                        5.029       5.063       1.142       2.556       9.245        3654
AKAZE Extract                     25.637      25.022       5.113      16.734      49.416        3669
BRISK Extract                     51.809      50.861       8.452      31.355      78.064        3669
ORB Extract                        8.255       8.153       1.142       5.386      12.888        3669
