Registering ORBextractor...
Registering AKAZEextractor...
Registering BRISKextractor...
Registering SIFTextractor...
Registering KAZEextractor...
Registering SuperPointExtractor...

ORB-SLAM2 Copyright (C) 2014-2016 Raul Mur-Artal, University of Zaragoza.
This program comes with ABSOLUTELY NO WARRANTY;
This is free software, and you are welcome to redistribute it
under certain conditions. See LICENSE.txt.

Input sensor was set to: Monocular

Loading Vocabulary : /home/howard/Refactored_ORB_SLAM2/Install/var/lib/orbslam2/voc/orb_mur.fbow
This could take a while...
Loading ORB Vocabulary in FBoW.
ORB Vocabulary loaded in 0.008742s


Loading Vocabulary : /home/howard/Refactored_ORB_SLAM2/Install/var/lib/orbslam2/voc/akaze_cv.fbow
This could take a while...
Loading AKAZE Vocabulary in FBoW.
AKAZE Vocabulary loaded in 0.001652s


Loading Vocabulary : /home/howard/Refactored_ORB_SLAM2/Install/var/lib/orbslam2/voc/brisk_cv.fbow
This could take a while...
Loading BRISK Vocabulary in FBoW.
BRISK Vocabulary loaded in 0.001515s


Loading Vocabulary : /home/howard/Refactored_ORB_SLAM2/Install/var/lib/orbslam2/voc/kaze_cv.fbow
This could take a while...
Loading KAZE Vocabulary in FBoW.
KAZE Vocabulary loaded in 0.005547s


Loading Vocabulary : /home/howard/Refactored_ORB_SLAM2/Install/var/lib/orbslam2/voc/sift_cv.fbow
This could take a while...
Loading SIFT Vocabulary in FBoW.
SIFT Vocabulary loaded in 0.011059s


Loading Vocabulary : /home/howard/Refactored_ORB_SLAM2/Install/var/lib/orbslam2/voc/superpoint.fbow
This could take a while...
Loading SuperPoint Vocabulary in FBoW.
SuperPoint Vocabulary loaded in 0.007409s


Camera Parameters: 
- fx: 520.909
- fy: 521.007
- cx: 325.141
- cy: 249.702
- k1: 0.231222
- k2: -0.784899
- k3: 0.917205
- p1: -0.003257
- p2: -0.000105
- fps: 30
- color order: RGB (ignored if grayscale)

[Feature 0] ORB Extractor Parameters: 
 ( TH_LOW: 50, TH_HIGH: 100 )
- Number of Features: 1000
- Scale Levels: 8
- Scale Factor: 1.2
- Initial Fast Threshold: 20
- Minimum Fast Threshold: 7

[Feature 1] AKAZE Extractor Parameters: 
 ( TH_LOW: 100, TH_HIGH: 200 )
- Number of Features: 1000
- Scale Levels: 4
- Scale Factor: 1.2
- Threshold: 0.001
- Num of Octaves: 4
- Num of Octave Layers: 4

[Feature 2] BRISK Extractor Parameters: 
 ( TH_LOW: 100, TH_HIGH: 200 )
- Number of Features: 1000
- Scale Levels: 6
- Scale Factor: 1.414
- Threshold: 10
- Num of Octaves: 3
- Pattern Scale: 1

[Feature 3] KAZE Extractor Parameters: 
 ( TH_LOW: 0.5, TH_HIGH: 1 )
- Number of Features : 1000
- Scale Levels       : 4
- Scale Factor       : 1.2
- Threshold          : 0.0005
- nOctaves           : 4
- nOctaveLayers      : 4
- Extended (128‑dim) : 0
- Upright            : 0

[Feature 4] SIFT Extractor Parameters: 
 ( TH_LOW: 300, TH_HIGH: 500 )
- Number of Features  : 1000
- Scale Levels        : 1
- Scale Factor        : 1
- Contrast Threshold  : 0.001
- Edge Threshold      : 5
- nOctaves            : 3
- Sigma               : 1.6

[Feature 5] SuperPoint Extractor Parameters: 
 ( TH_LOW: 0.7, TH_HIGH: 0.9 )
- Number of Features: 1000
- Scale Levels: 4
- Scale Factor: 1.2
- Use CUDA: 1
- Use NMS: 1
- iniTh: 0.08
- minTh: 0.04

-------
Start processing sequence ...
Images in the sequence: 3669

4
New map created with 89 points for 0 Feature Type 
New map created with 275 points for 1 Feature Type 
New map created with 371 points for 2 Feature Type 
New map created with 373 points for 3 Feature Type 
New map created with 393 points for 4 Feature Type 
New map created with 127 points for 5 Feature Type 
Tracking Initlized in 24.70s
The initlized frame ID: 14
System::StopViewer()
System::StopViewer() done
Viewer thread finished.

Saving correlation status...

========== Global Summary ==========
Frames: 54810
avg_CorrEdges: 111.932
avg_match_A: 319.25
avg_match_B: 424.35
global_RI_MNR: 0.350608
global_RI_GNR: 0.304106
global_RI_DICE: 0.301053

========== Per-Channel Summary ==========
   chA   chB     avgCorr        avgA        avgB   avgRI_MNR   avgRI_GNR  avgRI_DICE
     0     1     73.2173     226.768     331.075    0.320602      0.2632    0.257548
     0     2     171.374     226.767     362.213    0.748276    0.593806    0.577353
     0     3     111.967     226.767      473.02    0.491776    0.337967     0.31519
     0     4     74.2521     226.767      297.95    0.330998    0.282423    0.278549
     0     5      100.47     226.767     539.777    0.441577    0.285016    0.259591
     1     2     102.055     331.074     362.213    0.308754    0.287162    0.285931
     1     3     326.637     331.074      473.02    0.971611    0.810179    0.795927
     1     4     87.9436     331.074      297.95    0.289839    0.271048    0.270129
     1     5     31.9828     331.074     539.777   0.0960748   0.0744744    0.071903
     2     3     143.624     362.213      473.02    0.390503    0.340503    0.336803
     2     4     121.608     362.213      297.95    0.397923    0.360747    0.358357
     2     5     98.5394     362.213     539.777    0.268098     0.21907    0.214166
     3     4     132.975      473.02      297.95    0.440363    0.348363    0.338593
     3     5     53.7813      473.02     539.777     0.11392    0.105287    0.104799
     4     5     48.5476      297.95     539.777     0.16052    0.119027    0.113625

Correlation status saved!

System Shutdown
-------

median tracking time: 0.177592
mean tracking time: 0.176371

Saving camera trajectory to result05.txt ...

trajectory saved!
All done

========== Performance Summary (ms) ==========
name                                mean      median        rmse         min         max       count
Tracking                          39.769      40.124       8.188      17.864      69.014        3654
Total Init                      3695.154    3695.154       0.000    3695.154    3695.154           1
Pipeline                         176.366     177.587      16.739     120.114     321.108        3669
SuperPoint Extract               126.939     131.590      19.566      65.938     265.685        3669
KAZE Extract                     119.573     118.001      11.746      97.863     184.380        3669
SIFT Extract                      33.792      30.247       9.893      22.749     104.444        3669
Correlation                        5.013       5.058       1.079       2.630       8.878        3654
AKAZE Extract                     26.253      26.132       5.246      16.328      49.320        3669
BRISK Extract                     52.139      51.340       8.691      30.135      82.956        3669
ORB Extract                        8.428       8.308       1.223       5.320      14.770        3669
