Registering ORBextractor...
Registering AKAZEextractor...
Registering BRISKextractor...
Registering SIFTextractor...
Registering KAZEextractor...
Registering SuperPointExtractor...

ORB-SLAM2 Copyright (C) 2014-2016 Raul Mur-Artal, University of Zaragoza.
This program comes with ABSOLUTELY NO WARRANTY;
This is free software, and you are welcome to redistribute it
under certain conditions. See LICENSE.txt.

Input sensor was set to: Monocular

Loading Vocabulary : /home/howard/Refactored_ORB_SLAM2/Install/var/lib/orbslam2/voc/orb_mur.fbow
This could take a while...
Loading ORB Vocabulary in FBoW.
ORB Vocabulary loaded in 0.010697s


Loading Vocabulary : /home/howard/Refactored_ORB_SLAM2/Install/var/lib/orbslam2/voc/akaze_cv.fbow
This could take a while...
Loading AKAZE Vocabulary in FBoW.
AKAZE Vocabulary loaded in 0.001906s


Loading Vocabulary : /home/howard/Refactored_ORB_SLAM2/Install/var/lib/orbslam2/voc/brisk_cv.fbow
This could take a while...
Loading BRISK Vocabulary in FBoW.
BRISK Vocabulary loaded in 0.001840s


Loading Vocabulary : /home/howard/Refactored_ORB_SLAM2/Install/var/lib/orbslam2/voc/kaze_cv.fbow
This could take a while...
Loading KAZE Vocabulary in FBoW.
KAZE Vocabulary loaded in 0.006673s


Loading Vocabulary : /home/howard/Refactored_ORB_SLAM2/Install/var/lib/orbslam2/voc/sift_cv.fbow
This could take a while...
Loading SIFT Vocabulary in FBoW.
SIFT Vocabulary loaded in 0.012867s


Loading Vocabulary : /home/howard/Refactored_ORB_SLAM2/Install/var/lib/orbslam2/voc/superpoint.fbow
This could take a while...
Loading SuperPoint Vocabulary in FBoW.
SuperPoint Vocabulary loaded in 0.008451s


Camera Parameters: 
- fx: 520.909
- fy: 521.007
- cx: 325.141
- cy: 249.702
- k1: 0.231222
- k2: -0.784899
- k3: 0.917205
- p1: -0.003257
- p2: -0.000105
- fps: 30
- color order: RGB (ignored if grayscale)

[Feature 0] ORB Extractor Parameters: 
 ( TH_LOW: 50, TH_HIGH: 100 )
- Number of Features: 1000
- Scale Levels: 8
- Scale Factor: 1.2
- Initial Fast Threshold: 20
- Minimum Fast Threshold: 7

[Feature 1] AKAZE Extractor Parameters: 
 ( TH_LOW: 100, TH_HIGH: 200 )
- Number of Features: 1000
- Scale Levels: 4
- Scale Factor: 1.2
- Threshold: 0.001
- Num of Octaves: 4
- Num of Octave Layers: 4

[Feature 2] BRISK Extractor Parameters: 
 ( TH_LOW: 100, TH_HIGH: 200 )
- Number of Features: 1000
- Scale Levels: 6
- Scale Factor: 1.414
- Threshold: 10
- Num of Octaves: 3
- Pattern Scale: 1

[Feature 3] KAZE Extractor Parameters: 
 ( TH_LOW: 0.5, TH_HIGH: 1 )
- Number of Features : 1000
- Scale Levels       : 4
- Scale Factor       : 1.2
- Threshold          : 0.0005
- nOctaves           : 4
- nOctaveLayers      : 4
- Extended (128‑dim) : 0
- Upright            : 0

[Feature 4] SIFT Extractor Parameters: 
 ( TH_LOW: 300, TH_HIGH: 500 )
- Number of Features  : 1000
- Scale Levels        : 1
- Scale Factor        : 1
- Contrast Threshold  : 0.001
- Edge Threshold      : 5
- nOctaves            : 3
- Sigma               : 1.6

[Feature 5] SuperPoint Extractor Parameters: 
 ( TH_LOW: 0.7, TH_HIGH: 0.9 )
- Number of Features: 1000
- Scale Levels: 4
- Scale Factor: 1.2
- Use CUDA: 1
- Use NMS: 1
- iniTh: 0.08
- minTh: 0.04

-------
Start processing sequence ...
Images in the sequence: 3669

4
New map created with 89 points for 0 Feature Type 
New map created with 275 points for 1 Feature Type 
New map created with 371 points for 2 Feature Type 
New map created with 373 points for 3 Feature Type 
New map created with 393 points for 4 Feature Type 
New map created with 127 points for 5 Feature Type 
Tracking Initlized in 24.05s
The initlized frame ID: 14
System::StopViewer()
System::StopViewer() done
Viewer thread finished.

Saving correlation status...

========== Global Summary ==========
Frames: 54810
avg_CorrEdges: 110.485
avg_match_A: 317.014
avg_match_B: 420.814
global_RI_MNR: 0.348516
global_RI_GNR: 0.302494
global_RI_DICE: 0.299486

========== Per-Channel Summary ==========
   chA   chB     avgCorr        avgA        avgB   avgRI_MNR   avgRI_GNR  avgRI_DICE
     0     1     72.6346     227.126     329.962    0.316935    0.260582    0.255085
     0     2     168.073     227.126     356.776     0.73138    0.585898      0.5707
     0     3     114.109     227.126     468.687    0.498848    0.344798    0.322202
     0     4     73.4288     227.126     292.004    0.325635    0.280298    0.276852
     0     5     96.8155     227.126     538.916    0.424738    0.274927    0.250709
     1     2     99.6147     329.962     356.775     0.30301    0.282341    0.281144
     1     3     324.841     329.962     468.687    0.966226    0.808669    0.794903
     1     4     88.1149     329.962     292.003    0.296349    0.275269     0.27412
     1     5     31.4004     329.962     538.916   0.0953603   0.0735525   0.0709215
     2     3     141.267     356.774     468.687    0.389528      0.3386    0.334741
     2     4     118.166     356.774     292.003    0.392656    0.354852    0.352363
     2     5     95.4513     356.774     538.916    0.264424    0.214169    0.208921
     3     4     131.082     468.687     292.003    0.441691    0.347385    0.337142
     3     5     53.5077     468.687     538.916     0.11497    0.105606    0.105026
     4     5     48.7625     292.003     538.916    0.165018      0.1208     0.11485

Correlation status saved!

System Shutdown
-------

median tracking time: 0.17551
mean tracking time: 0.173197

Saving camera trajectory to result09.txt ...

trajectory saved!
All done

========== Performance Summary (ms) ==========
name                                mean      median        rmse         min         max       count
Tracking                          39.280      40.159       7.985      17.722      67.315        3654
Total Init                      3661.904    3661.904       0.000    3661.904    3661.904           1
Pipeline                         173.192     175.506      19.831     118.771     328.196        3669
SuperPoint Extract               120.697     129.096      23.310      67.407     276.349        3669
KAZE Extract                     116.831     112.853      12.348      95.508     196.278        3669
SIFT Extract                      36.004      30.872      11.773      21.205      97.926        3669
Correlation                        4.948       4.997       1.081       2.444      10.331        3654
AKAZE Extract                     27.186      27.188       5.566      16.537      49.122        3669
BRISK Extract                     53.127      52.283       8.720      32.123      77.703        3669
ORB Extract                        8.640       8.613       1.290       5.494      14.995        3669
