Registering ORBextractor...
Registering AKAZEextractor...
Registering BRISKextractor...
Registering SIFTextractor...
Registering KAZEextractor...
Registering SuperPointExtractor...

ORB-SLAM2 Copyright (C) 2014-2016 Raul Mur-Artal, University of Zaragoza.
This program comes with ABSOLUTELY NO WARRANTY;
This is free software, and you are welcome to redistribute it
under certain conditions. See LICENSE.txt.

Input sensor was set to: Monocular

Loading Vocabulary : /home/howard/Refactored_ORB_SLAM2/Install/var/lib/orbslam2/voc/orb_mur.fbow
This could take a while...
Loading ORB Vocabulary in FBoW.
ORB Vocabulary loaded in 0.010183s


Loading Vocabulary : /home/howard/Refactored_ORB_SLAM2/Install/var/lib/orbslam2/voc/akaze_cv.fbow
This could take a while...
Loading AKAZE Vocabulary in FBoW.
AKAZE Vocabulary loaded in 0.001856s


Loading Vocabulary : /home/howard/Refactored_ORB_SLAM2/Install/var/lib/orbslam2/voc/brisk_cv.fbow
This could take a while...
Loading BRISK Vocabulary in FBoW.
BRISK Vocabulary loaded in 0.001797s


Loading Vocabulary : /home/howard/Refactored_ORB_SLAM2/Install/var/lib/orbslam2/voc/kaze_cv.fbow
This could take a while...
Loading KAZE Vocabulary in FBoW.
KAZE Vocabulary loaded in 0.006567s


Loading Vocabulary : /home/howard/Refactored_ORB_SLAM2/Install/var/lib/orbslam2/voc/sift_cv.fbow
This could take a while...
Loading SIFT Vocabulary in FBoW.
SIFT Vocabulary loaded in 0.012913s


Loading Vocabulary : /home/howard/Refactored_ORB_SLAM2/Install/var/lib/orbslam2/voc/superpoint.fbow
This could take a while...
Loading SuperPoint Vocabulary in FBoW.
SuperPoint Vocabulary loaded in 0.008877s


Camera Parameters: 
- fx: 520.909
- fy: 521.007
- cx: 325.141
- cy: 249.702
- k1: 0.231222
- k2: -0.784899
- k3: 0.917205
- p1: -0.003257
- p2: -0.000105
- fps: 30
- color order: RGB (ignored if grayscale)

[Feature 0] ORB Extractor Parameters: 
 ( TH_LOW: 50, TH_HIGH: 100 )
- Number of Features: 1000
- Scale Levels: 8
- Scale Factor: 1.2
- Initial Fast Threshold: 20
- Minimum Fast Threshold: 7

[Feature 1] AKAZE Extractor Parameters: 
 ( TH_LOW: 100, TH_HIGH: 200 )
- Number of Features: 1000
- Scale Levels: 4
- Scale Factor: 1.2
- Threshold: 0.001
- Num of Octaves: 4
- Num of Octave Layers: 4

[Feature 2] BRISK Extractor Parameters: 
 ( TH_LOW: 100, TH_HIGH: 200 )
- Number of Features: 1000
- Scale Levels: 6
- Scale Factor: 1.414
- Threshold: 10
- Num of Octaves: 3
- Pattern Scale: 1

[Feature 3] KAZE Extractor Parameters: 
 ( TH_LOW: 0.5, TH_HIGH: 1 )
- Number of Features : 1000
- Scale Levels       : 4
- Scale Factor       : 1.2
- Threshold          : 0.0005
- nOctaves           : 4
- nOctaveLayers      : 4
- Extended (128‑dim) : 0
- Upright            : 0

[Feature 4] SIFT Extractor Parameters: 
 ( TH_LOW: 300, TH_HIGH: 500 )
- Number of Features  : 1000
- Scale Levels        : 1
- Scale Factor        : 1
- Contrast Threshold  : 0.001
- Edge Threshold      : 5
- nOctaves            : 3
- Sigma               : 1.6

[Feature 5] SuperPoint Extractor Parameters: 
 ( TH_LOW: 0.7, TH_HIGH: 0.9 )
- Number of Features: 1000
- Scale Levels: 4
- Scale Factor: 1.2
- Use CUDA: 1
- Use NMS: 1
- iniTh: 0.08
- minTh: 0.04

-------
Start processing sequence ...
Images in the sequence: 3669

4
New map created with 89 points for 0 Feature Type 
New map created with 275 points for 1 Feature Type 
New map created with 371 points for 2 Feature Type 
New map created with 373 points for 3 Feature Type 
New map created with 393 points for 4 Feature Type 
New map created with 127 points for 5 Feature Type 
Tracking Initlized in 24.29s
The initlized frame ID: 14
System::StopViewer()
System::StopViewer() done
Viewer thread finished.

Saving correlation status...

========== Global Summary ==========
Frames: 54810
avg_CorrEdges: 111.026
avg_match_A: 317.631
avg_match_B: 426.058
global_RI_MNR: 0.349545
global_RI_GNR: 0.301808
global_RI_DICE: 0.298583

========== Per-Channel Summary ==========
   chA   chB     avgCorr        avgA        avgB   avgRI_MNR   avgRI_GNR  avgRI_DICE
     0     1     71.1445      225.71     327.148    0.313466    0.257589     0.25215
     0     2     172.001     225.709     362.519    0.754837    0.597388    0.580317
     0     3     111.346     225.709     470.984    0.491582    0.337118    0.314155
     0     4     72.6626     225.709     297.777     0.32268    0.276161    0.272436
     0     5     97.4866     225.709     546.923    0.428192    0.274485    0.249324
     1     2     99.8243     327.148     362.519    0.303223    0.282063    0.280864
     1     3     321.781     327.148     470.984    0.966083    0.802781    0.788388
     1     4     87.1771     327.148     297.777    0.287995    0.270926    0.270118
     1     5     30.9179     327.148     546.923   0.0941075   0.0719986   0.0692983
     2     3     144.074     362.519     470.984    0.391227    0.341879    0.338312
     2     4     121.164     362.519     297.777    0.396626    0.359208    0.356837
     2     5     100.016     362.519     546.923    0.272475    0.221053     0.21579
     3     4     132.545     470.984     297.777    0.439512    0.348452    0.338877
     3     5     54.8974     470.984     546.923    0.116266    0.106699    0.106113
     4     5     48.3602     297.777     546.923    0.160209    0.117842    0.112239

Correlation status saved!

System Shutdown
-------

median tracking time: 0.171794
mean tracking time: 0.17314

Saving camera trajectory to result11.txt ...

trajectory saved!
All done

========== Performance Summary (ms) ==========
name                                mean      median        rmse         min         max       count
Tracking                          39.375      39.572       8.248      17.359      69.442        3654
Total Init                      3670.089    3670.089       0.000    3670.089    3670.089           1
Pipeline                         173.136     171.790      17.498     118.347     308.763        3669
SuperPoint Extract               124.906     126.680      18.536      66.480     273.169        3669
KAZE Extract                     117.862     116.853      11.777      93.384     196.819        3669
SIFT Extract                      32.908      29.321       9.467      22.475      96.357        3669
Correlation                        4.927       4.927       1.079       2.752      10.602        3654
AKAZE Extract                     26.186      26.525       5.460      16.549      50.284        3669
BRISK Extract                     52.185      51.574       8.777      30.563      81.238        3669
ORB Extract                        8.487       8.385       1.205       5.552      16.396        3669
