Registering ORBextractor...
Registering AKAZEextractor...
Registering BRISKextractor...
Registering SIFTextractor...
Registering KAZEextractor...
Registering SuperPointExtractor...

ORB-SLAM2 Copyright (C) 2014-2016 Raul Mur-Artal, University of Zaragoza.
This program comes with ABSOLUTELY NO WARRANTY;
This is free software, and you are welcome to redistribute it
under certain conditions. See LICENSE.txt.

Input sensor was set to: Monocular

Loading Vocabulary : /home/howard/Refactored_ORB_SLAM2/Install/var/lib/orbslam2/voc/orb_mur.fbow
This could take a while...
Loading ORB Vocabulary in FBoW.
ORB Vocabulary loaded in 0.010579s


Loading Vocabulary : /home/howard/Refactored_ORB_SLAM2/Install/var/lib/orbslam2/voc/akaze_cv.fbow
This could take a while...
Loading AKAZE Vocabulary in FBoW.
AKAZE Vocabulary loaded in 0.002053s


Loading Vocabulary : /home/howard/Refactored_ORB_SLAM2/Install/var/lib/orbslam2/voc/brisk_cv.fbow
This could take a while...
Loading BRISK Vocabulary in FBoW.
BRISK Vocabulary loaded in 0.001993s


Loading Vocabulary : /home/howard/Refactored_ORB_SLAM2/Install/var/lib/orbslam2/voc/kaze_cv.fbow
This could take a while...
Loading KAZE Vocabulary in FBoW.
KAZE Vocabulary loaded in 0.006753s


Loading Vocabulary : /home/howard/Refactored_ORB_SLAM2/Install/var/lib/orbslam2/voc/sift_cv.fbow
This could take a while...
Loading SIFT Vocabulary in FBoW.
SIFT Vocabulary loaded in 0.013407s


Loading Vocabulary : /home/howard/Refactored_ORB_SLAM2/Install/var/lib/orbslam2/voc/superpoint.fbow
This could take a while...
Loading SuperPoint Vocabulary in FBoW.
SuperPoint Vocabulary loaded in 0.009270s


Camera Parameters: 
- fx: 520.909
- fy: 521.007
- cx: 325.141
- cy: 249.702
- k1: 0.231222
- k2: -0.784899
- k3: 0.917205
- p1: -0.003257
- p2: -0.000105
- fps: 30
- color order: RGB (ignored if grayscale)

[Feature 0] ORB Extractor Parameters: 
 ( TH_LOW: 50, TH_HIGH: 100 )
- Number of Features: 1000
- Scale Levels: 8
- Scale Factor: 1.2
- Initial Fast Threshold: 20
- Minimum Fast Threshold: 7

[Feature 1] AKAZE Extractor Parameters: 
 ( TH_LOW: 100, TH_HIGH: 200 )
- Number of Features: 1000
- Scale Levels: 4
- Scale Factor: 1.2
- Threshold: 0.001
- Num of Octaves: 4
- Num of Octave Layers: 4

[Feature 2] BRISK Extractor Parameters: 
 ( TH_LOW: 100, TH_HIGH: 200 )
- Number of Features: 1000
- Scale Levels: 6
- Scale Factor: 1.414
- Threshold: 10
- Num of Octaves: 3
- Pattern Scale: 1

[Feature 3] KAZE Extractor Parameters: 
 ( TH_LOW: 0.5, TH_HIGH: 1 )
- Number of Features : 1000
- Scale Levels       : 4
- Scale Factor       : 1.2
- Threshold          : 0.0005
- nOctaves           : 4
- nOctaveLayers      : 4
- Extended (128‑dim) : 0
- Upright            : 0

[Feature 4] SIFT Extractor Parameters: 
 ( TH_LOW: 300, TH_HIGH: 500 )
- Number of Features  : 1000
- Scale Levels        : 1
- Scale Factor        : 1
- Contrast Threshold  : 0.001
- Edge Threshold      : 5
- nOctaves            : 3
- Sigma               : 1.6

[Feature 5] SuperPoint Extractor Parameters: 
 ( TH_LOW: 0.7, TH_HIGH: 0.9 )
- Number of Features: 1000
- Scale Levels: 4
- Scale Factor: 1.2
- Use CUDA: 1
- Use NMS: 1
- iniTh: 0.08
- minTh: 0.04

-------
Start processing sequence ...
Images in the sequence: 3669

4
New map created with 89 points for 0 Feature Type 
New map created with 275 points for 1 Feature Type 
New map created with 371 points for 2 Feature Type 
New map created with 373 points for 3 Feature Type 
New map created with 393 points for 4 Feature Type 
New map created with 127 points for 5 Feature Type 
Tracking Initlized in 24.98s
The initlized frame ID: 14
System::StopViewer()
System::StopViewer() done
Viewer thread finished.

Saving correlation status...

========== Global Summary ==========
Frames: 54810
avg_CorrEdges: 111.051
avg_match_A: 317.117
avg_match_B: 423.417
global_RI_MNR: 0.350189
global_RI_GNR: 0.303059
global_RI_DICE: 0.299921

========== Per-Channel Summary ==========
   chA   chB     avgCorr        avgA        avgB   avgRI_MNR   avgRI_GNR  avgRI_DICE
     0     1     71.0394      224.94     328.304    0.313892    0.257514    0.252024
     0     2     171.123      224.94     362.325    0.752947    0.594389    0.577263
     0     3     109.456      224.94     467.448    0.483965    0.333029    0.310728
     0     4     72.3648      224.94     296.973    0.323349    0.275442    0.271604
     0     5     95.4387      224.94     541.616    0.423588    0.272325    0.247636
     1     2     102.174     328.304     362.325    0.310127    0.289337    0.288255
     1     3     323.955     328.304     467.448    0.971504    0.811869    0.798065
     1     4     87.6114     328.304     296.971     0.29092     0.27236    0.271449
     1     5     31.0016     328.304     541.614   0.0938685    0.072484   0.0699306
     2     3     144.301     362.323     467.447    0.392151    0.344312     0.34096
     2     4     122.514     362.323     296.971    0.401818    0.363742     0.36136
     2     5     101.454     362.323     541.612    0.277181    0.225871    0.220669
     3     4     131.515     467.447      296.97    0.437128    0.347345    0.337916
     3     5     54.9319     467.447     541.612    0.117829    0.107836    0.107207
     4     5     46.8801      296.97     541.612    0.156208    0.115175    0.109757

Correlation status saved!

System Shutdown
-------

median tracking time: 0.177002
mean tracking time: 0.1768

Saving camera trajectory to result10.txt ...

trajectory saved!
All done

========== Performance Summary (ms) ==========
name                                mean      median        rmse         min         max       count
Tracking                          40.080      39.735       8.575      17.232      70.257        3654
Total Init                      3745.104    3745.104       0.000    3745.104    3745.104           1
Pipeline                         176.795     176.999      18.913     122.809     323.507        3669
SuperPoint Extract               120.305     127.878      24.303      67.498     282.067        3669
KAZE Extract                     124.788     124.704      10.450      98.212     191.678        3669
SIFT Extract                      33.378      30.892       8.426      22.947      87.071        3669
Correlation                        4.973       4.997       1.077       2.623       9.666        3654
AKAZE Extract                     25.959      25.047       5.354      16.775      46.740        3669
BRISK Extract                     52.916      52.165       8.798      33.407      83.292        3669
ORB Extract                        8.391       8.276       1.099       5.635      13.717        3669
