Registering ORBextractor...
Registering AKAZEextractor...
Registering BRISKextractor...
Registering SIFTextractor...
Registering KAZEextractor...
Registering SuperPointExtractor...

ORB-SLAM2 Copyright (C) 2014-2016 Raul Mur-Artal, University of Zaragoza.
This program comes with ABSOLUTELY NO WARRANTY;
This is free software, and you are welcome to redistribute it
under certain conditions. See LICENSE.txt.

Input sensor was set to: Monocular

Loading Vocabulary : /home/howard/Refactored_ORB_SLAM2/Install/var/lib/orbslam2/voc/orb_mur.fbow
This could take a while...
Loading ORB Vocabulary in FBoW.
ORB Vocabulary loaded in 0.011177s


Loading Vocabulary : /home/howard/Refactored_ORB_SLAM2/Install/var/lib/orbslam2/voc/akaze_cv.fbow
This could take a while...
Loading AKAZE Vocabulary in FBoW.
AKAZE Vocabulary loaded in 0.002123s


Loading Vocabulary : /home/howard/Refactored_ORB_SLAM2/Install/var/lib/orbslam2/voc/brisk_cv.fbow
This could take a while...
Loading BRISK Vocabulary in FBoW.
BRISK Vocabulary loaded in 0.002010s


Loading Vocabulary : /home/howard/Refactored_ORB_SLAM2/Install/var/lib/orbslam2/voc/kaze_cv.fbow
This could take a while...
Loading KAZE Vocabulary in FBoW.
KAZE Vocabulary loaded in 0.007610s


Loading Vocabulary : /home/howard/Refactored_ORB_SLAM2/Install/var/lib/orbslam2/voc/sift_cv.fbow
This could take a while...
Loading SIFT Vocabulary in FBoW.
SIFT Vocabulary loaded in 0.014329s


Loading Vocabulary : /home/howard/Refactored_ORB_SLAM2/Install/var/lib/orbslam2/voc/superpoint.fbow
This could take a while...
Loading SuperPoint Vocabulary in FBoW.
SuperPoint Vocabulary loaded in 0.009059s


Camera Parameters: 
- fx: 520.909
- fy: 521.007
- cx: 325.141
- cy: 249.702
- k1: 0.231222
- k2: -0.784899
- k3: 0.917205
- p1: -0.003257
- p2: -0.000105
- fps: 30
- color order: RGB (ignored if grayscale)

[Feature 0] ORB Extractor Parameters: 
 ( TH_LOW: 50, TH_HIGH: 100 )
- Number of Features: 1000
- Scale Levels: 8
- Scale Factor: 1.2
- Initial Fast Threshold: 20
- Minimum Fast Threshold: 7

[Feature 1] AKAZE Extractor Parameters: 
 ( TH_LOW: 100, TH_HIGH: 200 )
- Number of Features: 1000
- Scale Levels: 4
- Scale Factor: 1.2
- Threshold: 0.001
- Num of Octaves: 4
- Num of Octave Layers: 4

[Feature 2] BRISK Extractor Parameters: 
 ( TH_LOW: 100, TH_HIGH: 200 )
- Number of Features: 1000
- Scale Levels: 6
- Scale Factor: 1.414
- Threshold: 10
- Num of Octaves: 3
- Pattern Scale: 1

[Feature 3] KAZE Extractor Parameters: 
 ( TH_LOW: 0.5, TH_HIGH: 1 )
- Number of Features : 1000
- Scale Levels       : 4
- Scale Factor       : 1.2
- Threshold          : 0.0005
- nOctaves           : 4
- nOctaveLayers      : 4
- Extended (128‑dim) : 0
- Upright            : 0

[Feature 4] SIFT Extractor Parameters: 
 ( TH_LOW: 300, TH_HIGH: 500 )
- Number of Features  : 1000
- Scale Levels        : 1
- Scale Factor        : 1
- Contrast Threshold  : 0.001
- Edge Threshold      : 5
- nOctaves            : 3
- Sigma               : 1.6

[Feature 5] SuperPoint Extractor Parameters: 
 ( TH_LOW: 0.7, TH_HIGH: 0.9 )
- Number of Features: 1000
- Scale Levels: 4
- Scale Factor: 1.2
- Use CUDA: 1
- Use NMS: 1
- iniTh: 0.08
- minTh: 0.04

-------
Start processing sequence ...
Images in the sequence: 3669

4
New map created with 89 points for 0 Feature Type 
New map created with 275 points for 1 Feature Type 
New map created with 371 points for 2 Feature Type 
New map created with 373 points for 3 Feature Type 
New map created with 393 points for 4 Feature Type 
New map created with 127 points for 5 Feature Type 
Tracking Initlized in 24.99s
The initlized frame ID: 14
System::StopViewer()
System::StopViewer() done
Viewer thread finished.

Saving correlation status...

========== Global Summary ==========
Frames: 54810
avg_CorrEdges: 112.068
avg_match_A: 318.178
avg_match_B: 424.941
global_RI_MNR: 0.352219
global_RI_GNR: 0.304777
global_RI_DICE: 0.301616

========== Per-Channel Summary ==========
   chA   chB     avgCorr        avgA        avgB   avgRI_MNR   avgRI_GNR  avgRI_DICE
     0     1      70.803     226.465     327.244    0.310774    0.255238    0.249899
     0     2     173.403     226.465     363.678     0.75692    0.598902    0.581957
     0     3     111.813     226.465     471.574    0.490839    0.337276    0.314545
     0     4       74.04     226.465     297.193    0.327843    0.280862    0.277167
     0     5     101.477     226.465     543.212    0.446228    0.287016    0.261056
     1     2     99.3487     327.244     363.678    0.301332    0.279857    0.278664
     1     3     324.121     327.244     471.574    0.974293    0.809538    0.794973
     1     4     88.1226     327.244     297.193    0.291795    0.273758    0.272848
     1     5     31.8834     327.244     543.212   0.0964956   0.0743529   0.0717095
     2     3     144.738     363.678     471.574    0.390998    0.342343    0.338846
     2     4     123.647     363.678     297.193    0.404898    0.365804    0.363297
     2     5     101.658     363.678     543.212    0.276525    0.225125    0.219882
     3     4     133.816     471.574     297.193    0.442601    0.350383    0.340625
     3     5     54.6128     471.574     543.212    0.114891    0.106049    0.105535
     4     5     47.5386     297.191      543.21    0.157894    0.116395    0.110921

Correlation status saved!

System Shutdown
-------

median tracking time: 0.177463
mean tracking time: 0.174958

Saving camera trajectory to result19.txt ...

trajectory saved!
All done

========== Performance Summary (ms) ==========
name                                mean      median        rmse         min         max       count
Tracking                          40.352      40.879       8.456      17.886      67.769        3654
Total Init                      3759.760    3759.760       0.000    3759.760    3759.760           1
Pipeline                         174.953     177.459      20.362     122.390     351.036        3669
SuperPoint Extract               123.076     130.497      22.485      64.997     301.279        3669
KAZE Extract                     116.819     113.167      11.874      97.305     189.222        3669
SIFT Extract                      33.822      29.822       9.669      23.157     100.100        3669
Correlation                        4.999       5.057       1.086       2.494       9.305        3654
AKAZE Extract                     26.640      26.538       5.250      17.278      45.617        3669
BRISK Extract                     53.257      52.480       8.615      32.632      81.506        3669
ORB Extract                        8.727       8.699       1.225       5.515      15.719        3669
