Registering ORBextractor...
Registering AKAZEextractor...
Registering BRISKextractor...
Registering SIFTextractor...
Registering KAZEextractor...
Registering SuperPointExtractor...

ORB-SLAM2 Copyright (C) 2014-2016 Raul Mur-Artal, University of Zaragoza.
This program comes with ABSOLUTELY NO WARRANTY;
This is free software, and you are welcome to redistribute it
under certain conditions. See LICENSE.txt.

Input sensor was set to: Monocular

Loading Vocabulary : /home/howard/Refactored_ORB_SLAM2/Install/var/lib/orbslam2/voc/orb_mur.fbow
This could take a while...
Loading ORB Vocabulary in FBoW.
ORB Vocabulary loaded in 0.010987s


Loading Vocabulary : /home/howard/Refactored_ORB_SLAM2/Install/var/lib/orbslam2/voc/akaze_cv.fbow
This could take a while...
Loading AKAZE Vocabulary in FBoW.
AKAZE Vocabulary loaded in 0.001873s


Loading Vocabulary : /home/howard/Refactored_ORB_SLAM2/Install/var/lib/orbslam2/voc/brisk_cv.fbow
This could take a while...
Loading BRISK Vocabulary in FBoW.
BRISK Vocabulary loaded in 0.001844s


Loading Vocabulary : /home/howard/Refactored_ORB_SLAM2/Install/var/lib/orbslam2/voc/kaze_cv.fbow
This could take a while...
Loading KAZE Vocabulary in FBoW.
KAZE Vocabulary loaded in 0.006761s


Loading Vocabulary : /home/howard/Refactored_ORB_SLAM2/Install/var/lib/orbslam2/voc/sift_cv.fbow
This could take a while...
Loading SIFT Vocabulary in FBoW.
SIFT Vocabulary loaded in 0.012797s


Loading Vocabulary : /home/howard/Refactored_ORB_SLAM2/Install/var/lib/orbslam2/voc/superpoint.fbow
This could take a while...
Loading SuperPoint Vocabulary in FBoW.
SuperPoint Vocabulary loaded in 0.008557s


Camera Parameters: 
- fx: 520.909
- fy: 521.007
- cx: 325.141
- cy: 249.702
- k1: 0.231222
- k2: -0.784899
- k3: 0.917205
- p1: -0.003257
- p2: -0.000105
- fps: 30
- color order: RGB (ignored if grayscale)

[Feature 0] ORB Extractor Parameters: 
 ( TH_LOW: 50, TH_HIGH: 100 )
- Number of Features: 1000
- Scale Levels: 8
- Scale Factor: 1.2
- Initial Fast Threshold: 20
- Minimum Fast Threshold: 7

[Feature 1] AKAZE Extractor Parameters: 
 ( TH_LOW: 100, TH_HIGH: 200 )
- Number of Features: 1000
- Scale Levels: 4
- Scale Factor: 1.2
- Threshold: 0.001
- Num of Octaves: 4
- Num of Octave Layers: 4

[Feature 2] BRISK Extractor Parameters: 
 ( TH_LOW: 100, TH_HIGH: 200 )
- Number of Features: 1000
- Scale Levels: 6
- Scale Factor: 1.414
- Threshold: 10
- Num of Octaves: 3
- Pattern Scale: 1

[Feature 3] KAZE Extractor Parameters: 
 ( TH_LOW: 0.5, TH_HIGH: 1 )
- Number of Features : 1000
- Scale Levels       : 4
- Scale Factor       : 1.2
- Threshold          : 0.0005
- nOctaves           : 4
- nOctaveLayers      : 4
- Extended (128‑dim) : 0
- Upright            : 0

[Feature 4] SIFT Extractor Parameters: 
 ( TH_LOW: 300, TH_HIGH: 500 )
- Number of Features  : 1000
- Scale Levels        : 1
- Scale Factor        : 1
- Contrast Threshold  : 0.001
- Edge Threshold      : 5
- nOctaves            : 3
- Sigma               : 1.6

[Feature 5] SuperPoint Extractor Parameters: 
 ( TH_LOW: 0.7, TH_HIGH: 0.9 )
- Number of Features: 1000
- Scale Levels: 4
- Scale Factor: 1.2
- Use CUDA: 1
- Use NMS: 1
- iniTh: 0.08
- minTh: 0.04

-------
Start processing sequence ...
Images in the sequence: 3669

4
New map created with 89 points for 0 Feature Type 
New map created with 275 points for 1 Feature Type 
New map created with 371 points for 2 Feature Type 
New map created with 373 points for 3 Feature Type 
New map created with 393 points for 4 Feature Type 
New map created with 127 points for 5 Feature Type 
Tracking Initlized in 24.95s
The initlized frame ID: 14
System::StopViewer()
System::StopViewer() done
Viewer thread finished.

Saving correlation status...

========== Global Summary ==========
Frames: 54810
avg_CorrEdges: 112.467
avg_match_A: 319.93
avg_match_B: 424.881
global_RI_MNR: 0.351536
global_RI_GNR: 0.305045
global_RI_DICE: 0.302002

========== Per-Channel Summary ==========
   chA   chB     avgCorr        avgA        avgB   avgRI_MNR   avgRI_GNR  avgRI_DICE
     0     1     72.2789     226.694      332.37    0.316539     0.25854    0.252798
     0     2     171.951     226.693     365.147    0.750336    0.592811    0.575668
     0     3     112.029     226.693     472.158      0.4911    0.337122    0.314214
     0     4     74.0701     226.693     296.259    0.327805    0.280879    0.277159
     0     5      99.746     226.693     541.805    0.439327    0.282691    0.257155
     1     2     103.795      332.37     365.147    0.310949    0.289079      0.2879
     1     3      330.26      332.37     472.158    0.977612    0.817275    0.803371
     1     4     87.8935      332.37     296.259    0.289253    0.270709    0.269791
     1     5     31.4817      332.37     541.805   0.0941492   0.0729289   0.0704242
     2     3      146.44     365.147     472.158    0.393749     0.34489    0.341332
     2     4     121.063     365.147     296.259     0.39685    0.357202    0.354579
     2     5     101.515     365.147     541.804    0.274357    0.224161    0.219081
     3     4     130.811     472.158     296.259    0.432707    0.341831    0.332124
     3     5     55.0164     472.158     541.804    0.116264    0.107089    0.106534
     4     5     48.6565     296.259     541.804    0.161772    0.119152    0.113502

Correlation status saved!

System Shutdown
-------

median tracking time: 0.177
mean tracking time: 0.176993

Saving camera trajectory to result12.txt ...

trajectory saved!
All done

========== Performance Summary (ms) ==========
name                                mean      median        rmse         min         max       count
Tracking                          40.154      41.036       8.585      17.746      71.613        3654
Total Init                      3734.044    3734.044       0.000    3734.044    3734.044           1
Pipeline                         176.988     176.995      18.654     119.090     360.419        3669
SuperPoint Extract               127.612     131.189      20.122      66.830     336.466        3669
KAZE Extract                     119.070     117.844      11.526      90.906     190.471        3669
SIFT Extract                      33.928      30.187       9.815      22.982     104.029        3669
Correlation                        4.990       5.047       1.117       2.649       9.959        3654
AKAZE Extract                     26.887      27.344       5.340      17.172      47.277        3669
BRISK Extract                     53.043      52.289       8.637      33.257      86.544        3669
ORB Extract                        8.624       8.541       1.181       5.345      15.146        3669
