Registering ORBextractor...
Registering AKAZEextractor...
Registering BRISKextractor...
Registering SIFTextractor...
Registering KAZEextractor...
Registering SuperPointExtractor...

ORB-SLAM2 Copyright (C) 2014-2016 Raul Mur-Artal, University of Zaragoza.
This program comes with ABSOLUTELY NO WARRANTY;
This is free software, and you are welcome to redistribute it
under certain conditions. See LICENSE.txt.

Input sensor was set to: Monocular

Loading Vocabulary : /home/howard/Refactored_ORB_SLAM2/Install/var/lib/orbslam2/voc/orb_mur.fbow
This could take a while...
Loading ORB Vocabulary in FBoW.
ORB Vocabulary loaded in 0.010888s


Loading Vocabulary : /home/howard/Refactored_ORB_SLAM2/Install/var/lib/orbslam2/voc/akaze_cv.fbow
This could take a while...
Loading AKAZE Vocabulary in FBoW.
AKAZE Vocabulary loaded in 0.001917s


Loading Vocabulary : /home/howard/Refactored_ORB_SLAM2/Install/var/lib/orbslam2/voc/brisk_cv.fbow
This could take a while...
Loading BRISK Vocabulary in FBoW.
BRISK Vocabulary loaded in 0.001878s


Loading Vocabulary : /home/howard/Refactored_ORB_SLAM2/Install/var/lib/orbslam2/voc/kaze_cv.fbow
This could take a while...
Loading KAZE Vocabulary in FBoW.
KAZE Vocabulary loaded in 0.006776s


Loading Vocabulary : /home/howard/Refactored_ORB_SLAM2/Install/var/lib/orbslam2/voc/sift_cv.fbow
This could take a while...
Loading SIFT Vocabulary in FBoW.
SIFT Vocabulary loaded in 0.013151s


Loading Vocabulary : /home/howard/Refactored_ORB_SLAM2/Install/var/lib/orbslam2/voc/superpoint.fbow
This could take a while...
Loading SuperPoint Vocabulary in FBoW.
SuperPoint Vocabulary loaded in 0.008723s


Camera Parameters: 
- fx: 520.909
- fy: 521.007
- cx: 325.141
- cy: 249.702
- k1: 0.231222
- k2: -0.784899
- k3: 0.917205
- p1: -0.003257
- p2: -0.000105
- fps: 30
- color order: RGB (ignored if grayscale)

[Feature 0] ORB Extractor Parameters: 
 ( TH_LOW: 50, TH_HIGH: 100 )
- Number of Features: 1000
- Scale Levels: 8
- Scale Factor: 1.2
- Initial Fast Threshold: 20
- Minimum Fast Threshold: 7

[Feature 1] AKAZE Extractor Parameters: 
 ( TH_LOW: 100, TH_HIGH: 200 )
- Number of Features: 1000
- Scale Levels: 4
- Scale Factor: 1.2
- Threshold: 0.001
- Num of Octaves: 4
- Num of Octave Layers: 4

[Feature 2] BRISK Extractor Parameters: 
 ( TH_LOW: 100, TH_HIGH: 200 )
- Number of Features: 1000
- Scale Levels: 6
- Scale Factor: 1.414
- Threshold: 10
- Num of Octaves: 3
- Pattern Scale: 1

[Feature 3] KAZE Extractor Parameters: 
 ( TH_LOW: 0.5, TH_HIGH: 1 )
- Number of Features : 1000
- Scale Levels       : 4
- Scale Factor       : 1.2
- Threshold          : 0.0005
- nOctaves           : 4
- nOctaveLayers      : 4
- Extended (128‑dim) : 0
- Upright            : 0

[Feature 4] SIFT Extractor Parameters: 
 ( TH_LOW: 300, TH_HIGH: 500 )
- Number of Features  : 1000
- Scale Levels        : 1
- Scale Factor        : 1
- Contrast Threshold  : 0.001
- Edge Threshold      : 5
- nOctaves            : 3
- Sigma               : 1.6

[Feature 5] SuperPoint Extractor Parameters: 
 ( TH_LOW: 0.7, TH_HIGH: 0.9 )
- Number of Features: 1000
- Scale Levels: 4
- Scale Factor: 1.2
- Use CUDA: 1
- Use NMS: 1
- iniTh: 0.08
- minTh: 0.04

-------
Start processing sequence ...
Images in the sequence: 3669

4
New map created with 89 points for 0 Feature Type 
New map created with 275 points for 1 Feature Type 
New map created with 371 points for 2 Feature Type 
New map created with 373 points for 3 Feature Type 
New map created with 393 points for 4 Feature Type 
New map created with 127 points for 5 Feature Type 
Tracking Initlized in 24.22s
The initlized frame ID: 14
System::StopViewer()
System::StopViewer() done
Viewer thread finished.

Saving correlation status...

========== Global Summary ==========
Frames: 54810
avg_CorrEdges: 110.293
avg_match_A: 314.963
avg_match_B: 419.639
global_RI_MNR: 0.350176
global_RI_GNR: 0.303374
global_RI_DICE: 0.300278

========== Per-Channel Summary ==========
   chA   chB     avgCorr        avgA        avgB   avgRI_MNR   avgRI_GNR  avgRI_DICE
     0     1     68.8848     225.489     324.348     0.30505    0.251055    0.245735
     0     2     168.224     225.489     358.673    0.738584    0.588172    0.571978
     0     3     109.702     225.489     464.461    0.484822    0.334678    0.312545
     0     4     73.8632     225.489     294.685    0.330013    0.282052    0.278136
     0     5       99.24     225.489     536.142     0.43709    0.282773     0.25783
     1     2     98.6401     324.348     358.673    0.302163    0.280958    0.279792
     1     3     321.868     324.348     464.461    0.974582    0.811602    0.797206
     1     4      87.072     324.348     294.685    0.290253    0.272683    0.271852
     1     5     30.0613     324.348     536.142   0.0925886   0.0708693   0.0682079
     2     3     141.166     358.673     464.461    0.386715    0.338579    0.335047
     2     4     122.016     358.672     294.683    0.401802    0.364211     0.36185
     2     5     100.298     358.672      536.14    0.276149    0.224798    0.219562
     3     4     129.876     464.459     294.682    0.434358    0.344361    0.334825
     3     5     54.3758     464.458      536.14    0.117431    0.107769    0.107173
     4     5     49.1013     294.681      536.14    0.165191    0.121559    0.115747

Correlation status saved!

System Shutdown
-------

median tracking time: 0.175479
mean tracking time: 0.176648

Saving camera trajectory to result13.txt ...

trajectory saved!
All done

========== Performance Summary (ms) ==========
name                                mean      median        rmse         min         max       count
Tracking                          39.087      39.649       8.206      17.116      70.961        3654
Total Init                      3709.439    3709.439       0.000    3709.439    3709.439           1
Pipeline                         176.643     175.475      16.116     135.984     324.498        3669
SuperPoint Extract               128.243     130.763      18.438      66.826     298.700        3669
KAZE Extract                     123.509     124.465      11.842      89.627     200.096        3669
SIFT Extract                      34.873      31.719      10.276      22.746      99.217        3669
Correlation                        4.911       4.919       1.106       2.468      10.069        3654
AKAZE Extract                     25.801      24.961       5.246      17.165      47.710        3669
BRISK Extract                     52.474      51.726       8.652      32.261      79.002        3669
ORB Extract                        8.315       8.176       1.135       5.235      14.373        3669
