Registering ORBextractor...
Registering AKAZEextractor...
Registering BRISKextractor...
Registering SIFTextractor...
Registering KAZEextractor...
Registering SuperPointExtractor...

ORB-SLAM2 Copyright (C) 2014-2016 Raul Mur-Artal, University of Zaragoza.
This program comes with ABSOLUTELY NO WARRANTY;
This is free software, and you are welcome to redistribute it
under certain conditions. See LICENSE.txt.

Input sensor was set to: Monocular

Loading Vocabulary : /home/howard/Refactored_ORB_SLAM2/Install/var/lib/orbslam2/voc/orb_mur.fbow
This could take a while...
Loading ORB Vocabulary in FBoW.
ORB Vocabulary loaded in 0.010941s


Loading Vocabulary : /home/howard/Refactored_ORB_SLAM2/Install/var/lib/orbslam2/voc/akaze_cv.fbow
This could take a while...
Loading AKAZE Vocabulary in FBoW.
AKAZE Vocabulary loaded in 0.002040s


Loading Vocabulary : /home/howard/Refactored_ORB_SLAM2/Install/var/lib/orbslam2/voc/brisk_cv.fbow
This could take a while...
Loading BRISK Vocabulary in FBoW.
BRISK Vocabulary loaded in 0.002042s


Loading Vocabulary : /home/howard/Refactored_ORB_SLAM2/Install/var/lib/orbslam2/voc/kaze_cv.fbow
This could take a while...
Loading KAZE Vocabulary in FBoW.
KAZE Vocabulary loaded in 0.007353s


Loading Vocabulary : /home/howard/Refactored_ORB_SLAM2/Install/var/lib/orbslam2/voc/sift_cv.fbow
This could take a while...
Loading SIFT Vocabulary in FBoW.
SIFT Vocabulary loaded in 0.013109s


Loading Vocabulary : /home/howard/Refactored_ORB_SLAM2/Install/var/lib/orbslam2/voc/superpoint.fbow
This could take a while...
Loading SuperPoint Vocabulary in FBoW.
SuperPoint Vocabulary loaded in 0.008751s


Camera Parameters: 
- fx: 520.909
- fy: 521.007
- cx: 325.141
- cy: 249.702
- k1: 0.231222
- k2: -0.784899
- k3: 0.917205
- p1: -0.003257
- p2: -0.000105
- fps: 30
- color order: RGB (ignored if grayscale)

[Feature 0] ORB Extractor Parameters: 
 ( TH_LOW: 50, TH_HIGH: 100 )
- Number of Features: 1000
- Scale Levels: 8
- Scale Factor: 1.2
- Initial Fast Threshold: 20
- Minimum Fast Threshold: 7

[Feature 1] AKAZE Extractor Parameters: 
 ( TH_LOW: 100, TH_HIGH: 200 )
- Number of Features: 1000
- Scale Levels: 4
- Scale Factor: 1.2
- Threshold: 0.001
- Num of Octaves: 4
- Num of Octave Layers: 4

[Feature 2] BRISK Extractor Parameters: 
 ( TH_LOW: 100, TH_HIGH: 200 )
- Number of Features: 1000
- Scale Levels: 6
- Scale Factor: 1.414
- Threshold: 10
- Num of Octaves: 3
- Pattern Scale: 1

[Feature 3] KAZE Extractor Parameters: 
 ( TH_LOW: 0.5, TH_HIGH: 1 )
- Number of Features : 1000
- Scale Levels       : 4
- Scale Factor       : 1.2
- Threshold          : 0.0005
- nOctaves           : 4
- nOctaveLayers      : 4
- Extended (128‑dim) : 0
- Upright            : 0

[Feature 4] SIFT Extractor Parameters: 
 ( TH_LOW: 300, TH_HIGH: 500 )
- Number of Features  : 1000
- Scale Levels        : 1
- Scale Factor        : 1
- Contrast Threshold  : 0.001
- Edge Threshold      : 5
- nOctaves            : 3
- Sigma               : 1.6

[Feature 5] SuperPoint Extractor Parameters: 
 ( TH_LOW: 0.7, TH_HIGH: 0.9 )
- Number of Features: 1000
- Scale Levels: 4
- Scale Factor: 1.2
- Use CUDA: 1
- Use NMS: 1
- iniTh: 0.08
- minTh: 0.04

-------
Start processing sequence ...
Images in the sequence: 3669

4
New map created with 89 points for 0 Feature Type 
New map created with 275 points for 1 Feature Type 
New map created with 371 points for 2 Feature Type 
New map created with 373 points for 3 Feature Type 
New map created with 393 points for 4 Feature Type 
New map created with 127 points for 5 Feature Type 
Tracking Initlized in 24.32s
The initlized frame ID: 14
System::StopViewer()
System::StopViewer() done
Viewer thread finished.

Saving correlation status...

========== Global Summary ==========
Frames: 54810
avg_CorrEdges: 112.667
avg_match_A: 320.075
avg_match_B: 427.098
global_RI_MNR: 0.352003
global_RI_GNR: 0.304725
global_RI_DICE: 0.301583

========== Per-Channel Summary ==========
   chA   chB     avgCorr        avgA        avgB   avgRI_MNR   avgRI_GNR  avgRI_DICE
     0     1     71.2096     227.035     331.929    0.311769    0.255601    0.250177
     0     2     171.743     227.035     363.247    0.749481    0.594428    0.577692
     0     3     111.972     227.035     475.188    0.489808    0.335981    0.313135
     0     4     74.7115     227.035     298.107    0.332599    0.283579    0.279617
     0     5     99.3675     227.035     546.001    0.434527     0.27966    0.254438
     1     2     101.303     331.929     363.247    0.305616    0.284446    0.283346
     1     3      330.07     331.929     475.188    0.981128    0.817261     0.80287
     1     4     90.2165     331.929     298.107    0.297025    0.278544    0.277607
     1     5      31.734     331.929     546.001   0.0951977   0.0733395   0.0707384
     2     3      145.81     363.247     475.188     0.39408     0.34372     0.34005
     2     4     123.728     363.247     298.107    0.404849     0.36615    0.363627
     2     5     100.648     363.247     546.001    0.273412    0.222358    0.217177
     3     4     134.759     475.188     298.107    0.445776    0.352146    0.342148
     3     5     55.0118     475.188     546.001     0.11611    0.106822     0.10625
     4     5     47.7263     298.107     546.001    0.158368    0.116405    0.110824

Correlation status saved!

System Shutdown
-------

median tracking time: 0.17809
mean tracking time: 0.177073

Saving camera trajectory to result17.txt ...

trajectory saved!
All done

========== Performance Summary (ms) ==========
name                                mean      median        rmse         min         max       count
Tracking                          40.438      40.895       8.311      18.007      68.165        3654
Total Init                      3791.138    3791.138       0.000    3791.138    3791.138           1
Pipeline                         177.068     178.086      17.955     123.852     353.798        3669
SuperPoint Extract               123.606     130.890      22.758      65.225     294.612        3669
KAZE Extract                     120.968     121.796      10.709      90.892     193.393        3669
SIFT Extract                      34.475      31.475       9.408      22.547      89.526        3669
Correlation                        5.002       5.033       1.078       2.684      10.430        3654
AKAZE Extract                     26.154      25.140       5.284      16.759      50.365        3669
BRISK Extract                     52.692      51.848       8.820      32.550      78.762        3669
ORB Extract                        8.378       8.251       1.191       5.764      15.186        3669
