Registering ORBextractor...
Registering AKAZEextractor...
Registering BRISKextractor...
Registering SIFTextractor...
Registering KAZEextractor...
Registering SuperPointExtractor...

ORB-SLAM2 Copyright (C) 2014-2016 Raul Mur-Artal, University of Zaragoza.
This program comes with ABSOLUTELY NO WARRANTY;
This is free software, and you are welcome to redistribute it
under certain conditions. See LICENSE.txt.

Input sensor was set to: Monocular

Loading Vocabulary : /home/howard/Refactored_ORB_SLAM2/Install/var/lib/orbslam2/voc/orb_mur.fbow
This could take a while...
Loading ORB Vocabulary in FBoW.
ORB Vocabulary loaded in 0.010836s


Loading Vocabulary : /home/howard/Refactored_ORB_SLAM2/Install/var/lib/orbslam2/voc/akaze_cv.fbow
This could take a while...
Loading AKAZE Vocabulary in FBoW.
AKAZE Vocabulary loaded in 0.001888s


Loading Vocabulary : /home/howard/Refactored_ORB_SLAM2/Install/var/lib/orbslam2/voc/brisk_cv.fbow
This could take a while...
Loading BRISK Vocabulary in FBoW.
BRISK Vocabulary loaded in 0.001812s


Loading Vocabulary : /home/howard/Refactored_ORB_SLAM2/Install/var/lib/orbslam2/voc/kaze_cv.fbow
This could take a while...
Loading KAZE Vocabulary in FBoW.
KAZE Vocabulary loaded in 0.006638s


Loading Vocabulary : /home/howard/Refactored_ORB_SLAM2/Install/var/lib/orbslam2/voc/sift_cv.fbow
This could take a while...
Loading SIFT Vocabulary in FBoW.
SIFT Vocabulary loaded in 0.012843s


Loading Vocabulary : /home/howard/Refactored_ORB_SLAM2/Install/var/lib/orbslam2/voc/superpoint.fbow
This could take a while...
Loading SuperPoint Vocabulary in FBoW.
SuperPoint Vocabulary loaded in 0.008543s


Camera Parameters: 
- fx: 520.909
- fy: 521.007
- cx: 325.141
- cy: 249.702
- k1: 0.231222
- k2: -0.784899
- k3: 0.917205
- p1: -0.003257
- p2: -0.000105
- fps: 30
- color order: RGB (ignored if grayscale)

[Feature 0] ORB Extractor Parameters: 
 ( TH_LOW: 50, TH_HIGH: 100 )
- Number of Features: 1000
- Scale Levels: 8
- Scale Factor: 1.2
- Initial Fast Threshold: 20
- Minimum Fast Threshold: 7

[Feature 1] AKAZE Extractor Parameters: 
 ( TH_LOW: 100, TH_HIGH: 200 )
- Number of Features: 1000
- Scale Levels: 4
- Scale Factor: 1.2
- Threshold: 0.001
- Num of Octaves: 4
- Num of Octave Layers: 4

[Feature 2] BRISK Extractor Parameters: 
 ( TH_LOW: 100, TH_HIGH: 200 )
- Number of Features: 1000
- Scale Levels: 6
- Scale Factor: 1.414
- Threshold: 10
- Num of Octaves: 3
- Pattern Scale: 1

[Feature 3] KAZE Extractor Parameters: 
 ( TH_LOW: 0.5, TH_HIGH: 1 )
- Number of Features : 1000
- Scale Levels       : 4
- Scale Factor       : 1.2
- Threshold          : 0.0005
- nOctaves           : 4
- nOctaveLayers      : 4
- Extended (128‑dim) : 0
- Upright            : 0

[Feature 4] SIFT Extractor Parameters: 
 ( TH_LOW: 300, TH_HIGH: 500 )
- Number of Features  : 1000
- Scale Levels        : 1
- Scale Factor        : 1
- Contrast Threshold  : 0.001
- Edge Threshold      : 5
- nOctaves            : 3
- Sigma               : 1.6

[Feature 5] SuperPoint Extractor Parameters: 
 ( TH_LOW: 0.7, TH_HIGH: 0.9 )
- Number of Features: 1000
- Scale Levels: 4
- Scale Factor: 1.2
- Use CUDA: 1
- Use NMS: 1
- iniTh: 0.08
- minTh: 0.04

-------
Start processing sequence ...
Images in the sequence: 3669

4
New map created with 89 points for 0 Feature Type 
New map created with 275 points for 1 Feature Type 
New map created with 371 points for 2 Feature Type 
New map created with 373 points for 3 Feature Type 
New map created with 393 points for 4 Feature Type 
New map created with 127 points for 5 Feature Type 
Tracking Initlized in 24.70s
The initlized frame ID: 14
System::StopViewer()
System::StopViewer() done
Viewer thread finished.

Saving correlation status...

========== Global Summary ==========
Frames: 54810
avg_CorrEdges: 112.241
avg_match_A: 319.491
avg_match_B: 426.855
global_RI_MNR: 0.35131
global_RI_GNR: 0.303935
global_RI_DICE: 0.300774

========== Per-Channel Summary ==========
   chA   chB     avgCorr        avgA        avgB   avgRI_MNR   avgRI_GNR  avgRI_DICE
     0     1     68.5772     224.836      330.16    0.302612    0.247177    0.241716
     0     2     172.022     224.835     367.715     0.75543    0.593276    0.575501
     0     3      109.08     224.835      473.08    0.480844    0.328669    0.305928
     0     4      73.569     224.835     298.299    0.329449    0.279688    0.275592
     0     5     97.2326     224.835     544.963    0.428824    0.275145    0.250014
     1     2      103.79     330.158     367.715    0.311851    0.289508    0.288298
     1     3     327.137     330.155     473.079    0.974982    0.811613    0.797193
     1     4     87.0566     330.155     298.297    0.286227    0.269268    0.268444
     1     5     32.6024     330.155     544.958    0.098196   0.0755007   0.0727665
     2     3      150.62     367.712     473.079    0.402543    0.353489    0.349968
     2     4     123.739      367.71     298.294    0.403522     0.36353    0.360807
     2     5     102.336      367.71     544.956    0.273713    0.223996    0.219003
     3     4     132.787     473.076     298.293    0.438876    0.347423    0.337722
     3     5     54.1289     473.076     544.954    0.113304    0.104594    0.104079
     4     5     48.9288     298.293     544.954    0.163051    0.119793    0.114009

Correlation status saved!

System Shutdown
-------

median tracking time: 0.173957
mean tracking time: 0.174218

Saving camera trajectory to result15.txt ...

trajectory saved!
All done

========== Performance Summary (ms) ==========
name                                mean      median        rmse         min         max       count
Tracking                          41.285      41.501       9.056      17.281      73.234        3654
Total Init                      3738.093    3738.093       0.000    3738.093    3738.093           1
Pipeline                         174.213     173.951      20.760     121.801     341.492        3669
SuperPoint Extract               113.897     109.247      23.087      69.650     288.454        3669
KAZE Extract                     121.074     117.134      13.515      95.457     203.599        3669
SIFT Extract                      37.929      32.484      12.704      23.191      95.156        3669
Correlation                        5.056       5.096       1.168       2.572      11.647        3654
AKAZE Extract                     28.214      27.953       6.191      17.429      52.560        3669
BRISK Extract                     54.305      53.359       9.076      32.275      87.701        3669
ORB Extract                        8.766       8.692       1.304       5.297      17.333        3669
