Registering ORBextractor...
Registering AKAZEextractor...
Registering BRISKextractor...
Registering SIFTextractor...
Registering KAZEextractor...
Registering SuperPointExtractor...

ORB-SLAM2 Copyright (C) 2014-2016 Raul Mur-Artal, University of Zaragoza.
This program comes with ABSOLUTELY NO WARRANTY;
This is free software, and you are welcome to redistribute it
under certain conditions. See LICENSE.txt.

Input sensor was set to: Monocular

Loading Vocabulary : /home/howard/Refactored_ORB_SLAM2/Install/var/lib/orbslam2/voc/orb_mur.fbow
This could take a while...
Loading ORB Vocabulary in FBoW.
ORB Vocabulary loaded in 0.011234s


Loading Vocabulary : /home/howard/Refactored_ORB_SLAM2/Install/var/lib/orbslam2/voc/akaze_cv.fbow
This could take a while...
Loading AKAZE Vocabulary in FBoW.
AKAZE Vocabulary loaded in 0.002124s


Loading Vocabulary : /home/howard/Refactored_ORB_SLAM2/Install/var/lib/orbslam2/voc/brisk_cv.fbow
This could take a while...
Loading BRISK Vocabulary in FBoW.
BRISK Vocabulary loaded in 0.002046s


Loading Vocabulary : /home/howard/Refactored_ORB_SLAM2/Install/var/lib/orbslam2/voc/kaze_cv.fbow
This could take a while...
Loading KAZE Vocabulary in FBoW.
KAZE Vocabulary loaded in 0.006835s


Loading Vocabulary : /home/howard/Refactored_ORB_SLAM2/Install/var/lib/orbslam2/voc/sift_cv.fbow
This could take a while...
Loading SIFT Vocabulary in FBoW.
SIFT Vocabulary loaded in 0.013115s


Loading Vocabulary : /home/howard/Refactored_ORB_SLAM2/Install/var/lib/orbslam2/voc/superpoint.fbow
This could take a while...
Loading SuperPoint Vocabulary in FBoW.
SuperPoint Vocabulary loaded in 0.008627s


Camera Parameters: 
- fx: 520.909
- fy: 521.007
- cx: 325.141
- cy: 249.702
- k1: 0.231222
- k2: -0.784899
- k3: 0.917205
- p1: -0.003257
- p2: -0.000105
- fps: 30
- color order: RGB (ignored if grayscale)

[Feature 0] ORB Extractor Parameters: 
 ( TH_LOW: 50, TH_HIGH: 100 )
- Number of Features: 1000
- Scale Levels: 8
- Scale Factor: 1.2
- Initial Fast Threshold: 20
- Minimum Fast Threshold: 7

[Feature 1] AKAZE Extractor Parameters: 
 ( TH_LOW: 100, TH_HIGH: 200 )
- Number of Features: 1000
- Scale Levels: 4
- Scale Factor: 1.2
- Threshold: 0.001
- Num of Octaves: 4
- Num of Octave Layers: 4

[Feature 2] BRISK Extractor Parameters: 
 ( TH_LOW: 100, TH_HIGH: 200 )
- Number of Features: 1000
- Scale Levels: 6
- Scale Factor: 1.414
- Threshold: 10
- Num of Octaves: 3
- Pattern Scale: 1

[Feature 3] KAZE Extractor Parameters: 
 ( TH_LOW: 0.5, TH_HIGH: 1 )
- Number of Features : 1000
- Scale Levels       : 4
- Scale Factor       : 1.2
- Threshold          : 0.0005
- nOctaves           : 4
- nOctaveLayers      : 4
- Extended (128‑dim) : 0
- Upright            : 0

[Feature 4] SIFT Extractor Parameters: 
 ( TH_LOW: 300, TH_HIGH: 500 )
- Number of Features  : 1000
- Scale Levels        : 1
- Scale Factor        : 1
- Contrast Threshold  : 0.001
- Edge Threshold      : 5
- nOctaves            : 3
- Sigma               : 1.6

[Feature 5] SuperPoint Extractor Parameters: 
 ( TH_LOW: 0.7, TH_HIGH: 0.9 )
- Number of Features: 1000
- Scale Levels: 4
- Scale Factor: 1.2
- Use CUDA: 1
- Use NMS: 1
- iniTh: 0.08
- minTh: 0.04

-------
Start processing sequence ...
Images in the sequence: 3669

4
New map created with 89 points for 0 Feature Type 
New map created with 275 points for 1 Feature Type 
New map created with 371 points for 2 Feature Type 
New map created with 373 points for 3 Feature Type 
New map created with 393 points for 4 Feature Type 
New map created with 127 points for 5 Feature Type 
Tracking Initlized in 26.03s
The initlized frame ID: 14
System::StopViewer()
System::StopViewer() done
Viewer thread finished.

Saving correlation status...

========== Global Summary ==========
Frames: 54810
avg_CorrEdges: 110.824
avg_match_A: 316.87
avg_match_B: 421.23
global_RI_MNR: 0.349746
global_RI_GNR: 0.303343
global_RI_DICE: 0.300295

========== Per-Channel Summary ==========
   chA   chB     avgCorr        avgA        avgB   avgRI_MNR   avgRI_GNR  avgRI_DICE
     0     1     69.4132     226.912     325.754    0.304669    0.251545    0.246528
     0     2      170.84     226.912     360.419    0.743803    0.592381    0.576348
     0     3     111.536     226.912     470.502    0.488116     0.33623    0.313801
     0     4     74.5991     226.912     293.201    0.331665    0.284627    0.280938
     0     5     97.6686     226.912     537.508    0.427702    0.277346    0.253104
     1     2     100.442     325.753     360.418    0.307637    0.285357    0.284103
     1     3     322.886     325.753     470.501    0.976269    0.809362    0.794395
     1     4     86.7805     325.753     293.201    0.290443    0.272172    0.271282
     1     5     29.8013     325.753     537.508   0.0916135    0.070381    0.067816
     2     3     144.908     360.418     470.501    0.394889    0.344478     0.34079
     2     4     121.945     360.418     293.201    0.404846    0.364891    0.362249
     2     5     98.3153     360.418     537.508    0.269867    0.219981    0.214914
     3     4     131.509     470.501     293.201    0.441129     0.34716    0.337037
     3     5     53.3317     470.501     537.508    0.113569    0.104808    0.104268
     4     5     48.3859     293.201     537.508    0.162827    0.119668    0.113916

Correlation status saved!

System Shutdown
-------

median tracking time: 0.172795
mean tracking time: 0.174442

Saving camera trajectory to result16.txt ...

trajectory saved!
All done

========== Performance Summary (ms) ==========
name                                mean      median        rmse         min         max       count
Tracking                          40.225      39.960       8.772      18.008      71.944        3654
Total Init                      4097.283    4097.283       0.000    4097.283    4097.283           1
Pipeline                         174.437     172.789      19.702     124.700     382.701        3669
SuperPoint Extract               120.244     125.133      23.081      67.595     331.714        3669
KAZE Extract                     119.575     119.112      11.978      90.592     171.995        3669
SIFT Extract                      36.021      31.872      11.537      22.596      94.715        3669
Correlation                        4.971       4.965       1.141       2.486      10.902        3654
AKAZE Extract                     26.833      26.716       5.746      16.156      48.758        3669
BRISK Extract                     53.298      52.819       8.620      32.850      78.993        3669
ORB Extract                        8.570       8.437       1.247       5.793      15.282        3669
