Registering ORBextractor...
Registering AKAZEextractor...
Registering BRISKextractor...
Registering SIFTextractor...
Registering KAZEextractor...
Registering SuperPointExtractor...

ORB-SLAM2 Copyright (C) 2014-2016 Raul Mur-Artal, University of Zaragoza.
This program comes with ABSOLUTELY NO WARRANTY;
This is free software, and you are welcome to redistribute it
under certain conditions. See LICENSE.txt.

Input sensor was set to: Monocular

Loading Vocabulary : /home/howard/Refactored_ORB_SLAM2/Install/var/lib/orbslam2/voc/orb_mur.fbow
This could take a while...
Loading ORB Vocabulary in FBoW.
ORB Vocabulary loaded in 0.011580s


Loading Vocabulary : /home/howard/Refactored_ORB_SLAM2/Install/var/lib/orbslam2/voc/akaze_cv.fbow
This could take a while...
Loading AKAZE Vocabulary in FBoW.
AKAZE Vocabulary loaded in 0.002184s


Loading Vocabulary : /home/howard/Refactored_ORB_SLAM2/Install/var/lib/orbslam2/voc/brisk_cv.fbow
This could take a while...
Loading BRISK Vocabulary in FBoW.
BRISK Vocabulary loaded in 0.002001s


Loading Vocabulary : /home/howard/Refactored_ORB_SLAM2/Install/var/lib/orbslam2/voc/kaze_cv.fbow
This could take a while...
Loading KAZE Vocabulary in FBoW.
KAZE Vocabulary loaded in 0.007898s


Loading Vocabulary : /home/howard/Refactored_ORB_SLAM2/Install/var/lib/orbslam2/voc/sift_cv.fbow
This could take a while...
Loading SIFT Vocabulary in FBoW.
SIFT Vocabulary loaded in 0.014038s


Loading Vocabulary : /home/howard/Refactored_ORB_SLAM2/Install/var/lib/orbslam2/voc/superpoint.fbow
This could take a while...
Loading SuperPoint Vocabulary in FBoW.
SuperPoint Vocabulary loaded in 0.009523s


Camera Parameters: 
- fx: 520.909
- fy: 521.007
- cx: 325.141
- cy: 249.702
- k1: 0.231222
- k2: -0.784899
- k3: 0.917205
- p1: -0.003257
- p2: -0.000105
- fps: 30
- color order: RGB (ignored if grayscale)

[Feature 0] ORB Extractor Parameters: 
 ( TH_LOW: 50, TH_HIGH: 100 )
- Number of Features: 1000
- Scale Levels: 8
- Scale Factor: 1.2
- Initial Fast Threshold: 20
- Minimum Fast Threshold: 7

[Feature 1] AKAZE Extractor Parameters: 
 ( TH_LOW: 100, TH_HIGH: 200 )
- Number of Features: 1000
- Scale Levels: 4
- Scale Factor: 1.2
- Threshold: 0.001
- Num of Octaves: 4
- Num of Octave Layers: 4

[Feature 2] BRISK Extractor Parameters: 
 ( TH_LOW: 100, TH_HIGH: 200 )
- Number of Features: 1000
- Scale Levels: 6
- Scale Factor: 1.414
- Threshold: 10
- Num of Octaves: 3
- Pattern Scale: 1

[Feature 3] KAZE Extractor Parameters: 
 ( TH_LOW: 0.5, TH_HIGH: 1 )
- Number of Features : 1000
- Scale Levels       : 4
- Scale Factor       : 1.2
- Threshold          : 0.0005
- nOctaves           : 4
- nOctaveLayers      : 4
- Extended (128‑dim) : 0
- Upright            : 0

[Feature 4] SIFT Extractor Parameters: 
 ( TH_LOW: 300, TH_HIGH: 500 )
- Number of Features  : 1000
- Scale Levels        : 1
- Scale Factor        : 1
- Contrast Threshold  : 0.001
- Edge Threshold      : 5
- nOctaves            : 3
- Sigma               : 1.6

[Feature 5] SuperPoint Extractor Parameters: 
 ( TH_LOW: 0.7, TH_HIGH: 0.9 )
- Number of Features: 1000
- Scale Levels: 4
- Scale Factor: 1.2
- Use CUDA: 1
- Use NMS: 1
- iniTh: 0.08
- minTh: 0.04

-------
Start processing sequence ...
Images in the sequence: 3669

4
New map created with 89 points for 0 Feature Type 
New map created with 275 points for 1 Feature Type 
New map created with 371 points for 2 Feature Type 
New map created with 373 points for 3 Feature Type 
New map created with 393 points for 4 Feature Type 
New map created with 127 points for 5 Feature Type 
Tracking Initlized in 24.74s
The initlized frame ID: 14
System::StopViewer()
System::StopViewer() done
Viewer thread finished.

Saving correlation status...

========== Global Summary ==========
Frames: 54810
avg_CorrEdges: 113.312
avg_match_A: 321.917
avg_match_B: 428.754
global_RI_MNR: 0.351993
global_RI_GNR: 0.305001
global_RI_DICE: 0.301896

========== Per-Channel Summary ==========
   chA   chB     avgCorr        avgA        avgB   avgRI_MNR   avgRI_GNR  avgRI_DICE
     0     1     71.9521     225.352     337.728    0.316196    0.255955    0.249846
     0     2     172.258     225.352     365.836     0.75561    0.595243    0.577751
     0     3     112.694      225.35     477.249    0.495811    0.338437    0.314905
     0     4     73.6188      225.35     299.115    0.327569    0.278655    0.274648
     0     5     96.9792      225.35     546.758    0.427672    0.273748    0.248499
     1     2     103.236     337.725     365.834    0.305946    0.285209    0.284073
     1     3     334.285     337.725     477.247    0.974508     0.81647    0.802917
     1     4     90.9239     337.725     299.112    0.296286    0.276521    0.275503
     1     5      33.176     337.724     546.756   0.0976053   0.0759882   0.0734654
     2     3     145.953     365.833     477.245    0.392376    0.342275    0.338573
     2     4     123.954     365.833     299.112    0.402639    0.363758    0.361164
     2     5      102.27     365.833     546.755    0.275839    0.224744    0.219553
     3     4      134.54     477.245     299.112    0.443506    0.349997    0.339995
     3     5     54.4354     477.245     546.755    0.113774    0.105094    0.104587
     4     5     49.4111     299.112     546.755    0.162935    0.119951    0.114263

Correlation status saved!

System Shutdown
-------

median tracking time: 0.179407
mean tracking time: 0.17903

Saving camera trajectory to result18.txt ...

trajectory saved!
All done

========== Performance Summary (ms) ==========
name                                mean      median        rmse         min         max       count
Tracking                          40.372      40.821       8.329      17.969      68.248        3654
Total Init                      3747.160    3747.160       0.000    3747.160    3747.160           1
Pipeline                         179.025     179.402      16.732     134.530     325.182        3669
SuperPoint Extract               127.040     132.801      21.449      66.355     288.904        3669
KAZE Extract                     124.427     124.522       9.873      91.001     187.151        3669
SIFT Extract                      33.887      32.648       7.804      21.852      85.682        3669
Correlation                        5.154       5.227       1.145       2.820       9.638        3654
AKAZE Extract                     25.285      24.510       4.938      16.780      41.436        3669
BRISK Extract                     52.124      51.329       8.590      32.573      83.108        3669
ORB Extract                        8.170       8.090       1.068       5.114      16.178        3669
