Registering ORBextractor...
Registering AKAZEextractor...
Registering BRISKextractor...
Registering SIFTextractor...
Registering KAZEextractor...
Registering SuperPointExtractor...

ORB-SLAM2 Copyright (C) 2014-2016 Raul Mur-Artal, University of Zaragoza.
This program comes with ABSOLUTELY NO WARRANTY;
This is free software, and you are welcome to redistribute it
under certain conditions. See LICENSE.txt.

Input sensor was set to: Monocular

Loading Vocabulary : /home/howard/Refactored_ORB_SLAM2/Install/var/lib/orbslam2/voc/orb_mur.fbow
This could take a while...
Loading ORB Vocabulary in FBoW.
ORB Vocabulary loaded in 0.028632s


Loading Vocabulary : /home/howard/Refactored_ORB_SLAM2/Install/var/lib/orbslam2/voc/akaze_cv.fbow
This could take a while...
Loading AKAZE Vocabulary in FBoW.
AKAZE Vocabulary loaded in 0.002692s


Loading Vocabulary : /home/howard/Refactored_ORB_SLAM2/Install/var/lib/orbslam2/voc/brisk_cv.fbow
This could take a while...
Loading BRISK Vocabulary in FBoW.
BRISK Vocabulary loaded in 0.001837s


Loading Vocabulary : /home/howard/Refactored_ORB_SLAM2/Install/var/lib/orbslam2/voc/kaze_cv.fbow
This could take a while...
Loading KAZE Vocabulary in FBoW.
KAZE Vocabulary loaded in 0.008223s


Loading Vocabulary : /home/howard/Refactored_ORB_SLAM2/Install/var/lib/orbslam2/voc/sift_cv.fbow
This could take a while...
Loading SIFT Vocabulary in FBoW.
SIFT Vocabulary loaded in 0.019525s


Loading Vocabulary : /home/howard/Refactored_ORB_SLAM2/Install/var/lib/orbslam2/voc/superpoint.fbow
This could take a while...
Loading SuperPoint Vocabulary in FBoW.
SuperPoint Vocabulary loaded in 0.018191s


Camera Parameters: 
- fx: 520.909
- fy: 521.007
- cx: 325.141
- cy: 249.702
- k1: 0.231222
- k2: -0.784899
- k3: 0.917205
- p1: -0.003257
- p2: -0.000105
- fps: 30
- color order: RGB (ignored if grayscale)

[Feature 0] ORB Extractor Parameters: 
 ( TH_LOW: 50, TH_HIGH: 100 )
- Number of Features: 1000
- Scale Levels: 8
- Scale Factor: 1.2
- Initial Fast Threshold: 20
- Minimum Fast Threshold: 7

[Feature 1] AKAZE Extractor Parameters: 
 ( TH_LOW: 100, TH_HIGH: 200 )
- Number of Features: 1000
- Scale Levels: 4
- Scale Factor: 1.2
- Threshold: 0.001
- Num of Octaves: 4
- Num of Octave Layers: 4

[Feature 2] BRISK Extractor Parameters: 
 ( TH_LOW: 100, TH_HIGH: 200 )
- Number of Features: 1000
- Scale Levels: 6
- Scale Factor: 1.414
- Threshold: 10
- Num of Octaves: 3
- Pattern Scale: 1

[Feature 3] KAZE Extractor Parameters: 
 ( TH_LOW: 0.5, TH_HIGH: 1 )
- Number of Features : 1000
- Scale Levels       : 4
- Scale Factor       : 1.2
- Threshold          : 0.0005
- nOctaves           : 4
- nOctaveLayers      : 4
- Extended (128‑dim) : 0
- Upright            : 0

[Feature 4] SIFT Extractor Parameters: 
 ( TH_LOW: 300, TH_HIGH: 500 )
- Number of Features  : 1000
- Scale Levels        : 1
- Scale Factor        : 1
- Contrast Threshold  : 0.001
- Edge Threshold      : 5
- nOctaves            : 3
- Sigma               : 1.6

[Feature 5] SuperPoint Extractor Parameters: 
 ( TH_LOW: 0.7, TH_HIGH: 0.9 )
- Number of Features: 1000
- Scale Levels: 4
- Scale Factor: 1.2
- Use CUDA: 1
- Use NMS: 1
- iniTh: 0.08
- minTh: 0.04

-------
Start processing sequence ...
Images in the sequence: 3669

4
New map created with 90 points for 0 Feature Type 
New map created with 275 points for 1 Feature Type 
New map created with 371 points for 2 Feature Type 
New map created with 373 points for 3 Feature Type 
New map created with 393 points for 4 Feature Type 
New map created with 127 points for 5 Feature Type 
Tracking Initlized in 24.87s
The initlized frame ID: 14
System::StopViewer()
System::StopViewer() done
Viewer thread finished.

Saving correlation status...

========== Global Summary ==========
Frames: 54810
avg_CorrEdges: 110.442
avg_match_A: 317.381
avg_match_B: 423.488
global_RI_MNR: 0.347978
global_RI_GNR: 0.301246
global_RI_DICE: 0.298141

========== Per-Channel Summary ==========
   chA   chB     avgCorr        avgA        avgB   avgRI_MNR   avgRI_GNR  avgRI_DICE
     0     1     70.4592     225.454     329.705    0.311417    0.254905    0.249369
     0     2     169.031     225.454     358.684    0.741562    0.590033    0.573839
     0     3     112.048     225.454     472.437    0.494227     0.33848    0.315279
     0     4     72.2291     225.454      293.71    0.322798    0.276549    0.272859
     0     5     100.206     225.454      542.62    0.441367    0.283845    0.258165
     1     2     99.1177     329.705     358.684    0.302279    0.281214    0.280017
     1     3     324.997     329.705     472.437    0.970983    0.808097    0.793698
     1     4     86.2611     329.704      293.71    0.287745     0.26901    0.268023
     1     5     31.3763     329.704     542.619   0.0946998    0.073242   0.0707038
     2     3     141.978     358.683     472.436    0.388509    0.337299    0.333499
     2     4     119.832     358.683      293.71    0.396998    0.358961     0.35641
     2     5     97.1346     358.683     542.619    0.266567    0.216124    0.210935
     3     4     129.946     472.436      293.71    0.434785    0.341943    0.331903
     3     5      53.737     472.436     542.619    0.113589    0.104888    0.104371
     4     5     48.2726      293.71     542.619    0.161284    0.118509    0.112811

Correlation status saved!

System Shutdown
-------

median tracking time: 0.175313
mean tracking time: 0.178333

Saving camera trajectory to result14.txt ...

trajectory saved!
All done

========== Performance Summary (ms) ==========
name                                mean      median        rmse         min         max       count
Tracking                          41.331      41.470       9.186      17.847      76.252        3654
Total Init                      3782.640    3782.640       0.000    3782.640    3782.640           1
Pipeline                         178.328     175.309      19.427     132.738     365.685        3669
SuperPoint Extract               119.835     123.886      24.161      69.777     331.966        3669
KAZE Extract                     127.449     126.345       8.967      97.149     180.860        3669
SIFT Extract                      32.764      32.171       5.645      22.075      92.592        3669
Correlation                        4.999       4.996       1.133       2.498      10.524        3654
AKAZE Extract                     25.519      24.848       5.249      16.905      48.315        3669
BRISK Extract                     52.621      52.036       8.662      31.898      80.971        3669
ORB Extract                        8.224       8.113       1.075       5.118      13.623        3669
