Registering ORBextractor...
Registering AKAZEextractor...
Registering BRISKextractor...
Registering SIFTextractor...
Registering KAZEextractor...

ORB-SLAM2 Copyright (C) 2014-2016 Raul Mur-Artal, University of Zaragoza.
This program comes with ABSOLUTELY NO WARRANTY;
This is free software, and you are welcome to redistribute it
under certain conditions. See LICENSE.txt.

Input sensor was set to: Monocular

Loading Vocabulary : /home/howard/Refactored_ORB_SLAM2/Install/var/lib/orbslam2/voc/orb_mur.fbow
This could take a while...
Loading ORB Vocabulary in FBoW.
ORB Vocabulary loaded in 0.009589s


Loading Vocabulary : /home/howard/Refactored_ORB_SLAM2/Install/var/lib/orbslam2/voc/akaze_cv.fbow
This could take a while...
Loading AKAZE Vocabulary in FBoW.
AKAZE Vocabulary loaded in 0.017820s


Camera Parameters: 
- fx: 520.909
- fy: 521.007
- cx: 325.141
- cy: 249.702
- k1: 0.231222
- k2: -0.784899
- k3: 0.917205
- p1: -0.003257
- p2: -0.000105
- fps: 30
- color order: RGB (ignored if grayscale)

[Feature 0] ORB Extractor Parameters: 
 ( TH_LOW: 50, TH_HIGH: 100 )
- Number of Features: 1000
- Scale Levels: 8
- Scale Factor: 1.2
- Initial Fast Threshold: 20
- Minimum Fast Threshold: 7

[Feature 1] AKAZE Extractor Parameters: 
 ( TH_LOW: 100, TH_HIGH: 200 )
- Number of Features: 1000
- Scale Levels: 4
- Scale Factor: 1.2
- Threshold: 0.001
- Num of Octaves: 4
- Num of Octave Layers: 4

-------
Start processing sequence ...
Images in the sequence: 3669

0
New map created with 86 points for 0 Feature Type 
New map created with 240 points for 1 Feature Type 
Tracking Initlized in 4.72s
The initlized frame ID: 23
System::StopViewer()
System::StopViewer() done
Viewer thread finished.

Saving correlation status...

========== Global Summary ==========
Frames: 3645
avg_CorrEdges: 73.1898
avg_match_A: 233.629
avg_match_B: 343.541
global_RI_MNR: 0.313273
global_RI_GNR: 0.258344
global_RI_DICE: 0.253616

========== Per-Channel Summary ==========
   chA   chB     avgCorr        avgA        avgB   avgRI_MNR   avgRI_GNR  avgRI_DICE
     0     1     73.1898     233.629     343.541    0.311168    0.254929    0.249446

Correlation status saved!

System Shutdown
-------

median tracking time: 0.0262384
mean tracking time: 0.0262354

Saving camera trajectory to result09.txt ...

trajectory saved!
All done

========== Performance Summary (ms) ==========
name                                mean      median        rmse         min         max       count
Tracking                           7.144       7.113       1.046       3.463      10.314        3645
Total Init                       976.940     976.940       0.000     976.940     976.940           1
Pipeline                          26.232      26.235       1.919      20.190      47.018        3669
Correlation                        0.255       0.256       0.037       0.153       0.404        3645
AKAZE Extract                     17.926      17.874       0.890      15.325      33.766        3669
ORB Extract                        5.251       5.243       0.342       4.181       7.954        3669
