Registering ORBextractor...
Registering AKAZEextractor...
Registering BRISKextractor...
Registering SIFTextractor...
Registering KAZEextractor...

ORB-SLAM2 Copyright (C) 2014-2016 Raul Mur-Artal, University of Zaragoza.
This program comes with ABSOLUTELY NO WARRANTY;
This is free software, and you are welcome to redistribute it
under certain conditions. See LICENSE.txt.

Input sensor was set to: Monocular

Loading Vocabulary : /home/howard/Refactored_ORB_SLAM2/Install/var/lib/orbslam2/voc/orb_mur.fbow
This could take a while...
Loading ORB Vocabulary in FBoW.
ORB Vocabulary loaded in 0.009724s


Loading Vocabulary : /home/howard/Refactored_ORB_SLAM2/Install/var/lib/orbslam2/voc/akaze_cv.fbow
This could take a while...
Loading AKAZE Vocabulary in FBoW.
AKAZE Vocabulary loaded in 0.015952s


Camera Parameters: 
- fx: 520.909
- fy: 521.007
- cx: 325.141
- cy: 249.702
- k1: 0.231222
- k2: -0.784899
- k3: 0.917205
- p1: -0.003257
- p2: -0.000105
- fps: 30
- color order: RGB (ignored if grayscale)

[Feature 0] ORB Extractor Parameters: 
 ( TH_LOW: 50, TH_HIGH: 100 )
- Number of Features: 1000
- Scale Levels: 8
- Scale Factor: 1.2
- Initial Fast Threshold: 20
- Minimum Fast Threshold: 7

[Feature 1] AKAZE Extractor Parameters: 
 ( TH_LOW: 100, TH_HIGH: 200 )
- Number of Features: 1000
- Scale Levels: 4
- Scale Factor: 1.2
- Threshold: 0.001
- Num of Octaves: 4
- Num of Octave Layers: 4

-------
Start processing sequence ...
Images in the sequence: 3669

0
New map created with 88 points for 0 Feature Type 
New map created with 271 points for 1 Feature Type 
Tracking Initlized in 2.93s
The initlized frame ID: 14
System::StopViewer()
System::StopViewer() done
Viewer thread finished.

Saving correlation status...

========== Global Summary ==========
Frames: 3654
avg_CorrEdges: 74.1924
avg_match_A: 241.103
avg_match_B: 349.736
global_RI_MNR: 0.30772
global_RI_GNR: 0.255498
global_RI_DICE: 0.251142

========== Per-Channel Summary ==========
   chA   chB     avgCorr        avgA        avgB   avgRI_MNR   avgRI_GNR  avgRI_DICE
     0     1     74.1924     241.103     349.736    0.307167    0.253076    0.247871

Correlation status saved!

System Shutdown
-------

median tracking time: 0.0263575
mean tracking time: 0.0264573

Saving camera trajectory to result13.txt ...

trajectory saved!
All done

========== Performance Summary (ms) ==========
name                                mean      median        rmse         min         max       count
Tracking                           7.321       7.289       1.046       3.669      10.809        3654
Total Init                       617.723     617.723       0.000     617.723     617.723           1
Pipeline                          26.454      26.354       1.768      21.128      44.150        3669
Correlation                        0.260       0.259       0.036       0.167       0.454        3654
AKAZE Extract                     17.991      17.881       0.841      16.186      33.687        3669
ORB Extract                        5.241       5.245       0.346       4.254       8.282        3669
