Registering ORBextractor...
Registering AKAZEextractor...
Registering BRISKextractor...
Registering SIFTextractor...
Registering KAZEextractor...

ORB-SLAM2 Copyright (C) 2014-2016 Raul Mur-Artal, University of Zaragoza.
This program comes with ABSOLUTELY NO WARRANTY;
This is free software, and you are welcome to redistribute it
under certain conditions. See LICENSE.txt.

Input sensor was set to: Monocular

Loading Vocabulary : /home/howard/Refactored_ORB_SLAM2/Install/var/lib/orbslam2/voc/orb_mur.fbow
This could take a while...
Loading ORB Vocabulary in FBoW.
ORB Vocabulary loaded in 0.009645s


Loading Vocabulary : /home/howard/Refactored_ORB_SLAM2/Install/var/lib/orbslam2/voc/akaze_cv.fbow
This could take a while...
Loading AKAZE Vocabulary in FBoW.
AKAZE Vocabulary loaded in 0.017000s


Camera Parameters: 
- fx: 520.909
- fy: 521.007
- cx: 325.141
- cy: 249.702
- k1: 0.231222
- k2: -0.784899
- k3: 0.917205
- p1: -0.003257
- p2: -0.000105
- fps: 30
- color order: RGB (ignored if grayscale)

[Feature 0] ORB Extractor Parameters: 
 ( TH_LOW: 50, TH_HIGH: 100 )
- Number of Features: 1000
- Scale Levels: 8
- Scale Factor: 1.2
- Initial Fast Threshold: 20
- Minimum Fast Threshold: 7

[Feature 1] AKAZE Extractor Parameters: 
 ( TH_LOW: 100, TH_HIGH: 200 )
- Number of Features: 1000
- Scale Levels: 4
- Scale Factor: 1.2
- Threshold: 0.001
- Num of Octaves: 4
- Num of Octave Layers: 4

-------
Start processing sequence ...
Images in the sequence: 3669

0
New map created with 96 points for 0 Feature Type 
New map created with 276 points for 1 Feature Type 
Tracking Initlized in 3.25s
The initlized frame ID: 14
System::StopViewer()
System::StopViewer() done
Viewer thread finished.

Saving correlation status...

========== Global Summary ==========
Frames: 3654
avg_CorrEdges: 74.3922
avg_match_A: 237.932
avg_match_B: 352.733
global_RI_MNR: 0.312661
global_RI_GNR: 0.25679
global_RI_DICE: 0.251893

========== Per-Channel Summary ==========
   chA   chB     avgCorr        avgA        avgB   avgRI_MNR   avgRI_GNR  avgRI_DICE
     0     1     74.3922     237.932     352.733    0.309713     0.25319    0.247724

Correlation status saved!

System Shutdown
-------

median tracking time: 0.02626
mean tracking time: 0.0263707

Saving camera trajectory to result18.txt ...

trajectory saved!
All done

========== Performance Summary (ms) ==========
name                                mean      median        rmse         min         max       count
Tracking                           7.161       7.177       0.976       3.658      11.231        3654
Total Init                       647.666     647.666       0.000     647.666     647.666           1
Pipeline                          26.367      26.256       1.893      21.292      56.978        3669
Correlation                        0.257       0.258       0.037       0.163       0.477        3654
AKAZE Extract                     18.060      17.943       1.002      16.230      42.630        3669
ORB Extract                        5.237       5.235       0.355       4.281      10.124        3669
