Registering ORBextractor...
Registering AKAZEextractor...
Registering BRISKextractor...
Registering SIFTextractor...
Registering KAZEextractor...
Registering SuperPointExtractor...

ORB-SLAM2 Copyright (C) 2014-2016 Raul Mur-Artal, University of Zaragoza.
This program comes with ABSOLUTELY NO WARRANTY;
This is free software, and you are welcome to redistribute it
under certain conditions. See LICENSE.txt.

Input sensor was set to: Monocular

Loading Vocabulary : /home/howard/Refactored_ORB_SLAM2/Install/var/lib/orbslam2/voc/akaze_cv.fbow
This could take a while...
Loading AKAZE Vocabulary in FBoW.
AKAZE Vocabulary loaded in 0.001854s


Loading Vocabulary : /home/howard/Refactored_ORB_SLAM2/Install/var/lib/orbslam2/voc/kaze_cv.fbow
This could take a while...
Loading KAZE Vocabulary in FBoW.
KAZE Vocabulary loaded in 0.006465s


Camera Parameters: 
- fx: 535.4
- fy: 539.2
- cx: 320.1
- cy: 247.6
- k1: 0
- k2: 0
- p1: 0
- p2: 0
- fps: 30
- color order: RGB (ignored if grayscale)

[Feature 0] AKAZE Extractor Parameters: 
 ( TH_LOW: 100, TH_HIGH: 200 )
- Number of Features: 1000
- Scale Levels: 4
- Scale Factor: 1.4
- Threshold: 1e-05
- Num of Octaves: 4
- Num of Octave Layers: 4

[Feature 1] KAZE Extractor Parameters: 
 ( TH_LOW: 0.5, TH_HIGH: 1 )
- Number of Features : 1000
- Scale Levels       : 4
- Scale Factor       : 1.4
- Threshold          : 1e-05
- nOctaves           : 4
- nOctaveLayers      : 4
- Extended (128‑dim) : 0
- Upright            : 0

-------
Start processing sequence ...
Images in the sequence: 474

1
New map created with 305 points for 0 Feature Type 
New map created with 254 points for 1 Feature Type 
Tracking Initlized in 25.98s
The initlized frame ID: 28
System::StopViewer()
System::StopViewer() done
Viewer thread finished.

Saving correlation status...

========== Global Summary ==========
Frames: 445
avg_CorrEdges: 70.5416
avg_match_A: 107.692
avg_match_B: 202.957
global_RI_MNR: 0.65503
global_RI_GNR: 0.477145
global_RI_DICE: 0.454155

========== Per-Channel Summary ==========
   chA   chB     avgCorr        avgA        avgB   avgRI_MNR   avgRI_GNR  avgRI_DICE
     0     1     70.5416     107.692     202.957    0.646592    0.448107    0.418387

Correlation status saved!

System Shutdown
-------

median tracking time: 0.0882167
mean tracking time: 0.0922904

Saving camera trajectory to result15.txt ...

trajectory saved!
All done

========== Performance Summary (ms) ==========
name                                mean      median        rmse         min         max       count
Tracking                           4.439       4.198       1.357       2.288       8.950         445
Total Init                      4328.511    4328.511       0.000    4328.511    4328.511           1
Pipeline                          92.287      88.205      15.848      80.012     174.877         474
KAZE Extract                      83.482      82.505       5.242      74.972     117.928         474
Correlation                        0.161       0.137       0.090       0.037       0.515         445
AKAZE Extract                     17.946      17.686       1.834      14.811      35.885         474
