Registering ORBextractor...
Registering AKAZEextractor...
Registering BRISKextractor...
Registering SIFTextractor...
Registering KAZEextractor...

ORB-SLAM2 Copyright (C) 2014-2016 Raul Mur-Artal, University of Zaragoza.
This program comes with ABSOLUTELY NO WARRANTY;
This is free software, and you are welcome to redistribute it
under certain conditions. See LICENSE.txt.

Input sensor was set to: Monocular

Loading Vocabulary : /home/howard/Refactored_ORB_SLAM2/Install/var/lib/orbslam2/voc/orb_mur.fbow
This could take a while...
Loading ORB Vocabulary in FBoW.
ORB Vocabulary loaded in 0.010324s


Loading Vocabulary : /home/howard/Refactored_ORB_SLAM2/Install/var/lib/orbslam2/voc/akaze_cv.fbow
This could take a while...
Loading AKAZE Vocabulary in FBoW.
AKAZE Vocabulary loaded in 0.016729s


Camera Parameters: 
- fx: 520.909
- fy: 521.007
- cx: 325.141
- cy: 249.702
- k1: 0.231222
- k2: -0.784899
- k3: 0.917205
- p1: -0.003257
- p2: -0.000105
- fps: 30
- color order: RGB (ignored if grayscale)

[Feature 0] ORB Extractor Parameters: 
 ( TH_LOW: 50, TH_HIGH: 100 )
- Number of Features: 1000
- Scale Levels: 8
- Scale Factor: 1.2
- Initial Fast Threshold: 20
- Minimum Fast Threshold: 7

[Feature 1] AKAZE Extractor Parameters: 
 ( TH_LOW: 100, TH_HIGH: 200 )
- Number of Features: 1000
- Scale Levels: 4
- Scale Factor: 1.2
- Threshold: 0.001
- Num of Octaves: 4
- Num of Octave Layers: 4

-------
Start processing sequence ...
Images in the sequence: 3669

0
New map created with 103 points for 0 Feature Type 
New map created with 274 points for 1 Feature Type 
Tracking Initlized in 3.92s
The initlized frame ID: 19
System::StopViewer()
System::StopViewer() done
Viewer thread finished.

Saving correlation status...

========== Global Summary ==========
Frames: 3649
avg_CorrEdges: 70.6627
avg_match_A: 235.595
avg_match_B: 349.148
global_RI_MNR: 0.299933
global_RI_GNR: 0.246378
global_RI_DICE: 0.241688

========== Per-Channel Summary ==========
   chA   chB     avgCorr        avgA        avgB   avgRI_MNR   avgRI_GNR  avgRI_DICE
     0     1     70.6627     235.595     349.148    0.298169    0.243653    0.238341

Correlation status saved!

System Shutdown
-------

median tracking time: 0.0265917
mean tracking time: 0.0266883

Saving camera trajectory to result16.txt ...

trajectory saved!
All done

========== Performance Summary (ms) ==========
name                                mean      median        rmse         min         max       count
Tracking                           7.186       7.194       0.987       3.453      10.494        3649
Total Init                       810.454     810.454       0.000     810.454     810.454           1
Pipeline                          26.685      26.588       1.668      21.888      45.470        3669
Correlation                        0.256       0.258       0.034       0.165       0.464        3649
AKAZE Extract                     18.348      18.238       0.900      16.365      35.259        3669
ORB Extract                        5.255       5.256       0.338       4.338       7.406        3669
