Registering ORBextractor...
Registering AKAZEextractor...
Registering BRISKextractor...
Registering SIFTextractor...
Registering KAZEextractor...
Registering SuperPointExtractor...

ORB-SLAM2 Copyright (C) 2014-2016 Raul Mur-Artal, University of Zaragoza.
This program comes with ABSOLUTELY NO WARRANTY;
This is free software, and you are welcome to redistribute it
under certain conditions. See LICENSE.txt.

Input sensor was set to: Monocular

Loading Vocabulary : /home/howard/Refactored_ORB_SLAM2/Install/var/lib/orbslam2/voc/brisk_cv.fbow
This could take a while...
Loading BRISK Vocabulary in FBoW.
BRISK Vocabulary loaded in 0.002072s


Loading Vocabulary : /home/howard/Refactored_ORB_SLAM2/Install/var/lib/orbslam2/voc/superpoint.fbow
This could take a while...
Loading SuperPoint Vocabulary in FBoW.
SuperPoint Vocabulary loaded in 0.008168s


Camera Parameters: 
- fx: 520.909
- fy: 521.007
- cx: 325.141
- cy: 249.702
- k1: 0.231222
- k2: -0.784899
- k3: 0.917205
- p1: -0.003257
- p2: -0.000105
- fps: 30
- color order: RGB (ignored if grayscale)

[Feature 0] BRISK Extractor Parameters: 
 ( TH_LOW: 100, TH_HIGH: 200 )
- Number of Features: 1000
- Scale Levels: 6
- Scale Factor: 1.414
- Threshold: 10
- Num of Octaves: 3
- Pattern Scale: 1

[Feature 1] SuperPoint Extractor Parameters: 
 ( TH_LOW: 0.7, TH_HIGH: 0.9 )
- Number of Features: 1000
- Scale Levels: 4
- Scale Factor: 1.2
- Use CUDA: 1
- Use NMS: 1
- iniTh: 0.08
- minTh: 0.04

-------
Start processing sequence ...
Images in the sequence: 3669

1
New map created with 333 points for 0 Feature Type 
New map created with 130 points for 1 Feature Type 
Tracking Initlized in 13.14s
The initlized frame ID: 21
System::StopViewer()
System::StopViewer() done
Viewer thread finished.

Saving correlation status...

========== Global Summary ==========
Frames: 3647
avg_CorrEdges: 87.5053
avg_match_A: 328.091
avg_match_B: 564.75
global_RI_MNR: 0.26671
global_RI_GNR: 0.203287
global_RI_DICE: 0.196015

========== Per-Channel Summary ==========
   chA   chB     avgCorr        avgA        avgB   avgRI_MNR   avgRI_GNR  avgRI_DICE
     0     1     87.5053     328.091      564.75    0.264594    0.200813    0.193022

Correlation status saved!

System Shutdown
-------

median tracking time: 0.070484
mean tracking time: 0.070679

Saving camera trajectory to result03.txt ...

trajectory saved!
All done

========== Performance Summary (ms) ==========
name                                mean      median        rmse         min         max       count
Tracking                          11.570      11.945       1.850       5.327      16.209        3647
Correlation                        0.345       0.349       0.055       0.199       0.923        3647
Total Init                      2294.750    2294.750       0.000    2294.750    2294.750           1
Pipeline                          70.675      70.481       6.412      54.138     240.896        3669
SuperPoint Extract                57.521      57.122       5.122      46.528     222.996        3669
BRISK Extract                     40.243      39.732       7.066      22.017      65.165        3669
