Registering ORBextractor...
Registering AKAZEextractor...
Registering BRISKextractor...
Registering SIFTextractor...
Registering KAZEextractor...

ORB-SLAM2 Copyright (C) 2014-2016 Raul Mur-Artal, University of Zaragoza.
This program comes with ABSOLUTELY NO WARRANTY;
This is free software, and you are welcome to redistribute it
under certain conditions. See LICENSE.txt.

Input sensor was set to: Monocular

Loading Vocabulary : /home/howard/Refactored_ORB_SLAM2/Install/var/lib/orbslam2/voc/orb_mur.fbow
This could take a while...
Loading ORB Vocabulary in FBoW.
ORB Vocabulary loaded in 0.010021s


Loading Vocabulary : /home/howard/Refactored_ORB_SLAM2/Install/var/lib/orbslam2/voc/akaze_cv.fbow
This could take a while...
Loading AKAZE Vocabulary in FBoW.
AKAZE Vocabulary loaded in 0.016982s


Camera Parameters: 
- fx: 535.4
- fy: 539.2
- cx: 320.1
- cy: 247.6
- k1: 0
- k2: 0
- p1: 0
- p2: 0
- fps: 30
- color order: RGB (ignored if grayscale)

[Feature 0] ORB Extractor Parameters: 
 ( TH_LOW: 50, TH_HIGH: 100 )
- Number of Features: 1000
- Scale Levels: 8
- Scale Factor: 1.2
- Initial Fast Threshold: 20
- Minimum Fast Threshold: 7

[Feature 1] AKAZE Extractor Parameters: 
 ( TH_LOW: 100, TH_HIGH: 200 )
- Number of Features: 1000
- Scale Levels: 4
- Scale Factor: 1.2
- Threshold: 1e-05
- Num of Octaves: 4
- Num of Octave Layers: 4

-------
Start processing sequence ...
Images in the sequence: 474

1
New map created with 5 points for 0 Feature Type 
New map created with 313 points for 1 Feature Type 
Tracking Initlized in 6.88s
The initlized frame ID: 28
The lost frame ID: 100
The lost frame ID: 107
The lost frame ID: 108
System::StopViewer()
System::StopViewer() done
Viewer thread finished.

Saving correlation status...

========== Global Summary ==========
Frames: 441
avg_CorrEdges: 9.12925
avg_match_A: 24.1315
avg_match_B: 178.102
global_RI_MNR: 0.378312
global_RI_GNR: 0.139254
global_RI_DICE: 0.0902842

========== Per-Channel Summary ==========
   chA   chB     avgCorr        avgA        avgB   avgRI_MNR   avgRI_GNR  avgRI_DICE
     0     1     9.12925     24.1315     178.102    0.366331    0.142288   0.0990338

Correlation status saved!

System Shutdown
-------

median tracking time: 0.0218319
mean tracking time: 0.0245115

Saving camera trajectory to result07.txt ...

trajectory saved!
All done

========== Performance Summary (ms) ==========
name                                mean      median        rmse         min         max       count
Tracking                           2.678       2.577       0.533       1.332       4.787         445
Total Init                      1927.262    1927.262       0.000    1927.262    1927.262           1
Pipeline                          24.509      21.818      10.435      19.135      70.704         474
Correlation                        0.078       0.077       0.015       0.004       0.141         442
AKAZE Extract                     18.295      18.075       1.270      16.303      32.320         474
ORB Extract                        2.535       2.515       0.285       1.800       3.957         474
