Registering ORBextractor...
Registering AKAZEextractor...
Registering BRISKextractor...
Registering SIFTextractor...
Registering KAZEextractor...

ORB-SLAM2 Copyright (C) 2014-2016 Raul Mur-Artal, University of Zaragoza.
This program comes with ABSOLUTELY NO WARRANTY;
This is free software, and you are welcome to redistribute it
under certain conditions. See LICENSE.txt.

Input sensor was set to: Monocular

Loading Vocabulary : /home/howard/Refactored_ORB_SLAM2/Install/var/lib/orbslam2/voc/orb_mur.fbow
This could take a while...
Loading ORB Vocabulary in FBoW.
ORB Vocabulary loaded in 0.009679s


Loading Vocabulary : /home/howard/Refactored_ORB_SLAM2/Install/var/lib/orbslam2/voc/akaze_cv.fbow
This could take a while...
Loading AKAZE Vocabulary in FBoW.
AKAZE Vocabulary loaded in 0.016322s


Camera Parameters: 
- fx: 535.4
- fy: 539.2
- cx: 320.1
- cy: 247.6
- k1: 0
- k2: 0
- p1: 0
- p2: 0
- fps: 30
- color order: RGB (ignored if grayscale)

[Feature 0] ORB Extractor Parameters: 
 ( TH_LOW: 50, TH_HIGH: 100 )
- Number of Features: 1000
- Scale Levels: 8
- Scale Factor: 1.2
- Initial Fast Threshold: 20
- Minimum Fast Threshold: 7

[Feature 1] AKAZE Extractor Parameters: 
 ( TH_LOW: 100, TH_HIGH: 200 )
- Number of Features: 1000
- Scale Levels: 4
- Scale Factor: 1.2
- Threshold: 1e-05
- Num of Octaves: 4
- Num of Octave Layers: 4

-------
Start processing sequence ...
Images in the sequence: 474

1
New map created with 5 points for 0 Feature Type 
New map created with 313 points for 1 Feature Type 
Tracking Initlized in 6.94s
The initlized frame ID: 28
The lost frame ID: 100
The lost frame ID: 102
The lost frame ID: 107
The lost frame ID: 108
The lost frame ID: 110
The lost frame ID: 113
The lost frame ID: 115
The lost frame ID: 119
The lost frame ID: 120
The lost frame ID: 123
The lost frame ID: 157
The lost frame ID: 158
The lost frame ID: 159
System::StopViewer()
System::StopViewer() done
Viewer thread finished.

Saving correlation status...

========== Global Summary ==========
Frames: 355
avg_CorrEdges: 5.22535
avg_match_A: 15.8141
avg_match_B: 151.051
global_RI_MNR: 0.330424
global_RI_GNR: 0.106913
global_RI_DICE: 0.0626298

========== Per-Channel Summary ==========
   chA   chB     avgCorr        avgA        avgB   avgRI_MNR   avgRI_GNR  avgRI_DICE
     0     1     5.22535     15.8141     151.051    0.319914    0.105876   0.0651739

Correlation status saved!

System Shutdown
-------

median tracking time: 0.0208358
mean tracking time: 0.0235959

Saving camera trajectory to result17.txt ...

trajectory saved!
All done

========== Performance Summary (ms) ==========
name                                mean      median        rmse         min         max       count
Tracking                           2.289       2.227       0.600       1.051       3.942         445
Total Init                      1930.297    1930.297       0.000    1930.297    1930.297           1
Pipeline                          23.593      20.829      10.710      18.358      73.010         474
Correlation                        0.055       0.058       0.030       0.002       0.155         432
AKAZE Extract                     17.753      17.576       1.402      15.226      36.968         474
ORB Extract                        2.525       2.511       0.289       1.877       4.314         474
