Registering ORBextractor...
Registering AKAZEextractor...
Registering BRISKextractor...
Registering SIFTextractor...
Registering KAZEextractor...
Registering SuperPointExtractor...

ORB-SLAM2 Copyright (C) 2014-2016 Raul Mur-Artal, University of Zaragoza.
This program comes with ABSOLUTELY NO WARRANTY;
This is free software, and you are welcome to redistribute it
under certain conditions. See LICENSE.txt.

Input sensor was set to: Monocular

Loading Vocabulary : /home/howard/Refactored_ORB_SLAM2/Install/var/lib/orbslam2/voc/brisk_cv.fbow
This could take a while...
Loading BRISK Vocabulary in FBoW.
BRISK Vocabulary loaded in 0.001677s


Loading Vocabulary : /home/howard/Refactored_ORB_SLAM2/Install/var/lib/orbslam2/voc/sift_cv.fbow
This could take a while...
Loading SIFT Vocabulary in FBoW.
SIFT Vocabulary loaded in 0.012028s


Camera Parameters: 
- fx: 535.4
- fy: 539.2
- cx: 320.1
- cy: 247.6
- k1: 0
- k2: 0
- p1: 0
- p2: 0
- fps: 30
- color order: RGB (ignored if grayscale)

[Feature 0] BRISK Extractor Parameters: 
 ( TH_LOW: 100, TH_HIGH: 200 )
- Number of Features: 1000
- Scale Levels: 6
- Scale Factor: 1.414
- Threshold: 4
- Num of Octaves: 3
- Pattern Scale: 1

[Feature 1] SIFT Extractor Parameters: 
 ( TH_LOW: 300, TH_HIGH: 500 )
- Number of Features  : 1000
- Scale Levels        : 1
- Scale Factor        : 1
- Contrast Threshold  : 0.001
- Edge Threshold      : 10
- nOctaves            : 3
- Sigma               : 1.6

-------
Start processing sequence ...
Images in the sequence: 474

0
New map created with 99 points for 0 Feature Type 
New map created with 91 points for 1 Feature Type 
Tracking Initlized in 8.86s
The initlized frame ID: 28
The lost frame ID: 236
The lost frame ID: 263
The lost frame ID: 268
The lost frame ID: 273
The lost frame ID: 276
The lost frame ID: 278
The lost frame ID: 282
The lost frame ID: 286
The lost frame ID: 287
The lost frame ID: 290
The lost frame ID: 300
The lost frame ID: 304
The lost frame ID: 305
The lost frame ID: 315
The lost frame ID: 316
The lost frame ID: 317
The lost frame ID: 319
The lost frame ID: 323
The lost frame ID: 324
The lost frame ID: 327
The lost frame ID: 330
The lost frame ID: 331
The lost frame ID: 332
The lost frame ID: 333
The lost frame ID: 334
The lost frame ID: 335
The lost frame ID: 336
The lost frame ID: 337
The lost frame ID: 338
The lost frame ID: 339
The lost frame ID: 341
The lost frame ID: 343
The lost frame ID: 344
The lost frame ID: 345
The lost frame ID: 347
The lost frame ID: 348
The lost frame ID: 350
The lost frame ID: 352
The lost frame ID: 353
The lost frame ID: 354
The lost frame ID: 355
The lost frame ID: 356
The lost frame ID: 357
The lost frame ID: 358
The lost frame ID: 359
The lost frame ID: 361
The lost frame ID: 362
The lost frame ID: 363
The lost frame ID: 364
The lost frame ID: 366
The lost frame ID: 367
The lost frame ID: 386
System::StopViewer()
System::StopViewer() done
Viewer thread finished.

Saving correlation status...

========== Global Summary ==========
Frames: 383
avg_CorrEdges: 2.59269
avg_match_A: 35.0026
avg_match_B: 19.0209
global_RI_MNR: 0.136307
global_RI_GNR: 0.100481
global_RI_DICE: 0.0959838

========== Per-Channel Summary ==========
   chA   chB     avgCorr        avgA        avgB   avgRI_MNR   avgRI_GNR  avgRI_DICE
     0     1     2.59269     35.0026     19.0209    0.071192   0.0467528   0.0426518

Correlation status saved!

System Shutdown
-------

median tracking time: 0.0263441
mean tracking time: 0.0323742

Saving camera trajectory to result08.txt ...

trajectory saved!
All done

========== Performance Summary (ms) ==========
name                                mean      median        rmse         min         max       count
Tracking                           6.197       6.466       3.373       1.185      17.104         445
Correlation                        0.050       0.038       0.031       0.002       0.255         393
Total Init                      3123.034    3123.034       0.000    3123.034    3123.034           1
Pipeline                          32.371      26.290      19.740      19.484     118.958         474
BRISK Extract                     18.327      18.047       6.388       5.716      32.840         474
SIFT Extract                      18.182      17.662       2.006      16.031      32.388         474
