Registering ORBextractor...
Registering AKAZEextractor...
Registering BRISKextractor...
Registering SIFTextractor...
Registering KAZEextractor...
Registering SuperPointExtractor...

ORB-SLAM2 Copyright (C) 2014-2016 Raul Mur-Artal, University of Zaragoza.
This program comes with ABSOLUTELY NO WARRANTY;
This is free software, and you are welcome to redistribute it
under certain conditions. See LICENSE.txt.

Input sensor was set to: Monocular

Loading Vocabulary : /home/howard/Refactored_ORB_SLAM2/Install/var/lib/orbslam2/voc/brisk_cv.fbow
This could take a while...
Loading BRISK Vocabulary in FBoW.
BRISK Vocabulary loaded in 0.001791s


Loading Vocabulary : /home/howard/Refactored_ORB_SLAM2/Install/var/lib/orbslam2/voc/sift_cv.fbow
This could take a while...
Loading SIFT Vocabulary in FBoW.
SIFT Vocabulary loaded in 0.012119s


Camera Parameters: 
- fx: 535.4
- fy: 539.2
- cx: 320.1
- cy: 247.6
- k1: 0
- k2: 0
- p1: 0
- p2: 0
- fps: 30
- color order: RGB (ignored if grayscale)

[Feature 0] BRISK Extractor Parameters: 
 ( TH_LOW: 100, TH_HIGH: 200 )
- Number of Features: 1000
- Scale Levels: 6
- Scale Factor: 1.414
- Threshold: 4
- Num of Octaves: 3
- Pattern Scale: 1

[Feature 1] SIFT Extractor Parameters: 
 ( TH_LOW: 300, TH_HIGH: 500 )
- Number of Features  : 1000
- Scale Levels        : 1
- Scale Factor        : 1
- Contrast Threshold  : 0.001
- Edge Threshold      : 10
- nOctaves            : 3
- Sigma               : 1.6

-------
Start processing sequence ...
Images in the sequence: 474

0
New map created with 99 points for 0 Feature Type 
New map created with 91 points for 1 Feature Type 
Tracking Initlized in 8.95s
The initlized frame ID: 28
The lost frame ID: 251
The lost frame ID: 271
The lost frame ID: 275
The lost frame ID: 277
The lost frame ID: 297
The lost frame ID: 298
The lost frame ID: 311
The lost frame ID: 318
The lost frame ID: 319
The lost frame ID: 326
The lost frame ID: 328
The lost frame ID: 331
The lost frame ID: 332
The lost frame ID: 357
System::StopViewer()
System::StopViewer() done
Viewer thread finished.

Saving correlation status...

========== Global Summary ==========
Frames: 422
avg_CorrEdges: 2.99289
avg_match_A: 38.5047
avg_match_B: 21.3223
global_RI_MNR: 0.140365
global_RI_GNR: 0.104452
global_RI_DICE: 0.100051

========== Per-Channel Summary ==========
   chA   chB     avgCorr        avgA        avgB   avgRI_MNR   avgRI_GNR  avgRI_DICE
     0     1     2.99289     38.5047     21.3223   0.0602478   0.0408498   0.0376282

Correlation status saved!

System Shutdown
-------

median tracking time: 0.0267668
mean tracking time: 0.0324935

Saving camera trajectory to result03.txt ...

trajectory saved!
All done

========== Performance Summary (ms) ==========
name                                mean      median        rmse         min         max       count
Tracking                           6.012       6.812       2.423       1.369      15.393         445
Correlation                        0.052       0.039       0.035       0.002       0.220         431
Total Init                      3166.084    3166.084       0.000    3166.084    3166.084           1
Pipeline                          32.490      26.738      19.963      19.694     122.758         474
BRISK Extract                     18.482      18.295       6.360       5.959      33.739         474
SIFT Extract                      18.157      17.692       1.839      16.303      29.846         474
