Registering ORBextractor...
Registering AKAZEextractor...
Registering BRISKextractor...
Registering SIFTextractor...
Registering KAZEextractor...
Registering SuperPointExtractor...

ORB-SLAM2 Copyright (C) 2014-2016 Raul Mur-Artal, University of Zaragoza.
This program comes with ABSOLUTELY NO WARRANTY;
This is free software, and you are welcome to redistribute it
under certain conditions. See LICENSE.txt.

Input sensor was set to: Monocular

Loading Vocabulary : /home/howard/Refactored_ORB_SLAM2/Install/var/lib/orbslam2/voc/brisk_cv.fbow
This could take a while...
Loading BRISK Vocabulary in FBoW.
BRISK Vocabulary loaded in 0.001724s


Loading Vocabulary : /home/howard/Refactored_ORB_SLAM2/Install/var/lib/orbslam2/voc/sift_cv.fbow
This could take a while...
Loading SIFT Vocabulary in FBoW.
SIFT Vocabulary loaded in 0.011973s


Camera Parameters: 
- fx: 535.4
- fy: 539.2
- cx: 320.1
- cy: 247.6
- k1: 0
- k2: 0
- p1: 0
- p2: 0
- fps: 30
- color order: RGB (ignored if grayscale)

[Feature 0] BRISK Extractor Parameters: 
 ( TH_LOW: 100, TH_HIGH: 200 )
- Number of Features: 1000
- Scale Levels: 6
- Scale Factor: 1.414
- Threshold: 4
- Num of Octaves: 3
- Pattern Scale: 1

[Feature 1] SIFT Extractor Parameters: 
 ( TH_LOW: 300, TH_HIGH: 500 )
- Number of Features  : 1000
- Scale Levels        : 1
- Scale Factor        : 1
- Contrast Threshold  : 0.001
- Edge Threshold      : 10
- nOctaves            : 3
- Sigma               : 1.6

-------
Start processing sequence ...
Images in the sequence: 474

0
New map created with 99 points for 0 Feature Type 
New map created with 91 points for 1 Feature Type 
Tracking Initlized in 8.95s
The initlized frame ID: 28
The lost frame ID: 259
The lost frame ID: 274
The lost frame ID: 275
The lost frame ID: 277
The lost frame ID: 282
The lost frame ID: 300
The lost frame ID: 315
The lost frame ID: 316
The lost frame ID: 317
The lost frame ID: 319
System::StopViewer()
System::StopViewer() done
Viewer thread finished.

Saving correlation status...

========== Global Summary ==========
Frames: 431
avg_CorrEdges: 6.75174
avg_match_A: 64.4246
avg_match_B: 38.5708
global_RI_MNR: 0.175048
global_RI_GNR: 0.135444
global_RI_DICE: 0.131108

========== Per-Channel Summary ==========
   chA   chB     avgCorr        avgA        avgB   avgRI_MNR   avgRI_GNR  avgRI_DICE
     0     1     6.75174     64.4246     38.5708    0.103684   0.0769206   0.0730288

Correlation status saved!

System Shutdown
-------

median tracking time: 0.0261123
mean tracking time: 0.0313368

Saving camera trajectory to result09.txt ...

trajectory saved!
All done

========== Performance Summary (ms) ==========
name                                mean      median        rmse         min         max       count
Tracking                           4.887       4.059       2.262       1.354      13.840         445
Correlation                        0.072       0.058       0.041       0.003       0.201         435
Total Init                      3117.622    3117.622       0.000    3117.622    3117.622           1
Pipeline                          31.333      26.104      19.663      19.893     118.457         474
BRISK Extract                     18.569      18.340       6.416       6.063      33.201         474
SIFT Extract                      18.377      17.796       2.008      16.266      32.665         474
