Registering ORBextractor...
Registering AKAZEextractor...
Registering BRISKextractor...
Registering SIFTextractor...
Registering KAZEextractor...
Registering SuperPointExtractor...

ORB-SLAM2 Copyright (C) 2014-2016 Raul Mur-Artal, University of Zaragoza.
This program comes with ABSOLUTELY NO WARRANTY;
This is free software, and you are welcome to redistribute it
under certain conditions. See LICENSE.txt.

Input sensor was set to: Monocular

Loading Vocabulary : /home/howard/Refactored_ORB_SLAM2/Install/var/lib/orbslam2/voc/brisk_cv.fbow
This could take a while...
Loading BRISK Vocabulary in FBoW.
BRISK Vocabulary loaded in 0.001723s


Loading Vocabulary : /home/howard/Refactored_ORB_SLAM2/Install/var/lib/orbslam2/voc/sift_cv.fbow
This could take a while...
Loading SIFT Vocabulary in FBoW.
SIFT Vocabulary loaded in 0.012285s


Camera Parameters: 
- fx: 535.4
- fy: 539.2
- cx: 320.1
- cy: 247.6
- k1: 0
- k2: 0
- p1: 0
- p2: 0
- fps: 30
- color order: RGB (ignored if grayscale)

[Feature 0] BRISK Extractor Parameters: 
 ( TH_LOW: 100, TH_HIGH: 200 )
- Number of Features: 1000
- Scale Levels: 6
- Scale Factor: 1.414
- Threshold: 4
- Num of Octaves: 3
- Pattern Scale: 1

[Feature 1] SIFT Extractor Parameters: 
 ( TH_LOW: 300, TH_HIGH: 500 )
- Number of Features  : 1000
- Scale Levels        : 1
- Scale Factor        : 1
- Contrast Threshold  : 0.001
- Edge Threshold      : 10
- nOctaves            : 3
- Sigma               : 1.6

-------
Start processing sequence ...
Images in the sequence: 474

0
New map created with 99 points for 0 Feature Type 
New map created with 91 points for 1 Feature Type 
Tracking Initlized in 8.98s
The initlized frame ID: 28
The lost frame ID: 208
The lost frame ID: 229
The lost frame ID: 231
The lost frame ID: 235
The lost frame ID: 260
The lost frame ID: 264
The lost frame ID: 269
The lost frame ID: 272
The lost frame ID: 273
The lost frame ID: 275
The lost frame ID: 276
The lost frame ID: 277
The lost frame ID: 278
The lost frame ID: 281
The lost frame ID: 285
The lost frame ID: 287
The lost frame ID: 289
The lost frame ID: 299
System::StopViewer()
System::StopViewer() done
Viewer thread finished.

Saving correlation status...

========== Global Summary ==========
Frames: 420
avg_CorrEdges: 0.990476
avg_match_A: 28.9786
avg_match_B: 13.7
global_RI_MNR: 0.0722975
global_RI_GNR: 0.0497102
global_RI_DICE: 0.0464156

========== Per-Channel Summary ==========
   chA   chB     avgCorr        avgA        avgB   avgRI_MNR   avgRI_GNR  avgRI_DICE
     0     1    0.990476     28.9786        13.7    0.028086   0.0193343   0.0179739

Correlation status saved!

System Shutdown
-------

median tracking time: 0.0265118
mean tracking time: 0.0323528

Saving camera trajectory to result18.txt ...

trajectory saved!
All done

========== Performance Summary (ms) ==========
name                                mean      median        rmse         min         max       count
Tracking                           6.058       6.738       2.180       1.212      11.992         445
Correlation                        0.045       0.038       0.021       0.002       0.137         427
Total Init                      3154.382    3154.382       0.000    3154.382    3154.382           1
Pipeline                          32.349      26.508      19.882      19.180     119.996         474
SIFT Extract                      18.182      17.682       2.073      16.295      33.401         474
BRISK Extract                     18.313      17.873       6.388       5.781      33.501         474
