Registering ORBextractor...
Registering AKAZEextractor...
Registering BRISKextractor...
Registering SIFTextractor...
Registering KAZEextractor...
Registering SuperPointExtractor...

ORB-SLAM2 Copyright (C) 2014-2016 Raul Mur-Artal, University of Zaragoza.
This program comes with ABSOLUTELY NO WARRANTY;
This is free software, and you are welcome to redistribute it
under certain conditions. See LICENSE.txt.

Input sensor was set to: Monocular

Loading Vocabulary : /home/howard/Refactored_ORB_SLAM2/Install/var/lib/orbslam2/voc/brisk_cv.fbow
This could take a while...
Loading BRISK Vocabulary in FBoW.
BRISK Vocabulary loaded in 0.001728s


Loading Vocabulary : /home/howard/Refactored_ORB_SLAM2/Install/var/lib/orbslam2/voc/sift_cv.fbow
This could take a while...
Loading SIFT Vocabulary in FBoW.
SIFT Vocabulary loaded in 0.012205s


Camera Parameters: 
- fx: 535.4
- fy: 539.2
- cx: 320.1
- cy: 247.6
- k1: 0
- k2: 0
- p1: 0
- p2: 0
- fps: 30
- color order: RGB (ignored if grayscale)

[Feature 0] BRISK Extractor Parameters: 
 ( TH_LOW: 100, TH_HIGH: 200 )
- Number of Features: 1000
- Scale Levels: 6
- Scale Factor: 1.414
- Threshold: 4
- Num of Octaves: 3
- Pattern Scale: 1

[Feature 1] SIFT Extractor Parameters: 
 ( TH_LOW: 300, TH_HIGH: 500 )
- Number of Features  : 1000
- Scale Levels        : 1
- Scale Factor        : 1
- Contrast Threshold  : 0.001
- Edge Threshold      : 10
- nOctaves            : 3
- Sigma               : 1.6

-------
Start processing sequence ...
Images in the sequence: 474

0
New map created with 99 points for 0 Feature Type 
New map created with 91 points for 1 Feature Type 
Tracking Initlized in 8.94s
The initlized frame ID: 28
The lost frame ID: 234
The lost frame ID: 235
The lost frame ID: 236
The lost frame ID: 237
The lost frame ID: 248
The lost frame ID: 255
The lost frame ID: 259
The lost frame ID: 260
The lost frame ID: 263
The lost frame ID: 267
The lost frame ID: 269
The lost frame ID: 270
The lost frame ID: 273
The lost frame ID: 276
The lost frame ID: 277
The lost frame ID: 278
The lost frame ID: 287
The lost frame ID: 296
The lost frame ID: 298
The lost frame ID: 304
The lost frame ID: 308
The lost frame ID: 311
The lost frame ID: 315
The lost frame ID: 317
The lost frame ID: 318
The lost frame ID: 332
System::StopViewer()
System::StopViewer() done
Viewer thread finished.

Saving correlation status...

========== Global Summary ==========
Frames: 417
avg_CorrEdges: 2.40048
avg_match_A: 38.554
avg_match_B: 22.777
global_RI_MNR: 0.105391
global_RI_GNR: 0.0810057
global_RI_DICE: 0.0782796

========== Per-Channel Summary ==========
   chA   chB     avgCorr        avgA        avgB   avgRI_MNR   avgRI_GNR  avgRI_DICE
     0     1     2.40048      38.554      22.777    0.063296   0.0486992   0.0467072

Correlation status saved!

System Shutdown
-------

median tracking time: 0.0258147
mean tracking time: 0.0314269

Saving camera trajectory to result13.txt ...

trajectory saved!
All done

========== Performance Summary (ms) ==========
name                                mean      median        rmse         min         max       count
Tracking                           5.028       3.462       3.141       1.294      18.212         445
Correlation                        0.053       0.048       0.025       0.003       0.189         419
Total Init                      3155.448    3155.448       0.000    3155.448    3155.448           1
Pipeline                          31.423      25.808      20.100      19.340     123.909         474
BRISK Extract                     18.537      18.219       6.520       5.972      34.825         474
SIFT Extract                      18.327      17.708       2.250      15.868      43.032         474
