Registering ORBextractor...
Registering AKAZEextractor...
Registering BRISKextractor...
Registering SIFTextractor...
Registering KAZEextractor...
Registering SuperPointExtractor...

ORB-SLAM2 Copyright (C) 2014-2016 Raul Mur-Artal, University of Zaragoza.
This program comes with ABSOLUTELY NO WARRANTY;
This is free software, and you are welcome to redistribute it
under certain conditions. See LICENSE.txt.

Input sensor was set to: Monocular

Loading Vocabulary : /home/howard/Refactored_ORB_SLAM2/Install/var/lib/orbslam2/voc/brisk_cv.fbow
This could take a while...
Loading BRISK Vocabulary in FBoW.
BRISK Vocabulary loaded in 0.001646s


Loading Vocabulary : /home/howard/Refactored_ORB_SLAM2/Install/var/lib/orbslam2/voc/sift_cv.fbow
This could take a while...
Loading SIFT Vocabulary in FBoW.
SIFT Vocabulary loaded in 0.012229s


Camera Parameters: 
- fx: 535.4
- fy: 539.2
- cx: 320.1
- cy: 247.6
- k1: 0
- k2: 0
- p1: 0
- p2: 0
- fps: 30
- color order: RGB (ignored if grayscale)

[Feature 0] BRISK Extractor Parameters: 
 ( TH_LOW: 100, TH_HIGH: 200 )
- Number of Features: 1000
- Scale Levels: 6
- Scale Factor: 1.414
- Threshold: 4
- Num of Octaves: 3
- Pattern Scale: 1

[Feature 1] SIFT Extractor Parameters: 
 ( TH_LOW: 300, TH_HIGH: 500 )
- Number of Features  : 1000
- Scale Levels        : 1
- Scale Factor        : 1
- Contrast Threshold  : 0.001
- Edge Threshold      : 10
- nOctaves            : 3
- Sigma               : 1.6

-------
Start processing sequence ...
Images in the sequence: 474

0
New map created with 99 points for 0 Feature Type 
New map created with 91 points for 1 Feature Type 
Tracking Initlized in 8.95s
The initlized frame ID: 28
The lost frame ID: 263
The lost frame ID: 271
The lost frame ID: 273
The lost frame ID: 274
The lost frame ID: 275
The lost frame ID: 277
The lost frame ID: 278
The lost frame ID: 294
The lost frame ID: 297
The lost frame ID: 299
The lost frame ID: 304
System::StopViewer()
System::StopViewer() done
Viewer thread finished.

Saving correlation status...

========== Global Summary ==========
Frames: 431
avg_CorrEdges: 1.26218
avg_match_A: 30.4478
avg_match_B: 14.3179
global_RI_MNR: 0.0881543
global_RI_GNR: 0.0604511
global_RI_DICE: 0.0563906

========== Per-Channel Summary ==========
   chA   chB     avgCorr        avgA        avgB   avgRI_MNR   avgRI_GNR  avgRI_DICE
     0     1     1.26218     30.4478     14.3179   0.0404536   0.0255546   0.0230318

Correlation status saved!

System Shutdown
-------

median tracking time: 0.026194
mean tracking time: 0.0323513

Saving camera trajectory to result15.txt ...

trajectory saved!
All done

========== Performance Summary (ms) ==========
name                                mean      median        rmse         min         max       count
Tracking                           6.001       6.508       1.780       1.309      12.493         445
Correlation                        0.047       0.038       0.026       0.003       0.165         434
Total Init                      3132.757    3132.757       0.000    3132.757    3132.757           1
Pipeline                          32.347      26.182      19.600      19.584     118.539         474
BRISK Extract                     18.406      18.038       6.376       5.891      32.114         474
SIFT Extract                      18.120      17.617       2.009      16.234      33.719         474
