Registering ORBextractor...
Registering AKAZEextractor...
Registering BRISKextractor...
Registering SIFTextractor...
Registering KAZEextractor...
Registering SuperPointExtractor...

ORB-SLAM2 Copyright (C) 2014-2016 Raul Mur-Artal, University of Zaragoza.
This program comes with ABSOLUTELY NO WARRANTY;
This is free software, and you are welcome to redistribute it
under certain conditions. See LICENSE.txt.

Input sensor was set to: Monocular

Loading Vocabulary : /home/howard/Refactored_ORB_SLAM2/Install/var/lib/orbslam2/voc/brisk_cv.fbow
This could take a while...
Loading BRISK Vocabulary in FBoW.
BRISK Vocabulary loaded in 0.001751s


Loading Vocabulary : /home/howard/Refactored_ORB_SLAM2/Install/var/lib/orbslam2/voc/sift_cv.fbow
This could take a while...
Loading SIFT Vocabulary in FBoW.
SIFT Vocabulary loaded in 0.012058s


Camera Parameters: 
- fx: 535.4
- fy: 539.2
- cx: 320.1
- cy: 247.6
- k1: 0
- k2: 0
- p1: 0
- p2: 0
- fps: 30
- color order: RGB (ignored if grayscale)

[Feature 0] BRISK Extractor Parameters: 
 ( TH_LOW: 100, TH_HIGH: 200 )
- Number of Features: 1000
- Scale Levels: 6
- Scale Factor: 1.414
- Threshold: 4
- Num of Octaves: 3
- Pattern Scale: 1

[Feature 1] SIFT Extractor Parameters: 
 ( TH_LOW: 300, TH_HIGH: 500 )
- Number of Features  : 1000
- Scale Levels        : 1
- Scale Factor        : 1
- Contrast Threshold  : 0.001
- Edge Threshold      : 10
- nOctaves            : 3
- Sigma               : 1.6

-------
Start processing sequence ...
Images in the sequence: 474

0
New map created with 99 points for 0 Feature Type 
New map created with 91 points for 1 Feature Type 
Tracking Initlized in 8.90s
The initlized frame ID: 28
The lost frame ID: 220
The lost frame ID: 247
The lost frame ID: 255
The lost frame ID: 263
The lost frame ID: 264
The lost frame ID: 271
The lost frame ID: 274
The lost frame ID: 300
The lost frame ID: 304
System::StopViewer()
System::StopViewer() done
Viewer thread finished.

Saving correlation status...

========== Global Summary ==========
Frames: 432
avg_CorrEdges: 1.63426
avg_match_A: 33.0764
avg_match_B: 17.9097
global_RI_MNR: 0.0912498
global_RI_GNR: 0.0671456
global_RI_DICE: 0.0641061

========== Per-Channel Summary ==========
   chA   chB     avgCorr        avgA        avgB   avgRI_MNR   avgRI_GNR  avgRI_DICE
     0     1     1.63426     33.0764     17.9097   0.0447826   0.0302464   0.0279075

Correlation status saved!

System Shutdown
-------

median tracking time: 0.0260888
mean tracking time: 0.0318013

Saving camera trajectory to result14.txt ...

trajectory saved!
All done

========== Performance Summary (ms) ==========
name                                mean      median        rmse         min         max       count
Tracking                           5.575       6.585       2.336       1.195      13.647         445
Correlation                        0.049       0.040       0.029       0.003       0.346         436
Total Init                      3145.533    3145.533       0.000    3145.533    3145.533           1
Pipeline                          31.798      26.079      19.833      19.618     119.815         474
BRISK Extract                     18.516      18.293       6.390       5.965      36.010         474
SIFT Extract                      18.025      17.637       1.668      16.146      31.072         474
