Registering ORBextractor...
Registering AKAZEextractor...
Registering BRISKextractor...
Registering SIFTextractor...
Registering KAZEextractor...
Registering SuperPointExtractor...

ORB-SLAM2 Copyright (C) 2014-2016 Raul Mur-Artal, University of Zaragoza.
This program comes with ABSOLUTELY NO WARRANTY;
This is free software, and you are welcome to redistribute it
under certain conditions. See LICENSE.txt.

Input sensor was set to: Monocular

Loading Vocabulary : /home/howard/Refactored_ORB_SLAM2/Install/var/lib/orbslam2/voc/brisk_cv.fbow
This could take a while...
Loading BRISK Vocabulary in FBoW.
BRISK Vocabulary loaded in 0.001703s


Loading Vocabulary : /home/howard/Refactored_ORB_SLAM2/Install/var/lib/orbslam2/voc/sift_cv.fbow
This could take a while...
Loading SIFT Vocabulary in FBoW.
SIFT Vocabulary loaded in 0.012360s


Camera Parameters: 
- fx: 535.4
- fy: 539.2
- cx: 320.1
- cy: 247.6
- k1: 0
- k2: 0
- p1: 0
- p2: 0
- fps: 30
- color order: RGB (ignored if grayscale)

[Feature 0] BRISK Extractor Parameters: 
 ( TH_LOW: 100, TH_HIGH: 200 )
- Number of Features: 1000
- Scale Levels: 6
- Scale Factor: 1.414
- Threshold: 4
- Num of Octaves: 3
- Pattern Scale: 1

[Feature 1] SIFT Extractor Parameters: 
 ( TH_LOW: 300, TH_HIGH: 500 )
- Number of Features  : 1000
- Scale Levels        : 1
- Scale Factor        : 1
- Contrast Threshold  : 0.001
- Edge Threshold      : 10
- nOctaves            : 3
- Sigma               : 1.6

-------
Start processing sequence ...
Images in the sequence: 474

0
New map created with 99 points for 0 Feature Type 
New map created with 91 points for 1 Feature Type 
Tracking Initlized in 8.95s
The initlized frame ID: 28
The lost frame ID: 231
The lost frame ID: 238
The lost frame ID: 244
The lost frame ID: 250
The lost frame ID: 252
The lost frame ID: 260
The lost frame ID: 264
The lost frame ID: 267
The lost frame ID: 268
The lost frame ID: 269
The lost frame ID: 270
The lost frame ID: 276
The lost frame ID: 290
The lost frame ID: 294
The lost frame ID: 300
The lost frame ID: 304
The lost frame ID: 306
The lost frame ID: 309
The lost frame ID: 311
The lost frame ID: 315
The lost frame ID: 316
The lost frame ID: 319
The lost frame ID: 321
The lost frame ID: 328
The lost frame ID: 330
The lost frame ID: 331
The lost frame ID: 332
The lost frame ID: 335
The lost frame ID: 342
The lost frame ID: 343
The lost frame ID: 352
The lost frame ID: 353
The lost frame ID: 355
The lost frame ID: 356
The lost frame ID: 357
The lost frame ID: 358
The lost frame ID: 360
The lost frame ID: 388
The lost frame ID: 393
The lost frame ID: 395
The lost frame ID: 397
The lost frame ID: 398
The lost frame ID: 400
The lost frame ID: 403
The lost frame ID: 407
The lost frame ID: 413
The lost frame ID: 414
The lost frame ID: 416
The lost frame ID: 433
The lost frame ID: 434
The lost frame ID: 437
The lost frame ID: 438
The lost frame ID: 440
The lost frame ID: 441
System::StopViewer()
System::StopViewer() done
Viewer thread finished.

Saving correlation status...

========== Global Summary ==========
Frames: 388
avg_CorrEdges: 2.33247
avg_match_A: 38.2655
avg_match_B: 22.7809
global_RI_MNR: 0.102387
global_RI_GNR: 0.0790001
global_RI_DICE: 0.0764164

========== Per-Channel Summary ==========
   chA   chB     avgCorr        avgA        avgB   avgRI_MNR   avgRI_GNR  avgRI_DICE
     0     1     2.33247     38.2655     22.7809   0.0528136   0.0410761   0.0395888

Correlation status saved!

System Shutdown
-------

median tracking time: 0.0264212
mean tracking time: 0.0324665

Saving camera trajectory to result10.txt ...

trajectory saved!
All done

========== Performance Summary (ms) ==========
name                                mean      median        rmse         min         max       count
Tracking                           6.341       6.763       3.337       1.222      16.777         445
Correlation                        0.055       0.038       0.032       0.002       0.377         391
Total Init                      3150.698    3150.698       0.000    3150.698    3150.698           1
Pipeline                          32.463      26.405      20.025      19.140     118.537         474
BRISK Extract                     18.418      18.034       6.354       5.770      33.689         474
SIFT Extract                      18.108      17.570       1.981      15.730      32.865         474
