Registering ORBextractor...
Registering AKAZEextractor...
Registering BRISKextractor...
Registering SIFTextractor...
Registering KAZEextractor...
Registering SuperPointExtractor...

ORB-SLAM2 Copyright (C) 2014-2016 Raul Mur-Artal, University of Zaragoza.
This program comes with ABSOLUTELY NO WARRANTY;
This is free software, and you are welcome to redistribute it
under certain conditions. See LICENSE.txt.

Input sensor was set to: Monocular

Loading Vocabulary : /home/howard/Refactored_ORB_SLAM2/Install/var/lib/orbslam2/voc/brisk_cv.fbow
This could take a while...
Loading BRISK Vocabulary in FBoW.
BRISK Vocabulary loaded in 0.001665s


Loading Vocabulary : /home/howard/Refactored_ORB_SLAM2/Install/var/lib/orbslam2/voc/sift_cv.fbow
This could take a while...
Loading SIFT Vocabulary in FBoW.
SIFT Vocabulary loaded in 0.011812s


Camera Parameters: 
- fx: 535.4
- fy: 539.2
- cx: 320.1
- cy: 247.6
- k1: 0
- k2: 0
- p1: 0
- p2: 0
- fps: 30
- color order: RGB (ignored if grayscale)

[Feature 0] BRISK Extractor Parameters: 
 ( TH_LOW: 100, TH_HIGH: 200 )
- Number of Features: 1000
- Scale Levels: 6
- Scale Factor: 1.414
- Threshold: 4
- Num of Octaves: 3
- Pattern Scale: 1

[Feature 1] SIFT Extractor Parameters: 
 ( TH_LOW: 300, TH_HIGH: 500 )
- Number of Features  : 1000
- Scale Levels        : 1
- Scale Factor        : 1
- Contrast Threshold  : 0.001
- Edge Threshold      : 10
- nOctaves            : 3
- Sigma               : 1.6

-------
Start processing sequence ...
Images in the sequence: 474

0
New map created with 99 points for 0 Feature Type 
New map created with 91 points for 1 Feature Type 
Tracking Initlized in 8.94s
The initlized frame ID: 28
The lost frame ID: 244
The lost frame ID: 259
The lost frame ID: 261
The lost frame ID: 265
The lost frame ID: 270
The lost frame ID: 272
The lost frame ID: 273
The lost frame ID: 274
The lost frame ID: 275
The lost frame ID: 277
The lost frame ID: 285
The lost frame ID: 291
The lost frame ID: 293
The lost frame ID: 296
The lost frame ID: 297
The lost frame ID: 298
The lost frame ID: 300
The lost frame ID: 305
The lost frame ID: 308
The lost frame ID: 311
The lost frame ID: 315
The lost frame ID: 317
The lost frame ID: 318
The lost frame ID: 319
The lost frame ID: 325
The lost frame ID: 326
The lost frame ID: 328
The lost frame ID: 331
The lost frame ID: 332
The lost frame ID: 333
The lost frame ID: 335
The lost frame ID: 336
The lost frame ID: 338
The lost frame ID: 340
The lost frame ID: 341
The lost frame ID: 343
The lost frame ID: 344
The lost frame ID: 345
The lost frame ID: 348
The lost frame ID: 350
The lost frame ID: 354
The lost frame ID: 358
The lost frame ID: 361
The lost frame ID: 362
The lost frame ID: 384
The lost frame ID: 408
System::StopViewer()
System::StopViewer() done
Viewer thread finished.

Saving correlation status...

========== Global Summary ==========
Frames: 388
avg_CorrEdges: 2.94588
avg_match_A: 39.9201
avg_match_B: 22.5722
global_RI_MNR: 0.130509
global_RI_GNR: 0.0981368
global_RI_DICE: 0.0942797

========== Per-Channel Summary ==========
   chA   chB     avgCorr        avgA        avgB   avgRI_MNR   avgRI_GNR  avgRI_DICE
     0     1     2.94588     39.9201     22.5722   0.0559132   0.0431074   0.0414159

Correlation status saved!

System Shutdown
-------

median tracking time: 0.0270499
mean tracking time: 0.0322217

Saving camera trajectory to result19.txt ...

trajectory saved!
All done

========== Performance Summary (ms) ==========
name                                mean      median        rmse         min         max       count
Tracking                           5.935       6.539       2.953       1.278      14.371         445
Correlation                        0.053       0.039       0.031       0.003       0.179         399
Total Init                      3145.446    3145.446       0.000    3145.446    3145.446           1
Pipeline                          32.218      27.041      19.927      19.578     119.866         474
SIFT Extract                      18.238      17.656       2.099      16.055      33.372         474
BRISK Extract                     18.522      18.314       6.381       6.320      35.678         474
