Registering ORBextractor...
Registering AKAZEextractor...
Registering BRISKextractor...
Registering SIFTextractor...
Registering KAZEextractor...
Registering SuperPointExtractor...

ORB-SLAM2 Copyright (C) 2014-2016 Raul Mur-Artal, University of Zaragoza.
This program comes with ABSOLUTELY NO WARRANTY;
This is free software, and you are welcome to redistribute it
under certain conditions. See LICENSE.txt.

Input sensor was set to: Monocular

Loading Vocabulary : /home/howard/Refactored_ORB_SLAM2/Install/var/lib/orbslam2/voc/brisk_cv.fbow
This could take a while...
Loading BRISK Vocabulary in FBoW.
BRISK Vocabulary loaded in 0.001682s


Loading Vocabulary : /home/howard/Refactored_ORB_SLAM2/Install/var/lib/orbslam2/voc/sift_cv.fbow
This could take a while...
Loading SIFT Vocabulary in FBoW.
SIFT Vocabulary loaded in 0.012066s


Camera Parameters: 
- fx: 535.4
- fy: 539.2
- cx: 320.1
- cy: 247.6
- k1: 0
- k2: 0
- p1: 0
- p2: 0
- fps: 30
- color order: RGB (ignored if grayscale)

[Feature 0] BRISK Extractor Parameters: 
 ( TH_LOW: 100, TH_HIGH: 200 )
- Number of Features: 1000
- Scale Levels: 6
- Scale Factor: 1.414
- Threshold: 4
- Num of Octaves: 3
- Pattern Scale: 1

[Feature 1] SIFT Extractor Parameters: 
 ( TH_LOW: 300, TH_HIGH: 500 )
- Number of Features  : 1000
- Scale Levels        : 1
- Scale Factor        : 1
- Contrast Threshold  : 0.001
- Edge Threshold      : 10
- nOctaves            : 3
- Sigma               : 1.6

-------
Start processing sequence ...
Images in the sequence: 474

0
New map created with 99 points for 0 Feature Type 
New map created with 91 points for 1 Feature Type 
Tracking Initlized in 8.96s
The initlized frame ID: 28
The lost frame ID: 278
The lost frame ID: 285
The lost frame ID: 304
The lost frame ID: 315
The lost frame ID: 319
The lost frame ID: 334
The lost frame ID: 335
The lost frame ID: 344
The lost frame ID: 345
The lost frame ID: 347
The lost frame ID: 349
The lost frame ID: 351
The lost frame ID: 352
The lost frame ID: 353
The lost frame ID: 355
The lost frame ID: 356
The lost frame ID: 357
The lost frame ID: 358
System::StopViewer()
System::StopViewer() done
Viewer thread finished.

Saving correlation status...

========== Global Summary ==========
Frames: 422
avg_CorrEdges: 3.32701
avg_match_A: 44.3602
avg_match_B: 24.763
global_RI_MNR: 0.134354
global_RI_GNR: 0.100382
global_RI_DICE: 0.0962633

========== Per-Channel Summary ==========
   chA   chB     avgCorr        avgA        avgB   avgRI_MNR   avgRI_GNR  avgRI_DICE
     0     1     3.32701     44.3602      24.763   0.0681781   0.0490823   0.0461852

Correlation status saved!

System Shutdown
-------

median tracking time: 0.0261326
mean tracking time: 0.0319235

Saving camera trajectory to result20.txt ...

trajectory saved!
All done

========== Performance Summary (ms) ==========
name                                mean      median        rmse         min         max       count
Tracking                           5.787       6.651       2.646       1.222      15.761         445
Correlation                        0.056       0.038       0.034       0.002       0.210         427
Total Init                      3120.069    3120.069       0.000    3120.069    3120.069           1
Pipeline                          31.920      26.106      19.772      19.710     121.419         474
SIFT Extract                      17.995      17.549       1.670      16.226      29.498         474
BRISK Extract                     18.396      17.912       6.365       5.868      32.740         474
