Registering ORBextractor...
Registering AKAZEextractor...
Registering BRISKextractor...
Registering SIFTextractor...
Registering KAZEextractor...
Registering SuperPointExtractor...

ORB-SLAM2 Copyright (C) 2014-2016 Raul Mur-Artal, University of Zaragoza.
This program comes with ABSOLUTELY NO WARRANTY;
This is free software, and you are welcome to redistribute it
under certain conditions. See LICENSE.txt.

Input sensor was set to: Monocular

Loading Vocabulary : /home/howard/Refactored_ORB_SLAM2/Install/var/lib/orbslam2/voc/brisk_cv.fbow
This could take a while...
Loading BRISK Vocabulary in FBoW.
BRISK Vocabulary loaded in 0.002112s


Loading Vocabulary : /home/howard/Refactored_ORB_SLAM2/Install/var/lib/orbslam2/voc/kaze_cv.fbow
This could take a while...
Loading KAZE Vocabulary in FBoW.
KAZE Vocabulary loaded in 0.007591s


Camera Parameters: 
- fx: 520.909
- fy: 521.007
- cx: 325.141
- cy: 249.702
- k1: 0.231222
- k2: -0.784899
- k3: 0.917205
- p1: -0.003257
- p2: -0.000105
- fps: 30
- color order: RGB (ignored if grayscale)

[Feature 0] BRISK Extractor Parameters: 
 ( TH_LOW: 100, TH_HIGH: 200 )
- Number of Features: 1000
- Scale Levels: 6
- Scale Factor: 1.414
- Threshold: 10
- Num of Octaves: 3
- Pattern Scale: 1

[Feature 1] KAZE Extractor Parameters: 
 ( TH_LOW: 0.5, TH_HIGH: 1 )
- Number of Features : 1000
- Scale Levels       : 4
- Scale Factor       : 1.2
- Threshold          : 0.0005
- nOctaves           : 4
- nOctaveLayers      : 4
- Extended (128‑dim) : 0
- Upright            : 0

-------
Start processing sequence ...
Images in the sequence: 3669

1
New map created with 369 points for 0 Feature Type 
New map created with 362 points for 1 Feature Type 
Tracking Initlized in 11.36s
The initlized frame ID: 15
System::StopViewer()
System::StopViewer() done
Viewer thread finished.

Saving correlation status...

========== Global Summary ==========
Frames: 3653
avg_CorrEdges: 130.933
avg_match_A: 344.119
avg_match_B: 504.425
global_RI_MNR: 0.380487
global_RI_GNR: 0.314265
global_RI_DICE: 0.308606

========== Per-Channel Summary ==========
   chA   chB     avgCorr        avgA        avgB   avgRI_MNR   avgRI_GNR  avgRI_DICE
     0     1     130.933     344.119     504.425    0.378303    0.311786     0.30583

Correlation status saved!

System Shutdown
-------

median tracking time: 0.0849371
mean tracking time: 0.0856848

Saving camera trajectory to result10.txt ...

trajectory saved!
All done

========== Performance Summary (ms) ==========
name                                mean      median        rmse         min         max       count
Tracking                           9.570       9.848       1.314       4.105      12.710        3653
Correlation                        0.357       0.367       0.061       0.181       0.770        3653
Total Init                      1961.691    1961.691       0.000    1961.691    1961.691           1
Pipeline                          85.682      84.935       5.470      73.139     155.778        3669
KAZE Extract                      75.001      74.339       4.426      65.877     117.832        3669
BRISK Extract                     38.518      37.879       6.840      22.018      64.125        3669
