Registering ORBextractor...
Registering AKAZEextractor...
Registering BRISKextractor...
Registering SIFTextractor...
Registering KAZEextractor...

ORB-SLAM2 Copyright (C) 2014-2016 Raul Mur-Artal, University of Zaragoza.
This program comes with ABSOLUTELY NO WARRANTY;
This is free software, and you are welcome to redistribute it
under certain conditions. See LICENSE.txt.

Input sensor was set to: Monocular

Loading Vocabulary : /home/howard/Refactored_ORB_SLAM2/Install/var/lib/orbslam2/voc/orb_mur.fbow
This could take a while...
Loading ORB Vocabulary in FBoW.
ORB Vocabulary loaded in 0.009430s


Loading Vocabulary : /home/howard/Refactored_ORB_SLAM2/Install/var/lib/orbslam2/voc/akaze_cv.fbow
This could take a while...
Loading AKAZE Vocabulary in FBoW.
AKAZE Vocabulary loaded in 0.016618s


Camera Parameters: 
- fx: 535.4
- fy: 539.2
- cx: 320.1
- cy: 247.6
- k1: 0
- k2: 0
- p1: 0
- p2: 0
- fps: 30
- color order: RGB (ignored if grayscale)

[Feature 0] ORB Extractor Parameters: 
 ( TH_LOW: 50, TH_HIGH: 100 )
- Number of Features: 1000
- Scale Levels: 8
- Scale Factor: 1.2
- Initial Fast Threshold: 20
- Minimum Fast Threshold: 7

[Feature 1] AKAZE Extractor Parameters: 
 ( TH_LOW: 100, TH_HIGH: 200 )
- Number of Features: 1000
- Scale Levels: 4
- Scale Factor: 1.2
- Threshold: 1e-05
- Num of Octaves: 4
- Num of Octave Layers: 4

-------
Start processing sequence ...
Images in the sequence: 474

1
New map created with 5 points for 0 Feature Type 
New map created with 313 points for 1 Feature Type 
Tracking Initlized in 7.80s
The initlized frame ID: 28
The lost frame ID: 100
The lost frame ID: 107
The lost frame ID: 108
The lost frame ID: 109
System::StopViewer()
System::StopViewer() done
Viewer thread finished.

Saving correlation status...

========== Global Summary ==========
Frames: 440
avg_CorrEdges: 9.42045
avg_match_A: 24.975
avg_match_B: 178.916
global_RI_MNR: 0.377195
global_RI_GNR: 0.140927
global_RI_DICE: 0.0924068

========== Per-Channel Summary ==========
   chA   chB     avgCorr        avgA        avgB   avgRI_MNR   avgRI_GNR  avgRI_DICE
     0     1     9.42045      24.975     178.916     0.37383    0.148797    0.105315

Correlation status saved!

System Shutdown
-------

median tracking time: 0.0214342
mean tracking time: 0.0242586

Saving camera trajectory to result06.txt ...

trajectory saved!
All done

========== Performance Summary (ms) ==========
name                                mean      median        rmse         min         max       count
Tracking                           2.685       2.627       0.558       1.322       5.140         445
Total Init                      1998.755    1998.755       0.000    1998.755    1998.755           1
Pipeline                          24.256      21.424      11.272      18.248     102.540         474
Correlation                        0.078       0.076       0.017       0.004       0.242         441
AKAZE Extract                     18.019      17.812       1.890      16.172      41.096         474
ORB Extract                        2.510       2.491       0.305       1.790       4.305         474
