Registering ORBextractor...
Registering AKAZEextractor...
Registering BRISKextractor...
Registering SIFTextractor...
Registering KAZEextractor...

ORB-SLAM2 Copyright (C) 2014-2016 Raul Mur-Artal, University of Zaragoza.
This program comes with ABSOLUTELY NO WARRANTY;
This is free software, and you are welcome to redistribute it
under certain conditions. See LICENSE.txt.

Input sensor was set to: Monocular

Loading Vocabulary : /home/howard/Refactored_ORB_SLAM2/Install/var/lib/orbslam2/voc/orb_mur.fbow
This could take a while...
Loading ORB Vocabulary in FBoW.
ORB Vocabulary loaded in 0.009451s


Loading Vocabulary : /home/howard/Refactored_ORB_SLAM2/Install/var/lib/orbslam2/voc/akaze_cv.fbow
This could take a while...
Loading AKAZE Vocabulary in FBoW.
AKAZE Vocabulary loaded in 0.016999s


Camera Parameters: 
- fx: 535.4
- fy: 539.2
- cx: 320.1
- cy: 247.6
- k1: 0
- k2: 0
- p1: 0
- p2: 0
- fps: 30
- color order: RGB (ignored if grayscale)

[Feature 0] ORB Extractor Parameters: 
 ( TH_LOW: 50, TH_HIGH: 100 )
- Number of Features: 1000
- Scale Levels: 8
- Scale Factor: 1.2
- Initial Fast Threshold: 20
- Minimum Fast Threshold: 7

[Feature 1] AKAZE Extractor Parameters: 
 ( TH_LOW: 100, TH_HIGH: 200 )
- Number of Features: 1000
- Scale Levels: 4
- Scale Factor: 1.2
- Threshold: 1e-05
- Num of Octaves: 4
- Num of Octave Layers: 4

-------
Start processing sequence ...
Images in the sequence: 474

1
New map created with 5 points for 0 Feature Type 
New map created with 313 points for 1 Feature Type 
Tracking Initlized in 6.89s
The initlized frame ID: 28
The lost frame ID: 100
The lost frame ID: 103
The lost frame ID: 107
The lost frame ID: 108
The lost frame ID: 109
The lost frame ID: 119
System::StopViewer()
System::StopViewer() done
Viewer thread finished.

Saving correlation status...

========== Global Summary ==========
Frames: 436
avg_CorrEdges: 10.2569
avg_match_A: 23.7133
avg_match_B: 176.534
global_RI_MNR: 0.432537
global_RI_GNR: 0.158527
global_RI_DICE: 0.102442

========== Per-Channel Summary ==========
   chA   chB     avgCorr        avgA        avgB   avgRI_MNR   avgRI_GNR  avgRI_DICE
     0     1     10.2569     23.7133     176.534    0.421012    0.160928    0.111209

Correlation status saved!

System Shutdown
-------

median tracking time: 0.0216993
mean tracking time: 0.0243311

Saving camera trajectory to result13.txt ...

trajectory saved!
All done

========== Performance Summary (ms) ==========
name                                mean      median        rmse         min         max       count
Tracking                           2.704       2.663       0.495       1.422       4.553         445
Total Init                      1930.809    1930.809       0.000    1930.809    1930.809           1
Pipeline                          24.329      21.691      10.525      19.016      72.549         474
Correlation                        0.077       0.076       0.018       0.002       0.169         439
AKAZE Extract                     18.068      17.883       1.356      16.040      36.474         474
ORB Extract                        2.517       2.483       0.281       1.880       3.771         474
