Registering ORBextractor...
Registering AKAZEextractor...
Registering BRISKextractor...
Registering SIFTextractor...
Registering KAZEextractor...

ORB-SLAM2 Copyright (C) 2014-2016 Raul Mur-Artal, University of Zaragoza.
This program comes with ABSOLUTELY NO WARRANTY;
This is free software, and you are welcome to redistribute it
under certain conditions. See LICENSE.txt.

Input sensor was set to: Monocular

Loading Vocabulary : /home/howard/Refactored_ORB_SLAM2/Install/var/lib/orbslam2/voc/sift_cv.fbow
This could take a while...
Loading SIFT Vocabulary in FBoW.
SIFT Vocabulary loaded in 0.093064s


Camera Parameters: 
- fx: 517.306
- fy: 516.469
- cx: 318.643
- cy: 255.314
- k1: 0.262383
- k2: -0.953104
- k3: 1.16331
- p1: -0.005358
- p2: 0.002628
- fps: 30
- color order: RGB (ignored if grayscale)

[Feature 0] SIFT Extractor Parameters: 
 ( TH_LOW: 300, TH_HIGH: 500 )
- Number of Features  : 1000
- Scale Levels        : 1
- Scale Factor        : 1
- Contrast Threshold  : 0.001
- Edge Threshold      : 5
- nOctaves            : 3
- Sigma               : 1.6

-------
Start processing sequence ...
Images in the sequence: 798

0
New map created with 370 points for 0 Feature Type 
Tracking Initlized in 4.70s
The initlized frame ID: 25
System::StopViewer()
System::StopViewer() done
Viewer thread finished.

Saving correlation status...

Correlation status saved!

System Shutdown
-------

median tracking time: 0.0249528
mean tracking time: 0.0264265

Saving camera trajectory to result10.txt ...

trajectory saved!
All done

========== Performance Summary (ms) ==========
name                                mean      median        rmse         min         max       count
Tracking                           4.051       4.108       0.861       1.534       7.299         772
Correlation                        0.000       0.000       0.000       0.000       0.001         772
Total Init                      1848.919    1848.919       0.000    1848.919    1848.919           1
Pipeline                          26.423      24.942       8.590      18.917      88.884         798
SIFT Extract                      20.206      19.952       2.745      16.252      43.126         798
