Registering ORBextractor...
Registering AKAZEextractor...
Registering BRISKextractor...
Registering SIFTextractor...
Registering KAZEextractor...

ORB-SLAM2 Copyright (C) 2014-2016 Raul Mur-Artal, University of Zaragoza.
This program comes with ABSOLUTELY NO WARRANTY;
This is free software, and you are welcome to redistribute it
under certain conditions. See LICENSE.txt.

Input sensor was set to: Monocular

Loading Vocabulary : /home/howard/Refactored_ORB_SLAM2/Install/var/lib/orbslam2/voc/orb_mur.fbow
This could take a while...
Loading ORB Vocabulary in FBoW.
ORB Vocabulary loaded in 0.010899s


Loading Vocabulary : /home/howard/Refactored_ORB_SLAM2/Install/var/lib/orbslam2/voc/akaze_cv.fbow
This could take a while...
Loading AKAZE Vocabulary in FBoW.
AKAZE Vocabulary loaded in 0.017755s


Camera Parameters: 
- fx: 517.306
- fy: 516.469
- cx: 318.643
- cy: 255.314
- k1: 0.262383
- k2: -0.953104
- k3: 1.16331
- p1: -0.005358
- p2: 0.002628
- fps: 30
- color order: RGB (ignored if grayscale)

[Feature 0] ORB Extractor Parameters: 
 ( TH_LOW: 50, TH_HIGH: 100 )
- Number of Features: 1000
- Scale Levels: 8
- Scale Factor: 1.2
- Initial Fast Threshold: 20
- Minimum Fast Threshold: 7

[Feature 1] AKAZE Extractor Parameters: 
 ( TH_LOW: 100, TH_HIGH: 200 )
- Number of Features: 1000
- Scale Levels: 4
- Scale Factor: 1.2
- Threshold: 0.001
- Num of Octaves: 4
- Num of Octave Layers: 4

-------
Start processing sequence ...
Images in the sequence: 798

0
New map created with 69 points for 0 Feature Type 
New map created with 394 points for 1 Feature Type 
Tracking Initlized in 4.12s
The initlized frame ID: 15
System::StopViewer()
System::StopViewer() done
Viewer thread finished.

Saving correlation status...

========== Global Summary ==========
Frames: 782
avg_CorrEdges: 72.7199
avg_match_A: 254.609
avg_match_B: 425.189
global_RI_MNR: 0.285615
global_RI_GNR: 0.221017
global_RI_DICE: 0.213946

========== Per-Channel Summary ==========
   chA   chB     avgCorr        avgA        avgB   avgRI_MNR   avgRI_GNR  avgRI_DICE
     0     1     72.7199     254.609     425.189    0.274916     0.21396    0.206799

Correlation status saved!

System Shutdown
-------

median tracking time: 0.0287709
mean tracking time: 0.0292717

Saving camera trajectory to result02.txt ...

trajectory saved!
All done

========== Performance Summary (ms) ==========
name                                mean      median        rmse         min         max       count
Tracking                           8.484       8.756       1.892       4.100      16.870         782
Total Init                       999.592     999.592       0.000     999.592     999.592           1
Pipeline                          29.268      28.765       5.644      22.880      79.013         798
Correlation                        0.296       0.305       0.072       0.138       0.610         782
AKAZE Extract                     18.909      18.688       1.636      16.289      40.361         798
ORB Extract                        5.473       5.471       0.538       4.206       8.264         798
