Registering ORBextractor...
Registering AKAZEextractor...
Registering BRISKextractor...
Registering SIFTextractor...
Registering KAZEextractor...

ORB-SLAM2 Copyright (C) 2014-2016 Raul Mur-Artal, University of Zaragoza.
This program comes with ABSOLUTELY NO WARRANTY;
This is free software, and you are welcome to redistribute it
under certain conditions. See LICENSE.txt.

Input sensor was set to: Monocular

Loading Vocabulary : /home/howard/Refactored_ORB_SLAM2/Install/var/lib/orbslam2/voc/orb_mur.fbow
This could take a while...
Loading ORB Vocabulary in FBoW.
ORB Vocabulary loaded in 0.010637s


Loading Vocabulary : /home/howard/Refactored_ORB_SLAM2/Install/var/lib/orbslam2/voc/akaze_cv.fbow
This could take a while...
Loading AKAZE Vocabulary in FBoW.
AKAZE Vocabulary loaded in 0.019239s


Camera Parameters: 
- fx: 517.306
- fy: 516.469
- cx: 318.643
- cy: 255.314
- k1: 0.262383
- k2: -0.953104
- k3: 1.16331
- p1: -0.005358
- p2: 0.002628
- fps: 30
- color order: RGB (ignored if grayscale)

[Feature 0] ORB Extractor Parameters: 
 ( TH_LOW: 50, TH_HIGH: 100 )
- Number of Features: 1000
- Scale Levels: 8
- Scale Factor: 1.2
- Initial Fast Threshold: 20
- Minimum Fast Threshold: 7

[Feature 1] AKAZE Extractor Parameters: 
 ( TH_LOW: 100, TH_HIGH: 200 )
- Number of Features: 1000
- Scale Levels: 4
- Scale Factor: 1.2
- Threshold: 0.001
- Num of Octaves: 4
- Num of Octave Layers: 4

-------
Start processing sequence ...
Images in the sequence: 798

0
New map created with 69 points for 0 Feature Type 
New map created with 394 points for 1 Feature Type 
Tracking Initlized in 3.84s
The initlized frame ID: 15
System::StopViewer()
System::StopViewer() done
Viewer thread finished.

Saving correlation status...

========== Global Summary ==========
Frames: 782
avg_CorrEdges: 76.0269
avg_match_A: 260.49
avg_match_B: 430.364
global_RI_MNR: 0.291861
global_RI_GNR: 0.227067
global_RI_DICE: 0.220095

========== Per-Channel Summary ==========
   chA   chB     avgCorr        avgA        avgB   avgRI_MNR   avgRI_GNR  avgRI_DICE
     0     1     76.0269      260.49     430.364    0.280273    0.219552    0.212476

Correlation status saved!

System Shutdown
-------

median tracking time: 0.0273792
mean tracking time: 0.028044

Saving camera trajectory to result12.txt ...

trajectory saved!
All done

========== Performance Summary (ms) ==========
name                                mean      median        rmse         min         max       count
Tracking                           8.198       8.641       1.723       4.092      16.134         782
Total Init                       975.266     975.266       0.000     975.266     975.266           1
Pipeline                          28.041      27.376       5.584      20.317      75.958         798
Correlation                        0.292       0.302       0.072       0.139       0.686         782
AKAZE Extract                     17.933      17.618       1.573      14.996      30.694         798
ORB Extract                        5.378       5.359       0.655       4.118      15.296         798
