Registering ORBextractor...
Registering AKAZEextractor...
Registering BRISKextractor...
Registering SIFTextractor...
Registering KAZEextractor...
Registering SuperPointExtractor...

ORB-SLAM2 Copyright (C) 2014-2016 Raul Mur-Artal, University of Zaragoza.
This program comes with ABSOLUTELY NO WARRANTY;
This is free software, and you are welcome to redistribute it
under certain conditions. See LICENSE.txt.

Input sensor was set to: Monocular

Loading Vocabulary : /home/howard/Refactored_ORB_SLAM2/Install/var/lib/orbslam2/voc/akaze_cv.fbow
This could take a while...
Loading AKAZE Vocabulary in FBoW.
AKAZE Vocabulary loaded in 0.001761s


Loading Vocabulary : /home/howard/Refactored_ORB_SLAM2/Install/var/lib/orbslam2/voc/sift_cv.fbow
This could take a while...
Loading SIFT Vocabulary in FBoW.
SIFT Vocabulary loaded in 0.012883s


Camera Parameters: 
- fx: 520.909
- fy: 521.007
- cx: 325.141
- cy: 249.702
- k1: 0.231222
- k2: -0.784899
- k3: 0.917205
- p1: -0.003257
- p2: -0.000105
- fps: 30
- color order: RGB (ignored if grayscale)

[Feature 0] AKAZE Extractor Parameters: 
 ( TH_LOW: 100, TH_HIGH: 200 )
- Number of Features: 1000
- Scale Levels: 4
- Scale Factor: 1.2
- Threshold: 0.001
- Num of Octaves: 4
- Num of Octave Layers: 4

[Feature 1] SIFT Extractor Parameters: 
 ( TH_LOW: 300, TH_HIGH: 500 )
- Number of Features  : 1000
- Scale Levels        : 1
- Scale Factor        : 1
- Contrast Threshold  : 0.001
- Edge Threshold      : 5
- nOctaves            : 3
- Sigma               : 1.6

-------
Start processing sequence ...
Images in the sequence: 3669

1
New map created with 303 points for 0 Feature Type 
New map created with 450 points for 1 Feature Type 
Tracking Initlized in 3.99s
The initlized frame ID: 12
System::StopViewer()
System::StopViewer() done
Viewer thread finished.

Saving correlation status...

========== Global Summary ==========
Frames: 3656
avg_CorrEdges: 95.6425
avg_match_A: 340.978
avg_match_B: 367.381
global_RI_MNR: 0.280495
global_RI_GNR: 0.270227
global_RI_DICE: 0.27004

========== Per-Channel Summary ==========
   chA   chB     avgCorr        avgA        avgB   avgRI_MNR   avgRI_GNR  avgRI_DICE
     0     1     95.6425     340.978     367.381    0.287526    0.267082    0.265889

Correlation status saved!

System Shutdown
-------

median tracking time: 0.0336189
mean tracking time: 0.0343634

Saving camera trajectory to result06.txt ...

trajectory saved!
All done

========== Performance Summary (ms) ==========
name                                mean      median        rmse         min         max       count
Tracking                           9.634       9.276       1.801       4.015      15.018        3656
Total Init                      1050.419    1050.419       0.000    1050.419    1050.419           1
Pipeline                          34.361      33.616       4.898      24.465      96.595        3669
SIFT Extract                      23.173      22.817       2.503      19.173      41.153        3669
Correlation                        0.341       0.347       0.056       0.186       0.596        3656
AKAZE Extract                     16.244      14.878       3.279      12.941      28.381        3669
