Registering ORBextractor...
Registering AKAZEextractor...
Registering BRISKextractor...
Registering SIFTextractor...
Registering KAZEextractor...
Registering SuperPointExtractor...

ORB-SLAM2 Copyright (C) 2014-2016 Raul Mur-Artal, University of Zaragoza.
This program comes with ABSOLUTELY NO WARRANTY;
This is free software, and you are welcome to redistribute it
under certain conditions. See LICENSE.txt.

Input sensor was set to: Monocular

Loading Vocabulary : /home/howard/Refactored_ORB_SLAM2/Install/var/lib/orbslam2/voc/orb_mur.fbow
This could take a while...
Loading ORB Vocabulary in FBoW.
ORB Vocabulary loaded in 0.009232s


Loading Vocabulary : /home/howard/Refactored_ORB_SLAM2/Install/var/lib/orbslam2/voc/akaze_cv.fbow
This could take a while...
Loading AKAZE Vocabulary in FBoW.
AKAZE Vocabulary loaded in 0.001592s


Loading Vocabulary : /home/howard/Refactored_ORB_SLAM2/Install/var/lib/orbslam2/voc/brisk_cv.fbow
This could take a while...
Loading BRISK Vocabulary in FBoW.
BRISK Vocabulary loaded in 0.001579s


Loading Vocabulary : /home/howard/Refactored_ORB_SLAM2/Install/var/lib/orbslam2/voc/kaze_cv.fbow
This could take a while...
Loading KAZE Vocabulary in FBoW.
KAZE Vocabulary loaded in 0.005600s


Loading Vocabulary : /home/howard/Refactored_ORB_SLAM2/Install/var/lib/orbslam2/voc/sift_cv.fbow
This could take a while...
Loading SIFT Vocabulary in FBoW.
SIFT Vocabulary loaded in 0.010905s


Loading Vocabulary : /home/howard/Refactored_ORB_SLAM2/Install/var/lib/orbslam2/voc/superpoint.fbow
This could take a while...
Loading SuperPoint Vocabulary in FBoW.
SuperPoint Vocabulary loaded in 0.007891s


Camera Parameters: 
- fx: 517.306
- fy: 516.469
- cx: 318.643
- cy: 255.314
- k1: 0.262383
- k2: -0.953104
- k3: 1.16331
- p1: -0.005358
- p2: 0.002628
- fps: 30
- color order: RGB (ignored if grayscale)

[Feature 0] ORB Extractor Parameters: 
 ( TH_LOW: 50, TH_HIGH: 100 )
- Number of Features: 1000
- Scale Levels: 8
- Scale Factor: 1.2
- Initial Fast Threshold: 20
- Minimum Fast Threshold: 7

[Feature 1] AKAZE Extractor Parameters: 
 ( TH_LOW: 100, TH_HIGH: 200 )
- Number of Features: 1000
- Scale Levels: 4
- Scale Factor: 1.2
- Threshold: 0.001
- Num of Octaves: 4
- Num of Octave Layers: 4

[Feature 2] BRISK Extractor Parameters: 
 ( TH_LOW: 100, TH_HIGH: 200 )
- Number of Features: 1000
- Scale Levels: 6
- Scale Factor: 1.414
- Threshold: 10
- Num of Octaves: 3
- Pattern Scale: 1

[Feature 3] KAZE Extractor Parameters: 
 ( TH_LOW: 0.5, TH_HIGH: 1 )
- Number of Features : 1000
- Scale Levels       : 4
- Scale Factor       : 1.2
- Threshold          : 0.0005
- nOctaves           : 4
- nOctaveLayers      : 4
- Extended (128‑dim) : 0
- Upright            : 0

[Feature 4] SIFT Extractor Parameters: 
 ( TH_LOW: 300, TH_HIGH: 500 )
- Number of Features  : 1000
- Scale Levels        : 1
- Scale Factor        : 1
- Contrast Threshold  : 0.001
- Edge Threshold      : 5
- nOctaves            : 3
- Sigma               : 1.6

[Feature 5] SuperPoint Extractor Parameters: 
 ( TH_LOW: 0.7, TH_HIGH: 0.9 )
- Number of Features: 1000
- Scale Levels: 4
- Scale Factor: 1.2
- Use CUDA: 1
- Use NMS: 1
- iniTh: 0.08
- minTh: 0.04

-------
Start processing sequence ...
Images in the sequence: 798

0
New map created with 72 points for 0 Feature Type 
New map created with 392 points for 1 Feature Type 
New map created with 278 points for 2 Feature Type 
New map created with 626 points for 3 Feature Type 
New map created with 559 points for 4 Feature Type 
New map created with 215 points for 5 Feature Type 
Tracking Initlized in 28.93s
The initlized frame ID: 15
System::StopViewer()
System::StopViewer() done
Viewer thread finished.

Saving correlation status...

========== Global Summary ==========
Frames: 11730
avg_CorrEdges: 114.096
avg_match_A: 365.643
avg_match_B: 447.703
global_RI_MNR: 0.312041
global_RI_GNR: 0.281998
global_RI_DICE: 0.280559

========== Per-Channel Summary ==========
   chA   chB     avgCorr        avgA        avgB   avgRI_MNR   avgRI_GNR  avgRI_DICE
     0     1     76.2775     250.285     422.692    0.292904      0.2273    0.219531
     0     2      141.87     250.285     384.772    0.538422    0.433878    0.423512
     0     3     121.465     250.285     536.799    0.468274    0.320067     0.29805
     0     4     51.6854     250.285     314.601    0.197921    0.172594    0.170705
     0     5     65.0192     250.285     530.908    0.251375    0.172324    0.160597
     1     2     139.973     422.692     384.772     0.34882    0.325721    0.324677
     1     3     411.757     422.692     536.799    0.951628    0.834012    0.824869
     1     4     116.766     422.692     314.601    0.356329    0.300822    0.295486
     1     5     22.0767     422.692     530.908   0.0530595   0.0458144   0.0451396
     2     3     200.307     384.772     536.799    0.490721    0.416279    0.410319
     2     4     100.636     384.772     314.601    0.302055    0.269889    0.267529
     2     5     51.4898     384.766     530.908    0.124642     0.10619    0.104689
     3     4     159.056     536.789     314.598    0.492383    0.372028     0.35692
     3     5     28.9642     536.776     530.903   0.0557795   0.0538491   0.0537868
     4     5     24.0946     314.581     530.887   0.0718236    0.055517   0.0536443

Correlation status saved!

System Shutdown
-------

median tracking time: 0.186603
mean tracking time: 0.188574

Saving camera trajectory to result05.txt ...

trajectory saved!
All done

========== Performance Summary (ms) ==========
name                                mean      median        rmse         min         max       count
Tracking                          44.369      45.801      10.935      19.827      75.396         782
Total Init                      4642.160    4642.160       0.000    4642.160    4642.160           1
Pipeline                         188.570     186.598      26.209     128.139     380.854         798
SuperPoint Extract               131.228     136.077      22.006      76.261     296.964         798
KAZE Extract                     124.271     123.554      11.751      99.947     166.942         798
SIFT Extract                      33.720      30.874       9.086      23.095      86.811         798
Correlation                        5.694       5.863       1.785       1.926      11.070         782
AKAZE Extract                     27.029      26.660       5.488      17.385      46.236         798
BRISK Extract                     49.270      49.685       8.868      22.133      74.582         798
ORB Extract                        8.360       8.274       1.145       5.537      12.214         798
