Registering ORBextractor...
Registering AKAZEextractor...
Registering BRISKextractor...
Registering SIFTextractor...
Registering KAZEextractor...
Registering SuperPointExtractor...

ORB-SLAM2 Copyright (C) 2014-2016 Raul Mur-Artal, University of Zaragoza.
This program comes with ABSOLUTELY NO WARRANTY;
This is free software, and you are welcome to redistribute it
under certain conditions. See LICENSE.txt.

Input sensor was set to: Monocular

Loading Vocabulary : /home/howard/Refactored_ORB_SLAM2/Install/var/lib/orbslam2/voc/orb_mur.fbow
This could take a while...
Loading ORB Vocabulary in FBoW.
ORB Vocabulary loaded in 0.008830s


Loading Vocabulary : /home/howard/Refactored_ORB_SLAM2/Install/var/lib/orbslam2/voc/akaze_cv.fbow
This could take a while...
Loading AKAZE Vocabulary in FBoW.
AKAZE Vocabulary loaded in 0.001676s


Loading Vocabulary : /home/howard/Refactored_ORB_SLAM2/Install/var/lib/orbslam2/voc/brisk_cv.fbow
This could take a while...
Loading BRISK Vocabulary in FBoW.
BRISK Vocabulary loaded in 0.001463s


Loading Vocabulary : /home/howard/Refactored_ORB_SLAM2/Install/var/lib/orbslam2/voc/kaze_cv.fbow
This could take a while...
Loading KAZE Vocabulary in FBoW.
KAZE Vocabulary loaded in 0.005384s


Loading Vocabulary : /home/howard/Refactored_ORB_SLAM2/Install/var/lib/orbslam2/voc/sift_cv.fbow
This could take a while...
Loading SIFT Vocabulary in FBoW.
SIFT Vocabulary loaded in 0.010695s


Loading Vocabulary : /home/howard/Refactored_ORB_SLAM2/Install/var/lib/orbslam2/voc/superpoint.fbow
This could take a while...
Loading SuperPoint Vocabulary in FBoW.
SuperPoint Vocabulary loaded in 0.007096s


Camera Parameters: 
- fx: 517.306
- fy: 516.469
- cx: 318.643
- cy: 255.314
- k1: 0.262383
- k2: -0.953104
- k3: 1.16331
- p1: -0.005358
- p2: 0.002628
- fps: 30
- color order: RGB (ignored if grayscale)

[Feature 0] ORB Extractor Parameters: 
 ( TH_LOW: 50, TH_HIGH: 100 )
- Number of Features: 1000
- Scale Levels: 8
- Scale Factor: 1.2
- Initial Fast Threshold: 20
- Minimum Fast Threshold: 7

[Feature 1] AKAZE Extractor Parameters: 
 ( TH_LOW: 100, TH_HIGH: 200 )
- Number of Features: 1000
- Scale Levels: 4
- Scale Factor: 1.2
- Threshold: 0.001
- Num of Octaves: 4
- Num of Octave Layers: 4

[Feature 2] BRISK Extractor Parameters: 
 ( TH_LOW: 100, TH_HIGH: 200 )
- Number of Features: 1000
- Scale Levels: 6
- Scale Factor: 1.414
- Threshold: 10
- Num of Octaves: 3
- Pattern Scale: 1

[Feature 3] KAZE Extractor Parameters: 
 ( TH_LOW: 0.5, TH_HIGH: 1 )
- Number of Features : 1000
- Scale Levels       : 4
- Scale Factor       : 1.2
- Threshold          : 0.0005
- nOctaves           : 4
- nOctaveLayers      : 4
- Extended (128‑dim) : 0
- Upright            : 0

[Feature 4] SIFT Extractor Parameters: 
 ( TH_LOW: 300, TH_HIGH: 500 )
- Number of Features  : 1000
- Scale Levels        : 1
- Scale Factor        : 1
- Contrast Threshold  : 0.001
- Edge Threshold      : 5
- nOctaves            : 3
- Sigma               : 1.6

[Feature 5] SuperPoint Extractor Parameters: 
 ( TH_LOW: 0.7, TH_HIGH: 0.9 )
- Number of Features: 1000
- Scale Levels: 4
- Scale Factor: 1.2
- Use CUDA: 1
- Use NMS: 1
- iniTh: 0.08
- minTh: 0.04

-------
Start processing sequence ...
Images in the sequence: 798

0
New map created with 72 points for 0 Feature Type 
New map created with 392 points for 1 Feature Type 
New map created with 278 points for 2 Feature Type 
New map created with 626 points for 3 Feature Type 
New map created with 559 points for 4 Feature Type 
New map created with 215 points for 5 Feature Type 
Tracking Initlized in 29.55s
The initlized frame ID: 15
System::StopViewer()
System::StopViewer() done
Viewer thread finished.

Saving correlation status...

========== Global Summary ==========
Frames: 11730
avg_CorrEdges: 114.069
avg_match_A: 364.059
avg_match_B: 445.972
global_RI_MNR: 0.313325
global_RI_GNR: 0.283091
global_RI_DICE: 0.28164

========== Per-Channel Summary ==========
   chA   chB     avgCorr        avgA        avgB   avgRI_MNR   avgRI_GNR  avgRI_DICE
     0     1     75.7711     248.725     420.625    0.289688    0.224235    0.216376
     0     2     143.699     248.725     384.344     0.54355    0.437379    0.426743
     0     3      118.29     248.725      535.62    0.454622    0.310047     0.28847
     0     4     51.5703     248.723     310.739    0.196245    0.171589    0.169783
     0     5     64.9233     248.723     530.134    0.252136    0.172343    0.160473
     1     2     141.696     420.606     384.318    0.351645    0.328653    0.327627
     1     3      411.24     420.606     535.596    0.953634    0.833558    0.824129
     1     4     116.358     420.606     310.731    0.355169    0.299151     0.29373
     1     5     21.1701     420.604     530.119   0.0500683   0.0432504   0.0425931
     2     3      202.55     384.313     535.592    0.491356    0.417118    0.411176
     2     4     101.937     384.313      310.72    0.305913    0.273708     0.27139
     2     5     50.6573     384.313     530.109    0.120941    0.102978    0.101516
     3     4     159.598     535.592      310.72    0.495585     0.37265    0.357074
     3     5     28.7481     535.592     530.109   0.0549874   0.0530601   0.0529952
     4     5      22.821      310.72     530.109   0.0681968   0.0522739    0.050401

Correlation status saved!

System Shutdown
-------

median tracking time: 0.186796
mean tracking time: 0.18775

Saving camera trajectory to result08.txt ...

trajectory saved!
All done

========== Performance Summary (ms) ==========
name                                mean      median        rmse         min         max       count
Tracking                          43.247      44.566      11.065      19.599      70.248         782
Total Init                      4858.086    4858.086       0.000    4858.086    4858.086           1
Pipeline                         187.745     186.715      31.805     126.340     410.784         798
SuperPoint Extract               132.635     135.984      23.381      71.282     312.189         798
KAZE Extract                     116.452     111.114      16.011      95.186     182.625         798
SIFT Extract                      36.300      31.154      11.736      21.830      91.407         798
Correlation                        5.646       5.883       1.835       1.680      11.737         782
AKAZE Extract                     27.780      27.393       5.892      18.400      49.460         798
BRISK Extract                     50.164      50.411       9.092      24.974      74.291         798
ORB Extract                        8.734       8.685       1.275       5.503      12.784         798
