Registering ORBextractor...
Registering AKAZEextractor...
Registering BRISKextractor...
Registering SIFTextractor...
Registering KAZEextractor...
Registering SuperPointExtractor...

ORB-SLAM2 Copyright (C) 2014-2016 Raul Mur-Artal, University of Zaragoza.
This program comes with ABSOLUTELY NO WARRANTY;
This is free software, and you are welcome to redistribute it
under certain conditions. See LICENSE.txt.

Input sensor was set to: Monocular

Loading Vocabulary : /home/howard/Refactored_ORB_SLAM2/Install/var/lib/orbslam2/voc/orb_mur.fbow
This could take a while...
Loading ORB Vocabulary in FBoW.
ORB Vocabulary loaded in 0.009148s


Loading Vocabulary : /home/howard/Refactored_ORB_SLAM2/Install/var/lib/orbslam2/voc/akaze_cv.fbow
This could take a while...
Loading AKAZE Vocabulary in FBoW.
AKAZE Vocabulary loaded in 0.001574s


Loading Vocabulary : /home/howard/Refactored_ORB_SLAM2/Install/var/lib/orbslam2/voc/brisk_cv.fbow
This could take a while...
Loading BRISK Vocabulary in FBoW.
BRISK Vocabulary loaded in 0.001606s


Loading Vocabulary : /home/howard/Refactored_ORB_SLAM2/Install/var/lib/orbslam2/voc/kaze_cv.fbow
This could take a while...
Loading KAZE Vocabulary in FBoW.
KAZE Vocabulary loaded in 0.005653s


Loading Vocabulary : /home/howard/Refactored_ORB_SLAM2/Install/var/lib/orbslam2/voc/sift_cv.fbow
This could take a while...
Loading SIFT Vocabulary in FBoW.
SIFT Vocabulary loaded in 0.011001s


Loading Vocabulary : /home/howard/Refactored_ORB_SLAM2/Install/var/lib/orbslam2/voc/superpoint.fbow
This could take a while...
Loading SuperPoint Vocabulary in FBoW.
SuperPoint Vocabulary loaded in 0.007930s


Camera Parameters: 
- fx: 517.306
- fy: 516.469
- cx: 318.643
- cy: 255.314
- k1: 0.262383
- k2: -0.953104
- k3: 1.16331
- p1: -0.005358
- p2: 0.002628
- fps: 30
- color order: RGB (ignored if grayscale)

[Feature 0] ORB Extractor Parameters: 
 ( TH_LOW: 50, TH_HIGH: 100 )
- Number of Features: 1000
- Scale Levels: 8
- Scale Factor: 1.2
- Initial Fast Threshold: 20
- Minimum Fast Threshold: 7

[Feature 1] AKAZE Extractor Parameters: 
 ( TH_LOW: 100, TH_HIGH: 200 )
- Number of Features: 1000
- Scale Levels: 4
- Scale Factor: 1.2
- Threshold: 0.001
- Num of Octaves: 4
- Num of Octave Layers: 4

[Feature 2] BRISK Extractor Parameters: 
 ( TH_LOW: 100, TH_HIGH: 200 )
- Number of Features: 1000
- Scale Levels: 6
- Scale Factor: 1.414
- Threshold: 10
- Num of Octaves: 3
- Pattern Scale: 1

[Feature 3] KAZE Extractor Parameters: 
 ( TH_LOW: 0.5, TH_HIGH: 1 )
- Number of Features : 1000
- Scale Levels       : 4
- Scale Factor       : 1.2
- Threshold          : 0.0005
- nOctaves           : 4
- nOctaveLayers      : 4
- Extended (128‑dim) : 0
- Upright            : 0

[Feature 4] SIFT Extractor Parameters: 
 ( TH_LOW: 300, TH_HIGH: 500 )
- Number of Features  : 1000
- Scale Levels        : 1
- Scale Factor        : 1
- Contrast Threshold  : 0.001
- Edge Threshold      : 5
- nOctaves            : 3
- Sigma               : 1.6

[Feature 5] SuperPoint Extractor Parameters: 
 ( TH_LOW: 0.7, TH_HIGH: 0.9 )
- Number of Features: 1000
- Scale Levels: 4
- Scale Factor: 1.2
- Use CUDA: 1
- Use NMS: 1
- iniTh: 0.08
- minTh: 0.04

-------
Start processing sequence ...
Images in the sequence: 798

0
New map created with 72 points for 0 Feature Type 
New map created with 392 points for 1 Feature Type 
New map created with 278 points for 2 Feature Type 
New map created with 626 points for 3 Feature Type 
New map created with 559 points for 4 Feature Type 
New map created with 215 points for 5 Feature Type 
Tracking Initlized in 29.20s
The initlized frame ID: 15
System::StopViewer()
System::StopViewer() done
Viewer thread finished.

Saving correlation status...

========== Global Summary ==========
Frames: 11730
avg_CorrEdges: 113.914
avg_match_A: 363.583
avg_match_B: 447.158
global_RI_MNR: 0.313309
global_RI_GNR: 0.282517
global_RI_DICE: 0.281012

========== Per-Channel Summary ==========
   chA   chB     avgCorr        avgA        avgB   avgRI_MNR   avgRI_GNR  avgRI_DICE
     0     1      77.312     249.221     416.648     0.29651     0.23067    0.222869
     0     2     143.138     249.221     385.769    0.543714     0.43655    0.425866
     0     3      120.88     249.221      537.07    0.466469    0.317825    0.295633
     0     4      51.399     249.221     309.738    0.195961    0.172424     0.17074
     0     5     66.8862     249.219      533.83    0.260027    0.177256    0.164875
     1     2     140.638     416.642      385.76     0.35264    0.328782     0.32764
     1     3     410.751     416.642     537.059    0.962189    0.836803    0.826547
     1     4     115.275     416.642     309.733      0.3582    0.300443    0.294764
     1     5     22.1573     416.637     533.816   0.0531269   0.0455809   0.0448465
     2     3     200.449     385.751     537.051    0.488958    0.415517    0.409693
     2     4     99.6445     385.751     309.729    0.303752    0.269806    0.267293
     2     5     49.6471     385.751     533.813    0.119713    0.101703    0.100225
     3     4     158.881     537.051     309.729    0.499779    0.374373    0.358361
     3     5     28.3645     537.051     533.813   0.0540451   0.0522099   0.0521499
     4     5     23.2877     309.729     533.813   0.0700677   0.0534831   0.0515117

Correlation status saved!

System Shutdown
-------

median tracking time: 0.183813
mean tracking time: 0.187254

Saving camera trajectory to result03.txt ...

trajectory saved!
All done

========== Performance Summary (ms) ==========
name                                mean      median        rmse         min         max       count
Tracking                          43.197      44.053      10.469      18.745      75.635         782
Total Init                      4684.889    4684.889       0.000    4684.889    4684.889           1
Pipeline                         187.249     183.781      28.493     132.634     377.669         798
SuperPoint Extract               126.905     130.809      25.491      74.834     291.605         798
KAZE Extract                     127.680     128.321      12.480      96.559     186.635         798
SIFT Extract                      37.203      34.279      11.564      22.600     122.801         798
Correlation                        5.545       5.661       1.702       1.853      10.859         782
AKAZE Extract                     26.367      25.434       5.384      17.495      48.150         798
BRISK Extract                     49.313      49.957       8.985      24.570      73.104         798
ORB Extract                        8.032       7.903       1.213       5.021      17.172         798
