Registering ORBextractor...
Registering AKAZEextractor...
Registering BRISKextractor...
Registering SIFTextractor...
Registering KAZEextractor...
Registering SuperPointExtractor...

ORB-SLAM2 Copyright (C) 2014-2016 Raul Mur-Artal, University of Zaragoza.
This program comes with ABSOLUTELY NO WARRANTY;
This is free software, and you are welcome to redistribute it
under certain conditions. See LICENSE.txt.

Input sensor was set to: Monocular

Loading Vocabulary : /home/howard/Refactored_ORB_SLAM2/Install/var/lib/orbslam2/voc/orb_mur.fbow
This could take a while...
Loading ORB Vocabulary in FBoW.
ORB Vocabulary loaded in 0.009380s


Loading Vocabulary : /home/howard/Refactored_ORB_SLAM2/Install/var/lib/orbslam2/voc/akaze_cv.fbow
This could take a while...
Loading AKAZE Vocabulary in FBoW.
AKAZE Vocabulary loaded in 0.001646s


Loading Vocabulary : /home/howard/Refactored_ORB_SLAM2/Install/var/lib/orbslam2/voc/brisk_cv.fbow
This could take a while...
Loading BRISK Vocabulary in FBoW.
BRISK Vocabulary loaded in 0.001748s


Loading Vocabulary : /home/howard/Refactored_ORB_SLAM2/Install/var/lib/orbslam2/voc/kaze_cv.fbow
This could take a while...
Loading KAZE Vocabulary in FBoW.
KAZE Vocabulary loaded in 0.006237s


Loading Vocabulary : /home/howard/Refactored_ORB_SLAM2/Install/var/lib/orbslam2/voc/sift_cv.fbow
This could take a while...
Loading SIFT Vocabulary in FBoW.
SIFT Vocabulary loaded in 0.011311s


Loading Vocabulary : /home/howard/Refactored_ORB_SLAM2/Install/var/lib/orbslam2/voc/superpoint.fbow
This could take a while...
Loading SuperPoint Vocabulary in FBoW.
SuperPoint Vocabulary loaded in 0.007958s


Camera Parameters: 
- fx: 517.306
- fy: 516.469
- cx: 318.643
- cy: 255.314
- k1: 0.262383
- k2: -0.953104
- k3: 1.16331
- p1: -0.005358
- p2: 0.002628
- fps: 30
- color order: RGB (ignored if grayscale)

[Feature 0] ORB Extractor Parameters: 
 ( TH_LOW: 50, TH_HIGH: 100 )
- Number of Features: 1000
- Scale Levels: 8
- Scale Factor: 1.2
- Initial Fast Threshold: 20
- Minimum Fast Threshold: 7

[Feature 1] AKAZE Extractor Parameters: 
 ( TH_LOW: 100, TH_HIGH: 200 )
- Number of Features: 1000
- Scale Levels: 4
- Scale Factor: 1.2
- Threshold: 0.001
- Num of Octaves: 4
- Num of Octave Layers: 4

[Feature 2] BRISK Extractor Parameters: 
 ( TH_LOW: 100, TH_HIGH: 200 )
- Number of Features: 1000
- Scale Levels: 6
- Scale Factor: 1.414
- Threshold: 10
- Num of Octaves: 3
- Pattern Scale: 1

[Feature 3] KAZE Extractor Parameters: 
 ( TH_LOW: 0.5, TH_HIGH: 1 )
- Number of Features : 1000
- Scale Levels       : 4
- Scale Factor       : 1.2
- Threshold          : 0.0005
- nOctaves           : 4
- nOctaveLayers      : 4
- Extended (128‑dim) : 0
- Upright            : 0

[Feature 4] SIFT Extractor Parameters: 
 ( TH_LOW: 300, TH_HIGH: 500 )
- Number of Features  : 1000
- Scale Levels        : 1
- Scale Factor        : 1
- Contrast Threshold  : 0.001
- Edge Threshold      : 5
- nOctaves            : 3
- Sigma               : 1.6

[Feature 5] SuperPoint Extractor Parameters: 
 ( TH_LOW: 0.7, TH_HIGH: 0.9 )
- Number of Features: 1000
- Scale Levels: 4
- Scale Factor: 1.2
- Use CUDA: 1
- Use NMS: 1
- iniTh: 0.08
- minTh: 0.04

-------
Start processing sequence ...
Images in the sequence: 798

0
New map created with 72 points for 0 Feature Type 
New map created with 392 points for 1 Feature Type 
New map created with 278 points for 2 Feature Type 
New map created with 626 points for 3 Feature Type 
New map created with 559 points for 4 Feature Type 
New map created with 215 points for 5 Feature Type 
Tracking Initlized in 29.52s
The initlized frame ID: 15
System::StopViewer()
System::StopViewer() done
Viewer thread finished.

Saving correlation status...

========== Global Summary ==========
Frames: 11730
avg_CorrEdges: 114.821
avg_match_A: 364.652
avg_match_B: 445.912
global_RI_MNR: 0.314877
global_RI_GNR: 0.284744
global_RI_DICE: 0.28331

========== Per-Channel Summary ==========
   chA   chB     avgCorr        avgA        avgB   avgRI_MNR   avgRI_GNR  avgRI_DICE
     0     1     76.9552     252.425     418.496    0.290837    0.227268    0.219902
     0     2     147.868     252.425     382.404    0.555094    0.450509     0.44046
     0     3     123.203     252.425      536.93    0.469132    0.321932    0.300248
     0     4     53.0627     252.422     312.706    0.200825    0.176509    0.174786
     0     5     64.2174     252.422     528.776    0.248235    0.170526    0.159049
     1     2      139.68     418.491       382.4    0.351085    0.327228    0.326109
     1     3     410.708     418.491     536.928    0.956827    0.834597    0.824934
     1     4     116.965     418.491     312.702    0.359122    0.302919    0.297552
     1     5     21.4105     418.491     528.763   0.0511392   0.0441549   0.0434987
     2     3      200.98     382.394     536.928    0.494922    0.418486    0.412277
     2     4     103.308     382.393     312.689    0.311385    0.278974    0.276706
     2     5     49.5703     382.393     528.758    0.120773    0.102796    0.101328
     3     4     163.509     536.925     312.689    0.507983    0.383048    0.367389
     3     5     28.3043     536.921     528.757   0.0542901   0.0524729   0.0524144
     4     5     22.5652      312.68     528.757     0.06732     0.05191   0.0501308

Correlation status saved!

System Shutdown
-------

median tracking time: 0.187128
mean tracking time: 0.188523

Saving camera trajectory to result01.txt ...

trajectory saved!
All done

========== Performance Summary (ms) ==========
name                                mean      median        rmse         min         max       count
Tracking                          44.063      45.320      10.324      19.722      67.606         782
Total Init                      5002.741    5002.741       0.000    5002.741    5002.741           1
Pipeline                         188.518     187.118      35.036     130.969     750.142         798
SuperPoint Extract               129.101     134.686      30.558      66.744     719.497         798
KAZE Extract                     124.642     123.518      14.147      97.657     178.962         798
SIFT Extract                      35.466      32.607      11.224      22.695     106.239         798
Correlation                        5.652       5.941       1.721       1.741      14.186         782
AKAZE Extract                     26.148      25.560       5.331      17.420      46.811         798
BRISK Extract                     49.024      49.338       9.079      23.566      73.547         798
ORB Extract                        8.300       8.150       1.121       5.742      12.154         798
