Registering ORBextractor...
Registering AKAZEextractor...
Registering BRISKextractor...
Registering SIFTextractor...
Registering KAZEextractor...
Registering SuperPointExtractor...

ORB-SLAM2 Copyright (C) 2014-2016 Raul Mur-Artal, University of Zaragoza.
This program comes with ABSOLUTELY NO WARRANTY;
This is free software, and you are welcome to redistribute it
under certain conditions. See LICENSE.txt.

Input sensor was set to: Monocular

Loading Vocabulary : /home/howard/Refactored_ORB_SLAM2/Install/var/lib/orbslam2/voc/orb_mur.fbow
This could take a while...
Loading ORB Vocabulary in FBoW.
ORB Vocabulary loaded in 0.008953s


Loading Vocabulary : /home/howard/Refactored_ORB_SLAM2/Install/var/lib/orbslam2/voc/akaze_cv.fbow
This could take a while...
Loading AKAZE Vocabulary in FBoW.
AKAZE Vocabulary loaded in 0.001753s


Loading Vocabulary : /home/howard/Refactored_ORB_SLAM2/Install/var/lib/orbslam2/voc/brisk_cv.fbow
This could take a while...
Loading BRISK Vocabulary in FBoW.
BRISK Vocabulary loaded in 0.001598s


Loading Vocabulary : /home/howard/Refactored_ORB_SLAM2/Install/var/lib/orbslam2/voc/kaze_cv.fbow
This could take a while...
Loading KAZE Vocabulary in FBoW.
KAZE Vocabulary loaded in 0.005648s


Loading Vocabulary : /home/howard/Refactored_ORB_SLAM2/Install/var/lib/orbslam2/voc/sift_cv.fbow
This could take a while...
Loading SIFT Vocabulary in FBoW.
SIFT Vocabulary loaded in 0.011392s


Loading Vocabulary : /home/howard/Refactored_ORB_SLAM2/Install/var/lib/orbslam2/voc/superpoint.fbow
This could take a while...
Loading SuperPoint Vocabulary in FBoW.
SuperPoint Vocabulary loaded in 0.007160s


Camera Parameters: 
- fx: 517.306
- fy: 516.469
- cx: 318.643
- cy: 255.314
- k1: 0.262383
- k2: -0.953104
- k3: 1.16331
- p1: -0.005358
- p2: 0.002628
- fps: 30
- color order: RGB (ignored if grayscale)

[Feature 0] ORB Extractor Parameters: 
 ( TH_LOW: 50, TH_HIGH: 100 )
- Number of Features: 1000
- Scale Levels: 8
- Scale Factor: 1.2
- Initial Fast Threshold: 20
- Minimum Fast Threshold: 7

[Feature 1] AKAZE Extractor Parameters: 
 ( TH_LOW: 100, TH_HIGH: 200 )
- Number of Features: 1000
- Scale Levels: 4
- Scale Factor: 1.2
- Threshold: 0.001
- Num of Octaves: 4
- Num of Octave Layers: 4

[Feature 2] BRISK Extractor Parameters: 
 ( TH_LOW: 100, TH_HIGH: 200 )
- Number of Features: 1000
- Scale Levels: 6
- Scale Factor: 1.414
- Threshold: 10
- Num of Octaves: 3
- Pattern Scale: 1

[Feature 3] KAZE Extractor Parameters: 
 ( TH_LOW: 0.5, TH_HIGH: 1 )
- Number of Features : 1000
- Scale Levels       : 4
- Scale Factor       : 1.2
- Threshold          : 0.0005
- nOctaves           : 4
- nOctaveLayers      : 4
- Extended (128‑dim) : 0
- Upright            : 0

[Feature 4] SIFT Extractor Parameters: 
 ( TH_LOW: 300, TH_HIGH: 500 )
- Number of Features  : 1000
- Scale Levels        : 1
- Scale Factor        : 1
- Contrast Threshold  : 0.001
- Edge Threshold      : 5
- nOctaves            : 3
- Sigma               : 1.6

[Feature 5] SuperPoint Extractor Parameters: 
 ( TH_LOW: 0.7, TH_HIGH: 0.9 )
- Number of Features: 1000
- Scale Levels: 4
- Scale Factor: 1.2
- Use CUDA: 1
- Use NMS: 1
- iniTh: 0.08
- minTh: 0.04

-------
Start processing sequence ...
Images in the sequence: 798

0
New map created with 72 points for 0 Feature Type 
New map created with 392 points for 1 Feature Type 
New map created with 278 points for 2 Feature Type 
New map created with 626 points for 3 Feature Type 
New map created with 559 points for 4 Feature Type 
New map created with 215 points for 5 Feature Type 
Tracking Initlized in 29.15s
The initlized frame ID: 15
System::StopViewer()
System::StopViewer() done
Viewer thread finished.

Saving correlation status...

========== Global Summary ==========
Frames: 11730
avg_CorrEdges: 115.432
avg_match_A: 366.968
avg_match_B: 452.007
global_RI_MNR: 0.314556
global_RI_GNR: 0.283426
global_RI_DICE: 0.281894

========== Per-Channel Summary ==========
   chA   chB     avgCorr        avgA        avgB   avgRI_MNR   avgRI_GNR  avgRI_DICE
     0     1     75.6189     251.702     421.405    0.286816    0.223324    0.215793
     0     2     146.743     251.702     388.583    0.550627    0.442846    0.432122
     0     3     118.803     251.702     538.139    0.453827    0.310433    0.289137
     0     4     53.7391     251.702      318.44    0.202394    0.176502     0.17457
     0     5     67.8414     251.702     538.693    0.260523    0.177848    0.165486
     1     2     142.169     421.404     388.578    0.351361    0.327937    0.326867
     1     3     412.582     421.404     538.138    0.953632    0.832914    0.823234
     1     4      118.95     421.404     318.439    0.359849    0.303753    0.298352
     1     5     22.1893     421.404     538.691   0.0525448   0.0450611   0.0443328
     2     3      200.74     388.574     538.134    0.486251    0.413663    0.407907
     2     4     102.889     388.574     318.432    0.305454    0.273117     0.27081
     2     5     52.7212     388.573     538.684    0.125033    0.106352    0.104837
     3     4       162.5     538.133     318.423    0.498689    0.377666    0.362501
     3     5     28.6113     538.123     538.664   0.0541322    0.052147    0.052082
     4     5     25.3811     318.413     538.664   0.0738188   0.0570456   0.0551219

Correlation status saved!

System Shutdown
-------

median tracking time: 0.183605
mean tracking time: 0.186743

Saving camera trajectory to result02.txt ...

trajectory saved!
All done

========== Performance Summary (ms) ==========
name                                mean      median        rmse         min         max       count
Tracking                          44.435      45.763      10.682      19.919      73.407         782
Total Init                      4825.124    4825.124       0.000    4825.124    4825.124           1
Pipeline                         186.739     183.543      31.474     125.590     370.554         798
SuperPoint Extract               125.824     131.153      26.246      64.627     303.279         798
KAZE Extract                     122.072     120.789      15.805      96.407     188.122         798
SIFT Extract                      35.804      31.310      11.558      23.258      92.762         798
Correlation                        5.624       5.749       1.752       1.528      11.817         782
AKAZE Extract                     26.691      25.940       5.506      17.262      46.690         798
BRISK Extract                     49.495      49.721       9.225      22.531      75.191         798
ORB Extract                        8.430       8.305       1.164       5.578      15.508         798
