Registering ORBextractor...
Registering AKAZEextractor...
Registering BRISKextractor...
Registering SIFTextractor...
Registering KAZEextractor...
Registering SuperPointExtractor...

ORB-SLAM2 Copyright (C) 2014-2016 Raul Mur-Artal, University of Zaragoza.
This program comes with ABSOLUTELY NO WARRANTY;
This is free software, and you are welcome to redistribute it
under certain conditions. See LICENSE.txt.

Input sensor was set to: Monocular

Loading Vocabulary : /home/howard/Refactored_ORB_SLAM2/Install/var/lib/orbslam2/voc/orb_mur.fbow
This could take a while...
Loading ORB Vocabulary in FBoW.
ORB Vocabulary loaded in 0.009130s


Loading Vocabulary : /home/howard/Refactored_ORB_SLAM2/Install/var/lib/orbslam2/voc/akaze_cv.fbow
This could take a while...
Loading AKAZE Vocabulary in FBoW.
AKAZE Vocabulary loaded in 0.001736s


Loading Vocabulary : /home/howard/Refactored_ORB_SLAM2/Install/var/lib/orbslam2/voc/brisk_cv.fbow
This could take a while...
Loading BRISK Vocabulary in FBoW.
BRISK Vocabulary loaded in 0.001528s


Loading Vocabulary : /home/howard/Refactored_ORB_SLAM2/Install/var/lib/orbslam2/voc/kaze_cv.fbow
This could take a while...
Loading KAZE Vocabulary in FBoW.
KAZE Vocabulary loaded in 0.005483s


Loading Vocabulary : /home/howard/Refactored_ORB_SLAM2/Install/var/lib/orbslam2/voc/sift_cv.fbow
This could take a while...
Loading SIFT Vocabulary in FBoW.
SIFT Vocabulary loaded in 0.011153s


Loading Vocabulary : /home/howard/Refactored_ORB_SLAM2/Install/var/lib/orbslam2/voc/superpoint.fbow
This could take a while...
Loading SuperPoint Vocabulary in FBoW.
SuperPoint Vocabulary loaded in 0.007395s


Camera Parameters: 
- fx: 517.306
- fy: 516.469
- cx: 318.643
- cy: 255.314
- k1: 0.262383
- k2: -0.953104
- k3: 1.16331
- p1: -0.005358
- p2: 0.002628
- fps: 30
- color order: RGB (ignored if grayscale)

[Feature 0] ORB Extractor Parameters: 
 ( TH_LOW: 50, TH_HIGH: 100 )
- Number of Features: 1000
- Scale Levels: 8
- Scale Factor: 1.2
- Initial Fast Threshold: 20
- Minimum Fast Threshold: 7

[Feature 1] AKAZE Extractor Parameters: 
 ( TH_LOW: 100, TH_HIGH: 200 )
- Number of Features: 1000
- Scale Levels: 4
- Scale Factor: 1.2
- Threshold: 0.001
- Num of Octaves: 4
- Num of Octave Layers: 4

[Feature 2] BRISK Extractor Parameters: 
 ( TH_LOW: 100, TH_HIGH: 200 )
- Number of Features: 1000
- Scale Levels: 6
- Scale Factor: 1.414
- Threshold: 10
- Num of Octaves: 3
- Pattern Scale: 1

[Feature 3] KAZE Extractor Parameters: 
 ( TH_LOW: 0.5, TH_HIGH: 1 )
- Number of Features : 1000
- Scale Levels       : 4
- Scale Factor       : 1.2
- Threshold          : 0.0005
- nOctaves           : 4
- nOctaveLayers      : 4
- Extended (128‑dim) : 0
- Upright            : 0

[Feature 4] SIFT Extractor Parameters: 
 ( TH_LOW: 300, TH_HIGH: 500 )
- Number of Features  : 1000
- Scale Levels        : 1
- Scale Factor        : 1
- Contrast Threshold  : 0.001
- Edge Threshold      : 5
- nOctaves            : 3
- Sigma               : 1.6

[Feature 5] SuperPoint Extractor Parameters: 
 ( TH_LOW: 0.7, TH_HIGH: 0.9 )
- Number of Features: 1000
- Scale Levels: 4
- Scale Factor: 1.2
- Use CUDA: 1
- Use NMS: 1
- iniTh: 0.08
- minTh: 0.04

-------
Start processing sequence ...
Images in the sequence: 798

0
New map created with 72 points for 0 Feature Type 
New map created with 392 points for 1 Feature Type 
New map created with 278 points for 2 Feature Type 
New map created with 626 points for 3 Feature Type 
New map created with 559 points for 4 Feature Type 
New map created with 215 points for 5 Feature Type 
Tracking Initlized in 28.97s
The initlized frame ID: 15
System::StopViewer()
System::StopViewer() done
Viewer thread finished.

Saving correlation status...

========== Global Summary ==========
Frames: 11730
avg_CorrEdges: 112.591
avg_match_A: 360.633
avg_match_B: 441.458
global_RI_MNR: 0.312205
global_RI_GNR: 0.282181
global_RI_DICE: 0.280745

========== Per-Channel Summary ==========
   chA   chB     avgCorr        avgA        avgB   avgRI_MNR   avgRI_GNR  avgRI_DICE
     0     1     76.2276     248.353      414.11    0.294162     0.23043    0.222967
     0     2     143.087     248.353     379.505    0.544511    0.440128    0.429893
     0     3     118.758     248.353     533.481    0.460697    0.314817    0.293135
     0     4     51.4143     248.353     305.992    0.196691    0.173029     0.17135
     0     5     64.4309     248.353     524.894    0.252148    0.173053    0.161353
     1     2     138.784     414.091     379.495    0.351961    0.327778    0.326625
     1     3     406.574     414.091     533.469    0.960105    0.834305    0.824052
     1     4     115.036     414.091     305.985    0.360711    0.302252    0.296473
     1     5     22.3593     414.091     524.877   0.0552443   0.0471713   0.0463496
     2     3     195.419     379.494     533.469    0.483539    0.408879    0.402832
     2     4     98.2072     379.492     305.983     0.30168    0.268143    0.265668
     2     5     48.6317     379.492     524.877    0.118776    0.101117   0.0996788
     3     4     159.491     533.469     305.983    0.505546     0.37826    0.361998
     3     5     27.5665     533.462     524.872    0.053068   0.0512651   0.0512033
     4     5     22.8836     305.963     524.872    0.070043   0.0537024   0.0517791

Correlation status saved!

System Shutdown
-------

median tracking time: 0.186341
mean tracking time: 0.18705

Saving camera trajectory to result07.txt ...

trajectory saved!
All done

========== Performance Summary (ms) ==========
name                                mean      median        rmse         min         max       count
Tracking                          43.415      44.626      10.535      18.699      68.300         782
Total Init                      4761.531    4761.531       0.000    4761.531    4761.531           1
Pipeline                         187.046     186.279      27.931     124.000     391.291         798
SuperPoint Extract               128.749     134.658      23.336      66.720     303.877         798
KAZE Extract                     124.536     125.166      13.636      97.649     184.429         798
SIFT Extract                      37.023      34.412      11.838      22.805     103.488         798
Correlation                        5.544       5.702       1.758       1.918      10.318         782
AKAZE Extract                     26.470      25.694       5.312      17.410      43.067         798
BRISK Extract                     49.045      49.445       8.952      23.255      77.011         798
ORB Extract                        8.293       8.212       1.147       5.692      13.510         798
