Registering ORBextractor...
Registering AKAZEextractor...
Registering BRISKextractor...
Registering SIFTextractor...
Registering KAZEextractor...
Registering SuperPointExtractor...

ORB-SLAM2 Copyright (C) 2014-2016 Raul Mur-Artal, University of Zaragoza.
This program comes with ABSOLUTELY NO WARRANTY;
This is free software, and you are welcome to redistribute it
under certain conditions. See LICENSE.txt.

Input sensor was set to: Monocular

Loading Vocabulary : /home/howard/Refactored_ORB_SLAM2/Install/var/lib/orbslam2/voc/orb_mur.fbow
This could take a while...
Loading ORB Vocabulary in FBoW.
ORB Vocabulary loaded in 0.008766s


Loading Vocabulary : /home/howard/Refactored_ORB_SLAM2/Install/var/lib/orbslam2/voc/akaze_cv.fbow
This could take a while...
Loading AKAZE Vocabulary in FBoW.
AKAZE Vocabulary loaded in 0.001591s


Loading Vocabulary : /home/howard/Refactored_ORB_SLAM2/Install/var/lib/orbslam2/voc/brisk_cv.fbow
This could take a while...
Loading BRISK Vocabulary in FBoW.
BRISK Vocabulary loaded in 0.001453s


Loading Vocabulary : /home/howard/Refactored_ORB_SLAM2/Install/var/lib/orbslam2/voc/kaze_cv.fbow
This could take a while...
Loading KAZE Vocabulary in FBoW.
KAZE Vocabulary loaded in 0.005323s


Loading Vocabulary : /home/howard/Refactored_ORB_SLAM2/Install/var/lib/orbslam2/voc/sift_cv.fbow
This could take a while...
Loading SIFT Vocabulary in FBoW.
SIFT Vocabulary loaded in 0.010612s


Loading Vocabulary : /home/howard/Refactored_ORB_SLAM2/Install/var/lib/orbslam2/voc/superpoint.fbow
This could take a while...
Loading SuperPoint Vocabulary in FBoW.
SuperPoint Vocabulary loaded in 0.007084s


Camera Parameters: 
- fx: 517.306
- fy: 516.469
- cx: 318.643
- cy: 255.314
- k1: 0.262383
- k2: -0.953104
- k3: 1.16331
- p1: -0.005358
- p2: 0.002628
- fps: 30
- color order: RGB (ignored if grayscale)

[Feature 0] ORB Extractor Parameters: 
 ( TH_LOW: 50, TH_HIGH: 100 )
- Number of Features: 1000
- Scale Levels: 8
- Scale Factor: 1.2
- Initial Fast Threshold: 20
- Minimum Fast Threshold: 7

[Feature 1] AKAZE Extractor Parameters: 
 ( TH_LOW: 100, TH_HIGH: 200 )
- Number of Features: 1000
- Scale Levels: 4
- Scale Factor: 1.2
- Threshold: 0.001
- Num of Octaves: 4
- Num of Octave Layers: 4

[Feature 2] BRISK Extractor Parameters: 
 ( TH_LOW: 100, TH_HIGH: 200 )
- Number of Features: 1000
- Scale Levels: 6
- Scale Factor: 1.414
- Threshold: 10
- Num of Octaves: 3
- Pattern Scale: 1

[Feature 3] KAZE Extractor Parameters: 
 ( TH_LOW: 0.5, TH_HIGH: 1 )
- Number of Features : 1000
- Scale Levels       : 4
- Scale Factor       : 1.2
- Threshold          : 0.0005
- nOctaves           : 4
- nOctaveLayers      : 4
- Extended (128‑dim) : 0
- Upright            : 0

[Feature 4] SIFT Extractor Parameters: 
 ( TH_LOW: 300, TH_HIGH: 500 )
- Number of Features  : 1000
- Scale Levels        : 1
- Scale Factor        : 1
- Contrast Threshold  : 0.001
- Edge Threshold      : 5
- nOctaves            : 3
- Sigma               : 1.6

[Feature 5] SuperPoint Extractor Parameters: 
 ( TH_LOW: 0.7, TH_HIGH: 0.9 )
- Number of Features: 1000
- Scale Levels: 4
- Scale Factor: 1.2
- Use CUDA: 1
- Use NMS: 1
- iniTh: 0.08
- minTh: 0.04

-------
Start processing sequence ...
Images in the sequence: 798

0
New map created with 72 points for 0 Feature Type 
New map created with 392 points for 1 Feature Type 
New map created with 278 points for 2 Feature Type 
New map created with 626 points for 3 Feature Type 
New map created with 559 points for 4 Feature Type 
New map created with 215 points for 5 Feature Type 
Tracking Initlized in 28.84s
The initlized frame ID: 15
System::StopViewer()
System::StopViewer() done
Viewer thread finished.

Saving correlation status...

========== Global Summary ==========
Frames: 11730
avg_CorrEdges: 116.121
avg_match_A: 369.547
avg_match_B: 455.704
global_RI_MNR: 0.314226
global_RI_GNR: 0.282967
global_RI_DICE: 0.281421

========== Per-Channel Summary ==========
   chA   chB     avgCorr        avgA        avgB   avgRI_MNR   avgRI_GNR  avgRI_DICE
     0     1     75.9629     252.845     423.769    0.287352    0.223721    0.216131
     0     2     147.409     252.845     391.379    0.550797     0.44215    0.431288
     0     3     119.026     252.845     542.999    0.452355    0.308695    0.287286
     0     4     54.5754     252.845      323.79    0.205289    0.177554     0.17544
     0     5      66.468     252.845     540.983    0.254471      0.1737    0.161615
     1     2     141.811     423.769     391.379    0.349641    0.325166    0.323971
     1     3     413.652     423.769     542.999    0.952682     0.82961    0.819559
     1     4     118.712     423.765     323.781    0.352399    0.299889    0.294922
     1     5     21.7366     423.765     540.982   0.0505184   0.0434317   0.0427536
     2     3     204.091     391.379     542.997    0.490404    0.417066    0.411284
     2     4     105.783     391.379     323.781    0.307344    0.276577     0.27442
     2     5     52.1931     391.379     540.982    0.123045    0.104799    0.103341
     3     4     166.308     542.997     323.781    0.500039    0.381094    0.366462
     3     5     28.1483     542.997     540.982   0.0526323   0.0507466   0.0506814
     4     5      25.945     323.781     540.982   0.0742152   0.0576675   0.0558044

Correlation status saved!

System Shutdown
-------

median tracking time: 0.189487
mean tracking time: 0.188848

Saving camera trajectory to result09.txt ...

trajectory saved!
All done

========== Performance Summary (ms) ==========
name                                mean      median        rmse         min         max       count
Tracking                          45.557      46.853      11.085      19.424      73.862         782
Total Init                      4742.673    4742.673       0.000    4742.673    4742.673           1
Pipeline                         188.844     189.463      30.294     125.728     384.559         798
SuperPoint Extract               130.315     135.021      22.860      67.612     300.848         798
KAZE Extract                     117.005     112.014      14.503      97.428     183.818         798
SIFT Extract                      34.705      30.290      10.591      23.512     105.966         798
Correlation                        5.827       6.103       1.846       1.575      11.603         782
AKAZE Extract                     27.708      27.755       5.722      16.858      49.270         798
BRISK Extract                     50.334      51.013       9.171      22.641      74.434         798
ORB Extract                        8.789       8.734       1.248       5.422      13.210         798
