Registering ORBextractor...
Registering AKAZEextractor...
Registering BRISKextractor...
Registering SIFTextractor...
Registering KAZEextractor...
Registering SuperPointExtractor...

ORB-SLAM2 Copyright (C) 2014-2016 Raul Mur-Artal, University of Zaragoza.
This program comes with ABSOLUTELY NO WARRANTY;
This is free software, and you are welcome to redistribute it
under certain conditions. See LICENSE.txt.

Input sensor was set to: Monocular

Loading Vocabulary : /home/howard/Refactored_ORB_SLAM2/Install/var/lib/orbslam2/voc/orb_mur.fbow
This could take a while...
Loading ORB Vocabulary in FBoW.
ORB Vocabulary loaded in 0.010027s


Loading Vocabulary : /home/howard/Refactored_ORB_SLAM2/Install/var/lib/orbslam2/voc/akaze_cv.fbow
This could take a while...
Loading AKAZE Vocabulary in FBoW.
AKAZE Vocabulary loaded in 0.001856s


Loading Vocabulary : /home/howard/Refactored_ORB_SLAM2/Install/var/lib/orbslam2/voc/brisk_cv.fbow
This could take a while...
Loading BRISK Vocabulary in FBoW.
BRISK Vocabulary loaded in 0.002018s


Loading Vocabulary : /home/howard/Refactored_ORB_SLAM2/Install/var/lib/orbslam2/voc/kaze_cv.fbow
This could take a while...
Loading KAZE Vocabulary in FBoW.
KAZE Vocabulary loaded in 0.006993s


Loading Vocabulary : /home/howard/Refactored_ORB_SLAM2/Install/var/lib/orbslam2/voc/sift_cv.fbow
This could take a while...
Loading SIFT Vocabulary in FBoW.
SIFT Vocabulary loaded in 0.012822s


Loading Vocabulary : /home/howard/Refactored_ORB_SLAM2/Install/var/lib/orbslam2/voc/superpoint.fbow
This could take a while...
Loading SuperPoint Vocabulary in FBoW.
SuperPoint Vocabulary loaded in 0.008665s


Camera Parameters: 
- fx: 517.306
- fy: 516.469
- cx: 318.643
- cy: 255.314
- k1: 0.262383
- k2: -0.953104
- k3: 1.16331
- p1: -0.005358
- p2: 0.002628
- fps: 30
- color order: RGB (ignored if grayscale)

[Feature 0] ORB Extractor Parameters: 
 ( TH_LOW: 50, TH_HIGH: 100 )
- Number of Features: 1000
- Scale Levels: 8
- Scale Factor: 1.2
- Initial Fast Threshold: 20
- Minimum Fast Threshold: 7

[Feature 1] AKAZE Extractor Parameters: 
 ( TH_LOW: 100, TH_HIGH: 200 )
- Number of Features: 1000
- Scale Levels: 4
- Scale Factor: 1.2
- Threshold: 0.001
- Num of Octaves: 4
- Num of Octave Layers: 4

[Feature 2] BRISK Extractor Parameters: 
 ( TH_LOW: 100, TH_HIGH: 200 )
- Number of Features: 1000
- Scale Levels: 6
- Scale Factor: 1.414
- Threshold: 10
- Num of Octaves: 3
- Pattern Scale: 1

[Feature 3] KAZE Extractor Parameters: 
 ( TH_LOW: 0.5, TH_HIGH: 1 )
- Number of Features : 1000
- Scale Levels       : 4
- Scale Factor       : 1.2
- Threshold          : 0.0005
- nOctaves           : 4
- nOctaveLayers      : 4
- Extended (128‑dim) : 0
- Upright            : 0

[Feature 4] SIFT Extractor Parameters: 
 ( TH_LOW: 300, TH_HIGH: 500 )
- Number of Features  : 1000
- Scale Levels        : 1
- Scale Factor        : 1
- Contrast Threshold  : 0.001
- Edge Threshold      : 5
- nOctaves            : 3
- Sigma               : 1.6

[Feature 5] SuperPoint Extractor Parameters: 
 ( TH_LOW: 0.7, TH_HIGH: 0.9 )
- Number of Features: 1000
- Scale Levels: 4
- Scale Factor: 1.2
- Use CUDA: 1
- Use NMS: 1
- iniTh: 0.08
- minTh: 0.04

-------
Start processing sequence ...
Images in the sequence: 798

0
New map created with 72 points for 0 Feature Type 
New map created with 392 points for 1 Feature Type 
New map created with 278 points for 2 Feature Type 
New map created with 626 points for 3 Feature Type 
New map created with 559 points for 4 Feature Type 
New map created with 215 points for 5 Feature Type 
Tracking Initlized in 29.28s
The initlized frame ID: 15
System::StopViewer()
System::StopViewer() done
Viewer thread finished.

Saving correlation status...

========== Global Summary ==========
Frames: 11730
avg_CorrEdges: 113.331
avg_match_A: 363.157
avg_match_B: 447.311
global_RI_MNR: 0.31207
global_RI_GNR: 0.281187
global_RI_DICE: 0.279667

========== Per-Channel Summary ==========
   chA   chB     avgCorr        avgA        avgB   avgRI_MNR   avgRI_GNR  avgRI_DICE
     0     1     72.9987     248.224     416.527    0.281962    0.218935    0.211405
     0     2     143.486     248.224     383.586    0.546616    0.439288    0.428572
     0     3     116.827     248.224     536.404     0.45104    0.306837    0.285226
     0     4     51.7008     248.224     316.784    0.198621    0.172235    0.170204
     0     5     65.2519     248.224     529.951    0.253706    0.173558     0.16163
     1     2     139.276     416.515      383.57    0.350404    0.326838    0.325721
     1     3     407.107     416.515     536.395    0.952882     0.82855     0.81839
     1     4     115.866     416.513     316.779    0.352775    0.299289    0.294207
     1     5      22.124     416.513     529.948   0.0533953    0.045799   0.0450507
     2     3     200.418     383.563     536.387    0.491711    0.416513    0.410456
     2     4     101.428     383.552     316.775     0.30227    0.271782    0.269637
     2     5     50.6317     383.552     529.927     0.12247      0.1043    0.102841
     3     4     160.762     536.371     316.775    0.494475    0.374722    0.359807
     3     5     28.4476     536.371     529.926   0.0545542   0.0526465   0.0525889
     4     5     23.6317     316.775     529.926   0.0696068   0.0540685    0.052312

Correlation status saved!

System Shutdown
-------

median tracking time: 0.182171
mean tracking time: 0.186089

Saving camera trajectory to result15.txt ...

trajectory saved!
All done

========== Performance Summary (ms) ==========
name                                mean      median        rmse         min         max       count
Tracking                          44.319      46.024      10.435      19.991      68.927         782
Total Init                      4810.139    4810.139       0.000    4810.139    4810.139           1
Pipeline                         186.084     182.153      29.695     127.405     383.470         798
SuperPoint Extract               126.184     130.084      23.664      70.679     317.268         798
KAZE Extract                     122.022     120.126      14.746      97.066     227.031         798
SIFT Extract                      35.744      31.574      10.987      22.786      81.340         798
Correlation                        5.589       5.864       1.691       1.642      10.389         782
AKAZE Extract                     26.865      26.219       5.758      16.625      47.972         798
BRISK Extract                     50.060      50.235       9.419      22.930      85.870         798
ORB Extract                        8.477       8.372       1.190       5.685      12.491         798
