Registering ORBextractor...
Registering AKAZEextractor...
Registering BRISKextractor...
Registering SIFTextractor...
Registering KAZEextractor...
Registering SuperPointExtractor...

ORB-SLAM2 Copyright (C) 2014-2016 Raul Mur-Artal, University of Zaragoza.
This program comes with ABSOLUTELY NO WARRANTY;
This is free software, and you are welcome to redistribute it
under certain conditions. See LICENSE.txt.

Input sensor was set to: Monocular

Loading Vocabulary : /home/howard/Refactored_ORB_SLAM2/Install/var/lib/orbslam2/voc/orb_mur.fbow
This could take a while...
Loading ORB Vocabulary in FBoW.
ORB Vocabulary loaded in 0.009234s


Loading Vocabulary : /home/howard/Refactored_ORB_SLAM2/Install/var/lib/orbslam2/voc/akaze_cv.fbow
This could take a while...
Loading AKAZE Vocabulary in FBoW.
AKAZE Vocabulary loaded in 0.001664s


Loading Vocabulary : /home/howard/Refactored_ORB_SLAM2/Install/var/lib/orbslam2/voc/brisk_cv.fbow
This could take a while...
Loading BRISK Vocabulary in FBoW.
BRISK Vocabulary loaded in 0.001582s


Loading Vocabulary : /home/howard/Refactored_ORB_SLAM2/Install/var/lib/orbslam2/voc/kaze_cv.fbow
This could take a while...
Loading KAZE Vocabulary in FBoW.
KAZE Vocabulary loaded in 0.005674s


Loading Vocabulary : /home/howard/Refactored_ORB_SLAM2/Install/var/lib/orbslam2/voc/sift_cv.fbow
This could take a while...
Loading SIFT Vocabulary in FBoW.
SIFT Vocabulary loaded in 0.010966s


Loading Vocabulary : /home/howard/Refactored_ORB_SLAM2/Install/var/lib/orbslam2/voc/superpoint.fbow
This could take a while...
Loading SuperPoint Vocabulary in FBoW.
SuperPoint Vocabulary loaded in 0.007863s


Camera Parameters: 
- fx: 517.306
- fy: 516.469
- cx: 318.643
- cy: 255.314
- k1: 0.262383
- k2: -0.953104
- k3: 1.16331
- p1: -0.005358
- p2: 0.002628
- fps: 30
- color order: RGB (ignored if grayscale)

[Feature 0] ORB Extractor Parameters: 
 ( TH_LOW: 50, TH_HIGH: 100 )
- Number of Features: 1000
- Scale Levels: 8
- Scale Factor: 1.2
- Initial Fast Threshold: 20
- Minimum Fast Threshold: 7

[Feature 1] AKAZE Extractor Parameters: 
 ( TH_LOW: 100, TH_HIGH: 200 )
- Number of Features: 1000
- Scale Levels: 4
- Scale Factor: 1.2
- Threshold: 0.001
- Num of Octaves: 4
- Num of Octave Layers: 4

[Feature 2] BRISK Extractor Parameters: 
 ( TH_LOW: 100, TH_HIGH: 200 )
- Number of Features: 1000
- Scale Levels: 6
- Scale Factor: 1.414
- Threshold: 10
- Num of Octaves: 3
- Pattern Scale: 1

[Feature 3] KAZE Extractor Parameters: 
 ( TH_LOW: 0.5, TH_HIGH: 1 )
- Number of Features : 1000
- Scale Levels       : 4
- Scale Factor       : 1.2
- Threshold          : 0.0005
- nOctaves           : 4
- nOctaveLayers      : 4
- Extended (128‑dim) : 0
- Upright            : 0

[Feature 4] SIFT Extractor Parameters: 
 ( TH_LOW: 300, TH_HIGH: 500 )
- Number of Features  : 1000
- Scale Levels        : 1
- Scale Factor        : 1
- Contrast Threshold  : 0.001
- Edge Threshold      : 5
- nOctaves            : 3
- Sigma               : 1.6

[Feature 5] SuperPoint Extractor Parameters: 
 ( TH_LOW: 0.7, TH_HIGH: 0.9 )
- Number of Features: 1000
- Scale Levels: 4
- Scale Factor: 1.2
- Use CUDA: 1
- Use NMS: 1
- iniTh: 0.08
- minTh: 0.04

-------
Start processing sequence ...
Images in the sequence: 798

5
New map created with 30 points for 0 Feature Type 
New map created with 272 points for 1 Feature Type 
New map created with 128 points for 2 Feature Type 
New map created with 452 points for 3 Feature Type 
New map created with 392 points for 4 Feature Type 
New map created with 141 points for 5 Feature Type 
Tracking Initlized in 38.18s
The initlized frame ID: 20
System::StopViewer()
System::StopViewer() done
Viewer thread finished.

Saving correlation status...

========== Global Summary ==========
Frames: 11655
avg_CorrEdges: 107.315
avg_match_A: 351.57
avg_match_B: 432.49
global_RI_MNR: 0.305245
global_RI_GNR: 0.275212
global_RI_DICE: 0.273742

========== Per-Channel Summary ==========
   chA   chB     avgCorr        avgA        avgB   avgRI_MNR   avgRI_GNR  avgRI_DICE
     0     1     70.7709      240.99     404.512    0.279376    0.217244     0.20981
     0     2     136.961     240.985     370.408    0.534901    0.430767    0.420395
     0     3     112.878     240.985     521.918    0.448593    0.305137    0.283635
     0     4     47.4916     240.985     295.689    0.186729    0.164161    0.162526
     0     5     62.8507     240.985     518.731    0.252792    0.172126     0.16004
     1     2     133.103     404.502     370.395    0.342679     0.31806    0.316822
     1     3     388.668     404.502     521.911    0.936438    0.812378    0.802204
     1     4     107.649     404.497     295.689    0.346589    0.289253    0.283438
     1     5     22.1956     404.497     518.726   0.0558884   0.0474126   0.0465579
     2     3     190.586     370.385     521.902    0.479231    0.404759    0.398553
     2     4     93.0605     370.385     295.668    0.293365    0.258957    0.256293
     2     5     46.6667     370.385     518.709    0.115994   0.0980205   0.0964884
     3     4     150.032     521.902     295.668    0.489113    0.363345     0.34697
     3     5     26.3861     521.902     518.709   0.0524161   0.0503451    0.050266
     4     5     20.4286     295.668     518.709   0.0640611   0.0487205   0.0468773

Correlation status saved!

System Shutdown
-------

median tracking time: 0.187137
mean tracking time: 0.187524

Saving camera trajectory to result12.txt ...

trajectory saved!
All done

========== Performance Summary (ms) ==========
name                                mean      median        rmse         min         max       count
Tracking                          43.437      44.931      11.921      14.925      74.608         777
Total Init                      5977.140    5977.140       0.000    5977.140    5977.140           1
Pipeline                         187.520     187.091      29.555     123.789     337.167         798
SuperPoint Extract               130.904     134.745      22.137      71.128     307.624         798
KAZE Extract                     122.525     123.204      14.896      98.621     212.920         798
SIFT Extract                      38.610      34.146      13.567      23.197     116.032         798
Correlation                        5.427       5.589       1.797       1.855      11.447         777
AKAZE Extract                     27.294      26.800       5.770      17.294      48.169         798
BRISK Extract                     49.462      49.742       9.055      24.392      70.667         798
ORB Extract                        8.403       8.283       1.276       5.595      13.696         798
