Registering ORBextractor...
Registering AKAZEextractor...
Registering BRISKextractor...
Registering SIFTextractor...
Registering KAZEextractor...
Registering SuperPointExtractor...

ORB-SLAM2 Copyright (C) 2014-2016 Raul Mur-Artal, University of Zaragoza.
This program comes with ABSOLUTELY NO WARRANTY;
This is free software, and you are welcome to redistribute it
under certain conditions. See LICENSE.txt.

Input sensor was set to: Monocular

Loading Vocabulary : /home/howard/Refactored_ORB_SLAM2/Install/var/lib/orbslam2/voc/orb_mur.fbow
This could take a while...
Loading ORB Vocabulary in FBoW.
ORB Vocabulary loaded in 0.009225s


Loading Vocabulary : /home/howard/Refactored_ORB_SLAM2/Install/var/lib/orbslam2/voc/akaze_cv.fbow
This could take a while...
Loading AKAZE Vocabulary in FBoW.
AKAZE Vocabulary loaded in 0.001643s


Loading Vocabulary : /home/howard/Refactored_ORB_SLAM2/Install/var/lib/orbslam2/voc/brisk_cv.fbow
This could take a while...
Loading BRISK Vocabulary in FBoW.
BRISK Vocabulary loaded in 0.001547s


Loading Vocabulary : /home/howard/Refactored_ORB_SLAM2/Install/var/lib/orbslam2/voc/kaze_cv.fbow
This could take a while...
Loading KAZE Vocabulary in FBoW.
KAZE Vocabulary loaded in 0.005755s


Loading Vocabulary : /home/howard/Refactored_ORB_SLAM2/Install/var/lib/orbslam2/voc/sift_cv.fbow
This could take a while...
Loading SIFT Vocabulary in FBoW.
SIFT Vocabulary loaded in 0.010978s


Loading Vocabulary : /home/howard/Refactored_ORB_SLAM2/Install/var/lib/orbslam2/voc/superpoint.fbow
This could take a while...
Loading SuperPoint Vocabulary in FBoW.
SuperPoint Vocabulary loaded in 0.007800s


Camera Parameters: 
- fx: 517.306
- fy: 516.469
- cx: 318.643
- cy: 255.314
- k1: 0.262383
- k2: -0.953104
- k3: 1.16331
- p1: -0.005358
- p2: 0.002628
- fps: 30
- color order: RGB (ignored if grayscale)

[Feature 0] ORB Extractor Parameters: 
 ( TH_LOW: 50, TH_HIGH: 100 )
- Number of Features: 1000
- Scale Levels: 8
- Scale Factor: 1.2
- Initial Fast Threshold: 20
- Minimum Fast Threshold: 7

[Feature 1] AKAZE Extractor Parameters: 
 ( TH_LOW: 100, TH_HIGH: 200 )
- Number of Features: 1000
- Scale Levels: 4
- Scale Factor: 1.2
- Threshold: 0.001
- Num of Octaves: 4
- Num of Octave Layers: 4

[Feature 2] BRISK Extractor Parameters: 
 ( TH_LOW: 100, TH_HIGH: 200 )
- Number of Features: 1000
- Scale Levels: 6
- Scale Factor: 1.414
- Threshold: 10
- Num of Octaves: 3
- Pattern Scale: 1

[Feature 3] KAZE Extractor Parameters: 
 ( TH_LOW: 0.5, TH_HIGH: 1 )
- Number of Features : 1000
- Scale Levels       : 4
- Scale Factor       : 1.2
- Threshold          : 0.0005
- nOctaves           : 4
- nOctaveLayers      : 4
- Extended (128‑dim) : 0
- Upright            : 0

[Feature 4] SIFT Extractor Parameters: 
 ( TH_LOW: 300, TH_HIGH: 500 )
- Number of Features  : 1000
- Scale Levels        : 1
- Scale Factor        : 1
- Contrast Threshold  : 0.001
- Edge Threshold      : 5
- nOctaves            : 3
- Sigma               : 1.6

[Feature 5] SuperPoint Extractor Parameters: 
 ( TH_LOW: 0.7, TH_HIGH: 0.9 )
- Number of Features: 1000
- Scale Levels: 4
- Scale Factor: 1.2
- Use CUDA: 1
- Use NMS: 1
- iniTh: 0.08
- minTh: 0.04

-------
Start processing sequence ...
Images in the sequence: 798

0
New map created with 72 points for 0 Feature Type 
New map created with 392 points for 1 Feature Type 
New map created with 278 points for 2 Feature Type 
New map created with 626 points for 3 Feature Type 
New map created with 559 points for 4 Feature Type 
New map created with 215 points for 5 Feature Type 
Tracking Initlized in 28.31s
The initlized frame ID: 15
System::StopViewer()
System::StopViewer() done
Viewer thread finished.

Saving correlation status...

========== Global Summary ==========
Frames: 11730
avg_CorrEdges: 113.18
avg_match_A: 361.684
avg_match_B: 444.048
global_RI_MNR: 0.312924
global_RI_GNR: 0.282416
global_RI_DICE: 0.280936

========== Per-Channel Summary ==========
   chA   chB     avgCorr        avgA        avgB   avgRI_MNR   avgRI_GNR  avgRI_DICE
     0     1     76.1944     248.235     415.583    0.292353    0.227715    0.220137
     0     2      144.06     248.235     383.387     0.54875    0.441381    0.430766
     0     3     121.474     248.235     531.949    0.470123     0.32146    0.299408
     0     4     51.2903     248.235     307.699    0.197202    0.173245     0.17151
     0     5     65.5959     248.235     530.345     0.25483    0.173686    0.161546
     1     2     138.903     415.583     383.387    0.349947    0.326242    0.325134
     1     3     407.307     415.583     531.949    0.954041    0.833038    0.823545
     1     4     114.012     415.583     307.699     0.35532    0.298077    0.292459
     1     5     22.3645     415.583     530.345   0.0538476    0.046168   0.0454202
     2     3     198.492     383.387     531.949    0.486163    0.413867    0.408168
     2     4     100.684     383.387     307.699    0.308287    0.273958    0.271416
     2     5     49.4322     383.387     530.345    0.120089    0.101933    0.100436
     3     4     156.494     531.946     307.699    0.493344     0.37058    0.354996
     3     5     28.5908     531.946     530.344    0.055032   0.0529361   0.0528656
     4     5     22.8018     307.699     530.344   0.0687008    0.052509   0.0505975

Correlation status saved!

System Shutdown
-------

median tracking time: 0.186377
mean tracking time: 0.187683

Saving camera trajectory to result10.txt ...

trajectory saved!
All done

========== Performance Summary (ms) ==========
name                                mean      median        rmse         min         max       count
Tracking                          43.762      44.656      10.692      18.540      85.669         782
Total Init                      4598.243    4598.243       0.000    4598.243    4598.243           1
Pipeline                         187.678     186.352      26.361     130.057     355.548         798
SuperPoint Extract               129.957     134.971      21.055      76.431     287.527         798
KAZE Extract                     122.996     123.829      14.970      89.821     190.114         798
SIFT Extract                      37.665      33.097      13.248      22.138     100.418         798
Correlation                        5.667       5.850       1.775       1.985      10.930         782
AKAZE Extract                     26.947      26.247       5.545      17.179      47.558         798
BRISK Extract                     49.488      49.797       9.106      25.013      72.773         798
ORB Extract                        8.357       8.233       1.177       5.580      12.361         798
