Registering ORBextractor...
Registering AKAZEextractor...
Registering BRISKextractor...
Registering SIFTextractor...
Registering KAZEextractor...
Registering SuperPointExtractor...

ORB-SLAM2 Copyright (C) 2014-2016 Raul Mur-Artal, University of Zaragoza.
This program comes with ABSOLUTELY NO WARRANTY;
This is free software, and you are welcome to redistribute it
under certain conditions. See LICENSE.txt.

Input sensor was set to: Monocular

Loading Vocabulary : /home/howard/Refactored_ORB_SLAM2/Install/var/lib/orbslam2/voc/orb_mur.fbow
This could take a while...
Loading ORB Vocabulary in FBoW.
ORB Vocabulary loaded in 0.009495s


Loading Vocabulary : /home/howard/Refactored_ORB_SLAM2/Install/var/lib/orbslam2/voc/akaze_cv.fbow
This could take a while...
Loading AKAZE Vocabulary in FBoW.
AKAZE Vocabulary loaded in 0.001831s


Loading Vocabulary : /home/howard/Refactored_ORB_SLAM2/Install/var/lib/orbslam2/voc/brisk_cv.fbow
This could take a while...
Loading BRISK Vocabulary in FBoW.
BRISK Vocabulary loaded in 0.001674s


Loading Vocabulary : /home/howard/Refactored_ORB_SLAM2/Install/var/lib/orbslam2/voc/kaze_cv.fbow
This could take a while...
Loading KAZE Vocabulary in FBoW.
KAZE Vocabulary loaded in 0.005888s


Loading Vocabulary : /home/howard/Refactored_ORB_SLAM2/Install/var/lib/orbslam2/voc/sift_cv.fbow
This could take a while...
Loading SIFT Vocabulary in FBoW.
SIFT Vocabulary loaded in 0.011687s


Loading Vocabulary : /home/howard/Refactored_ORB_SLAM2/Install/var/lib/orbslam2/voc/superpoint.fbow
This could take a while...
Loading SuperPoint Vocabulary in FBoW.
SuperPoint Vocabulary loaded in 0.007322s


Camera Parameters: 
- fx: 517.306
- fy: 516.469
- cx: 318.643
- cy: 255.314
- k1: 0.262383
- k2: -0.953104
- k3: 1.16331
- p1: -0.005358
- p2: 0.002628
- fps: 30
- color order: RGB (ignored if grayscale)

[Feature 0] ORB Extractor Parameters: 
 ( TH_LOW: 50, TH_HIGH: 100 )
- Number of Features: 1000
- Scale Levels: 8
- Scale Factor: 1.2
- Initial Fast Threshold: 20
- Minimum Fast Threshold: 7

[Feature 1] AKAZE Extractor Parameters: 
 ( TH_LOW: 100, TH_HIGH: 200 )
- Number of Features: 1000
- Scale Levels: 4
- Scale Factor: 1.2
- Threshold: 0.001
- Num of Octaves: 4
- Num of Octave Layers: 4

[Feature 2] BRISK Extractor Parameters: 
 ( TH_LOW: 100, TH_HIGH: 200 )
- Number of Features: 1000
- Scale Levels: 6
- Scale Factor: 1.414
- Threshold: 10
- Num of Octaves: 3
- Pattern Scale: 1

[Feature 3] KAZE Extractor Parameters: 
 ( TH_LOW: 0.5, TH_HIGH: 1 )
- Number of Features : 1000
- Scale Levels       : 4
- Scale Factor       : 1.2
- Threshold          : 0.0005
- nOctaves           : 4
- nOctaveLayers      : 4
- Extended (128‑dim) : 0
- Upright            : 0

[Feature 4] SIFT Extractor Parameters: 
 ( TH_LOW: 300, TH_HIGH: 500 )
- Number of Features  : 1000
- Scale Levels        : 1
- Scale Factor        : 1
- Contrast Threshold  : 0.001
- Edge Threshold      : 5
- nOctaves            : 3
- Sigma               : 1.6

[Feature 5] SuperPoint Extractor Parameters: 
 ( TH_LOW: 0.7, TH_HIGH: 0.9 )
- Number of Features: 1000
- Scale Levels: 4
- Scale Factor: 1.2
- Use CUDA: 1
- Use NMS: 1
- iniTh: 0.08
- minTh: 0.04

-------
Start processing sequence ...
Images in the sequence: 798

0
New map created with 72 points for 0 Feature Type 
New map created with 392 points for 1 Feature Type 
New map created with 278 points for 2 Feature Type 
New map created with 626 points for 3 Feature Type 
New map created with 559 points for 4 Feature Type 
New map created with 215 points for 5 Feature Type 
Tracking Initlized in 28.57s
The initlized frame ID: 15
System::StopViewer()
System::StopViewer() done
Viewer thread finished.

Saving correlation status...

========== Global Summary ==========
Frames: 11730
avg_CorrEdges: 115.413
avg_match_A: 367.013
avg_match_B: 452.586
global_RI_MNR: 0.314464
global_RI_GNR: 0.283179
global_RI_DICE: 0.281632

========== Per-Channel Summary ==========
   chA   chB     avgCorr        avgA        avgB   avgRI_MNR   avgRI_GNR  avgRI_DICE
     0     1     75.2084     250.916      422.11    0.286807    0.223513    0.215975
     0     2     144.786     250.916     386.638    0.546284    0.440255     0.42978
     0     3     118.519     250.916     539.155    0.454044    0.310212    0.288811
     0     4     54.9003     250.916     324.008    0.207693    0.179165    0.176948
     0     5     66.4348     250.916      535.99    0.255935    0.175034     0.16299
     1     2     141.932     422.107      386.63    0.355429    0.330786    0.329575
     1     3     412.075     422.107     539.151    0.956133    0.833586    0.823719
     1     4     117.746     422.107     324.004    0.349907    0.298523    0.293801
     1     5     21.7519     422.107      535.99   0.0524219    0.044759   0.0439916
     2     3     202.455      386.63     539.151    0.494048    0.419325    0.413362
     2     4     104.959      386.63     324.004     0.30616    0.277276     0.27536
     2     5     51.6458      386.63      535.99    0.123622    0.105204     0.10372
     3     4     165.531     539.151     324.004     0.49685     0.38094    0.366925
     3     5     28.4207     539.151      535.99   0.0546706   0.0526598   0.0525929
     4     5     24.8223     323.995     535.981    0.071622   0.0559852   0.0542546

Correlation status saved!

System Shutdown
-------

median tracking time: 0.190507
mean tracking time: 0.191879

Saving camera trajectory to result11.txt ...

trajectory saved!
All done

========== Performance Summary (ms) ==========
name                                mean      median        rmse         min         max       count
Tracking                          45.371      47.446      10.750      19.124      74.682         782
Total Init                      4772.968    4772.968       0.000    4772.968    4772.968           1
Pipeline                         191.875     190.489      27.509     124.565     370.134         798
SuperPoint Extract               132.543     136.941      22.329      74.255     304.201         798
KAZE Extract                     126.611     126.538      13.118      99.333     196.958         798
SIFT Extract                      35.318      32.889      10.132      23.121      84.016         798
Correlation                        5.764       6.075       1.770       1.625      10.825         782
AKAZE Extract                     26.645      25.962       5.587      17.435      48.521         798
BRISK Extract                     49.249      49.455       8.963      21.974      73.258         798
ORB Extract                        8.182       8.081       1.093       5.684      12.929         798
