Registering ORBextractor...
Registering AKAZEextractor...
Registering BRISKextractor...
Registering SIFTextractor...
Registering KAZEextractor...
Registering SuperPointExtractor...

ORB-SLAM2 Copyright (C) 2014-2016 Raul Mur-Artal, University of Zaragoza.
This program comes with ABSOLUTELY NO WARRANTY;
This is free software, and you are welcome to redistribute it
under certain conditions. See LICENSE.txt.

Input sensor was set to: Monocular

Loading Vocabulary : /home/howard/Refactored_ORB_SLAM2/Install/var/lib/orbslam2/voc/orb_mur.fbow
This could take a while...
Loading ORB Vocabulary in FBoW.
ORB Vocabulary loaded in 0.009385s


Loading Vocabulary : /home/howard/Refactored_ORB_SLAM2/Install/var/lib/orbslam2/voc/akaze_cv.fbow
This could take a while...
Loading AKAZE Vocabulary in FBoW.
AKAZE Vocabulary loaded in 0.001847s


Loading Vocabulary : /home/howard/Refactored_ORB_SLAM2/Install/var/lib/orbslam2/voc/brisk_cv.fbow
This could take a while...
Loading BRISK Vocabulary in FBoW.
BRISK Vocabulary loaded in 0.001777s


Loading Vocabulary : /home/howard/Refactored_ORB_SLAM2/Install/var/lib/orbslam2/voc/kaze_cv.fbow
This could take a while...
Loading KAZE Vocabulary in FBoW.
KAZE Vocabulary loaded in 0.005931s


Loading Vocabulary : /home/howard/Refactored_ORB_SLAM2/Install/var/lib/orbslam2/voc/sift_cv.fbow
This could take a while...
Loading SIFT Vocabulary in FBoW.
SIFT Vocabulary loaded in 0.011609s


Loading Vocabulary : /home/howard/Refactored_ORB_SLAM2/Install/var/lib/orbslam2/voc/superpoint.fbow
This could take a while...
Loading SuperPoint Vocabulary in FBoW.
SuperPoint Vocabulary loaded in 0.007203s


Camera Parameters: 
- fx: 517.306
- fy: 516.469
- cx: 318.643
- cy: 255.314
- k1: 0.262383
- k2: -0.953104
- k3: 1.16331
- p1: -0.005358
- p2: 0.002628
- fps: 30
- color order: RGB (ignored if grayscale)

[Feature 0] ORB Extractor Parameters: 
 ( TH_LOW: 50, TH_HIGH: 100 )
- Number of Features: 1000
- Scale Levels: 8
- Scale Factor: 1.2
- Initial Fast Threshold: 20
- Minimum Fast Threshold: 7

[Feature 1] AKAZE Extractor Parameters: 
 ( TH_LOW: 100, TH_HIGH: 200 )
- Number of Features: 1000
- Scale Levels: 4
- Scale Factor: 1.2
- Threshold: 0.001
- Num of Octaves: 4
- Num of Octave Layers: 4

[Feature 2] BRISK Extractor Parameters: 
 ( TH_LOW: 100, TH_HIGH: 200 )
- Number of Features: 1000
- Scale Levels: 6
- Scale Factor: 1.414
- Threshold: 10
- Num of Octaves: 3
- Pattern Scale: 1

[Feature 3] KAZE Extractor Parameters: 
 ( TH_LOW: 0.5, TH_HIGH: 1 )
- Number of Features : 1000
- Scale Levels       : 4
- Scale Factor       : 1.2
- Threshold          : 0.0005
- nOctaves           : 4
- nOctaveLayers      : 4
- Extended (128‑dim) : 0
- Upright            : 0

[Feature 4] SIFT Extractor Parameters: 
 ( TH_LOW: 300, TH_HIGH: 500 )
- Number of Features  : 1000
- Scale Levels        : 1
- Scale Factor        : 1
- Contrast Threshold  : 0.001
- Edge Threshold      : 5
- nOctaves            : 3
- Sigma               : 1.6

[Feature 5] SuperPoint Extractor Parameters: 
 ( TH_LOW: 0.7, TH_HIGH: 0.9 )
- Number of Features: 1000
- Scale Levels: 4
- Scale Factor: 1.2
- Use CUDA: 1
- Use NMS: 1
- iniTh: 0.08
- minTh: 0.04

-------
Start processing sequence ...
Images in the sequence: 798

0
New map created with 72 points for 0 Feature Type 
New map created with 392 points for 1 Feature Type 
New map created with 278 points for 2 Feature Type 
New map created with 626 points for 3 Feature Type 
New map created with 559 points for 4 Feature Type 
New map created with 215 points for 5 Feature Type 
Tracking Initlized in 29.04s
The initlized frame ID: 15
System::StopViewer()
System::StopViewer() done
Viewer thread finished.

Saving correlation status...

========== Global Summary ==========
Frames: 11730
avg_CorrEdges: 113.19
avg_match_A: 361.197
avg_match_B: 442.632
global_RI_MNR: 0.313374
global_RI_GNR: 0.283083
global_RI_DICE: 0.281626

========== Per-Channel Summary ==========
   chA   chB     avgCorr        avgA        avgB   avgRI_MNR   avgRI_GNR  avgRI_DICE
     0     1     76.3747     247.457      414.62    0.294448    0.229451    0.221839
     0     2     144.095     247.457     384.263    0.552669    0.442973      0.4319
     0     3     118.501     247.455     531.077    0.460663    0.314727    0.293043
     0     4     51.6777     247.454     307.621    0.200269    0.175371    0.173535
     0     5     64.0614     247.454     526.592    0.252733    0.172552    0.160578
     1     2     140.188     414.607     384.251    0.352266    0.328685    0.327564
     1     3     407.238     414.595     531.054    0.957774    0.836126    0.826611
     1     4     115.552     414.575     307.601    0.361405    0.303559    0.297844
     1     5     21.8798     414.575     526.551   0.0525318   0.0452679   0.0445869
     2     3     200.831     384.223     531.041    0.490846    0.418759    0.413059
     2     4     99.8159     384.223     307.578    0.307346    0.271897    0.269227
     2     5     48.9194     384.223     526.551    0.117966    0.101041     0.09969
     3     4     158.031     531.041     307.578    0.500522     0.37578    0.359859
     3     5     28.0307     531.041     526.551   0.0542601   0.0523255   0.0522567
     4     5     22.6496     307.578     526.551   0.0690629   0.0529711   0.0510824

Correlation status saved!

System Shutdown
-------

median tracking time: 0.180197
mean tracking time: 0.184204

Saving camera trajectory to result13.txt ...

trajectory saved!
All done

========== Performance Summary (ms) ==========
name                                mean      median        rmse         min         max       count
Tracking                          43.174      44.657      10.483      19.431      74.231         782
Total Init                      4826.380    4826.380       0.000    4826.380    4826.380           1
Pipeline                         184.200     180.149      29.265     128.712     394.497         798
SuperPoint Extract               127.924     131.732      22.739      65.743     304.161         798
KAZE Extract                     118.531     113.297      14.957      97.572     178.967         798
SIFT Extract                      37.620      32.350      13.056      22.404     106.374         798
Correlation                        5.545       5.747       1.720       1.956      13.471         782
AKAZE Extract                     27.723      27.296       5.857      16.772      50.926         798
BRISK Extract                     49.945      50.193       9.169      22.974      72.714         798
ORB Extract                        8.623       8.566       1.294       5.689      14.032         798
