Registering ORBextractor...
Registering AKAZEextractor...
Registering BRISKextractor...
Registering SIFTextractor...
Registering KAZEextractor...
Registering SuperPointExtractor...

ORB-SLAM2 Copyright (C) 2014-2016 Raul Mur-Artal, University of Zaragoza.
This program comes with ABSOLUTELY NO WARRANTY;
This is free software, and you are welcome to redistribute it
under certain conditions. See LICENSE.txt.

Input sensor was set to: Monocular

Loading Vocabulary : /home/howard/Refactored_ORB_SLAM2/Install/var/lib/orbslam2/voc/orb_mur.fbow
This could take a while...
Loading ORB Vocabulary in FBoW.
ORB Vocabulary loaded in 0.009396s


Loading Vocabulary : /home/howard/Refactored_ORB_SLAM2/Install/var/lib/orbslam2/voc/akaze_cv.fbow
This could take a while...
Loading AKAZE Vocabulary in FBoW.
AKAZE Vocabulary loaded in 0.002267s


Loading Vocabulary : /home/howard/Refactored_ORB_SLAM2/Install/var/lib/orbslam2/voc/brisk_cv.fbow
This could take a while...
Loading BRISK Vocabulary in FBoW.
BRISK Vocabulary loaded in 0.001862s


Loading Vocabulary : /home/howard/Refactored_ORB_SLAM2/Install/var/lib/orbslam2/voc/kaze_cv.fbow
This could take a while...
Loading KAZE Vocabulary in FBoW.
KAZE Vocabulary loaded in 0.006729s


Loading Vocabulary : /home/howard/Refactored_ORB_SLAM2/Install/var/lib/orbslam2/voc/sift_cv.fbow
This could take a while...
Loading SIFT Vocabulary in FBoW.
SIFT Vocabulary loaded in 0.013032s


Loading Vocabulary : /home/howard/Refactored_ORB_SLAM2/Install/var/lib/orbslam2/voc/superpoint.fbow
This could take a while...
Loading SuperPoint Vocabulary in FBoW.
SuperPoint Vocabulary loaded in 0.008018s


Camera Parameters: 
- fx: 517.306
- fy: 516.469
- cx: 318.643
- cy: 255.314
- k1: 0.262383
- k2: -0.953104
- k3: 1.16331
- p1: -0.005358
- p2: 0.002628
- fps: 30
- color order: RGB (ignored if grayscale)

[Feature 0] ORB Extractor Parameters: 
 ( TH_LOW: 50, TH_HIGH: 100 )
- Number of Features: 1000
- Scale Levels: 8
- Scale Factor: 1.2
- Initial Fast Threshold: 20
- Minimum Fast Threshold: 7

[Feature 1] AKAZE Extractor Parameters: 
 ( TH_LOW: 100, TH_HIGH: 200 )
- Number of Features: 1000
- Scale Levels: 4
- Scale Factor: 1.2
- Threshold: 0.001
- Num of Octaves: 4
- Num of Octave Layers: 4

[Feature 2] BRISK Extractor Parameters: 
 ( TH_LOW: 100, TH_HIGH: 200 )
- Number of Features: 1000
- Scale Levels: 6
- Scale Factor: 1.414
- Threshold: 10
- Num of Octaves: 3
- Pattern Scale: 1

[Feature 3] KAZE Extractor Parameters: 
 ( TH_LOW: 0.5, TH_HIGH: 1 )
- Number of Features : 1000
- Scale Levels       : 4
- Scale Factor       : 1.2
- Threshold          : 0.0005
- nOctaves           : 4
- nOctaveLayers      : 4
- Extended (128‑dim) : 0
- Upright            : 0

[Feature 4] SIFT Extractor Parameters: 
 ( TH_LOW: 300, TH_HIGH: 500 )
- Number of Features  : 1000
- Scale Levels        : 1
- Scale Factor        : 1
- Contrast Threshold  : 0.001
- Edge Threshold      : 5
- nOctaves            : 3
- Sigma               : 1.6

[Feature 5] SuperPoint Extractor Parameters: 
 ( TH_LOW: 0.7, TH_HIGH: 0.9 )
- Number of Features: 1000
- Scale Levels: 4
- Scale Factor: 1.2
- Use CUDA: 1
- Use NMS: 1
- iniTh: 0.08
- minTh: 0.04

-------
Start processing sequence ...
Images in the sequence: 798

0
New map created with 72 points for 0 Feature Type 
New map created with 392 points for 1 Feature Type 
New map created with 278 points for 2 Feature Type 
New map created with 626 points for 3 Feature Type 
New map created with 559 points for 4 Feature Type 
New map created with 215 points for 5 Feature Type 
Tracking Initlized in 28.93s
The initlized frame ID: 15
System::StopViewer()
System::StopViewer() done
Viewer thread finished.

Saving correlation status...

========== Global Summary ==========
Frames: 11730
avg_CorrEdges: 111.946
avg_match_A: 358.305
avg_match_B: 439.105
global_RI_MNR: 0.312433
global_RI_GNR: 0.282227
global_RI_DICE: 0.280775

========== Per-Channel Summary ==========
   chA   chB     avgCorr        avgA        avgB   avgRI_MNR   avgRI_GNR  avgRI_DICE
     0     1     75.5793     248.176     409.266    0.291387    0.229155    0.221966
     0     2     141.607     248.175      375.27    0.539981    0.439258    0.429656
     0     3     122.298     248.174     533.239    0.473511    0.323371    0.301043
     0     4     50.4207     248.174     304.497    0.193465    0.171122    0.169575
     0     5     64.6598     248.174     521.825    0.254342    0.174879     0.16316
     1     2     136.325      409.26     375.249    0.351561     0.32698    0.325752
     1     3     406.072      409.26     533.239    0.971528    0.838708    0.827408
     1     4     112.908     409.253     304.496    0.356926    0.299661    0.294001
     1     5      20.835     409.253     521.825   0.0507289   0.0435438   0.0428407
     2     3     197.386     375.247     533.237    0.494298    0.415479    0.408887
     2     4     95.9118     375.247     304.496    0.297463    0.265258    0.262931
     2     5      47.922     375.247     521.825    0.118122    0.100304    0.098835
     3     4     158.804      533.22     304.491    0.505811    0.377497    0.361075
     3     5     27.6189      533.22     521.813   0.0532468   0.0515922   0.0515411
     4     5     20.8453      304.49     521.813   0.0641415   0.0490252   0.0472352

Correlation status saved!

System Shutdown
-------

median tracking time: 0.187673
mean tracking time: 0.187115

Saving camera trajectory to result18.txt ...

trajectory saved!
All done

========== Performance Summary (ms) ==========
name                                mean      median        rmse         min         max       count
Tracking                          43.209      44.774      10.389      18.640      70.662         782
Total Init                      4664.268    4664.268       0.000    4664.268    4664.268           1
Pipeline                         187.110     187.629      28.886     123.434     393.193         798
SuperPoint Extract               133.299     137.439      21.371      64.885     323.407         798
KAZE Extract                     115.010     110.472      13.431      96.750     177.170         798
SIFT Extract                      35.710      30.633      11.264      23.568      91.454         798
Correlation                        5.569       5.848       1.700       1.690      10.168         782
AKAZE Extract                     27.739      27.518       5.811      17.552      51.680         798
BRISK Extract                     50.010      50.795       9.115      23.754      74.973         798
ORB Extract                        8.841       8.803       1.305       5.636      15.555         798
