Registering ORBextractor...
Registering AKAZEextractor...
Registering BRISKextractor...
Registering SIFTextractor...
Registering KAZEextractor...
Registering SuperPointExtractor...

ORB-SLAM2 Copyright (C) 2014-2016 Raul Mur-Artal, University of Zaragoza.
This program comes with ABSOLUTELY NO WARRANTY;
This is free software, and you are welcome to redistribute it
under certain conditions. See LICENSE.txt.

Input sensor was set to: Monocular

Loading Vocabulary : /home/howard/Refactored_ORB_SLAM2/Install/var/lib/orbslam2/voc/orb_mur.fbow
This could take a while...
Loading ORB Vocabulary in FBoW.
ORB Vocabulary loaded in 0.009242s


Loading Vocabulary : /home/howard/Refactored_ORB_SLAM2/Install/var/lib/orbslam2/voc/akaze_cv.fbow
This could take a while...
Loading AKAZE Vocabulary in FBoW.
AKAZE Vocabulary loaded in 0.001840s


Loading Vocabulary : /home/howard/Refactored_ORB_SLAM2/Install/var/lib/orbslam2/voc/brisk_cv.fbow
This could take a while...
Loading BRISK Vocabulary in FBoW.
BRISK Vocabulary loaded in 0.001768s


Loading Vocabulary : /home/howard/Refactored_ORB_SLAM2/Install/var/lib/orbslam2/voc/kaze_cv.fbow
This could take a while...
Loading KAZE Vocabulary in FBoW.
KAZE Vocabulary loaded in 0.006486s


Loading Vocabulary : /home/howard/Refactored_ORB_SLAM2/Install/var/lib/orbslam2/voc/sift_cv.fbow
This could take a while...
Loading SIFT Vocabulary in FBoW.
SIFT Vocabulary loaded in 0.011623s


Loading Vocabulary : /home/howard/Refactored_ORB_SLAM2/Install/var/lib/orbslam2/voc/superpoint.fbow
This could take a while...
Loading SuperPoint Vocabulary in FBoW.
SuperPoint Vocabulary loaded in 0.008045s


Camera Parameters: 
- fx: 517.306
- fy: 516.469
- cx: 318.643
- cy: 255.314
- k1: 0.262383
- k2: -0.953104
- k3: 1.16331
- p1: -0.005358
- p2: 0.002628
- fps: 30
- color order: RGB (ignored if grayscale)

[Feature 0] ORB Extractor Parameters: 
 ( TH_LOW: 50, TH_HIGH: 100 )
- Number of Features: 1000
- Scale Levels: 8
- Scale Factor: 1.2
- Initial Fast Threshold: 20
- Minimum Fast Threshold: 7

[Feature 1] AKAZE Extractor Parameters: 
 ( TH_LOW: 100, TH_HIGH: 200 )
- Number of Features: 1000
- Scale Levels: 4
- Scale Factor: 1.2
- Threshold: 0.001
- Num of Octaves: 4
- Num of Octave Layers: 4

[Feature 2] BRISK Extractor Parameters: 
 ( TH_LOW: 100, TH_HIGH: 200 )
- Number of Features: 1000
- Scale Levels: 6
- Scale Factor: 1.414
- Threshold: 10
- Num of Octaves: 3
- Pattern Scale: 1

[Feature 3] KAZE Extractor Parameters: 
 ( TH_LOW: 0.5, TH_HIGH: 1 )
- Number of Features : 1000
- Scale Levels       : 4
- Scale Factor       : 1.2
- Threshold          : 0.0005
- nOctaves           : 4
- nOctaveLayers      : 4
- Extended (128‑dim) : 0
- Upright            : 0

[Feature 4] SIFT Extractor Parameters: 
 ( TH_LOW: 300, TH_HIGH: 500 )
- Number of Features  : 1000
- Scale Levels        : 1
- Scale Factor        : 1
- Contrast Threshold  : 0.001
- Edge Threshold      : 5
- nOctaves            : 3
- Sigma               : 1.6

[Feature 5] SuperPoint Extractor Parameters: 
 ( TH_LOW: 0.7, TH_HIGH: 0.9 )
- Number of Features: 1000
- Scale Levels: 4
- Scale Factor: 1.2
- Use CUDA: 1
- Use NMS: 1
- iniTh: 0.08
- minTh: 0.04

-------
Start processing sequence ...
Images in the sequence: 798

0
New map created with 72 points for 0 Feature Type 
New map created with 392 points for 1 Feature Type 
New map created with 278 points for 2 Feature Type 
New map created with 626 points for 3 Feature Type 
New map created with 559 points for 4 Feature Type 
New map created with 215 points for 5 Feature Type 
Tracking Initlized in 28.64s
The initlized frame ID: 15
System::StopViewer()
System::StopViewer() done
Viewer thread finished.

Saving correlation status...

========== Global Summary ==========
Frames: 11730
avg_CorrEdges: 112.356
avg_match_A: 360.599
avg_match_B: 443.005
global_RI_MNR: 0.311581
global_RI_GNR: 0.281112
global_RI_DICE: 0.27963

========== Per-Channel Summary ==========
   chA   chB     avgCorr        avgA        avgB   avgRI_MNR   avgRI_GNR  avgRI_DICE
     0     1     74.3939     247.696      414.96    0.286885    0.223488    0.216017
     0     2     141.532     247.696     378.033    0.541213    0.437872    0.427778
     0     3      118.55     247.696     532.432    0.459569    0.313875    0.292192
     0     4       51.61     247.694     311.799    0.198442    0.173013    0.171142
     0     5     63.9271     247.694     525.931     0.25084    0.171586    0.159777
     1     2     136.863     414.957     378.032    0.348418    0.324713    0.323636
     1     3     404.572     414.957     532.432    0.950657    0.828153    0.818271
     1     4     115.394     414.957     311.792    0.354855    0.300246    0.294992
     1     5     21.8542     414.957     525.927   0.0531816   0.0456302   0.0448955
     2     3     197.738     378.032     532.432    0.492674    0.415992    0.409732
     2     4     100.176      378.02     311.776    0.303863    0.272938    0.270748
     2     5     47.4616      378.02     525.916    0.116852   0.0989703   0.0974817
     3     4     160.178     532.421     311.776    0.498797     0.37739    0.362254
     3     5     28.2762     532.421     525.914   0.0549401   0.0530444   0.0529806
     4     5      22.812     311.776     525.914   0.0686793   0.0531256   0.0513478

Correlation status saved!

System Shutdown
-------

median tracking time: 0.183221
mean tracking time: 0.18559

Saving camera trajectory to result14.txt ...

trajectory saved!
All done

========== Performance Summary (ms) ==========
name                                mean      median        rmse         min         max       count
Tracking                          44.428      46.145      10.972      18.498      81.268         782
Total Init                      4691.046    4691.046       0.000    4691.046    4691.046           1
Pipeline                         185.586     183.196      28.314     123.011     397.226         798
SuperPoint Extract               122.996     126.596      25.532      63.415     372.761         798
KAZE Extract                     125.564     126.976      14.283      89.971     183.465         798
SIFT Extract                      36.366      32.909      12.142      21.969      90.043         798
Correlation                        5.603       5.823       1.722       1.903      12.399         782
AKAZE Extract                     26.877      26.239       5.900      17.102      47.680         798
BRISK Extract                     49.528      49.743       9.265      21.726      75.528         798
ORB Extract                        8.269       8.127       1.162       5.607      13.738         798
