Registering ORBextractor...
Registering AKAZEextractor...
Registering BRISKextractor...
Registering SIFTextractor...
Registering KAZEextractor...
Registering SuperPointExtractor...

ORB-SLAM2 Copyright (C) 2014-2016 Raul Mur-Artal, University of Zaragoza.
This program comes with ABSOLUTELY NO WARRANTY;
This is free software, and you are welcome to redistribute it
under certain conditions. See LICENSE.txt.

Input sensor was set to: Monocular

Loading Vocabulary : /home/howard/Refactored_ORB_SLAM2/Install/var/lib/orbslam2/voc/orb_mur.fbow
This could take a while...
Loading ORB Vocabulary in FBoW.
ORB Vocabulary loaded in 0.010036s


Loading Vocabulary : /home/howard/Refactored_ORB_SLAM2/Install/var/lib/orbslam2/voc/akaze_cv.fbow
This could take a while...
Loading AKAZE Vocabulary in FBoW.
AKAZE Vocabulary loaded in 0.001900s


Loading Vocabulary : /home/howard/Refactored_ORB_SLAM2/Install/var/lib/orbslam2/voc/brisk_cv.fbow
This could take a while...
Loading BRISK Vocabulary in FBoW.
BRISK Vocabulary loaded in 0.001746s


Loading Vocabulary : /home/howard/Refactored_ORB_SLAM2/Install/var/lib/orbslam2/voc/kaze_cv.fbow
This could take a while...
Loading KAZE Vocabulary in FBoW.
KAZE Vocabulary loaded in 0.006851s


Loading Vocabulary : /home/howard/Refactored_ORB_SLAM2/Install/var/lib/orbslam2/voc/sift_cv.fbow
This could take a while...
Loading SIFT Vocabulary in FBoW.
SIFT Vocabulary loaded in 0.013156s


Loading Vocabulary : /home/howard/Refactored_ORB_SLAM2/Install/var/lib/orbslam2/voc/superpoint.fbow
This could take a while...
Loading SuperPoint Vocabulary in FBoW.
SuperPoint Vocabulary loaded in 0.008097s


Camera Parameters: 
- fx: 517.306
- fy: 516.469
- cx: 318.643
- cy: 255.314
- k1: 0.262383
- k2: -0.953104
- k3: 1.16331
- p1: -0.005358
- p2: 0.002628
- fps: 30
- color order: RGB (ignored if grayscale)

[Feature 0] ORB Extractor Parameters: 
 ( TH_LOW: 50, TH_HIGH: 100 )
- Number of Features: 1000
- Scale Levels: 8
- Scale Factor: 1.2
- Initial Fast Threshold: 20
- Minimum Fast Threshold: 7

[Feature 1] AKAZE Extractor Parameters: 
 ( TH_LOW: 100, TH_HIGH: 200 )
- Number of Features: 1000
- Scale Levels: 4
- Scale Factor: 1.2
- Threshold: 0.001
- Num of Octaves: 4
- Num of Octave Layers: 4

[Feature 2] BRISK Extractor Parameters: 
 ( TH_LOW: 100, TH_HIGH: 200 )
- Number of Features: 1000
- Scale Levels: 6
- Scale Factor: 1.414
- Threshold: 10
- Num of Octaves: 3
- Pattern Scale: 1

[Feature 3] KAZE Extractor Parameters: 
 ( TH_LOW: 0.5, TH_HIGH: 1 )
- Number of Features : 1000
- Scale Levels       : 4
- Scale Factor       : 1.2
- Threshold          : 0.0005
- nOctaves           : 4
- nOctaveLayers      : 4
- Extended (128‑dim) : 0
- Upright            : 0

[Feature 4] SIFT Extractor Parameters: 
 ( TH_LOW: 300, TH_HIGH: 500 )
- Number of Features  : 1000
- Scale Levels        : 1
- Scale Factor        : 1
- Contrast Threshold  : 0.001
- Edge Threshold      : 5
- nOctaves            : 3
- Sigma               : 1.6

[Feature 5] SuperPoint Extractor Parameters: 
 ( TH_LOW: 0.7, TH_HIGH: 0.9 )
- Number of Features: 1000
- Scale Levels: 4
- Scale Factor: 1.2
- Use CUDA: 1
- Use NMS: 1
- iniTh: 0.08
- minTh: 0.04

-------
Start processing sequence ...
Images in the sequence: 798

0
New map created with 72 points for 0 Feature Type 
New map created with 392 points for 1 Feature Type 
New map created with 278 points for 2 Feature Type 
New map created with 626 points for 3 Feature Type 
New map created with 559 points for 4 Feature Type 
New map created with 215 points for 5 Feature Type 
Tracking Initlized in 28.92s
The initlized frame ID: 15
System::StopViewer()
System::StopViewer() done
Viewer thread finished.

Saving correlation status...

========== Global Summary ==========
Frames: 11730
avg_CorrEdges: 112.131
avg_match_A: 358.11
avg_match_B: 440.977
global_RI_MNR: 0.313118
global_RI_GNR: 0.282168
global_RI_DICE: 0.280647

========== Per-Channel Summary ==========
   chA   chB     avgCorr        avgA        avgB   avgRI_MNR   avgRI_GNR  avgRI_DICE
     0     1     73.6586     242.285     412.958    0.290728    0.224472    0.216455
     0     2     141.084     242.285     381.183    0.551573    0.439622    0.428059
     0     3     117.629     242.284     529.276    0.465877    0.315409    0.292691
     0     4     50.0422     242.284     306.448    0.196563    0.171559    0.169709
     0     5     63.1739     242.284     525.185    0.253178    0.171561    0.159231
     1     2     138.473     412.957     381.183    0.349681    0.327299     0.32629
     1     3     406.243     412.957     529.276     0.95954    0.836915    0.827181
     1     4     115.261     412.954     306.422     0.36058    0.303034    0.297468
     1     5     21.3785     412.954     525.169   0.0517123   0.0444998     0.04381
     2     3     197.503     381.168     529.266    0.486645     0.41396     0.40817
     2     4     100.022     381.166     306.419    0.308571    0.273641    0.271056
     2     5     48.6752     381.166     525.165    0.118828     0.10121   0.0997701
     3     4     159.081      529.26     306.419    0.503883    0.378686    0.362838
     3     5     27.7059     529.247     525.151   0.0535676   0.0517476   0.0516887
     4     5     22.0294     306.405     525.132   0.0673084   0.0516128   0.0497692

Correlation status saved!

System Shutdown
-------

median tracking time: 0.188762
mean tracking time: 0.187857

Saving camera trajectory to result20.txt ...

trajectory saved!
All done

========== Performance Summary (ms) ==========
name                                mean      median        rmse         min         max       count
Tracking                          43.526      44.862      10.622      17.953      78.177         782
Total Init                      4829.958    4829.958       0.000    4829.958    4829.958           1
Pipeline                         187.852     188.739      28.407     128.346     400.363         798
SuperPoint Extract               133.731     137.721      19.995      69.231     292.719         798
KAZE Extract                     120.213     118.855      12.249      99.587     175.785         798
SIFT Extract                      34.513      30.441      10.438      22.794      83.026         798
Correlation                        5.566       5.805       1.729       1.766      11.355         782
AKAZE Extract                     26.778      26.119       5.627      17.076      45.985         798
BRISK Extract                     49.668      49.583       9.025      22.229      71.641         798
ORB Extract                        8.473       8.351       1.235       5.627      15.276         798
