Registering ORBextractor...
Registering AKAZEextractor...
Registering BRISKextractor...
Registering SIFTextractor...
Registering KAZEextractor...
Registering SuperPointExtractor...

ORB-SLAM2 Copyright (C) 2014-2016 Raul Mur-Artal, University of Zaragoza.
This program comes with ABSOLUTELY NO WARRANTY;
This is free software, and you are welcome to redistribute it
under certain conditions. See LICENSE.txt.

Input sensor was set to: Monocular

Loading Vocabulary : /home/howard/Refactored_ORB_SLAM2/Install/var/lib/orbslam2/voc/brisk_cv.fbow
This could take a while...
Loading BRISK Vocabulary in FBoW.
BRISK Vocabulary loaded in 0.001711s


Loading Vocabulary : /home/howard/Refactored_ORB_SLAM2/Install/var/lib/orbslam2/voc/kaze_cv.fbow
This could take a while...
Loading KAZE Vocabulary in FBoW.
KAZE Vocabulary loaded in 0.006351s


Camera Parameters: 
- fx: 535.4
- fy: 539.2
- cx: 320.1
- cy: 247.6
- k1: 0
- k2: 0
- p1: 0
- p2: 0
- fps: 30
- color order: RGB (ignored if grayscale)

[Feature 0] BRISK Extractor Parameters: 
 ( TH_LOW: 100, TH_HIGH: 200 )
- Number of Features: 1000
- Scale Levels: 6
- Scale Factor: 1.414
- Threshold: 4
- Num of Octaves: 3
- Pattern Scale: 1

[Feature 1] KAZE Extractor Parameters: 
 ( TH_LOW: 0.5, TH_HIGH: 1 )
- Number of Features : 1000
- Scale Levels       : 4
- Scale Factor       : 1.4
- Threshold          : 1e-05
- nOctaves           : 4
- nOctaveLayers      : 4
- Extended (128‑dim) : 0
- Upright            : 0

-------
Start processing sequence ...
Images in the sequence: 474

0
New map created with 99 points for 0 Feature Type 
New map created with 252 points for 1 Feature Type 
Tracking Initlized in 21.34s
The initlized frame ID: 28
System::StopViewer()
System::StopViewer() done
Viewer thread finished.

Saving correlation status...

========== Global Summary ==========
Frames: 445
avg_CorrEdges: 19.5124
avg_match_A: 53.2157
avg_match_B: 188.227
global_RI_MNR: 0.366665
global_RI_GNR: 0.194962
global_RI_DICE: 0.161631

========== Per-Channel Summary ==========
   chA   chB     avgCorr        avgA        avgB   avgRI_MNR   avgRI_GNR  avgRI_DICE
     0     1     19.5124     53.2157     188.227    0.348402    0.190049    0.159899

Correlation status saved!

System Shutdown
-------

median tracking time: 0.0825843
mean tracking time: 0.0863334

Saving camera trajectory to result05.txt ...

trajectory saved!
All done

========== Performance Summary (ms) ==========
name                                mean      median        rmse         min         max       count
Tracking                           3.736       3.666       1.054       1.852       7.043         445
Correlation                        0.106       0.111       0.037       0.030       0.466         445
Total Init                      3993.028    3993.028       0.000    3993.028    3993.028           1
Pipeline                          86.330      82.538      14.641      73.598     191.075         474
KAZE Extract                      78.563      77.679       5.606      70.479     138.684         474
BRISK Extract                     17.784      16.530       6.170       6.455      35.538         474
