Registering ORBextractor...
Registering AKAZEextractor...
Registering BRISKextractor...
Registering SIFTextractor...
Registering KAZEextractor...
Registering SuperPointExtractor...

ORB-SLAM2 Copyright (C) 2014-2016 Raul Mur-Artal, University of Zaragoza.
This program comes with ABSOLUTELY NO WARRANTY;
This is free software, and you are welcome to redistribute it
under certain conditions. See LICENSE.txt.

Input sensor was set to: Monocular

Loading Vocabulary : /home/howard/Refactored_ORB_SLAM2/Install/var/lib/orbslam2/voc/orb_mur.fbow
This could take a while...
Loading ORB Vocabulary in FBoW.
ORB Vocabulary loaded in 0.008340s


Loading Vocabulary : /home/howard/Refactored_ORB_SLAM2/Install/var/lib/orbslam2/voc/superpoint.fbow
This could take a while...
Loading SuperPoint Vocabulary in FBoW.
SuperPoint Vocabulary loaded in 0.008102s


Camera Parameters: 
- fx: 517.306
- fy: 516.469
- cx: 318.643
- cy: 255.314
- k1: 0.262383
- k2: -0.953104
- k3: 1.16331
- p1: -0.005358
- p2: 0.002628
- fps: 30
- color order: RGB (ignored if grayscale)

[Feature 0] ORB Extractor Parameters: 
 ( TH_LOW: 50, TH_HIGH: 100 )
- Number of Features: 1000
- Scale Levels: 8
- Scale Factor: 1.2
- Initial Fast Threshold: 20
- Minimum Fast Threshold: 7

[Feature 1] SuperPoint Extractor Parameters: 
 ( TH_LOW: 0.7, TH_HIGH: 0.9 )
- Number of Features: 1000
- Scale Levels: 4
- Scale Factor: 1.2
- Use CUDA: 1
- Use NMS: 1
- iniTh: 0.08
- minTh: 0.04

-------
Start processing sequence ...
Images in the sequence: 798

0
New map created with 70 points for 0 Feature Type 
New map created with 217 points for 1 Feature Type 
Tracking Initlized in 8.85s
The initlized frame ID: 15
System::StopViewer()
System::StopViewer() done
Viewer thread finished.

Saving correlation status...

========== Global Summary ==========
Frames: 782
avg_CorrEdges: 60.1087
avg_match_A: 262.251
avg_match_B: 541.15
global_RI_MNR: 0.229203
global_RI_GNR: 0.159559
global_RI_DICE: 0.149636

========== Per-Channel Summary ==========
   chA   chB     avgCorr        avgA        avgB   avgRI_MNR   avgRI_GNR  avgRI_DICE
     0     1     60.1087     262.251      541.15    0.224614    0.156207    0.146306

Correlation status saved!

System Shutdown
-------

median tracking time: 0.0856554
mean tracking time: 0.0857202

Saving camera trajectory to result16.txt ...

trajectory saved!
All done

========== Performance Summary (ms) ==========
name                                mean      median        rmse         min         max       count
Tracking                          12.057      12.464       2.536       4.771      18.253         782
Correlation                        0.356       0.363       0.078       0.163       0.785         782
Total Init                      1523.381    1523.381       0.000    1523.381    1523.381           1
Pipeline                          85.716      85.650      10.481      63.457     266.196         798
SuperPoint Extract                71.701      71.499       9.150      52.633     245.348         798
ORB Extract                        6.920       6.807       0.791       5.288      10.068         798
