Registering ORBextractor...
Registering AKAZEextractor...
Registering BRISKextractor...
Registering SIFTextractor...
Registering KAZEextractor...
Registering SuperPointExtractor...

ORB-SLAM2 Copyright (C) 2014-2016 Raul Mur-Artal, University of Zaragoza.
This program comes with ABSOLUTELY NO WARRANTY;
This is free software, and you are welcome to redistribute it
under certain conditions. See LICENSE.txt.

Input sensor was set to: Monocular

Loading Vocabulary : /home/howard/Refactored_ORB_SLAM2/Install/var/lib/orbslam2/voc/brisk_cv.fbow
This could take a while...
Loading BRISK Vocabulary in FBoW.
BRISK Vocabulary loaded in 0.001825s


Loading Vocabulary : /home/howard/Refactored_ORB_SLAM2/Install/var/lib/orbslam2/voc/superpoint.fbow
This could take a while...
Loading SuperPoint Vocabulary in FBoW.
SuperPoint Vocabulary loaded in 0.008328s


Camera Parameters: 
- fx: 535.4
- fy: 539.2
- cx: 320.1
- cy: 247.6
- k1: 0
- k2: 0
- p1: 0
- p2: 0
- fps: 30
- color order: RGB (ignored if grayscale)

[Feature 0] BRISK Extractor Parameters: 
 ( TH_LOW: 100, TH_HIGH: 200 )
- Number of Features: 1000
- Scale Levels: 6
- Scale Factor: 1.414
- Threshold: 4
- Num of Octaves: 3
- Pattern Scale: 1

[Feature 1] SuperPoint Extractor Parameters: 
 ( TH_LOW: 0.7, TH_HIGH: 0.9 )
- Number of Features: 1000
- Scale Levels: 4
- Scale Factor: 1.2
- Use CUDA: 1
- Use NMS: 1
- iniTh: 0.0024
- minTh: 0.0012

-------
Start processing sequence ...
Images in the sequence: 474

0
New map created with 109 points for 0 Feature Type 
New map created with 1 points for 1 Feature Type 
Tracking Initlized in 19.80s
The initlized frame ID: 33
Track lost soon after initialisation, reseting...
System Reseting
Reseting Local Mapper... done
Reseting Loop Closing... done
Reseting Database... done
0
New map created with 96 points for 0 Feature Type 
New map created with 2 points for 1 Feature Type 
Wrong initialization, reseting...
System Reseting
Reseting Local Mapper... done
Reseting Loop Closing... done
Reseting Database... done
0
New map created with 60 points for 0 Feature Type 
New map created with 2 points for 1 Feature Type 
Wrong initialization, reseting...
System Reseting
Reseting Local Mapper... done
Reseting Loop Closing... done
Reseting Database... done
0
New map created with 109 points for 0 Feature Type 
New map created with 2 points for 1 Feature Type 
Tracking Initlized in 110.36s
The initlized frame ID: 191
System::StopViewer()
System::StopViewer() done
Viewer thread finished.

Saving correlation status...

========== Global Summary ==========
Frames: 37
avg_CorrEdges: 11.0811
avg_match_A: 104.243
avg_match_B: 199.324
global_RI_MNR: 0.1063
global_RI_GNR: 0.0768737
global_RI_DICE: 0.0730057

========== Per-Channel Summary ==========
   chA   chB     avgCorr        avgA        avgB   avgRI_MNR   avgRI_GNR  avgRI_DICE
     0     1     11.0811     104.243     199.324    0.101692   0.0721176   0.0676456

Correlation status saved!

System Shutdown
-------

median tracking time: 0.0877423
mean tracking time: 0.0830033

Saving camera trajectory to result17.txt ...

trajectory saved!
All done

========== Performance Summary (ms) ==========
name                                mean      median        rmse         min         max       count
Correlation                        0.136       0.138       0.030       0.072       0.195          37
Tracking                           6.302       5.848       1.470       3.141      11.022          38
Total Init                      3243.926    3243.926       0.000    3243.926    3243.926           1
Pipeline                          82.932      87.710      18.301      45.042     245.434         474
SuperPoint Extract                50.924      50.177       9.242      39.627     225.605         474
BRISK Extract                     18.161      16.808       6.062       6.703      36.219         474
