Registering ORBextractor...
Registering AKAZEextractor...
Registering BRISKextractor...
Registering SIFTextractor...
Registering KAZEextractor...
Registering SuperPointExtractor...

ORB-SLAM2 Copyright (C) 2014-2016 Raul Mur-Artal, University of Zaragoza.
This program comes with ABSOLUTELY NO WARRANTY;
This is free software, and you are welcome to redistribute it
under certain conditions. See LICENSE.txt.

Input sensor was set to: Monocular

Loading Vocabulary : /home/howard/Refactored_ORB_SLAM2/Install/var/lib/orbslam2/voc/orb_mur.fbow
This could take a while...
Loading ORB Vocabulary in FBoW.
ORB Vocabulary loaded in 0.010345s


Camera Parameters: 
- fx: 520.909
- fy: 521.007
- cx: 325.141
- cy: 249.702
- k1: 0.231222
- k2: -0.784899
- k3: 0.917205
- p1: -0.003257
- p2: -0.000105
- fps: 30
- color order: RGB (ignored if grayscale)

[Feature 0] ORB Extractor Parameters: 
 ( TH_LOW: 50, TH_HIGH: 100 )
- Number of Features: 1000
- Scale Levels: 8
- Scale Factor: 1.2
- Initial Fast Threshold: 20
- Minimum Fast Threshold: 7

-------
Start processing sequence ...
Images in the sequence: 3669

0
New map created with 90 points for 0 Feature Type 
Wrong initialization, reseting...
System Reseting
Reseting Local Mapper... done
Reseting Loop Closing... done
Reseting Database... done
0
New map created with 100 points for 0 Feature Type 
Tracking Initlized in 1.61s
The initlized frame ID: 29
System::StopViewer()
System::StopViewer() done
Viewer thread finished.

Saving correlation status...

Correlation status saved!

System Shutdown
-------

median tracking time: 0.00874659
mean tracking time: 0.0087762

Saving camera trajectory to result02.txt ...

trajectory saved!
All done

========== Performance Summary (ms) ==========
name                                mean      median        rmse         min         max       count
Tracking                           2.744       2.765       0.425       1.237       3.993        3618
Correlation                        0.000       0.000       0.000       0.000       0.001        3618
Total Init                      1830.803    1830.803       0.000    1830.803    1830.803           2
Pipeline                           8.774       8.744       1.017       6.241      36.231        3669
ORB Extract                        4.926       4.923       0.304       4.105       7.666        3669
