Registering ORBextractor...
Registering AKAZEextractor...
Registering BRISKextractor...
Registering SIFTextractor...
Registering KAZEextractor...
Registering SuperPointExtractor...

ORB-SLAM2 Copyright (C) 2014-2016 Raul Mur-Artal, University of Zaragoza.
This program comes with ABSOLUTELY NO WARRANTY;
This is free software, and you are welcome to redistribute it
under certain conditions. See LICENSE.txt.

Input sensor was set to: Monocular

Loading Vocabulary : /home/howard/Refactored_ORB_SLAM2/Install/var/lib/orbslam2/voc/orb_mur.fbow
This could take a while...
Loading ORB Vocabulary in FBoW.
ORB Vocabulary loaded in 0.008636s


Loading Vocabulary : /home/howard/Refactored_ORB_SLAM2/Install/var/lib/orbslam2/voc/superpoint.fbow
This could take a while...
Loading SuperPoint Vocabulary in FBoW.
SuperPoint Vocabulary loaded in 0.008947s


Camera Parameters: 
- fx: 520.909
- fy: 521.007
- cx: 325.141
- cy: 249.702
- k1: 0.231222
- k2: -0.784899
- k3: 0.917205
- p1: -0.003257
- p2: -0.000105
- fps: 30
- color order: RGB (ignored if grayscale)

[Feature 0] ORB Extractor Parameters: 
 ( TH_LOW: 50, TH_HIGH: 100 )
- Number of Features: 1000
- Scale Levels: 8
- Scale Factor: 1.2
- Initial Fast Threshold: 20
- Minimum Fast Threshold: 7

[Feature 1] SuperPoint Extractor Parameters: 
 ( TH_LOW: 0.7, TH_HIGH: 0.9 )
- Number of Features: 1000
- Scale Levels: 4
- Scale Factor: 1.2
- Use CUDA: 1
- Use NMS: 1
- iniTh: 0.08
- minTh: 0.04

-------
Start processing sequence ...
Images in the sequence: 3669

0
New map created with 97 points for 0 Feature Type 
New map created with 148 points for 1 Feature Type 
Tracking Initlized in 7.88s
The initlized frame ID: 16
System::StopViewer()
System::StopViewer() done
Viewer thread finished.

Saving correlation status...

========== Global Summary ==========
Frames: 3652
avg_CorrEdges: 98.7555
avg_match_A: 233.446
avg_match_B: 555.266
global_RI_MNR: 0.423034
global_RI_GNR: 0.274295
global_RI_DICE: 0.250422

========== Per-Channel Summary ==========
   chA   chB     avgCorr        avgA        avgB   avgRI_MNR   avgRI_GNR  avgRI_DICE
     0     1     98.7555     233.446     555.266     0.42285     0.27314    0.248879

Correlation status saved!

System Shutdown
-------

median tracking time: 0.0698768
mean tracking time: 0.0700833

Saving camera trajectory to result06.txt ...

trajectory saved!
All done

========== Performance Summary (ms) ==========
name                                mean      median        rmse         min         max       count
Tracking                          10.275      10.525       1.501       4.875      14.158        3652
Correlation                        0.312       0.311       0.043       0.176       0.486        3652
Total Init                      1275.574    1275.574       0.000    1275.574    1275.574           1
Pipeline                          70.080      69.873       5.479      55.185     222.916        3669
SuperPoint Extract                58.292      57.818       5.035      48.694     218.905        3669
ORB Extract                        6.285       6.220       0.598       4.682       9.003        3669
