Registering ORBextractor...
Registering AKAZEextractor...
Registering BRISKextractor...
Registering SIFTextractor...
Registering KAZEextractor...

ORB-SLAM2 Copyright (C) 2014-2016 Raul Mur-Artal, University of Zaragoza.
This program comes with ABSOLUTELY NO WARRANTY;
This is free software, and you are welcome to redistribute it
under certain conditions. See LICENSE.txt.

Input sensor was set to: Monocular

Loading Vocabulary : /home/howard/Refactored_ORB_SLAM2/Install/var/lib/orbslam2/voc/akaze_cv.fbow
This could take a while...
Loading AKAZE Vocabulary in FBoW.
AKAZE Vocabulary loaded in 0.015540s


Loading Vocabulary : /home/howard/Refactored_ORB_SLAM2/Install/var/lib/orbslam2/voc/kaze_cv.fbow
This could take a while...
Loading KAZE Vocabulary in FBoW.
KAZE Vocabulary loaded in 0.034267s


Camera Parameters: 
- fx: 517.306
- fy: 516.469
- cx: 318.643
- cy: 255.314
- k1: 0.262383
- k2: -0.953104
- k3: 1.16331
- p1: -0.005358
- p2: 0.002628
- fps: 30
- color order: RGB (ignored if grayscale)

[Feature 0] AKAZE Extractor Parameters: 
 ( TH_LOW: 100, TH_HIGH: 200 )
- Number of Features: 1000
- Scale Levels: 4
- Scale Factor: 1.2
- Threshold: 0.001
- Num of Octaves: 4
- Num of Octave Layers: 4

[Feature 1] KAZE Extractor Parameters: 
 ( TH_LOW: 0.5, TH_HIGH: 1 )
- Number of Features : 1000
- Scale Levels       : 4
- Scale Factor       : 1.2
- Threshold          : 0.0005
- nOctaves           : 4
- nOctaveLayers      : 4
- Extended (128‑dim) : 0
- Upright            : 0

-------
Start processing sequence ...
Images in the sequence: 798

0
New map created with 281 points for 0 Feature Type 
New map created with 395 points for 1 Feature Type 
Tracking Initlized in 20.28s
The initlized frame ID: 24
System::StopViewer()
System::StopViewer() done
Viewer thread finished.

Saving correlation status...

========== Global Summary ==========
Frames: 773
avg_CorrEdges: 324.916
avg_match_A: 360.364
avg_match_B: 537.237
global_RI_MNR: 0.901634
global_RI_GNR: 0.738444
global_RI_DICE: 0.723966

========== Per-Channel Summary ==========
   chA   chB     avgCorr        avgA        avgB   avgRI_MNR   avgRI_GNR  avgRI_DICE
     0     1     324.916     360.364     537.237    0.886345    0.717867    0.700358

Correlation status saved!

System Shutdown
-------

median tracking time: 0.0954403
mean tracking time: 0.0977443

Saving camera trajectory to result19.txt ...

trajectory saved!
All done

========== Performance Summary (ms) ==========
name                                mean      median        rmse         min         max       count
Tracking                          10.981      11.594       2.056       5.126      14.949         773
Total Init                      3587.086    3587.086       0.000    3587.086    3587.086           1
Pipeline                          97.741      95.432      11.164      83.519     179.221         798
KAZE Extract                      84.056      82.727       5.874      75.976     128.343         798
Correlation                        0.479       0.505       0.120       0.182       0.769         773
AKAZE Extract                     17.191      17.002       1.324      14.795      26.444         798
