Registering ORBextractor...
Registering AKAZEextractor...
Registering BRISKextractor...
Registering SIFTextractor...
Registering KAZEextractor...

ORB-SLAM2 Copyright (C) 2014-2016 Raul Mur-Artal, University of Zaragoza.
This program comes with ABSOLUTELY NO WARRANTY;
This is free software, and you are welcome to redistribute it
under certain conditions. See LICENSE.txt.

Input sensor was set to: Monocular

Loading Vocabulary : /home/howard/Refactored_ORB_SLAM2/Install/var/lib/orbslam2/voc/orb_mur.fbow
This could take a while...
Loading ORB Vocabulary in FBoW.
ORB Vocabulary loaded in 0.009409s


Loading Vocabulary : /home/howard/Refactored_ORB_SLAM2/Install/var/lib/orbslam2/voc/akaze_cv.fbow
This could take a while...
Loading AKAZE Vocabulary in FBoW.
AKAZE Vocabulary loaded in 0.016529s


Camera Parameters: 
- fx: 535.4
- fy: 539.2
- cx: 320.1
- cy: 247.6
- k1: 0
- k2: 0
- p1: 0
- p2: 0
- fps: 30
- color order: RGB (ignored if grayscale)

[Feature 0] ORB Extractor Parameters: 
 ( TH_LOW: 50, TH_HIGH: 100 )
- Number of Features: 1000
- Scale Levels: 8
- Scale Factor: 1.2
- Initial Fast Threshold: 20
- Minimum Fast Threshold: 7

[Feature 1] AKAZE Extractor Parameters: 
 ( TH_LOW: 100, TH_HIGH: 200 )
- Number of Features: 1000
- Scale Levels: 4
- Scale Factor: 1.2
- Threshold: 1e-05
- Num of Octaves: 4
- Num of Octave Layers: 4

-------
Start processing sequence ...
Images in the sequence: 474

1
New map created with 5 points for 0 Feature Type 
New map created with 313 points for 1 Feature Type 
Tracking Initlized in 6.85s
The initlized frame ID: 28
The lost frame ID: 100
The lost frame ID: 103
The lost frame ID: 107
The lost frame ID: 108
The lost frame ID: 110
The lost frame ID: 115
The lost frame ID: 117
The lost frame ID: 119
The lost frame ID: 120
The lost frame ID: 123
The lost frame ID: 126
The lost frame ID: 131
The lost frame ID: 133
The lost frame ID: 136
The lost frame ID: 149
The lost frame ID: 150
The lost frame ID: 152
The lost frame ID: 153
The lost frame ID: 155
The lost frame ID: 156
The lost frame ID: 157
The lost frame ID: 158
The lost frame ID: 159
The lost frame ID: 160
The lost frame ID: 161
The lost frame ID: 162
The lost frame ID: 164
The lost frame ID: 167
The lost frame ID: 168
The lost frame ID: 169
The lost frame ID: 170
The lost frame ID: 172
The lost frame ID: 173
The lost frame ID: 175
The lost frame ID: 176
The lost frame ID: 178
The lost frame ID: 179
The lost frame ID: 180
The lost frame ID: 182
The lost frame ID: 183
The lost frame ID: 184
The lost frame ID: 185
The lost frame ID: 186
The lost frame ID: 187
The lost frame ID: 188
The lost frame ID: 189
The lost frame ID: 190
The lost frame ID: 192
The lost frame ID: 193
The lost frame ID: 195
The lost frame ID: 197
The lost frame ID: 198
The lost frame ID: 199
The lost frame ID: 200
The lost frame ID: 201
The lost frame ID: 202
The lost frame ID: 203
The lost frame ID: 204
The lost frame ID: 205
The lost frame ID: 206
The lost frame ID: 207
The lost frame ID: 208
The lost frame ID: 209
The lost frame ID: 210
The lost frame ID: 211
The lost frame ID: 212
The lost frame ID: 214
The lost frame ID: 215
The lost frame ID: 216
The lost frame ID: 217
The lost frame ID: 218
The lost frame ID: 219
The lost frame ID: 220
The lost frame ID: 221
The lost frame ID: 222
The lost frame ID: 223
The lost frame ID: 224
The lost frame ID: 225
The lost frame ID: 226
The lost frame ID: 227
The lost frame ID: 228
The lost frame ID: 229
The lost frame ID: 230
The lost frame ID: 231
The lost frame ID: 232
The lost frame ID: 233
The lost frame ID: 234
The lost frame ID: 235
The lost frame ID: 236
The lost frame ID: 237
The lost frame ID: 238
The lost frame ID: 239
The lost frame ID: 240
The lost frame ID: 241
The lost frame ID: 242
The lost frame ID: 243
The lost frame ID: 244
The lost frame ID: 245
The lost frame ID: 246
The lost frame ID: 247
The lost frame ID: 248
The lost frame ID: 249
The lost frame ID: 250
The lost frame ID: 251
The lost frame ID: 252
The lost frame ID: 253
The lost frame ID: 254
The lost frame ID: 255
The lost frame ID: 256
The lost frame ID: 257
The lost frame ID: 258
The lost frame ID: 259
The lost frame ID: 260
The lost frame ID: 261
The lost frame ID: 262
The lost frame ID: 263
The lost frame ID: 264
The lost frame ID: 265
The lost frame ID: 266
The lost frame ID: 267
The lost frame ID: 268
The lost frame ID: 269
The lost frame ID: 270
The lost frame ID: 271
The lost frame ID: 272
The lost frame ID: 273
The lost frame ID: 274
The lost frame ID: 275
The lost frame ID: 276
The lost frame ID: 277
The lost frame ID: 278
The lost frame ID: 279
The lost frame ID: 280
The lost frame ID: 281
The lost frame ID: 282
The lost frame ID: 283
The lost frame ID: 284
The lost frame ID: 285
The lost frame ID: 286
The lost frame ID: 287
The lost frame ID: 288
The lost frame ID: 289
The lost frame ID: 290
The lost frame ID: 291
The lost frame ID: 292
The lost frame ID: 293
The lost frame ID: 294
The lost frame ID: 295
The lost frame ID: 296
The lost frame ID: 297
The lost frame ID: 298
The lost frame ID: 299
The lost frame ID: 300
The lost frame ID: 301
The lost frame ID: 302
The lost frame ID: 303
The lost frame ID: 304
The lost frame ID: 305
The lost frame ID: 306
The lost frame ID: 307
The lost frame ID: 308
The lost frame ID: 309
The lost frame ID: 310
The lost frame ID: 311
The lost frame ID: 313
The lost frame ID: 314
The lost frame ID: 315
The lost frame ID: 316
The lost frame ID: 317
The lost frame ID: 318
The lost frame ID: 319
The lost frame ID: 320
The lost frame ID: 321
The lost frame ID: 322
The lost frame ID: 323
The lost frame ID: 324
The lost frame ID: 325
The lost frame ID: 326
The lost frame ID: 327
The lost frame ID: 328
The lost frame ID: 329
The lost frame ID: 330
The lost frame ID: 331
The lost frame ID: 332
The lost frame ID: 333
The lost frame ID: 334
The lost frame ID: 335
The lost frame ID: 336
The lost frame ID: 337
The lost frame ID: 338
The lost frame ID: 339
The lost frame ID: 340
The lost frame ID: 341
The lost frame ID: 342
The lost frame ID: 343
The lost frame ID: 344
The lost frame ID: 345
The lost frame ID: 346
The lost frame ID: 347
The lost frame ID: 348
The lost frame ID: 349
The lost frame ID: 350
The lost frame ID: 351
The lost frame ID: 352
The lost frame ID: 353
The lost frame ID: 354
The lost frame ID: 355
The lost frame ID: 356
The lost frame ID: 357
The lost frame ID: 358
The lost frame ID: 359
The lost frame ID: 360
The lost frame ID: 361
The lost frame ID: 362
The lost frame ID: 364
The lost frame ID: 365
The lost frame ID: 366
The lost frame ID: 367
The lost frame ID: 368
The lost frame ID: 369
The lost frame ID: 370
The lost frame ID: 371
The lost frame ID: 372
The lost frame ID: 373
The lost frame ID: 375
The lost frame ID: 376
The lost frame ID: 377
The lost frame ID: 378
The lost frame ID: 379
The lost frame ID: 380
The lost frame ID: 381
The lost frame ID: 383
The lost frame ID: 384
The lost frame ID: 385
The lost frame ID: 386
The lost frame ID: 387
The lost frame ID: 388
The lost frame ID: 389
The lost frame ID: 390
The lost frame ID: 391
The lost frame ID: 392
The lost frame ID: 393
The lost frame ID: 394
The lost frame ID: 395
The lost frame ID: 396
The lost frame ID: 397
The lost frame ID: 398
The lost frame ID: 399
The lost frame ID: 400
The lost frame ID: 401
The lost frame ID: 402
The lost frame ID: 403
The lost frame ID: 404
The lost frame ID: 405
The lost frame ID: 406
The lost frame ID: 407
The lost frame ID: 408
The lost frame ID: 409
The lost frame ID: 410
The lost frame ID: 411
The lost frame ID: 413
The lost frame ID: 414
The lost frame ID: 415
The lost frame ID: 416
The lost frame ID: 417
The lost frame ID: 418
The lost frame ID: 419
The lost frame ID: 420
The lost frame ID: 421
The lost frame ID: 422
The lost frame ID: 423
The lost frame ID: 424
The lost frame ID: 425
The lost frame ID: 426
The lost frame ID: 427
The lost frame ID: 428
The lost frame ID: 429
The lost frame ID: 430
The lost frame ID: 431
The lost frame ID: 432
The lost frame ID: 433
The lost frame ID: 434
The lost frame ID: 435
The lost frame ID: 436
The lost frame ID: 437
The lost frame ID: 438
The lost frame ID: 439
The lost frame ID: 440
The lost frame ID: 441
The lost frame ID: 442
The lost frame ID: 443
The lost frame ID: 444
The lost frame ID: 445
The lost frame ID: 446
The lost frame ID: 447
The lost frame ID: 448
The lost frame ID: 449
The lost frame ID: 450
The lost frame ID: 451
The lost frame ID: 452
The lost frame ID: 453
The lost frame ID: 454
The lost frame ID: 455
The lost frame ID: 456
The lost frame ID: 457
The lost frame ID: 458
The lost frame ID: 459
The lost frame ID: 460
The lost frame ID: 461
The lost frame ID: 464
The lost frame ID: 465
The lost frame ID: 466
The lost frame ID: 467
The lost frame ID: 468
The lost frame ID: 469
The lost frame ID: 470
The lost frame ID: 471
The lost frame ID: 472
The lost frame ID: 473
System::StopViewer()
System::StopViewer() done
Viewer thread finished.

Saving correlation status...

========== Global Summary ==========
Frames: 77
avg_CorrEdges: 4.88312
avg_match_A: 14.7662
avg_match_B: 244.766
global_RI_MNR: 0.330695
global_RI_GNR: 0.0812244
global_RI_DICE: 0.0376301

========== Per-Channel Summary ==========
   chA   chB     avgCorr        avgA        avgB   avgRI_MNR   avgRI_GNR  avgRI_DICE
     0     1     4.88312     14.7662     244.766    0.304221   0.0744562   0.0350874

Correlation status saved!

System Shutdown
-------

median tracking time: 0.0219592
mean tracking time: 0.0245453

Saving camera trajectory to result11.txt ...

trajectory saved!
All done

========== Performance Summary (ms) ==========
name                                mean      median        rmse         min         max       count
Tracking                           2.941       2.914       0.738       1.219       7.431         445
Total Init                      1928.558    1928.558       0.000    1928.558    1928.558           1
Pipeline                          24.543      21.952      10.458      18.560      73.429         474
Correlation                        0.050       0.070       0.041       0.002       0.124         125
AKAZE Extract                     17.954      17.801       1.216      16.019      33.047         474
ORB Extract                        2.509       2.476       0.302       1.790       5.224         474
