Registering ORBextractor...
Registering AKAZEextractor...
Registering BRISKextractor...
Registering SIFTextractor...
Registering KAZEextractor...

ORB-SLAM2 Copyright (C) 2014-2016 Raul Mur-Artal, University of Zaragoza.
This program comes with ABSOLUTELY NO WARRANTY;
This is free software, and you are welcome to redistribute it
under certain conditions. See LICENSE.txt.

Input sensor was set to: Monocular

Loading Vocabulary : /home/howard/Refactored_ORB_SLAM2/Install/var/lib/orbslam2/voc/orb_mur.fbow
This could take a while...
Loading ORB Vocabulary in FBoW.
ORB Vocabulary loaded in 0.009464s


Loading Vocabulary : /home/howard/Refactored_ORB_SLAM2/Install/var/lib/orbslam2/voc/akaze_cv.fbow
This could take a while...
Loading AKAZE Vocabulary in FBoW.
AKAZE Vocabulary loaded in 0.016505s


Camera Parameters: 
- fx: 535.4
- fy: 539.2
- cx: 320.1
- cy: 247.6
- k1: 0
- k2: 0
- p1: 0
- p2: 0
- fps: 30
- color order: RGB (ignored if grayscale)

[Feature 0] ORB Extractor Parameters: 
 ( TH_LOW: 50, TH_HIGH: 100 )
- Number of Features: 1000
- Scale Levels: 8
- Scale Factor: 1.2
- Initial Fast Threshold: 20
- Minimum Fast Threshold: 7

[Feature 1] AKAZE Extractor Parameters: 
 ( TH_LOW: 100, TH_HIGH: 200 )
- Number of Features: 1000
- Scale Levels: 4
- Scale Factor: 1.2
- Threshold: 1e-05
- Num of Octaves: 4
- Num of Octave Layers: 4

-------
Start processing sequence ...
Images in the sequence: 474

1
New map created with 5 points for 0 Feature Type 
New map created with 313 points for 1 Feature Type 
Tracking Initlized in 7.51s
The initlized frame ID: 28
The lost frame ID: 100
The lost frame ID: 103
The lost frame ID: 107
The lost frame ID: 108
The lost frame ID: 119
System::StopViewer()
System::StopViewer() done
Viewer thread finished.

Saving correlation status...

========== Global Summary ==========
Frames: 437
avg_CorrEdges: 10.9336
avg_match_A: 24.4279
avg_match_B: 178.65
global_RI_MNR: 0.447588
global_RI_GNR: 0.165508
global_RI_DICE: 0.107679

========== Per-Channel Summary ==========
   chA   chB     avgCorr        avgA        avgB   avgRI_MNR   avgRI_GNR  avgRI_DICE
     0     1     10.9336     24.4279      178.65    0.430442    0.166738    0.115277

Correlation status saved!

System Shutdown
-------

median tracking time: 0.0215581
mean tracking time: 0.0243926

Saving camera trajectory to result20.txt ...

trajectory saved!
All done

========== Performance Summary (ms) ==========
name                                mean      median        rmse         min         max       count
Tracking                           2.715       2.696       0.535       1.325       5.410         445
Total Init                      1986.823    1986.823       0.000    1986.823    1986.823           1
Pipeline                          24.390      21.552      11.142      18.574      87.208         474
Correlation                        0.078       0.077       0.018       0.003       0.150         440
AKAZE Extract                     18.125      17.815       2.323      15.901      53.094         474
ORB Extract                        2.495       2.477       0.292       1.720       4.091         474
