Registering ORBextractor...
Registering AKAZEextractor...
Registering BRISKextractor...
Registering SIFTextractor...
Registering KAZEextractor...
Registering SuperPointExtractor...

ORB-SLAM2 Copyright (C) 2014-2016 Raul Mur-Artal, University of Zaragoza.
This program comes with ABSOLUTELY NO WARRANTY;
This is free software, and you are welcome to redistribute it
under certain conditions. See LICENSE.txt.

Input sensor was set to: Monocular

Loading Vocabulary : /home/howard/Refactored_ORB_SLAM2/Install/var/lib/orbslam2/voc/akaze_cv.fbow
This could take a while...
Loading AKAZE Vocabulary in FBoW.
AKAZE Vocabulary loaded in 0.001863s


Loading Vocabulary : /home/howard/Refactored_ORB_SLAM2/Install/var/lib/orbslam2/voc/brisk_cv.fbow
This could take a while...
Loading BRISK Vocabulary in FBoW.
BRISK Vocabulary loaded in 0.001792s


Camera Parameters: 
- fx: 517.306
- fy: 516.469
- cx: 318.643
- cy: 255.314
- k1: 0.262383
- k2: -0.953104
- k3: 1.16331
- p1: -0.005358
- p2: 0.002628
- fps: 30
- color order: RGB (ignored if grayscale)

[Feature 0] AKAZE Extractor Parameters: 
 ( TH_LOW: 100, TH_HIGH: 200 )
- Number of Features: 1000
- Scale Levels: 4
- Scale Factor: 1.2
- Threshold: 0.001
- Num of Octaves: 4
- Num of Octave Layers: 4

[Feature 1] BRISK Extractor Parameters: 
 ( TH_LOW: 100, TH_HIGH: 200 )
- Number of Features: 1000
- Scale Levels: 6
- Scale Factor: 1.414
- Threshold: 10
- Num of Octaves: 3
- Pattern Scale: 1

-------
Start processing sequence ...
Images in the sequence: 798

0
New map created with 281 points for 0 Feature Type 
New map created with 144 points for 1 Feature Type 
Tracking Initlized in 8.67s
The initlized frame ID: 24
System::StopViewer()
System::StopViewer() done
Viewer thread finished.

Saving correlation status...

========== Global Summary ==========
Frames: 773
avg_CorrEdges: 93.1785
avg_match_A: 348.913
avg_match_B: 347.052
global_RI_MNR: 0.268486
global_RI_GNR: 0.267769
global_RI_DICE: 0.267768

========== Per-Channel Summary ==========
   chA   chB     avgCorr        avgA        avgB   avgRI_MNR   avgRI_GNR  avgRI_DICE
     0     1     93.1785     348.913     347.052    0.261102    0.243353    0.242329

Correlation status saved!

System Shutdown
-------

median tracking time: 0.0558946
mean tracking time: 0.0566156

Saving camera trajectory to result01.txt ...

trajectory saved!
All done

========== Performance Summary (ms) ==========
name                                mean      median        rmse         min         max       count
Tracking                          11.234      11.028       3.290       4.480      19.886         773
Total Init                      2718.075    2718.075       0.000    2718.075    2718.075           1
Pipeline                          56.612      55.875      13.565      28.264     129.414         798
BRISK Extract                     42.321      42.706       7.954      19.876      60.101         798
Correlation                        0.391       0.394       0.141       0.105       0.811         773
AKAZE Extract                     20.990      20.776       1.406      17.930      30.824         798
