Registering ORBextractor...
Registering AKAZEextractor...
Registering BRISKextractor...
Registering SIFTextractor...
Registering KAZEextractor...
Registering SuperPointExtractor...

ORB-SLAM2 Copyright (C) 2014-2016 Raul Mur-Artal, University of Zaragoza.
This program comes with ABSOLUTELY NO WARRANTY;
This is free software, and you are welcome to redistribute it
under certain conditions. See LICENSE.txt.

Input sensor was set to: Monocular

Loading Vocabulary : /home/howard/Refactored_ORB_SLAM2/Install/var/lib/orbslam2/voc/akaze_cv.fbow
This could take a while...
Loading AKAZE Vocabulary in FBoW.
AKAZE Vocabulary loaded in 0.001741s


Loading Vocabulary : /home/howard/Refactored_ORB_SLAM2/Install/var/lib/orbslam2/voc/brisk_cv.fbow
This could take a while...
Loading BRISK Vocabulary in FBoW.
BRISK Vocabulary loaded in 0.001714s


Camera Parameters: 
- fx: 520.909
- fy: 521.007
- cx: 325.141
- cy: 249.702
- k1: 0.231222
- k2: -0.784899
- k3: 0.917205
- p1: -0.003257
- p2: -0.000105
- fps: 30
- color order: RGB (ignored if grayscale)

[Feature 0] AKAZE Extractor Parameters: 
 ( TH_LOW: 100, TH_HIGH: 200 )
- Number of Features: 1000
- Scale Levels: 4
- Scale Factor: 1.2
- Threshold: 0.001
- Num of Octaves: 4
- Num of Octave Layers: 4

[Feature 1] BRISK Extractor Parameters: 
 ( TH_LOW: 100, TH_HIGH: 200 )
- Number of Features: 1000
- Scale Levels: 6
- Scale Factor: 1.414
- Threshold: 10
- Num of Octaves: 3
- Pattern Scale: 1

-------
Start processing sequence ...
Images in the sequence: 3669

0
New map created with 214 points for 0 Feature Type 
New map created with 298 points for 1 Feature Type 
Tracking Initlized in 13.29s
The initlized frame ID: 50
System::StopViewer()
System::StopViewer() done
Viewer thread finished.

Saving correlation status...

========== Global Summary ==========
Frames: 3618
avg_CorrEdges: 75.9384
avg_match_A: 292.434
avg_match_B: 331.107
global_RI_MNR: 0.259677
global_RI_GNR: 0.244041
global_RI_DICE: 0.243571

========== Per-Channel Summary ==========
   chA   chB     avgCorr        avgA        avgB   avgRI_MNR   avgRI_GNR  avgRI_DICE
     0     1     75.9384     292.434     331.107    0.264113    0.240053    0.238349

Correlation status saved!

System Shutdown
-------

median tracking time: 0.0505436
mean tracking time: 0.0508964

Saving camera trajectory to result03.txt ...

trajectory saved!
All done

========== Performance Summary (ms) ==========
name                                mean      median        rmse         min         max       count
Tracking                           8.243       8.383       1.367       3.445      12.202        3618
Total Init                      3919.169    3919.169       0.000    3919.169    3919.169           1
Pipeline                          50.894      50.540       7.718      33.202      81.240        3669
BRISK Extract                     41.127      40.576       6.850      24.562      66.490        3669
Correlation                        0.296       0.296       0.052       0.142       0.488        3618
AKAZE Extract                     18.759      18.595       0.940      16.424      29.736        3669
