Registering ORBextractor...
Registering AKAZEextractor...
Registering BRISKextractor...
Registering SIFTextractor...
Registering KAZEextractor...
Registering SuperPointExtractor...

ORB-SLAM2 Copyright (C) 2014-2016 Raul Mur-Artal, University of Zaragoza.
This program comes with ABSOLUTELY NO WARRANTY;
This is free software, and you are welcome to redistribute it
under certain conditions. See LICENSE.txt.

Input sensor was set to: Monocular

Loading Vocabulary : /home/howard/Refactored_ORB_SLAM2/Install/var/lib/orbslam2/voc/akaze_cv.fbow
This could take a while...
Loading AKAZE Vocabulary in FBoW.
AKAZE Vocabulary loaded in 0.001835s


Loading Vocabulary : /home/howard/Refactored_ORB_SLAM2/Install/var/lib/orbslam2/voc/brisk_cv.fbow
This could take a while...
Loading BRISK Vocabulary in FBoW.
BRISK Vocabulary loaded in 0.001741s


Camera Parameters: 
- fx: 520.909
- fy: 521.007
- cx: 325.141
- cy: 249.702
- k1: 0.231222
- k2: -0.784899
- k3: 0.917205
- p1: -0.003257
- p2: -0.000105
- fps: 30
- color order: RGB (ignored if grayscale)

[Feature 0] AKAZE Extractor Parameters: 
 ( TH_LOW: 100, TH_HIGH: 200 )
- Number of Features: 1000
- Scale Levels: 4
- Scale Factor: 1.2
- Threshold: 0.001
- Num of Octaves: 4
- Num of Octave Layers: 4

[Feature 1] BRISK Extractor Parameters: 
 ( TH_LOW: 100, TH_HIGH: 200 )
- Number of Features: 1000
- Scale Levels: 6
- Scale Factor: 1.414
- Threshold: 10
- Num of Octaves: 3
- Pattern Scale: 1

-------
Start processing sequence ...
Images in the sequence: 3669

0
New map created with 214 points for 0 Feature Type 
New map created with 298 points for 1 Feature Type 
Tracking Initlized in 13.54s
The initlized frame ID: 50
The lost frame ID: 2817
The lost frame ID: 2818
The lost frame ID: 2819
The lost frame ID: 2820
The lost frame ID: 2821
The lost frame ID: 2822
The lost frame ID: 2823
The lost frame ID: 2824
The lost frame ID: 2825
The lost frame ID: 2826
The lost frame ID: 2827
The lost frame ID: 2828
The lost frame ID: 2829
The lost frame ID: 2830
The lost frame ID: 2831
The lost frame ID: 2832
The lost frame ID: 2833
The lost frame ID: 2834
The lost frame ID: 2835
The lost frame ID: 2836
The lost frame ID: 2837
The lost frame ID: 2838
The lost frame ID: 2839
The lost frame ID: 2840
The lost frame ID: 2841
The lost frame ID: 2842
The lost frame ID: 2843
The lost frame ID: 2844
The lost frame ID: 2845
The lost frame ID: 2846
The lost frame ID: 2847
The lost frame ID: 2848
The lost frame ID: 2849
The lost frame ID: 2850
The lost frame ID: 2851
The lost frame ID: 2852
The lost frame ID: 2853
The lost frame ID: 2854
The lost frame ID: 2855
The lost frame ID: 2856
The lost frame ID: 2857
The lost frame ID: 2858
The lost frame ID: 2859
The lost frame ID: 2860
The lost frame ID: 2861
The lost frame ID: 2862
The lost frame ID: 2863
The lost frame ID: 2864
The lost frame ID: 2865
The lost frame ID: 2866
The lost frame ID: 2867
The lost frame ID: 2868
The lost frame ID: 2869
The lost frame ID: 2870
The lost frame ID: 2871
The lost frame ID: 2872
The lost frame ID: 2873
The lost frame ID: 2874
The lost frame ID: 2875
The lost frame ID: 2876
The lost frame ID: 2877
The lost frame ID: 2878
The lost frame ID: 2879
The lost frame ID: 2880
The lost frame ID: 2881
The lost frame ID: 2882
The lost frame ID: 2883
The lost frame ID: 2884
The lost frame ID: 2885
The lost frame ID: 2886
The lost frame ID: 2887
The lost frame ID: 2888
The lost frame ID: 2889
The lost frame ID: 2890
The lost frame ID: 2891
The lost frame ID: 2892
The lost frame ID: 2893
The lost frame ID: 2894
The lost frame ID: 2895
The lost frame ID: 2896
The lost frame ID: 2897
The lost frame ID: 2898
The lost frame ID: 2899
The lost frame ID: 2900
The lost frame ID: 2901
The lost frame ID: 2902
The lost frame ID: 2903
The lost frame ID: 2904
The lost frame ID: 2905
The lost frame ID: 2906
The lost frame ID: 2907
The lost frame ID: 2908
The lost frame ID: 2909
The lost frame ID: 2910
The lost frame ID: 2911
The lost frame ID: 2912
The lost frame ID: 2913
The lost frame ID: 2914
The lost frame ID: 2915
The lost frame ID: 2916
The lost frame ID: 2917
The lost frame ID: 2918
The lost frame ID: 2919
The lost frame ID: 2920
The lost frame ID: 2921
The lost frame ID: 2922
The lost frame ID: 2923
The lost frame ID: 2924
The lost frame ID: 2925
The lost frame ID: 2926
The lost frame ID: 2927
The lost frame ID: 2928
The lost frame ID: 2929
The lost frame ID: 2930
The lost frame ID: 2931
The lost frame ID: 2932
The lost frame ID: 2933
The lost frame ID: 2934
The lost frame ID: 2935
The lost frame ID: 2936
The lost frame ID: 2937
The lost frame ID: 2938
The lost frame ID: 2939
The lost frame ID: 2940
The lost frame ID: 2941
The lost frame ID: 2942
The lost frame ID: 2943
The lost frame ID: 2944
The lost frame ID: 2945
The lost frame ID: 2946
The lost frame ID: 2947
The lost frame ID: 2948
The lost frame ID: 2949
The lost frame ID: 2950
The lost frame ID: 2951
The lost frame ID: 2952
The lost frame ID: 2953
The lost frame ID: 2954
The lost frame ID: 2955
The lost frame ID: 2956
The lost frame ID: 2957
The lost frame ID: 2958
The lost frame ID: 2959
The lost frame ID: 2960
The lost frame ID: 2961
The lost frame ID: 2962
The lost frame ID: 2963
The lost frame ID: 2964
The lost frame ID: 2965
The lost frame ID: 2966
The lost frame ID: 2967
The lost frame ID: 2968
The lost frame ID: 2969
The lost frame ID: 2970
The lost frame ID: 2971
The lost frame ID: 2972
The lost frame ID: 2973
The lost frame ID: 2974
The lost frame ID: 2975
The lost frame ID: 2976
The lost frame ID: 2977
The lost frame ID: 2978
The lost frame ID: 2979
The lost frame ID: 2980
The lost frame ID: 2981
The lost frame ID: 2982
The lost frame ID: 2983
The lost frame ID: 2984
The lost frame ID: 2985
The lost frame ID: 2986
The lost frame ID: 2987
The lost frame ID: 2988
The lost frame ID: 2989
The lost frame ID: 2990
The lost frame ID: 2991
The lost frame ID: 2992
The lost frame ID: 2993
The lost frame ID: 2994
The lost frame ID: 2995
The lost frame ID: 2996
The lost frame ID: 2997
The lost frame ID: 2998
The lost frame ID: 2999
The lost frame ID: 3000
The lost frame ID: 3001
The lost frame ID: 3002
The lost frame ID: 3003
The lost frame ID: 3004
The lost frame ID: 3005
The lost frame ID: 3006
The lost frame ID: 3007
The lost frame ID: 3008
The lost frame ID: 3009
The lost frame ID: 3010
The lost frame ID: 3011
The lost frame ID: 3012
The lost frame ID: 3013
The lost frame ID: 3014
The lost frame ID: 3015
The lost frame ID: 3016
The lost frame ID: 3017
The lost frame ID: 3018
The lost frame ID: 3019
The lost frame ID: 3020
The lost frame ID: 3021
The lost frame ID: 3022
The lost frame ID: 3023
The lost frame ID: 3024
The lost frame ID: 3025
The lost frame ID: 3026
The lost frame ID: 3027
The lost frame ID: 3028
The lost frame ID: 3029
The lost frame ID: 3030
The lost frame ID: 3031
The lost frame ID: 3032
The lost frame ID: 3033
The lost frame ID: 3034
The lost frame ID: 3035
The lost frame ID: 3036
The lost frame ID: 3037
The lost frame ID: 3038
The lost frame ID: 3039
The lost frame ID: 3040
The lost frame ID: 3041
The lost frame ID: 3042
The lost frame ID: 3043
The lost frame ID: 3044
The lost frame ID: 3045
The lost frame ID: 3046
The lost frame ID: 3047
The lost frame ID: 3048
The lost frame ID: 3049
The lost frame ID: 3050
The lost frame ID: 3051
The lost frame ID: 3052
The lost frame ID: 3053
The lost frame ID: 3054
The lost frame ID: 3055
The lost frame ID: 3056
The lost frame ID: 3057
The lost frame ID: 3058
The lost frame ID: 3059
The lost frame ID: 3060
The lost frame ID: 3061
The lost frame ID: 3062
The lost frame ID: 3063
The lost frame ID: 3064
The lost frame ID: 3065
The lost frame ID: 3066
The lost frame ID: 3067
The lost frame ID: 3068
The lost frame ID: 3069
The lost frame ID: 3070
The lost frame ID: 3071
The lost frame ID: 3072
The lost frame ID: 3073
The lost frame ID: 3074
The lost frame ID: 3075
The lost frame ID: 3076
The lost frame ID: 3077
The lost frame ID: 3078
The lost frame ID: 3079
The lost frame ID: 3080
The lost frame ID: 3081
The lost frame ID: 3082
The lost frame ID: 3083
The lost frame ID: 3084
The lost frame ID: 3085
The lost frame ID: 3086
The lost frame ID: 3087
The lost frame ID: 3088
The lost frame ID: 3089
The lost frame ID: 3090
The lost frame ID: 3091
The lost frame ID: 3092
The lost frame ID: 3093
The lost frame ID: 3094
The lost frame ID: 3095
The lost frame ID: 3096
The lost frame ID: 3097
The lost frame ID: 3098
The lost frame ID: 3099
The lost frame ID: 3100
The lost frame ID: 3101
The lost frame ID: 3102
The lost frame ID: 3103
The lost frame ID: 3104
The lost frame ID: 3105
The lost frame ID: 3106
The lost frame ID: 3107
The lost frame ID: 3108
The lost frame ID: 3109
The lost frame ID: 3110
The lost frame ID: 3111
The lost frame ID: 3112
The lost frame ID: 3113
The lost frame ID: 3114
The lost frame ID: 3115
The lost frame ID: 3116
The lost frame ID: 3117
The lost frame ID: 3118
The lost frame ID: 3119
The lost frame ID: 3120
The lost frame ID: 3121
The lost frame ID: 3122
The lost frame ID: 3123
The lost frame ID: 3124
The lost frame ID: 3125
The lost frame ID: 3126
The lost frame ID: 3127
The lost frame ID: 3128
The lost frame ID: 3129
The lost frame ID: 3130
The lost frame ID: 3131
The lost frame ID: 3132
The lost frame ID: 3133
The lost frame ID: 3134
The lost frame ID: 3135
The lost frame ID: 3136
The lost frame ID: 3137
The lost frame ID: 3138
The lost frame ID: 3139
The lost frame ID: 3140
The lost frame ID: 3141
The lost frame ID: 3142
The lost frame ID: 3143
The lost frame ID: 3144
The lost frame ID: 3145
The lost frame ID: 3146
The lost frame ID: 3147
The lost frame ID: 3148
The lost frame ID: 3149
The lost frame ID: 3150
The lost frame ID: 3151
The lost frame ID: 3152
The lost frame ID: 3153
The lost frame ID: 3154
The lost frame ID: 3155
The lost frame ID: 3156
The lost frame ID: 3157
The lost frame ID: 3158
The lost frame ID: 3159
The lost frame ID: 3160
The lost frame ID: 3161
The lost frame ID: 3162
The lost frame ID: 3163
The lost frame ID: 3164
The lost frame ID: 3165
The lost frame ID: 3166
The lost frame ID: 3167
The lost frame ID: 3168
The lost frame ID: 3169
The lost frame ID: 3170
The lost frame ID: 3171
The lost frame ID: 3172
The lost frame ID: 3173
The lost frame ID: 3174
The lost frame ID: 3175
The lost frame ID: 3176
The lost frame ID: 3177
The lost frame ID: 3178
The lost frame ID: 3179
The lost frame ID: 3180
The lost frame ID: 3181
The lost frame ID: 3182
The lost frame ID: 3183
The lost frame ID: 3184
The lost frame ID: 3185
The lost frame ID: 3186
The lost frame ID: 3187
The lost frame ID: 3188
The lost frame ID: 3189
The lost frame ID: 3190
The lost frame ID: 3191
The lost frame ID: 3192
The lost frame ID: 3193
The lost frame ID: 3194
The lost frame ID: 3195
The lost frame ID: 3196
The lost frame ID: 3197
The lost frame ID: 3198
The lost frame ID: 3199
The lost frame ID: 3200
The lost frame ID: 3201
The lost frame ID: 3202
The lost frame ID: 3203
The lost frame ID: 3204
The lost frame ID: 3205
The lost frame ID: 3206
The lost frame ID: 3207
The lost frame ID: 3208
The lost frame ID: 3209
The lost frame ID: 3210
The lost frame ID: 3211
The lost frame ID: 3212
The lost frame ID: 3213
The lost frame ID: 3214
The lost frame ID: 3215
The lost frame ID: 3216
The lost frame ID: 3217
The lost frame ID: 3218
The lost frame ID: 3219
The lost frame ID: 3220
The lost frame ID: 3221
The lost frame ID: 3222
The lost frame ID: 3223
The lost frame ID: 3224
The lost frame ID: 3225
The lost frame ID: 3226
The lost frame ID: 3227
The lost frame ID: 3228
The lost frame ID: 3229
The lost frame ID: 3230
The lost frame ID: 3231
The lost frame ID: 3232
The lost frame ID: 3233
The lost frame ID: 3234
The lost frame ID: 3235
The lost frame ID: 3236
The lost frame ID: 3237
The lost frame ID: 3238
The lost frame ID: 3239
The lost frame ID: 3240
The lost frame ID: 3241
The lost frame ID: 3242
The lost frame ID: 3243
The lost frame ID: 3244
The lost frame ID: 3245
The lost frame ID: 3246
The lost frame ID: 3247
The lost frame ID: 3248
The lost frame ID: 3249
The lost frame ID: 3250
The lost frame ID: 3251
The lost frame ID: 3252
The lost frame ID: 3253
The lost frame ID: 3254
The lost frame ID: 3255
The lost frame ID: 3256
The lost frame ID: 3257
The lost frame ID: 3258
The lost frame ID: 3259
The lost frame ID: 3260
The lost frame ID: 3261
The lost frame ID: 3262
The lost frame ID: 3263
The lost frame ID: 3264
The lost frame ID: 3265
The lost frame ID: 3266
The lost frame ID: 3267
The lost frame ID: 3268
The lost frame ID: 3269
The lost frame ID: 3270
The lost frame ID: 3271
The lost frame ID: 3272
The lost frame ID: 3273
The lost frame ID: 3274
The lost frame ID: 3275
The lost frame ID: 3276
The lost frame ID: 3277
The lost frame ID: 3278
The lost frame ID: 3279
The lost frame ID: 3280
The lost frame ID: 3281
The lost frame ID: 3282
The lost frame ID: 3283
The lost frame ID: 3284
The lost frame ID: 3285
The lost frame ID: 3286
The lost frame ID: 3287
The lost frame ID: 3288
The lost frame ID: 3289
The lost frame ID: 3290
The lost frame ID: 3291
The lost frame ID: 3292
The lost frame ID: 3293
The lost frame ID: 3294
The lost frame ID: 3295
The lost frame ID: 3296
The lost frame ID: 3297
The lost frame ID: 3298
The lost frame ID: 3299
The lost frame ID: 3300
The lost frame ID: 3301
The lost frame ID: 3302
The lost frame ID: 3303
The lost frame ID: 3304
The lost frame ID: 3305
The lost frame ID: 3306
The lost frame ID: 3307
The lost frame ID: 3308
The lost frame ID: 3309
The lost frame ID: 3310
The lost frame ID: 3311
The lost frame ID: 3312
The lost frame ID: 3313
The lost frame ID: 3314
The lost frame ID: 3315
The lost frame ID: 3316
The lost frame ID: 3317
The lost frame ID: 3318
The lost frame ID: 3319
The lost frame ID: 3320
The lost frame ID: 3321
The lost frame ID: 3322
The lost frame ID: 3323
The lost frame ID: 3324
The lost frame ID: 3325
The lost frame ID: 3326
The lost frame ID: 3327
The lost frame ID: 3328
The lost frame ID: 3329
The lost frame ID: 3330
The lost frame ID: 3331
The lost frame ID: 3332
The lost frame ID: 3333
The lost frame ID: 3334
The lost frame ID: 3335
The lost frame ID: 3336
The lost frame ID: 3337
The lost frame ID: 3338
The lost frame ID: 3339
The lost frame ID: 3340
The lost frame ID: 3341
The lost frame ID: 3342
The lost frame ID: 3343
The lost frame ID: 3344
The lost frame ID: 3345
The lost frame ID: 3346
The lost frame ID: 3347
The lost frame ID: 3348
The lost frame ID: 3349
The lost frame ID: 3350
The lost frame ID: 3351
The lost frame ID: 3352
The lost frame ID: 3353
The lost frame ID: 3354
The lost frame ID: 3355
The lost frame ID: 3356
The lost frame ID: 3357
The lost frame ID: 3358
The lost frame ID: 3359
The lost frame ID: 3360
The lost frame ID: 3361
The lost frame ID: 3362
The lost frame ID: 3363
The lost frame ID: 3364
The lost frame ID: 3365
The lost frame ID: 3366
The lost frame ID: 3367
The lost frame ID: 3368
The lost frame ID: 3369
The lost frame ID: 3370
The lost frame ID: 3371
The lost frame ID: 3372
The lost frame ID: 3373
The lost frame ID: 3374
The lost frame ID: 3375
The lost frame ID: 3376
The lost frame ID: 3377
The lost frame ID: 3378
The lost frame ID: 3379
The lost frame ID: 3380
The lost frame ID: 3381
The lost frame ID: 3382
The lost frame ID: 3383
The lost frame ID: 3384
The lost frame ID: 3385
The lost frame ID: 3386
The lost frame ID: 3387
The lost frame ID: 3388
The lost frame ID: 3389
The lost frame ID: 3390
The lost frame ID: 3391
The lost frame ID: 3392
The lost frame ID: 3393
The lost frame ID: 3394
The lost frame ID: 3395
The lost frame ID: 3396
The lost frame ID: 3397
The lost frame ID: 3398
The lost frame ID: 3399
The lost frame ID: 3400
The lost frame ID: 3401
The lost frame ID: 3402
The lost frame ID: 3403
The lost frame ID: 3404
The lost frame ID: 3405
The lost frame ID: 3406
The lost frame ID: 3407
The lost frame ID: 3408
The lost frame ID: 3409
The lost frame ID: 3410
The lost frame ID: 3411
The lost frame ID: 3412
The lost frame ID: 3413
The lost frame ID: 3414
The lost frame ID: 3415
The lost frame ID: 3416
The lost frame ID: 3417
The lost frame ID: 3418
The lost frame ID: 3419
The lost frame ID: 3420
The lost frame ID: 3421
The lost frame ID: 3422
The lost frame ID: 3423
The lost frame ID: 3424
The lost frame ID: 3425
The lost frame ID: 3426
The lost frame ID: 3427
The lost frame ID: 3428
The lost frame ID: 3429
The lost frame ID: 3430
The lost frame ID: 3431
The lost frame ID: 3432
The lost frame ID: 3433
The lost frame ID: 3434
The lost frame ID: 3435
The lost frame ID: 3436
The lost frame ID: 3437
The lost frame ID: 3438
The lost frame ID: 3439
The lost frame ID: 3440
The lost frame ID: 3441
The lost frame ID: 3442
The lost frame ID: 3443
The lost frame ID: 3444
The lost frame ID: 3445
The lost frame ID: 3446
The lost frame ID: 3447
The lost frame ID: 3448
The lost frame ID: 3449
The lost frame ID: 3450
The lost frame ID: 3451
The lost frame ID: 3452
The lost frame ID: 3453
The lost frame ID: 3454
The lost frame ID: 3455
The lost frame ID: 3456
The lost frame ID: 3457
The lost frame ID: 3458
The lost frame ID: 3459
The lost frame ID: 3460
The lost frame ID: 3461
The lost frame ID: 3462
The lost frame ID: 3463
The lost frame ID: 3464
The lost frame ID: 3465
The lost frame ID: 3466
The lost frame ID: 3467
The lost frame ID: 3468
The lost frame ID: 3469
The lost frame ID: 3470
The lost frame ID: 3471
The lost frame ID: 3472
The lost frame ID: 3473
The lost frame ID: 3474
The lost frame ID: 3475
The lost frame ID: 3476
The lost frame ID: 3477
The lost frame ID: 3478
The lost frame ID: 3479
The lost frame ID: 3480
The lost frame ID: 3481
The lost frame ID: 3482
The lost frame ID: 3483
The lost frame ID: 3484
The lost frame ID: 3485
The lost frame ID: 3486
The lost frame ID: 3487
The lost frame ID: 3488
The lost frame ID: 3489
The lost frame ID: 3490
The lost frame ID: 3491
The lost frame ID: 3492
The lost frame ID: 3493
The lost frame ID: 3494
The lost frame ID: 3495
The lost frame ID: 3496
The lost frame ID: 3497
The lost frame ID: 3498
The lost frame ID: 3499
The lost frame ID: 3500
The lost frame ID: 3501
The lost frame ID: 3502
The lost frame ID: 3503
The lost frame ID: 3504
The lost frame ID: 3505
The lost frame ID: 3506
The lost frame ID: 3507
The lost frame ID: 3508
The lost frame ID: 3509
The lost frame ID: 3510
The lost frame ID: 3511
The lost frame ID: 3512
The lost frame ID: 3513
The lost frame ID: 3514
The lost frame ID: 3515
The lost frame ID: 3516
The lost frame ID: 3517
The lost frame ID: 3518
The lost frame ID: 3519
The lost frame ID: 3520
The lost frame ID: 3521
The lost frame ID: 3522
The lost frame ID: 3523
The lost frame ID: 3524
The lost frame ID: 3525
The lost frame ID: 3526
The lost frame ID: 3527
The lost frame ID: 3528
The lost frame ID: 3529
The lost frame ID: 3530
The lost frame ID: 3531
The lost frame ID: 3532
The lost frame ID: 3533
The lost frame ID: 3534
The lost frame ID: 3535
The lost frame ID: 3536
The lost frame ID: 3537
The lost frame ID: 3538
The lost frame ID: 3539
The lost frame ID: 3540
The lost frame ID: 3541
The lost frame ID: 3542
The lost frame ID: 3543
The lost frame ID: 3544
The lost frame ID: 3545
The lost frame ID: 3546
The lost frame ID: 3547
The lost frame ID: 3548
The lost frame ID: 3549
The lost frame ID: 3550
The lost frame ID: 3551
The lost frame ID: 3552
The lost frame ID: 3553
The lost frame ID: 3554
The lost frame ID: 3555
The lost frame ID: 3556
The lost frame ID: 3557
The lost frame ID: 3558
The lost frame ID: 3559
The lost frame ID: 3560
The lost frame ID: 3561
The lost frame ID: 3562
The lost frame ID: 3563
The lost frame ID: 3564
The lost frame ID: 3565
The lost frame ID: 3566
The lost frame ID: 3567
The lost frame ID: 3568
The lost frame ID: 3569
The lost frame ID: 3570
The lost frame ID: 3571
The lost frame ID: 3572
The lost frame ID: 3573
The lost frame ID: 3574
The lost frame ID: 3575
The lost frame ID: 3576
The lost frame ID: 3577
The lost frame ID: 3578
The lost frame ID: 3579
The lost frame ID: 3580
The lost frame ID: 3581
The lost frame ID: 3582
The lost frame ID: 3583
The lost frame ID: 3584
The lost frame ID: 3585
The lost frame ID: 3586
The lost frame ID: 3587
The lost frame ID: 3588
The lost frame ID: 3589
The lost frame ID: 3590
The lost frame ID: 3591
The lost frame ID: 3592
The lost frame ID: 3593
The lost frame ID: 3594
The lost frame ID: 3595
The lost frame ID: 3596
The lost frame ID: 3597
The lost frame ID: 3598
The lost frame ID: 3599
The lost frame ID: 3600
The lost frame ID: 3601
The lost frame ID: 3602
The lost frame ID: 3603
The lost frame ID: 3604
The lost frame ID: 3605
The lost frame ID: 3606
The lost frame ID: 3607
The lost frame ID: 3608
The lost frame ID: 3609
The lost frame ID: 3610
The lost frame ID: 3611
The lost frame ID: 3612
The lost frame ID: 3613
The lost frame ID: 3614
The lost frame ID: 3615
The lost frame ID: 3616
The lost frame ID: 3617
The lost frame ID: 3618
The lost frame ID: 3619
The lost frame ID: 3620
The lost frame ID: 3621
The lost frame ID: 3622
The lost frame ID: 3623
The lost frame ID: 3624
The lost frame ID: 3625
The lost frame ID: 3626
The lost frame ID: 3627
The lost frame ID: 3628
The lost frame ID: 3629
The lost frame ID: 3630
The lost frame ID: 3631
The lost frame ID: 3632
The lost frame ID: 3633
The lost frame ID: 3634
The lost frame ID: 3635
The lost frame ID: 3636
The lost frame ID: 3637
The lost frame ID: 3638
The lost frame ID: 3639
The lost frame ID: 3640
The lost frame ID: 3641
The lost frame ID: 3642
The lost frame ID: 3643
The lost frame ID: 3644
The lost frame ID: 3645
The lost frame ID: 3646
The lost frame ID: 3647
The lost frame ID: 3648
The lost frame ID: 3649
The lost frame ID: 3650
The lost frame ID: 3651
The lost frame ID: 3652
The lost frame ID: 3653
The lost frame ID: 3654
The lost frame ID: 3655
The lost frame ID: 3656
The lost frame ID: 3657
The lost frame ID: 3658
The lost frame ID: 3659
The lost frame ID: 3660
The lost frame ID: 3661
The lost frame ID: 3662
The lost frame ID: 3663
The lost frame ID: 3664
The lost frame ID: 3665
The lost frame ID: 3666
The lost frame ID: 3667
The lost frame ID: 3668
System::StopViewer()
System::StopViewer() done
Viewer thread finished.

Saving correlation status...

========== Global Summary ==========
Frames: 2765
avg_CorrEdges: 79.5722
avg_match_A: 300.906
avg_match_B: 330.974
global_RI_MNR: 0.264442
global_RI_GNR: 0.252144
global_RI_DICE: 0.251858

========== Per-Channel Summary ==========
   chA   chB     avgCorr        avgA        avgB   avgRI_MNR   avgRI_GNR  avgRI_DICE
     0     1     79.5722     300.906     330.974    0.265681    0.245302    0.243974

Correlation status saved!

System Shutdown
-------

median tracking time: 0.0490605
mean tracking time: 0.0502231

Saving camera trajectory to result13.txt ...

trajectory saved!
All done

========== Performance Summary (ms) ==========
name                                mean      median        rmse         min         max       count
Tracking                           7.363       7.734       2.045       2.821      11.994        3618
Total Init                      3936.500    3936.500       0.000    3936.500    3936.500           1
Pipeline                          50.220      49.058       7.174      32.096      82.040        3669
BRISK Extract                     41.210      40.586       6.818      23.893      62.881        3669
Correlation                        0.305       0.303       0.066       0.107       0.540        2765
AKAZE Extract                     18.784      18.649       0.816      16.151      24.025        3669
