Registering ORBextractor...
Registering AKAZEextractor...
Registering BRISKextractor...
Registering SIFTextractor...
Registering KAZEextractor...
Registering SuperPointExtractor...

ORB-SLAM2 Copyright (C) 2014-2016 Raul Mur-Artal, University of Zaragoza.
This program comes with ABSOLUTELY NO WARRANTY;
This is free software, and you are welcome to redistribute it
under certain conditions. See LICENSE.txt.

Input sensor was set to: Monocular

Loading Vocabulary : /home/howard/Refactored_ORB_SLAM2/Install/var/lib/orbslam2/voc/akaze_cv.fbow
This could take a while...
Loading AKAZE Vocabulary in FBoW.
AKAZE Vocabulary loaded in 0.001777s


Loading Vocabulary : /home/howard/Refactored_ORB_SLAM2/Install/var/lib/orbslam2/voc/brisk_cv.fbow
This could take a while...
Loading BRISK Vocabulary in FBoW.
BRISK Vocabulary loaded in 0.001722s


Camera Parameters: 
- fx: 520.909
- fy: 521.007
- cx: 325.141
- cy: 249.702
- k1: 0.231222
- k2: -0.784899
- k3: 0.917205
- p1: -0.003257
- p2: -0.000105
- fps: 30
- color order: RGB (ignored if grayscale)

[Feature 0] AKAZE Extractor Parameters: 
 ( TH_LOW: 100, TH_HIGH: 200 )
- Number of Features: 1000
- Scale Levels: 4
- Scale Factor: 1.2
- Threshold: 0.001
- Num of Octaves: 4
- Num of Octave Layers: 4

[Feature 1] BRISK Extractor Parameters: 
 ( TH_LOW: 100, TH_HIGH: 200 )
- Number of Features: 1000
- Scale Levels: 6
- Scale Factor: 1.414
- Threshold: 10
- Num of Octaves: 3
- Pattern Scale: 1

-------
Start processing sequence ...
Images in the sequence: 3669

0
New map created with 214 points for 0 Feature Type 
New map created with 298 points for 1 Feature Type 
Tracking Initlized in 13.83s
The initlized frame ID: 50
System::StopViewer()
System::StopViewer() done
Viewer thread finished.

Saving correlation status...

========== Global Summary ==========
Frames: 3618
avg_CorrEdges: 72.2145
avg_match_A: 279.958
avg_match_B: 321.158
global_RI_MNR: 0.257947
global_RI_GNR: 0.240834
global_RI_DICE: 0.240268

========== Per-Channel Summary ==========
   chA   chB     avgCorr        avgA        avgB   avgRI_MNR   avgRI_GNR  avgRI_DICE
     0     1     72.2145     279.958     321.158    0.257065    0.233111    0.231392

Correlation status saved!

System Shutdown
-------

median tracking time: 0.0507642
mean tracking time: 0.0509737

Saving camera trajectory to result15.txt ...

trajectory saved!
All done

========== Performance Summary (ms) ==========
name                                mean      median        rmse         min         max       count
Tracking                           8.027       7.991       1.393       3.395      11.710        3618
Total Init                      3920.030    3920.030       0.000    3920.030    3920.030           1
Pipeline                          50.971      50.762       7.517      33.551      82.056        3669
BRISK Extract                     41.247      40.664       6.896      23.923      68.747        3669
Correlation                        0.285       0.289       0.067       0.122       0.519        3618
AKAZE Extract                     18.607      18.493       0.891      15.943      23.936        3669
