Registering ORBextractor...
Registering AKAZEextractor...
Registering BRISKextractor...
Registering SIFTextractor...
Registering KAZEextractor...

ORB-SLAM2 Copyright (C) 2014-2016 Raul Mur-Artal, University of Zaragoza.
This program comes with ABSOLUTELY NO WARRANTY;
This is free software, and you are welcome to redistribute it
under certain conditions. See LICENSE.txt.

Input sensor was set to: Monocular

Loading Vocabulary : /home/howard/Refactored_ORB_SLAM2/Install/var/lib/orbslam2/voc/brisk_cv.fbow
This could take a while...
Loading BRISK Vocabulary in FBoW.
BRISK Vocabulary loaded in 0.016705s


Loading Vocabulary : /home/howard/Refactored_ORB_SLAM2/Install/var/lib/orbslam2/voc/orb_mur.fbow
This could take a while...
Loading ORB Vocabulary in FBoW.
ORB Vocabulary loaded in 0.009442s


Camera Parameters: 
- fx: 535.4
- fy: 539.2
- cx: 320.1
- cy: 247.6
- k1: 0
- k2: 0
- p1: 0
- p2: 0
- fps: 30
- color order: RGB (ignored if grayscale)

[Feature 0] BRISK Extractor Parameters: 
 ( TH_LOW: 100, TH_HIGH: 200 )
- Number of Features: 1000
- Scale Levels: 6
- Scale Factor: 1.414
- Threshold: 4
- Num of Octaves: 3
- Pattern Scale: 1

[Feature 1] ORB Extractor Parameters: 
 ( TH_LOW: 50, TH_HIGH: 100 )
- Number of Features: 1000
- Scale Levels: 8
- Scale Factor: 1.2
- Initial Fast Threshold: 20
- Minimum Fast Threshold: 7

-------
Start processing sequence ...
Images in the sequence: 474

0
New map created with 113 points for 0 Feature Type 
New map created with 6 points for 1 Feature Type 
Tracking Initlized in 3.23s
The initlized frame ID: 34
The lost frame ID: 231
The lost frame ID: 233
The lost frame ID: 235
The lost frame ID: 239
The lost frame ID: 243
The lost frame ID: 245
The lost frame ID: 248
The lost frame ID: 251
The lost frame ID: 253
The lost frame ID: 256
The lost frame ID: 257
The lost frame ID: 261
The lost frame ID: 263
The lost frame ID: 264
The lost frame ID: 265
The lost frame ID: 267
The lost frame ID: 269
The lost frame ID: 270
The lost frame ID: 271
The lost frame ID: 272
The lost frame ID: 273
The lost frame ID: 274
The lost frame ID: 275
The lost frame ID: 276
The lost frame ID: 277
The lost frame ID: 278
The lost frame ID: 280
The lost frame ID: 282
The lost frame ID: 285
The lost frame ID: 286
The lost frame ID: 287
The lost frame ID: 292
The lost frame ID: 295
The lost frame ID: 296
The lost frame ID: 297
The lost frame ID: 299
The lost frame ID: 304
The lost frame ID: 307
The lost frame ID: 308
The lost frame ID: 310
The lost frame ID: 311
The lost frame ID: 312
The lost frame ID: 315
The lost frame ID: 316
The lost frame ID: 317
The lost frame ID: 318
The lost frame ID: 319
The lost frame ID: 320
The lost frame ID: 321
The lost frame ID: 324
The lost frame ID: 325
The lost frame ID: 327
The lost frame ID: 328
The lost frame ID: 330
The lost frame ID: 331
The lost frame ID: 332
The lost frame ID: 333
The lost frame ID: 334
The lost frame ID: 335
The lost frame ID: 336
The lost frame ID: 337
The lost frame ID: 338
The lost frame ID: 340
The lost frame ID: 342
The lost frame ID: 343
The lost frame ID: 344
The lost frame ID: 345
The lost frame ID: 346
The lost frame ID: 347
The lost frame ID: 350
The lost frame ID: 352
The lost frame ID: 353
The lost frame ID: 355
The lost frame ID: 356
The lost frame ID: 357
The lost frame ID: 358
The lost frame ID: 359
The lost frame ID: 360
The lost frame ID: 361
The lost frame ID: 362
The lost frame ID: 363
The lost frame ID: 364
The lost frame ID: 366
The lost frame ID: 367
System::StopViewer()
System::StopViewer() done
Viewer thread finished.

Saving correlation status...

========== Global Summary ==========
Frames: 304
avg_CorrEdges: 7.96053
avg_match_A: 63.9178
avg_match_B: 25.1612
global_RI_MNR: 0.316381
global_RI_GNR: 0.198502
global_RI_DICE: 0.17873

========== Per-Channel Summary ==========
   chA   chB     avgCorr        avgA        avgB   avgRI_MNR   avgRI_GNR  avgRI_DICE
     0     1     7.96053     63.9178     25.1612    0.264174    0.159355    0.140355

Correlation status saved!

System Shutdown
-------

median tracking time: 0.0209086
mean tracking time: 0.0247324

Saving camera trajectory to result02.txt ...

trajectory saved!
All done

========== Performance Summary (ms) ==========
name                                mean      median        rmse         min         max       count
Tracking                           3.035       2.558       1.362       1.029       8.540         439
Correlation                        0.063       0.067       0.035       0.002       0.167         355
Total Init                      2440.636    2440.636       0.000    2440.636    2440.636           1
Pipeline                          24.729      20.897      13.573       9.760      79.242         474
BRISK Extract                     17.983      16.875       6.095       6.351      38.560         474
ORB Extract                        2.516       2.480       0.298       1.787       4.436         474
