Registering ORBextractor...
Registering AKAZEextractor...
Registering BRISKextractor...
Registering SIFTextractor...
Registering KAZEextractor...

ORB-SLAM2 Copyright (C) 2014-2016 Raul Mur-Artal, University of Zaragoza.
This program comes with ABSOLUTELY NO WARRANTY;
This is free software, and you are welcome to redistribute it
under certain conditions. See LICENSE.txt.

Input sensor was set to: Monocular

Loading Vocabulary : /home/howard/Refactored_ORB_SLAM2/Install/var/lib/orbslam2/voc/brisk_cv.fbow
This could take a while...
Loading BRISK Vocabulary in FBoW.
BRISK Vocabulary loaded in 0.016580s


Loading Vocabulary : /home/howard/Refactored_ORB_SLAM2/Install/var/lib/orbslam2/voc/orb_mur.fbow
This could take a while...
Loading ORB Vocabulary in FBoW.
ORB Vocabulary loaded in 0.009510s


Camera Parameters: 
- fx: 535.4
- fy: 539.2
- cx: 320.1
- cy: 247.6
- k1: 0
- k2: 0
- p1: 0
- p2: 0
- fps: 30
- color order: RGB (ignored if grayscale)

[Feature 0] BRISK Extractor Parameters: 
 ( TH_LOW: 100, TH_HIGH: 200 )
- Number of Features: 1000
- Scale Levels: 6
- Scale Factor: 1.414
- Threshold: 4
- Num of Octaves: 3
- Pattern Scale: 1

[Feature 1] ORB Extractor Parameters: 
 ( TH_LOW: 50, TH_HIGH: 100 )
- Number of Features: 1000
- Scale Levels: 8
- Scale Factor: 1.2
- Initial Fast Threshold: 20
- Minimum Fast Threshold: 7

-------
Start processing sequence ...
Images in the sequence: 474

0
New map created with 113 points for 0 Feature Type 
New map created with 6 points for 1 Feature Type 
Tracking Initlized in 3.18s
The initlized frame ID: 34
System::StopViewer()
System::StopViewer() done
Viewer thread finished.

Saving correlation status...

========== Global Summary ==========
Frames: 420
avg_CorrEdges: 10.7429
avg_match_A: 81.8905
avg_match_B: 30.1524
global_RI_MNR: 0.356286
global_RI_GNR: 0.216193
global_RI_DICE: 0.191763

========== Per-Channel Summary ==========
   chA   chB     avgCorr        avgA        avgB   avgRI_MNR   avgRI_GNR  avgRI_DICE
     0     1     10.7429     81.8905     30.1524    0.325715    0.195136     0.17178

Correlation status saved!

System Shutdown
-------

median tracking time: 0.0204252
mean tracking time: 0.0243544

Saving camera trajectory to result03.txt ...

trajectory saved!
All done

========== Performance Summary (ms) ==========
name                                mean      median        rmse         min         max       count
Tracking                           2.563       2.505       0.575       1.120       3.957         439
Correlation                        0.081       0.083       0.030       0.003       0.158         439
Total Init                      2421.584    2421.584       0.000    2421.584    2421.584           1
Pipeline                          24.351      20.394      13.593       9.070      79.146         474
BRISK Extract                     18.096      16.915       6.107       6.427      31.641         474
ORB Extract                        2.538       2.505       0.311       1.851       4.454         474
