Registering ORBextractor...
Registering AKAZEextractor...
Registering BRISKextractor...
Registering SIFTextractor...
Registering KAZEextractor...

ORB-SLAM2 Copyright (C) 2014-2016 Raul Mur-Artal, University of Zaragoza.
This program comes with ABSOLUTELY NO WARRANTY;
This is free software, and you are welcome to redistribute it
under certain conditions. See LICENSE.txt.

Input sensor was set to: Monocular

Loading Vocabulary : /home/howard/Refactored_ORB_SLAM2/Install/var/lib/orbslam2/voc/brisk_cv.fbow
This could take a while...
Loading BRISK Vocabulary in FBoW.
BRISK Vocabulary loaded in 0.016782s


Loading Vocabulary : /home/howard/Refactored_ORB_SLAM2/Install/var/lib/orbslam2/voc/orb_mur.fbow
This could take a while...
Loading ORB Vocabulary in FBoW.
ORB Vocabulary loaded in 0.009376s


Camera Parameters: 
- fx: 535.4
- fy: 539.2
- cx: 320.1
- cy: 247.6
- k1: 0
- k2: 0
- p1: 0
- p2: 0
- fps: 30
- color order: RGB (ignored if grayscale)

[Feature 0] BRISK Extractor Parameters: 
 ( TH_LOW: 100, TH_HIGH: 200 )
- Number of Features: 1000
- Scale Levels: 6
- Scale Factor: 1.414
- Threshold: 4
- Num of Octaves: 3
- Pattern Scale: 1

[Feature 1] ORB Extractor Parameters: 
 ( TH_LOW: 50, TH_HIGH: 100 )
- Number of Features: 1000
- Scale Levels: 8
- Scale Factor: 1.2
- Initial Fast Threshold: 20
- Minimum Fast Threshold: 7

-------
Start processing sequence ...
Images in the sequence: 474

0
New map created with 113 points for 0 Feature Type 
New map created with 6 points for 1 Feature Type 
Tracking Initlized in 3.25s
The initlized frame ID: 34
The lost frame ID: 235
System::StopViewer()
System::StopViewer() done
Viewer thread finished.

Saving correlation status...

========== Global Summary ==========
Frames: 416
avg_CorrEdges: 9.96635
avg_match_A: 79.0865
avg_match_B: 30.8438
global_RI_MNR: 0.323124
global_RI_GNR: 0.201791
global_RI_DICE: 0.181321

========== Per-Channel Summary ==========
   chA   chB     avgCorr        avgA        avgB   avgRI_MNR   avgRI_GNR  avgRI_DICE
     0     1     9.96635     79.0865     30.8438    0.282686    0.172461    0.152823

Correlation status saved!

System Shutdown
-------

median tracking time: 0.0209844
mean tracking time: 0.0249747

Saving camera trajectory to result12.txt ...

trajectory saved!
All done

========== Performance Summary (ms) ==========
name                                mean      median        rmse         min         max       count
Tracking                           2.715       2.712       0.732       1.096       5.232         439
Correlation                        0.084       0.086       0.037       0.003       0.218         438
Total Init                      2461.536    2461.536       0.000    2461.536    2461.536           1
Pipeline                          24.971      20.953      13.774       9.426      80.514         474
BRISK Extract                     18.475      17.531       6.169       6.289      34.080         474
ORB Extract                        2.589       2.568       0.336       1.837       4.493         474
