Registering ORBextractor...
Registering AKAZEextractor...
Registering BRISKextractor...
Registering SIFTextractor...
Registering KAZEextractor...

ORB-SLAM2 Copyright (C) 2014-2016 Raul Mur-Artal, University of Zaragoza.
This program comes with ABSOLUTELY NO WARRANTY;
This is free software, and you are welcome to redistribute it
under certain conditions. See LICENSE.txt.

Input sensor was set to: Monocular

Loading Vocabulary : /home/howard/Refactored_ORB_SLAM2/Install/var/lib/orbslam2/voc/brisk_cv.fbow
This could take a while...
Loading BRISK Vocabulary in FBoW.
BRISK Vocabulary loaded in 0.016739s


Loading Vocabulary : /home/howard/Refactored_ORB_SLAM2/Install/var/lib/orbslam2/voc/orb_mur.fbow
This could take a while...
Loading ORB Vocabulary in FBoW.
ORB Vocabulary loaded in 0.009533s


Camera Parameters: 
- fx: 535.4
- fy: 539.2
- cx: 320.1
- cy: 247.6
- k1: 0
- k2: 0
- p1: 0
- p2: 0
- fps: 30
- color order: RGB (ignored if grayscale)

[Feature 0] BRISK Extractor Parameters: 
 ( TH_LOW: 100, TH_HIGH: 200 )
- Number of Features: 1000
- Scale Levels: 6
- Scale Factor: 1.414
- Threshold: 4
- Num of Octaves: 3
- Pattern Scale: 1

[Feature 1] ORB Extractor Parameters: 
 ( TH_LOW: 50, TH_HIGH: 100 )
- Number of Features: 1000
- Scale Levels: 8
- Scale Factor: 1.2
- Initial Fast Threshold: 20
- Minimum Fast Threshold: 7

-------
Start processing sequence ...
Images in the sequence: 474

0
New map created with 113 points for 0 Feature Type 
New map created with 6 points for 1 Feature Type 
Tracking Initlized in 3.17s
The initlized frame ID: 34
The lost frame ID: 277
The lost frame ID: 281
The lost frame ID: 285
The lost frame ID: 287
The lost frame ID: 292
The lost frame ID: 300
The lost frame ID: 302
The lost frame ID: 304
The lost frame ID: 308
The lost frame ID: 310
The lost frame ID: 311
The lost frame ID: 315
The lost frame ID: 316
The lost frame ID: 317
The lost frame ID: 318
The lost frame ID: 319
The lost frame ID: 320
The lost frame ID: 322
The lost frame ID: 324
The lost frame ID: 329
The lost frame ID: 332
The lost frame ID: 338
The lost frame ID: 340
The lost frame ID: 345
System::StopViewer()
System::StopViewer() done
Viewer thread finished.

Saving correlation status...

========== Global Summary ==========
Frames: 385
avg_CorrEdges: 8.83377
avg_match_A: 50.3247
avg_match_B: 25.7688
global_RI_MNR: 0.342808
global_RI_GNR: 0.245306
global_RI_DICE: 0.232182

========== Per-Channel Summary ==========
   chA   chB     avgCorr        avgA        avgB   avgRI_MNR   avgRI_GNR  avgRI_DICE
     0     1     8.83377     50.3247     25.7688    0.217615    0.136933    0.122841

Correlation status saved!

System Shutdown
-------

median tracking time: 0.0210737
mean tracking time: 0.0247302

Saving camera trajectory to result10.txt ...

trajectory saved!
All done

========== Performance Summary (ms) ==========
name                                mean      median        rmse         min         max       count
Tracking                           2.790       2.706       0.908       1.198       7.038         439
Correlation                        0.062       0.051       0.038       0.003       0.164         415
Total Init                      2415.593    2415.593       0.000    2415.593    2415.593           1
Pipeline                          24.727      21.051      13.383       9.345      78.635         474
BRISK Extract                     18.190      16.993       6.074       6.510      31.495         474
ORB Extract                        2.540       2.519       0.295       1.845       4.155         474
