Registering ORBextractor...
Registering AKAZEextractor...
Registering BRISKextractor...
Registering SIFTextractor...
Registering KAZEextractor...

ORB-SLAM2 Copyright (C) 2014-2016 Raul Mur-Artal, University of Zaragoza.
This program comes with ABSOLUTELY NO WARRANTY;
This is free software, and you are welcome to redistribute it
under certain conditions. See LICENSE.txt.

Input sensor was set to: Monocular

Loading Vocabulary : /home/howard/Refactored_ORB_SLAM2/Install/var/lib/orbslam2/voc/brisk_cv.fbow
This could take a while...
Loading BRISK Vocabulary in FBoW.
BRISK Vocabulary loaded in 0.016845s


Loading Vocabulary : /home/howard/Refactored_ORB_SLAM2/Install/var/lib/orbslam2/voc/orb_mur.fbow
This could take a while...
Loading ORB Vocabulary in FBoW.
ORB Vocabulary loaded in 0.009622s


Camera Parameters: 
- fx: 535.4
- fy: 539.2
- cx: 320.1
- cy: 247.6
- k1: 0
- k2: 0
- p1: 0
- p2: 0
- fps: 30
- color order: RGB (ignored if grayscale)

[Feature 0] BRISK Extractor Parameters: 
 ( TH_LOW: 100, TH_HIGH: 200 )
- Number of Features: 1000
- Scale Levels: 6
- Scale Factor: 1.414
- Threshold: 4
- Num of Octaves: 3
- Pattern Scale: 1

[Feature 1] ORB Extractor Parameters: 
 ( TH_LOW: 50, TH_HIGH: 100 )
- Number of Features: 1000
- Scale Levels: 8
- Scale Factor: 1.2
- Initial Fast Threshold: 20
- Minimum Fast Threshold: 7

-------
Start processing sequence ...
Images in the sequence: 474

0
New map created with 113 points for 0 Feature Type 
New map created with 6 points for 1 Feature Type 
Tracking Initlized in 3.14s
The initlized frame ID: 34
System::StopViewer()
System::StopViewer() done
Viewer thread finished.

Saving correlation status...

========== Global Summary ==========
Frames: 425
avg_CorrEdges: 18.6847
avg_match_A: 104.755
avg_match_B: 38.1812
global_RI_MNR: 0.48937
global_RI_GNR: 0.295443
global_RI_DICE: 0.261441

========== Per-Channel Summary ==========
   chA   chB     avgCorr        avgA        avgB   avgRI_MNR   avgRI_GNR  avgRI_DICE
     0     1     18.6847     104.755     38.1812    0.457482    0.273036     0.24025

Correlation status saved!

System Shutdown
-------

median tracking time: 0.0205083
mean tracking time: 0.0245517

Saving camera trajectory to result19.txt ...

trajectory saved!
All done

========== Performance Summary (ms) ==========
name                                mean      median        rmse         min         max       count
Tracking                           2.882       2.729       0.748       0.983       5.140         439
Correlation                        0.100       0.099       0.034       0.003       0.221         439
Total Init                      2416.232    2416.232       0.000    2416.232    2416.232           1
Pipeline                          24.549      20.505      13.533       9.248      78.460         474
BRISK Extract                     18.037      16.804       5.989       6.307      31.984         474
ORB Extract                        2.550       2.526       0.292       1.883       4.120         474
