Registering ORBextractor...
Registering AKAZEextractor...
Registering BRISKextractor...
Registering SIFTextractor...
Registering KAZEextractor...

ORB-SLAM2 Copyright (C) 2014-2016 Raul Mur-Artal, University of Zaragoza.
This program comes with ABSOLUTELY NO WARRANTY;
This is free software, and you are welcome to redistribute it
under certain conditions. See LICENSE.txt.

Input sensor was set to: Monocular

Loading Vocabulary : /home/howard/Refactored_ORB_SLAM2/Install/var/lib/orbslam2/voc/brisk_cv.fbow
This could take a while...
Loading BRISK Vocabulary in FBoW.
BRISK Vocabulary loaded in 0.016855s


Loading Vocabulary : /home/howard/Refactored_ORB_SLAM2/Install/var/lib/orbslam2/voc/orb_mur.fbow
This could take a while...
Loading ORB Vocabulary in FBoW.
ORB Vocabulary loaded in 0.009801s


Camera Parameters: 
- fx: 535.4
- fy: 539.2
- cx: 320.1
- cy: 247.6
- k1: 0
- k2: 0
- p1: 0
- p2: 0
- fps: 30
- color order: RGB (ignored if grayscale)

[Feature 0] BRISK Extractor Parameters: 
 ( TH_LOW: 100, TH_HIGH: 200 )
- Number of Features: 1000
- Scale Levels: 6
- Scale Factor: 1.414
- Threshold: 4
- Num of Octaves: 3
- Pattern Scale: 1

[Feature 1] ORB Extractor Parameters: 
 ( TH_LOW: 50, TH_HIGH: 100 )
- Number of Features: 1000
- Scale Levels: 8
- Scale Factor: 1.2
- Initial Fast Threshold: 20
- Minimum Fast Threshold: 7

-------
Start processing sequence ...
Images in the sequence: 474

0
New map created with 113 points for 0 Feature Type 
New map created with 6 points for 1 Feature Type 
Tracking Initlized in 3.13s
The initlized frame ID: 34
System::StopViewer()
System::StopViewer() done
Viewer thread finished.

Saving correlation status...

========== Global Summary ==========
Frames: 399
avg_CorrEdges: 16.0025
avg_match_A: 97.604
avg_match_B: 35.3058
global_RI_MNR: 0.453255
global_RI_GNR: 0.272603
global_RI_DICE: 0.240803

========== Per-Channel Summary ==========
   chA   chB     avgCorr        avgA        avgB   avgRI_MNR   avgRI_GNR  avgRI_DICE
     0     1     16.0025      97.604     35.3058    0.431072    0.251359    0.218824

Correlation status saved!

System Shutdown
-------

median tracking time: 0.0209379
mean tracking time: 0.0246164

Saving camera trajectory to result17.txt ...

trajectory saved!
All done

========== Performance Summary (ms) ==========
name                                mean      median        rmse         min         max       count
Tracking                           2.738       2.678       0.641       1.036       4.387         439
Correlation                        0.088       0.092       0.037       0.003       0.240         439
Total Init                      2435.989    2435.989       0.000    2435.989    2435.989           1
Pipeline                          24.613      20.933      13.582       9.132      79.850         474
BRISK Extract                     18.148      17.004       5.972       6.412      31.995         474
ORB Extract                        2.577       2.559       0.285       1.891       3.794         474
