Registering ORBextractor...
Registering AKAZEextractor...
Registering BRISKextractor...
Registering SIFTextractor...
Registering KAZEextractor...
Registering SuperPointExtractor...

ORB-SLAM2 Copyright (C) 2014-2016 Raul Mur-Artal, University of Zaragoza.
This program comes with ABSOLUTELY NO WARRANTY;
This is free software, and you are welcome to redistribute it
under certain conditions. See LICENSE.txt.

Input sensor was set to: Monocular

Loading Vocabulary : /home/howard/Refactored_ORB_SLAM2/Install/var/lib/orbslam2/voc/orb_mur.fbow
This could take a while...
Loading ORB Vocabulary in FBoW.
ORB Vocabulary loaded in 0.008602s


Loading Vocabulary : /home/howard/Refactored_ORB_SLAM2/Install/var/lib/orbslam2/voc/kaze_cv.fbow
This could take a while...
Loading KAZE Vocabulary in FBoW.
KAZE Vocabulary loaded in 0.005327s


Camera Parameters: 
- fx: 535.4
- fy: 539.2
- cx: 320.1
- cy: 247.6
- k1: 0
- k2: 0
- p1: 0
- p2: 0
- fps: 30
- color order: RGB (ignored if grayscale)

[Feature 0] ORB Extractor Parameters: 
 ( TH_LOW: 50, TH_HIGH: 100 )
- Number of Features: 1000
- Scale Levels: 8
- Scale Factor: 1.2
- Initial Fast Threshold: 20
- Minimum Fast Threshold: 7

[Feature 1] KAZE Extractor Parameters: 
 ( TH_LOW: 0.5, TH_HIGH: 1 )
- Number of Features : 1000
- Scale Levels       : 4
- Scale Factor       : 1.4
- Threshold          : 1e-05
- nOctaves           : 4
- nOctaveLayers      : 4
- Extended (128‑dim) : 0
- Upright            : 0

-------
Start processing sequence ...
Images in the sequence: 474

1
New map created with 13 points for 0 Feature Type 
New map created with 297 points for 1 Feature Type 
Tracking Initlized in 20.36s
The initlized frame ID: 32
The lost frame ID: 100
The lost frame ID: 108
The lost frame ID: 123
System::StopViewer()
System::StopViewer() done
Viewer thread finished.

Saving correlation status...

========== Global Summary ==========
Frames: 78
avg_CorrEdges: 4.37179
avg_match_A: 9.32051
avg_match_B: 251.513
global_RI_MNR: 0.469051
global_RI_GNR: 0.0902942
global_RI_DICE: 0.0335217

========== Per-Channel Summary ==========
   chA   chB     avgCorr        avgA        avgB   avgRI_MNR   avgRI_GNR  avgRI_DICE
     0     1     4.37179     9.32051     251.513    0.413548   0.0791181   0.0297521

Correlation status saved!

System Shutdown
-------

median tracking time: 0.0777352
mean tracking time: 0.0801003

Saving camera trajectory to result03.txt ...

trajectory saved!
All done

========== Performance Summary (ms) ==========
name                                mean      median        rmse         min         max       count
Tracking                           2.402       2.162       0.808       1.162       8.454         441
Correlation                        0.023       0.013       0.028       0.002       0.137         438
Total Init                      3580.148    3580.148       0.000    3580.148    3580.148           1
Pipeline                          80.099      77.728      10.732      70.558     174.115         474
KAZE Extract                      75.658      73.939       7.864      68.249     152.217         474
ORB Extract                        2.733       2.698       0.308       2.004       4.370         474
