Registering ORBextractor...
Registering AKAZEextractor...
Registering BRISKextractor...
Registering SIFTextractor...
Registering KAZEextractor...
Registering SuperPointExtractor...

ORB-SLAM2 Copyright (C) 2014-2016 Raul Mur-Artal, University of Zaragoza.
This program comes with ABSOLUTELY NO WARRANTY;
This is free software, and you are welcome to redistribute it
under certain conditions. See LICENSE.txt.

Input sensor was set to: Monocular

Loading Vocabulary : /home/howard/Refactored_ORB_SLAM2/Install/var/lib/orbslam2/voc/akaze_cv.fbow
This could take a while...
Loading AKAZE Vocabulary in FBoW.
AKAZE Vocabulary loaded in 0.001703s


Loading Vocabulary : /home/howard/Refactored_ORB_SLAM2/Install/var/lib/orbslam2/voc/brisk_cv.fbow
This could take a while...
Loading BRISK Vocabulary in FBoW.
BRISK Vocabulary loaded in 0.001784s


Camera Parameters: 
- fx: 535.4
- fy: 539.2
- cx: 320.1
- cy: 247.6
- k1: 0
- k2: 0
- p1: 0
- p2: 0
- fps: 30
- color order: RGB (ignored if grayscale)

[Feature 0] AKAZE Extractor Parameters: 
 ( TH_LOW: 100, TH_HIGH: 200 )
- Number of Features: 1000
- Scale Levels: 4
- Scale Factor: 1.4
- Threshold: 1e-05
- Num of Octaves: 4
- Num of Octave Layers: 4

[Feature 1] BRISK Extractor Parameters: 
 ( TH_LOW: 100, TH_HIGH: 200 )
- Number of Features: 1000
- Scale Levels: 6
- Scale Factor: 1.414
- Threshold: 4
- Num of Octaves: 3
- Pattern Scale: 1

-------
Start processing sequence ...
Images in the sequence: 474

1
New map created with 315 points for 0 Feature Type 
New map created with 100 points for 1 Feature Type 
Tracking Initlized in 9.97s
The initlized frame ID: 28
The lost frame ID: 237
The lost frame ID: 256
The lost frame ID: 258
The lost frame ID: 267
The lost frame ID: 270
The lost frame ID: 273
The lost frame ID: 274
The lost frame ID: 276
The lost frame ID: 277
The lost frame ID: 287
The lost frame ID: 296
The lost frame ID: 297
The lost frame ID: 299
The lost frame ID: 303
The lost frame ID: 306
The lost frame ID: 310
The lost frame ID: 314
The lost frame ID: 317
The lost frame ID: 320
The lost frame ID: 321
The lost frame ID: 324
The lost frame ID: 328
The lost frame ID: 329
The lost frame ID: 330
System::StopViewer()
System::StopViewer() done
Viewer thread finished.

Saving correlation status...

========== Global Summary ==========
Frames: 410
avg_CorrEdges: 6.10732
avg_match_A: 72.7415
avg_match_B: 40.2756
global_RI_MNR: 0.151638
global_RI_GNR: 0.112834
global_RI_DICE: 0.108078

========== Per-Channel Summary ==========
   chA   chB     avgCorr        avgA        avgB   avgRI_MNR   avgRI_GNR  avgRI_DICE
     0     1     6.10732     72.7415     40.2756   0.0745213   0.0464832   0.0415899

Correlation status saved!

System Shutdown
-------

median tracking time: 0.0246423
mean tracking time: 0.0303679

Saving camera trajectory to result07.txt ...

trajectory saved!
All done

========== Performance Summary (ms) ==========
name                                mean      median        rmse         min         max       count
Tracking                           3.964       3.810       1.027       2.148       8.350         445
Total Init                      3069.372    3069.372       0.000    3069.372    3069.372           1
Pipeline                          30.365      24.638      19.642      19.258     120.109         474
BRISK Extract                     18.980      18.009       5.886       6.215      35.833         474
Correlation                        0.074       0.041       0.080       0.002       0.326         421
AKAZE Extract                     17.936      17.899       1.202      14.898      23.395         474
