Registering ORBextractor...
Registering AKAZEextractor...
Registering BRISKextractor...
Registering SIFTextractor...
Registering KAZEextractor...
Registering SuperPointExtractor...

ORB-SLAM2 Copyright (C) 2014-2016 Raul Mur-Artal, University of Zaragoza.
This program comes with ABSOLUTELY NO WARRANTY;
This is free software, and you are welcome to redistribute it
under certain conditions. See LICENSE.txt.

Input sensor was set to: Monocular

Loading Vocabulary : /home/howard/Refactored_ORB_SLAM2/Install/var/lib/orbslam2/voc/akaze_cv.fbow
This could take a while...
Loading AKAZE Vocabulary in FBoW.
AKAZE Vocabulary loaded in 0.001682s


Loading Vocabulary : /home/howard/Refactored_ORB_SLAM2/Install/var/lib/orbslam2/voc/brisk_cv.fbow
This could take a while...
Loading BRISK Vocabulary in FBoW.
BRISK Vocabulary loaded in 0.001803s


Camera Parameters: 
- fx: 535.4
- fy: 539.2
- cx: 320.1
- cy: 247.6
- k1: 0
- k2: 0
- p1: 0
- p2: 0
- fps: 30
- color order: RGB (ignored if grayscale)

[Feature 0] AKAZE Extractor Parameters: 
 ( TH_LOW: 100, TH_HIGH: 200 )
- Number of Features: 1000
- Scale Levels: 4
- Scale Factor: 1.4
- Threshold: 1e-05
- Num of Octaves: 4
- Num of Octave Layers: 4

[Feature 1] BRISK Extractor Parameters: 
 ( TH_LOW: 100, TH_HIGH: 200 )
- Number of Features: 1000
- Scale Levels: 6
- Scale Factor: 1.414
- Threshold: 4
- Num of Octaves: 3
- Pattern Scale: 1

-------
Start processing sequence ...
Images in the sequence: 474

1
New map created with 315 points for 0 Feature Type 
New map created with 100 points for 1 Feature Type 
Tracking Initlized in 9.98s
The initlized frame ID: 28
The lost frame ID: 238
The lost frame ID: 258
The lost frame ID: 259
The lost frame ID: 261
The lost frame ID: 263
The lost frame ID: 267
The lost frame ID: 269
The lost frame ID: 270
The lost frame ID: 271
The lost frame ID: 273
The lost frame ID: 274
The lost frame ID: 275
The lost frame ID: 276
The lost frame ID: 277
The lost frame ID: 278
The lost frame ID: 279
The lost frame ID: 280
The lost frame ID: 281
The lost frame ID: 282
The lost frame ID: 284
The lost frame ID: 285
The lost frame ID: 286
The lost frame ID: 287
The lost frame ID: 288
The lost frame ID: 289
The lost frame ID: 290
The lost frame ID: 292
The lost frame ID: 293
The lost frame ID: 294
The lost frame ID: 295
The lost frame ID: 296
The lost frame ID: 297
The lost frame ID: 298
The lost frame ID: 299
The lost frame ID: 300
The lost frame ID: 302
The lost frame ID: 303
The lost frame ID: 304
The lost frame ID: 305
The lost frame ID: 306
The lost frame ID: 307
The lost frame ID: 308
The lost frame ID: 309
The lost frame ID: 310
The lost frame ID: 311
The lost frame ID: 312
The lost frame ID: 313
The lost frame ID: 314
The lost frame ID: 315
The lost frame ID: 316
The lost frame ID: 317
The lost frame ID: 318
The lost frame ID: 319
The lost frame ID: 320
The lost frame ID: 321
The lost frame ID: 322
The lost frame ID: 323
The lost frame ID: 324
The lost frame ID: 325
The lost frame ID: 326
The lost frame ID: 327
The lost frame ID: 328
The lost frame ID: 329
The lost frame ID: 330
The lost frame ID: 331
The lost frame ID: 332
The lost frame ID: 333
The lost frame ID: 334
The lost frame ID: 335
The lost frame ID: 336
The lost frame ID: 337
The lost frame ID: 338
The lost frame ID: 339
The lost frame ID: 340
The lost frame ID: 341
The lost frame ID: 342
The lost frame ID: 343
The lost frame ID: 344
The lost frame ID: 345
The lost frame ID: 346
The lost frame ID: 347
The lost frame ID: 348
The lost frame ID: 349
The lost frame ID: 350
The lost frame ID: 351
The lost frame ID: 352
The lost frame ID: 353
The lost frame ID: 354
The lost frame ID: 355
The lost frame ID: 356
The lost frame ID: 357
The lost frame ID: 358
The lost frame ID: 359
The lost frame ID: 360
The lost frame ID: 361
The lost frame ID: 362
The lost frame ID: 363
The lost frame ID: 364
The lost frame ID: 365
The lost frame ID: 366
The lost frame ID: 367
The lost frame ID: 368
The lost frame ID: 369
The lost frame ID: 370
The lost frame ID: 371
The lost frame ID: 372
The lost frame ID: 373
The lost frame ID: 374
The lost frame ID: 380
The lost frame ID: 383
The lost frame ID: 384
The lost frame ID: 386
The lost frame ID: 388
The lost frame ID: 392
The lost frame ID: 420
The lost frame ID: 424
System::StopViewer()
System::StopViewer() done
Viewer thread finished.

Saving correlation status...

========== Global Summary ==========
Frames: 326
avg_CorrEdges: 7.37423
avg_match_A: 84.9693
avg_match_B: 44.6442
global_RI_MNR: 0.165178
global_RI_GNR: 0.11973
global_RI_DICE: 0.113788

========== Per-Channel Summary ==========
   chA   chB     avgCorr        avgA        avgB   avgRI_MNR   avgRI_GNR  avgRI_DICE
     0     1     7.37423     84.9693     44.6442   0.0753611   0.0482785     0.04359

Correlation status saved!

System Shutdown
-------

median tracking time: 0.0270825
mean tracking time: 0.032221

Saving camera trajectory to result06.txt ...

trajectory saved!
All done

========== Performance Summary (ms) ==========
name                                mean      median        rmse         min         max       count
Tracking                           5.124       4.280       2.410       2.328      14.419         445
Total Init                      3093.491    3093.491       0.000    3093.491    3093.491           1
Pipeline                          32.217      27.049      19.702      19.168     129.933         474
BRISK Extract                     19.435      18.625       6.239       6.309      43.350         474
Correlation                        0.084       0.044       0.089       0.002       0.404         328
AKAZE Extract                     18.807      18.503       1.662      16.098      35.107         474
