Registering ORBextractor...
Registering AKAZEextractor...
Registering BRISKextractor...
Registering SIFTextractor...
Registering KAZEextractor...
Registering SuperPointExtractor...

ORB-SLAM2 Copyright (C) 2014-2016 Raul Mur-Artal, University of Zaragoza.
This program comes with ABSOLUTELY NO WARRANTY;
This is free software, and you are welcome to redistribute it
under certain conditions. See LICENSE.txt.

Input sensor was set to: Monocular

Loading Vocabulary : /home/howard/Refactored_ORB_SLAM2/Install/var/lib/orbslam2/voc/akaze_cv.fbow
This could take a while...
Loading AKAZE Vocabulary in FBoW.
AKAZE Vocabulary loaded in 0.001784s


Loading Vocabulary : /home/howard/Refactored_ORB_SLAM2/Install/var/lib/orbslam2/voc/brisk_cv.fbow
This could take a while...
Loading BRISK Vocabulary in FBoW.
BRISK Vocabulary loaded in 0.002350s


Camera Parameters: 
- fx: 535.4
- fy: 539.2
- cx: 320.1
- cy: 247.6
- k1: 0
- k2: 0
- p1: 0
- p2: 0
- fps: 30
- color order: RGB (ignored if grayscale)

[Feature 0] AKAZE Extractor Parameters: 
 ( TH_LOW: 100, TH_HIGH: 200 )
- Number of Features: 1000
- Scale Levels: 4
- Scale Factor: 1.4
- Threshold: 1e-05
- Num of Octaves: 4
- Num of Octave Layers: 4

[Feature 1] BRISK Extractor Parameters: 
 ( TH_LOW: 100, TH_HIGH: 200 )
- Number of Features: 1000
- Scale Levels: 6
- Scale Factor: 1.414
- Threshold: 4
- Num of Octaves: 3
- Pattern Scale: 1

-------
Start processing sequence ...
Images in the sequence: 474

1
New map created with 315 points for 0 Feature Type 
New map created with 100 points for 1 Feature Type 
Tracking Initlized in 10.76s
The initlized frame ID: 28
The lost frame ID: 240
The lost frame ID: 248
The lost frame ID: 255
The lost frame ID: 268
The lost frame ID: 271
The lost frame ID: 274
The lost frame ID: 295
The lost frame ID: 304
System::StopViewer()
System::StopViewer() done
Viewer thread finished.

Saving correlation status...

========== Global Summary ==========
Frames: 434
avg_CorrEdges: 4.39862
avg_match_A: 59.7005
avg_match_B: 29.6659
global_RI_MNR: 0.148272
global_RI_GNR: 0.10452
global_RI_DICE: 0.0984401

========== Per-Channel Summary ==========
   chA   chB     avgCorr        avgA        avgB   avgRI_MNR   avgRI_GNR  avgRI_DICE
     0     1     4.39862     59.7005     29.6659   0.0650603   0.0402058   0.0358903

Correlation status saved!

System Shutdown
-------

median tracking time: 0.0267198
mean tracking time: 0.0326869

Saving camera trajectory to result14.txt ...

trajectory saved!
All done

========== Performance Summary (ms) ==========
name                                mean      median        rmse         min         max       count
Tracking                           4.239       4.085       0.842       2.282       8.819         445
Total Init                      3158.243    3158.243       0.000    3158.243    3158.243           1
Pipeline                          32.683      26.713      19.806      21.644     122.738         474
BRISK Extract                     20.163      19.372       6.156       6.897      34.965         474
Correlation                        0.070       0.039       0.072       0.003       0.373         437
AKAZE Extract                     20.048      19.726       1.892      16.764      29.936         474
