Registering ORBextractor...
Registering AKAZEextractor...
Registering BRISKextractor...
Registering SIFTextractor...
Registering KAZEextractor...
Registering SuperPointExtractor...

ORB-SLAM2 Copyright (C) 2014-2016 Raul Mur-Artal, University of Zaragoza.
This program comes with ABSOLUTELY NO WARRANTY;
This is free software, and you are welcome to redistribute it
under certain conditions. See LICENSE.txt.

Input sensor was set to: Monocular

Loading Vocabulary : /home/howard/Refactored_ORB_SLAM2/Install/var/lib/orbslam2/voc/akaze_cv.fbow
This could take a while...
Loading AKAZE Vocabulary in FBoW.
AKAZE Vocabulary loaded in 0.001684s


Loading Vocabulary : /home/howard/Refactored_ORB_SLAM2/Install/var/lib/orbslam2/voc/brisk_cv.fbow
This could take a while...
Loading BRISK Vocabulary in FBoW.
BRISK Vocabulary loaded in 0.001786s


Camera Parameters: 
- fx: 535.4
- fy: 539.2
- cx: 320.1
- cy: 247.6
- k1: 0
- k2: 0
- p1: 0
- p2: 0
- fps: 30
- color order: RGB (ignored if grayscale)

[Feature 0] AKAZE Extractor Parameters: 
 ( TH_LOW: 100, TH_HIGH: 200 )
- Number of Features: 1000
- Scale Levels: 4
- Scale Factor: 1.4
- Threshold: 1e-05
- Num of Octaves: 4
- Num of Octave Layers: 4

[Feature 1] BRISK Extractor Parameters: 
 ( TH_LOW: 100, TH_HIGH: 200 )
- Number of Features: 1000
- Scale Levels: 6
- Scale Factor: 1.414
- Threshold: 4
- Num of Octaves: 3
- Pattern Scale: 1

-------
Start processing sequence ...
Images in the sequence: 474

1
New map created with 315 points for 0 Feature Type 
New map created with 100 points for 1 Feature Type 
Tracking Initlized in 10.25s
The initlized frame ID: 28
The lost frame ID: 247
The lost frame ID: 252
The lost frame ID: 259
The lost frame ID: 267
The lost frame ID: 276
The lost frame ID: 277
The lost frame ID: 278
The lost frame ID: 287
The lost frame ID: 289
The lost frame ID: 290
The lost frame ID: 292
The lost frame ID: 294
The lost frame ID: 296
The lost frame ID: 297
The lost frame ID: 299
The lost frame ID: 301
The lost frame ID: 302
The lost frame ID: 303
The lost frame ID: 304
The lost frame ID: 305
The lost frame ID: 307
The lost frame ID: 308
The lost frame ID: 309
System::StopViewer()
System::StopViewer() done
Viewer thread finished.

Saving correlation status...

========== Global Summary ==========
Frames: 418
avg_CorrEdges: 3.63158
avg_match_A: 54.3469
avg_match_B: 29.0981
global_RI_MNR: 0.124805
global_RI_GNR: 0.0913221
global_RI_DICE: 0.0870413

========== Per-Channel Summary ==========
   chA   chB     avgCorr        avgA        avgB   avgRI_MNR   avgRI_GNR  avgRI_DICE
     0     1     3.63158     54.3469     29.0981   0.0485865   0.0322405   0.0295012

Correlation status saved!

System Shutdown
-------

median tracking time: 0.0252768
mean tracking time: 0.0306749

Saving camera trajectory to result12.txt ...

trajectory saved!
All done

========== Performance Summary (ms) ==========
name                                mean      median        rmse         min         max       count
Tracking                           4.002       3.811       0.939       2.125       8.663         445
Total Init                      3089.008    3089.008       0.000    3089.008    3089.008           1
Pipeline                          30.672      25.271      19.661      19.566     120.741         474
BRISK Extract                     18.910      17.934       5.988       6.388      34.629         474
Correlation                        0.063       0.036       0.062       0.002       0.298         422
AKAZE Extract                     17.987      17.809       1.058      15.842      24.967         474
