Registering ORBextractor...
Registering AKAZEextractor...
Registering BRISKextractor...
Registering SIFTextractor...
Registering KAZEextractor...
Registering SuperPointExtractor...

ORB-SLAM2 Copyright (C) 2014-2016 Raul Mur-Artal, University of Zaragoza.
This program comes with ABSOLUTELY NO WARRANTY;
This is free software, and you are welcome to redistribute it
under certain conditions. See LICENSE.txt.

Input sensor was set to: Monocular

Loading Vocabulary : /home/howard/Refactored_ORB_SLAM2/Install/var/lib/orbslam2/voc/akaze_cv.fbow
This could take a while...
Loading AKAZE Vocabulary in FBoW.
AKAZE Vocabulary loaded in 0.001846s


Loading Vocabulary : /home/howard/Refactored_ORB_SLAM2/Install/var/lib/orbslam2/voc/brisk_cv.fbow
This could take a while...
Loading BRISK Vocabulary in FBoW.
BRISK Vocabulary loaded in 0.001818s


Camera Parameters: 
- fx: 535.4
- fy: 539.2
- cx: 320.1
- cy: 247.6
- k1: 0
- k2: 0
- p1: 0
- p2: 0
- fps: 30
- color order: RGB (ignored if grayscale)

[Feature 0] AKAZE Extractor Parameters: 
 ( TH_LOW: 100, TH_HIGH: 200 )
- Number of Features: 1000
- Scale Levels: 4
- Scale Factor: 1.4
- Threshold: 1e-05
- Num of Octaves: 4
- Num of Octave Layers: 4

[Feature 1] BRISK Extractor Parameters: 
 ( TH_LOW: 100, TH_HIGH: 200 )
- Number of Features: 1000
- Scale Levels: 6
- Scale Factor: 1.414
- Threshold: 4
- Num of Octaves: 3
- Pattern Scale: 1

-------
Start processing sequence ...
Images in the sequence: 474

1
New map created with 315 points for 0 Feature Type 
New map created with 100 points for 1 Feature Type 
Tracking Initlized in 10.01s
The initlized frame ID: 28
The lost frame ID: 237
The lost frame ID: 238
The lost frame ID: 241
The lost frame ID: 255
The lost frame ID: 257
The lost frame ID: 258
The lost frame ID: 259
The lost frame ID: 261
The lost frame ID: 262
The lost frame ID: 267
The lost frame ID: 268
The lost frame ID: 269
The lost frame ID: 270
The lost frame ID: 271
The lost frame ID: 272
The lost frame ID: 274
The lost frame ID: 275
The lost frame ID: 276
The lost frame ID: 277
The lost frame ID: 278
The lost frame ID: 281
The lost frame ID: 282
The lost frame ID: 283
The lost frame ID: 284
The lost frame ID: 285
The lost frame ID: 289
The lost frame ID: 290
The lost frame ID: 292
The lost frame ID: 294
The lost frame ID: 296
The lost frame ID: 298
The lost frame ID: 299
The lost frame ID: 300
The lost frame ID: 301
The lost frame ID: 303
The lost frame ID: 304
The lost frame ID: 309
The lost frame ID: 314
The lost frame ID: 315
The lost frame ID: 317
The lost frame ID: 318
The lost frame ID: 319
The lost frame ID: 321
The lost frame ID: 323
The lost frame ID: 324
The lost frame ID: 326
The lost frame ID: 328
The lost frame ID: 329
The lost frame ID: 330
The lost frame ID: 331
The lost frame ID: 332
The lost frame ID: 333
System::StopViewer()
System::StopViewer() done
Viewer thread finished.

Saving correlation status...

========== Global Summary ==========
Frames: 381
avg_CorrEdges: 3.54593
avg_match_A: 71.7743
avg_match_B: 42.9029
global_RI_MNR: 0.0826502
global_RI_GNR: 0.0639003
global_RI_DICE: 0.061842

========== Per-Channel Summary ==========
   chA   chB     avgCorr        avgA        avgB   avgRI_MNR   avgRI_GNR  avgRI_DICE
     0     1     3.54593     71.7743     42.9029   0.0507883   0.0363178   0.0341119

Correlation status saved!

System Shutdown
-------

median tracking time: 0.025034
mean tracking time: 0.0306364

Saving camera trajectory to result20.txt ...

trajectory saved!
All done

========== Performance Summary (ms) ==========
name                                mean      median        rmse         min         max       count
Tracking                           3.778       3.517       1.245       1.844       9.539         445
Total Init                      3074.917    3074.917       0.000    3074.917    3074.917           1
Pipeline                          30.633      25.015      19.574      19.141     120.652         474
BRISK Extract                     19.225      18.264       6.074       6.171      32.493         474
Correlation                        0.073       0.053       0.054       0.002       0.250         393
AKAZE Extract                     18.545      18.407       1.283      15.977      24.267         474
