Registering ORBextractor...
Registering AKAZEextractor...
Registering BRISKextractor...
Registering SIFTextractor...
Registering KAZEextractor...
Registering SuperPointExtractor...

ORB-SLAM2 Copyright (C) 2014-2016 Raul Mur-Artal, University of Zaragoza.
This program comes with ABSOLUTELY NO WARRANTY;
This is free software, and you are welcome to redistribute it
under certain conditions. See LICENSE.txt.

Input sensor was set to: Monocular

Loading Vocabulary : /home/howard/Refactored_ORB_SLAM2/Install/var/lib/orbslam2/voc/akaze_cv.fbow
This could take a while...
Loading AKAZE Vocabulary in FBoW.
AKAZE Vocabulary loaded in 0.001838s


Loading Vocabulary : /home/howard/Refactored_ORB_SLAM2/Install/var/lib/orbslam2/voc/sift_cv.fbow
This could take a while...
Loading SIFT Vocabulary in FBoW.
SIFT Vocabulary loaded in 0.014392s


Camera Parameters: 
- fx: 535.4
- fy: 539.2
- cx: 320.1
- cy: 247.6
- k1: 0
- k2: 0
- p1: 0
- p2: 0
- fps: 30
- color order: RGB (ignored if grayscale)

[Feature 0] AKAZE Extractor Parameters: 
 ( TH_LOW: 100, TH_HIGH: 200 )
- Number of Features: 1000
- Scale Levels: 4
- Scale Factor: 1.4
- Threshold: 1e-05
- Num of Octaves: 4
- Num of Octave Layers: 4

[Feature 1] SIFT Extractor Parameters: 
 ( TH_LOW: 300, TH_HIGH: 500 )
- Number of Features  : 1000
- Scale Levels        : 1
- Scale Factor        : 1
- Contrast Threshold  : 0.001
- Edge Threshold      : 10
- nOctaves            : 3
- Sigma               : 1.6

-------
Start processing sequence ...
Images in the sequence: 474

0
New map created with 279 points for 0 Feature Type 
New map created with 73 points for 1 Feature Type 
Tracking Initlized in 14.82s
The initlized frame ID: 31
System::StopViewer()
System::StopViewer() done
Viewer thread finished.

Saving correlation status...

========== Global Summary ==========
Frames: 442
avg_CorrEdges: 39.767
avg_match_A: 253.955
avg_match_B: 93.4095
global_RI_MNR: 0.425727
global_RI_GNR: 0.258196
global_RI_DICE: 0.228964

========== Per-Channel Summary ==========
   chA   chB     avgCorr        avgA        avgB   avgRI_MNR   avgRI_GNR  avgRI_DICE
     0     1      39.767     253.955     93.4095    0.407336    0.252734    0.226103

Correlation status saved!

System Shutdown
-------

median tracking time: 0.0276342
mean tracking time: 0.0340238

Saving camera trajectory to result08.txt ...

trajectory saved!
All done

========== Performance Summary (ms) ==========
name                                mean      median        rmse         min         max       count
Tracking                           4.667       4.110       1.511       2.063       9.443         442
Total Init                      3696.330    3696.330       0.000    3696.330    3696.330           1
Pipeline                          34.020      27.629      22.079      21.993     126.660         474
SIFT Extract                      22.441      21.401       3.229      18.353      40.028         474
Correlation                        0.202       0.187       0.074       0.026       0.665         442
AKAZE Extract                     16.392      14.763       3.822      12.363      28.425         474
