Registering ORBextractor...
Registering AKAZEextractor...
Registering BRISKextractor...
Registering SIFTextractor...
Registering KAZEextractor...
Registering SuperPointExtractor...

ORB-SLAM2 Copyright (C) 2014-2016 Raul Mur-Artal, University of Zaragoza.
This program comes with ABSOLUTELY NO WARRANTY;
This is free software, and you are welcome to redistribute it
under certain conditions. See LICENSE.txt.

Input sensor was set to: Monocular

Loading Vocabulary : /home/howard/Refactored_ORB_SLAM2/Install/var/lib/orbslam2/voc/akaze_cv.fbow
This could take a while...
Loading AKAZE Vocabulary in FBoW.
AKAZE Vocabulary loaded in 0.001764s


Loading Vocabulary : /home/howard/Refactored_ORB_SLAM2/Install/var/lib/orbslam2/voc/sift_cv.fbow
This could take a while...
Loading SIFT Vocabulary in FBoW.
SIFT Vocabulary loaded in 0.015282s


Camera Parameters: 
- fx: 535.4
- fy: 539.2
- cx: 320.1
- cy: 247.6
- k1: 0
- k2: 0
- p1: 0
- p2: 0
- fps: 30
- color order: RGB (ignored if grayscale)

[Feature 0] AKAZE Extractor Parameters: 
 ( TH_LOW: 100, TH_HIGH: 200 )
- Number of Features: 1000
- Scale Levels: 4
- Scale Factor: 1.4
- Threshold: 1e-05
- Num of Octaves: 4
- Num of Octave Layers: 4

[Feature 1] SIFT Extractor Parameters: 
 ( TH_LOW: 300, TH_HIGH: 500 )
- Number of Features  : 1000
- Scale Levels        : 1
- Scale Factor        : 1
- Contrast Threshold  : 0.001
- Edge Threshold      : 10
- nOctaves            : 3
- Sigma               : 1.6

-------
Start processing sequence ...
Images in the sequence: 474

0
New map created with 279 points for 0 Feature Type 
New map created with 73 points for 1 Feature Type 
Tracking Initlized in 14.04s
The initlized frame ID: 31
System::StopViewer()
System::StopViewer() done
Viewer thread finished.

Saving correlation status...

========== Global Summary ==========
Frames: 442
avg_CorrEdges: 38.371
avg_match_A: 245.452
avg_match_B: 94.6765
global_RI_MNR: 0.405286
global_RI_GNR: 0.251709
global_RI_DICE: 0.225626

========== Per-Channel Summary ==========
   chA   chB     avgCorr        avgA        avgB   avgRI_MNR   avgRI_GNR  avgRI_DICE
     0     1      38.371     245.452     94.6765    0.383023    0.242075    0.218463

Correlation status saved!

System Shutdown
-------

median tracking time: 0.0278518
mean tracking time: 0.0337001

Saving camera trajectory to result04.txt ...

trajectory saved!
All done

========== Performance Summary (ms) ==========
name                                mean      median        rmse         min         max       count
Tracking                           4.867       4.481       1.462       2.115       8.775         442
Total Init                      3529.605    3529.605       0.000    3529.605    3529.605           1
Pipeline                          33.697      27.847      20.830      22.070     127.727         474
SIFT Extract                      22.077      21.100       2.774      18.715      41.233         474
Correlation                        0.194       0.187       0.066       0.027       0.548         442
AKAZE Extract                     15.990      14.651       3.501      12.296      29.064         474
