Registering ORBextractor...
Registering AKAZEextractor...
Registering BRISKextractor...
Registering SIFTextractor...
Registering KAZEextractor...
Registering SuperPointExtractor...

ORB-SLAM2 Copyright (C) 2014-2016 Raul Mur-Artal, University of Zaragoza.
This program comes with ABSOLUTELY NO WARRANTY;
This is free software, and you are welcome to redistribute it
under certain conditions. See LICENSE.txt.

Input sensor was set to: Monocular

Loading Vocabulary : /home/howard/Refactored_ORB_SLAM2/Install/var/lib/orbslam2/voc/akaze_cv.fbow
This could take a while...
Loading AKAZE Vocabulary in FBoW.
AKAZE Vocabulary loaded in 0.002078s


Loading Vocabulary : /home/howard/Refactored_ORB_SLAM2/Install/var/lib/orbslam2/voc/sift_cv.fbow
This could take a while...
Loading SIFT Vocabulary in FBoW.
SIFT Vocabulary loaded in 0.016470s


Camera Parameters: 
- fx: 535.4
- fy: 539.2
- cx: 320.1
- cy: 247.6
- k1: 0
- k2: 0
- p1: 0
- p2: 0
- fps: 30
- color order: RGB (ignored if grayscale)

[Feature 0] AKAZE Extractor Parameters: 
 ( TH_LOW: 100, TH_HIGH: 200 )
- Number of Features: 1000
- Scale Levels: 4
- Scale Factor: 1.4
- Threshold: 1e-05
- Num of Octaves: 4
- Num of Octave Layers: 4

[Feature 1] SIFT Extractor Parameters: 
 ( TH_LOW: 300, TH_HIGH: 500 )
- Number of Features  : 1000
- Scale Levels        : 1
- Scale Factor        : 1
- Contrast Threshold  : 0.001
- Edge Threshold      : 10
- nOctaves            : 3
- Sigma               : 1.6

-------
Start processing sequence ...
Images in the sequence: 474

0
New map created with 279 points for 0 Feature Type 
New map created with 73 points for 1 Feature Type 
Tracking Initlized in 14.35s
The initlized frame ID: 31
The lost frame ID: 154
The lost frame ID: 157
The lost frame ID: 159
The lost frame ID: 160
The lost frame ID: 162
The lost frame ID: 163
The lost frame ID: 164
The lost frame ID: 165
The lost frame ID: 166
The lost frame ID: 167
The lost frame ID: 168
The lost frame ID: 169
The lost frame ID: 170
The lost frame ID: 171
The lost frame ID: 172
The lost frame ID: 173
The lost frame ID: 175
The lost frame ID: 176
The lost frame ID: 177
The lost frame ID: 178
The lost frame ID: 180
The lost frame ID: 181
The lost frame ID: 193
The lost frame ID: 194
The lost frame ID: 195
The lost frame ID: 197
The lost frame ID: 198
The lost frame ID: 199
The lost frame ID: 200
The lost frame ID: 201
The lost frame ID: 202
The lost frame ID: 203
The lost frame ID: 204
The lost frame ID: 205
The lost frame ID: 206
The lost frame ID: 207
The lost frame ID: 208
The lost frame ID: 209
The lost frame ID: 210
The lost frame ID: 211
The lost frame ID: 218
The lost frame ID: 219
The lost frame ID: 220
The lost frame ID: 222
The lost frame ID: 223
The lost frame ID: 224
The lost frame ID: 225
The lost frame ID: 227
The lost frame ID: 228
The lost frame ID: 229
The lost frame ID: 230
The lost frame ID: 231
The lost frame ID: 233
The lost frame ID: 234
The lost frame ID: 235
The lost frame ID: 236
The lost frame ID: 237
The lost frame ID: 238
The lost frame ID: 239
The lost frame ID: 240
The lost frame ID: 241
The lost frame ID: 242
The lost frame ID: 243
The lost frame ID: 244
The lost frame ID: 245
The lost frame ID: 246
The lost frame ID: 247
The lost frame ID: 248
The lost frame ID: 249
The lost frame ID: 251
The lost frame ID: 252
The lost frame ID: 253
The lost frame ID: 254
The lost frame ID: 255
The lost frame ID: 256
The lost frame ID: 257
The lost frame ID: 258
The lost frame ID: 259
The lost frame ID: 260
The lost frame ID: 261
The lost frame ID: 262
The lost frame ID: 263
The lost frame ID: 264
The lost frame ID: 265
The lost frame ID: 266
The lost frame ID: 267
The lost frame ID: 268
The lost frame ID: 269
The lost frame ID: 270
The lost frame ID: 271
The lost frame ID: 272
The lost frame ID: 273
The lost frame ID: 274
The lost frame ID: 275
The lost frame ID: 276
The lost frame ID: 277
The lost frame ID: 278
The lost frame ID: 279
The lost frame ID: 280
The lost frame ID: 281
The lost frame ID: 282
The lost frame ID: 283
The lost frame ID: 284
The lost frame ID: 285
The lost frame ID: 286
The lost frame ID: 287
The lost frame ID: 288
The lost frame ID: 289
The lost frame ID: 291
The lost frame ID: 292
The lost frame ID: 293
The lost frame ID: 294
The lost frame ID: 295
The lost frame ID: 296
The lost frame ID: 297
The lost frame ID: 298
The lost frame ID: 299
The lost frame ID: 300
The lost frame ID: 301
The lost frame ID: 302
The lost frame ID: 303
The lost frame ID: 304
The lost frame ID: 305
The lost frame ID: 306
The lost frame ID: 307
The lost frame ID: 308
The lost frame ID: 317
The lost frame ID: 334
The lost frame ID: 336
The lost frame ID: 344
The lost frame ID: 345
The lost frame ID: 347
The lost frame ID: 348
The lost frame ID: 350
The lost frame ID: 351
The lost frame ID: 352
The lost frame ID: 355
The lost frame ID: 356
The lost frame ID: 357
The lost frame ID: 358
The lost frame ID: 361
The lost frame ID: 364
The lost frame ID: 366
The lost frame ID: 370
The lost frame ID: 371
The lost frame ID: 373
The lost frame ID: 376
The lost frame ID: 377
The lost frame ID: 378
The lost frame ID: 379
The lost frame ID: 387
The lost frame ID: 392
The lost frame ID: 393
The lost frame ID: 396
The lost frame ID: 436
The lost frame ID: 438
The lost frame ID: 441
The lost frame ID: 442
The lost frame ID: 443
The lost frame ID: 455
System::StopViewer()
System::StopViewer() done
Viewer thread finished.

Saving correlation status...

========== Global Summary ==========
Frames: 277
avg_CorrEdges: 5.80144
avg_match_A: 81.6354
avg_match_B: 19.6101
global_RI_MNR: 0.295839
global_RI_GNR: 0.144996
global_RI_DICE: 0.114602

========== Per-Channel Summary ==========
   chA   chB     avgCorr        avgA        avgB   avgRI_MNR   avgRI_GNR  avgRI_DICE
     0     1     5.80144     81.6354     19.6101     0.11605   0.0602628   0.0493883

Correlation status saved!

System Shutdown
-------

median tracking time: 0.0307244
mean tracking time: 0.036677

Saving camera trajectory to result12.txt ...

trajectory saved!
All done

========== Performance Summary (ms) ==========
name                                mean      median        rmse         min         max       count
Tracking                           7.033       7.248       1.703       2.152      12.105         442
Total Init                      3695.045    3695.045       0.000    3695.045    3695.045           1
Pipeline                          36.674      30.721      21.536      22.727     147.390         474
SIFT Extract                      22.705      21.791       3.891      18.700      54.811         474
Correlation                        0.074       0.036       0.075       0.002       0.322         282
AKAZE Extract                     16.978      14.986       4.352      12.508      30.994         474
