Registering ORBextractor...
Registering AKAZEextractor...
Registering BRISKextractor...
Registering SIFTextractor...
Registering KAZEextractor...

ORB-SLAM2 Copyright (C) 2014-2016 Raul Mur-Artal, University of Zaragoza.
This program comes with ABSOLUTELY NO WARRANTY;
This is free software, and you are welcome to redistribute it
under certain conditions. See LICENSE.txt.

Input sensor was set to: Monocular

Loading Vocabulary : /home/howard/Refactored_ORB_SLAM2/Install/var/lib/orbslam2/voc/akaze_cv.fbow
This could take a while...
Loading AKAZE Vocabulary in FBoW.
AKAZE Vocabulary loaded in 0.016413s


Loading Vocabulary : /home/howard/Refactored_ORB_SLAM2/Install/var/lib/orbslam2/voc/kaze_cv.fbow
This could take a while...
Loading KAZE Vocabulary in FBoW.
KAZE Vocabulary loaded in 0.036507s


Camera Parameters: 
- fx: 535.4
- fy: 539.2
- cx: 320.1
- cy: 247.6
- k1: 0
- k2: 0
- p1: 0
- p2: 0
- fps: 30
- color order: RGB (ignored if grayscale)

[Feature 0] AKAZE Extractor Parameters: 
 ( TH_LOW: 100, TH_HIGH: 200 )
- Number of Features: 1000
- Scale Levels: 4
- Scale Factor: 1.2
- Threshold: 1e-05
- Num of Octaves: 4
- Num of Octave Layers: 4

[Feature 1] KAZE Extractor Parameters: 
 ( TH_LOW: 0.5, TH_HIGH: 1 )
- Number of Features : 1000
- Scale Levels       : 4
- Scale Factor       : 1.2
- Threshold          : 1e-05
- nOctaves           : 4
- nOctaveLayers      : 4
- Extended (128‑dim) : 0
- Upright            : 0

-------
Start processing sequence ...
Images in the sequence: 474

1
New map created with 305 points for 0 Feature Type 
New map created with 254 points for 1 Feature Type 
Tracking Initlized in 23.11s
The initlized frame ID: 28
The lost frame ID: 100
The lost frame ID: 303
The lost frame ID: 307
The lost frame ID: 308
The lost frame ID: 310
The lost frame ID: 312
The lost frame ID: 314
The lost frame ID: 316
The lost frame ID: 320
The lost frame ID: 321
The lost frame ID: 323
The lost frame ID: 324
The lost frame ID: 325
The lost frame ID: 327
The lost frame ID: 328
The lost frame ID: 329
The lost frame ID: 330
The lost frame ID: 331
The lost frame ID: 333
The lost frame ID: 335
The lost frame ID: 337
The lost frame ID: 338
The lost frame ID: 339
The lost frame ID: 340
The lost frame ID: 342
The lost frame ID: 345
The lost frame ID: 346
The lost frame ID: 348
The lost frame ID: 349
The lost frame ID: 351
The lost frame ID: 355
The lost frame ID: 357
The lost frame ID: 358
The lost frame ID: 363
The lost frame ID: 365
The lost frame ID: 367
The lost frame ID: 369
The lost frame ID: 370
The lost frame ID: 371
The lost frame ID: 372
The lost frame ID: 374
The lost frame ID: 376
The lost frame ID: 377
The lost frame ID: 378
The lost frame ID: 380
The lost frame ID: 381
The lost frame ID: 384
The lost frame ID: 385
The lost frame ID: 387
The lost frame ID: 388
The lost frame ID: 389
The lost frame ID: 390
The lost frame ID: 391
The lost frame ID: 394
The lost frame ID: 395
The lost frame ID: 396
The lost frame ID: 397
The lost frame ID: 400
The lost frame ID: 401
The lost frame ID: 406
The lost frame ID: 407
The lost frame ID: 408
The lost frame ID: 409
The lost frame ID: 410
The lost frame ID: 413
The lost frame ID: 414
The lost frame ID: 415
The lost frame ID: 416
The lost frame ID: 417
The lost frame ID: 419
The lost frame ID: 420
The lost frame ID: 421
The lost frame ID: 423
The lost frame ID: 426
The lost frame ID: 427
The lost frame ID: 429
The lost frame ID: 431
The lost frame ID: 432
The lost frame ID: 433
The lost frame ID: 438
The lost frame ID: 439
The lost frame ID: 440
The lost frame ID: 441
The lost frame ID: 448
The lost frame ID: 450
The lost frame ID: 453
The lost frame ID: 454
The lost frame ID: 455
The lost frame ID: 456
The lost frame ID: 458
System::StopViewer()
System::StopViewer() done
Viewer thread finished.

Saving correlation status...

========== Global Summary ==========
Frames: 350
avg_CorrEdges: 31.9286
avg_match_A: 54.6914
avg_match_B: 109.64
global_RI_MNR: 0.583795
global_RI_GNR: 0.412321
global_RI_DICE: 0.388588

========== Per-Channel Summary ==========
   chA   chB     avgCorr        avgA        avgB   avgRI_MNR   avgRI_GNR  avgRI_DICE
     0     1     31.9286     54.6914      109.64    0.411791    0.242289    0.210986

Correlation status saved!

System Shutdown
-------

median tracking time: 0.0891703
mean tracking time: 0.0935736

Saving camera trajectory to result18.txt ...

trajectory saved!
All done

========== Performance Summary (ms) ==========
name                                mean      median        rmse         min         max       count
Tracking                           5.481       4.546       2.971       1.257      14.436         445
Total Init                      4460.711    4460.711       0.000    4460.711    4460.711           1
Pipeline                          93.571      89.167      17.039      80.012     200.952         474
KAZE Extract                      83.473      82.204       5.606      72.960     134.934         474
Correlation                        0.093       0.055       0.092       0.002       0.382         354
AKAZE Extract                     18.231      17.887       1.712      15.636      30.434         474
