Registering ORBextractor...
Registering AKAZEextractor...
Registering BRISKextractor...
Registering SIFTextractor...
Registering KAZEextractor...
Registering SuperPointExtractor...

ORB-SLAM2 Copyright (C) 2014-2016 Raul Mur-Artal, University of Zaragoza.
This program comes with ABSOLUTELY NO WARRANTY;
This is free software, and you are welcome to redistribute it
under certain conditions. See LICENSE.txt.

Input sensor was set to: Monocular

Loading Vocabulary : /home/howard/Refactored_ORB_SLAM2/Install/var/lib/orbslam2/voc/orb_mur.fbow
This could take a while...
Loading ORB Vocabulary in FBoW.
ORB Vocabulary loaded in 0.009660s


Loading Vocabulary : /home/howard/Refactored_ORB_SLAM2/Install/var/lib/orbslam2/voc/akaze_cv.fbow
This could take a while...
Loading AKAZE Vocabulary in FBoW.
AKAZE Vocabulary loaded in 0.001782s


Loading Vocabulary : /home/howard/Refactored_ORB_SLAM2/Install/var/lib/orbslam2/voc/brisk_cv.fbow
This could take a while...
Loading BRISK Vocabulary in FBoW.
BRISK Vocabulary loaded in 0.001747s


Loading Vocabulary : /home/howard/Refactored_ORB_SLAM2/Install/var/lib/orbslam2/voc/kaze_cv.fbow
This could take a while...
Loading KAZE Vocabulary in FBoW.
KAZE Vocabulary loaded in 0.006248s


Loading Vocabulary : /home/howard/Refactored_ORB_SLAM2/Install/var/lib/orbslam2/voc/sift_cv.fbow
This could take a while...
Loading SIFT Vocabulary in FBoW.
SIFT Vocabulary loaded in 0.012449s


Loading Vocabulary : /home/howard/Refactored_ORB_SLAM2/Install/var/lib/orbslam2/voc/superpoint.fbow
This could take a while...
Loading SuperPoint Vocabulary in FBoW.
SuperPoint Vocabulary loaded in 0.008923s


Camera Parameters: 
- fx: 535.4
- fy: 539.2
- cx: 320.1
- cy: 247.6
- k1: 0
- k2: 0
- p1: 0
- p2: 0
- fps: 30
- color order: RGB (ignored if grayscale)

[Feature 0] ORB Extractor Parameters: 
 ( TH_LOW: 50, TH_HIGH: 100 )
- Number of Features: 1000
- Scale Levels: 8
- Scale Factor: 1.2
- Initial Fast Threshold: 20
- Minimum Fast Threshold: 7

[Feature 1] AKAZE Extractor Parameters: 
 ( TH_LOW: 100, TH_HIGH: 200 )
- Number of Features: 1000
- Scale Levels: 4
- Scale Factor: 1.4
- Threshold: 1e-05
- Num of Octaves: 4
- Num of Octave Layers: 4

[Feature 2] BRISK Extractor Parameters: 
 ( TH_LOW: 100, TH_HIGH: 200 )
- Number of Features: 1000
- Scale Levels: 6
- Scale Factor: 1.414
- Threshold: 4
- Num of Octaves: 3
- Pattern Scale: 1

[Feature 3] KAZE Extractor Parameters: 
 ( TH_LOW: 0.5, TH_HIGH: 1 )
- Number of Features : 1000
- Scale Levels       : 4
- Scale Factor       : 1.4
- Threshold          : 1e-05
- nOctaves           : 4
- nOctaveLayers      : 4
- Extended (128‑dim) : 0
- Upright            : 0

[Feature 4] SIFT Extractor Parameters: 
 ( TH_LOW: 300, TH_HIGH: 500 )
- Number of Features  : 1000
- Scale Levels        : 1
- Scale Factor        : 1
- Contrast Threshold  : 0.001
- Edge Threshold      : 10
- nOctaves            : 3
- Sigma               : 1.6

[Feature 5] SuperPoint Extractor Parameters: 
 ( TH_LOW: 0.7, TH_HIGH: 0.9 )
- Number of Features: 1000
- Scale Levels: 4
- Scale Factor: 1.2
- Use CUDA: 1
- Use NMS: 1
- iniTh: 0.0024
- minTh: 0.0012

-------
Start processing sequence ...
Images in the sequence: 474

2
New map created with 6 points for 0 Feature Type 
New map created with 314 points for 1 Feature Type 
New map created with 103 points for 2 Feature Type 
New map created with 264 points for 3 Feature Type 
New map created with 93 points for 4 Feature Type 
New map created with 0 points for 5 Feature Type 
Tracking Initlized in 55.53s
The initlized frame ID: 28
System::StopViewer()
System::StopViewer() done
Viewer thread finished.

Saving correlation status...

========== Global Summary ==========
Frames: 4434
avg_CorrEdges: 35.4308
avg_match_A: 104.297
avg_match_B: 139.985
global_RI_MNR: 0.33971
global_RI_GNR: 0.293227
global_RI_DICE: 0.29008

========== Per-Channel Summary ==========
   chA   chB     avgCorr        avgA        avgB   avgRI_MNR   avgRI_GNR  avgRI_DICE
     0     1     9.54648     21.6576     169.263    0.400818    0.149523    0.100365
     0     2      15.102     21.6576     90.4331    0.658494     0.31435    0.245855
     0     3     14.4127     21.6576     272.077    0.634495     0.18025    0.098619
     0     4     7.10884     21.6576          60    0.300638    0.178745    0.156921
     1     2     31.0202      167.96     89.7506    0.331795    0.248554    0.237047
     1     3      137.47      167.96     269.989    0.821901    0.644595    0.625448
     1     4     24.3753      167.96     59.5461    0.396999    0.239752    0.212145
     2     3     54.2944     89.7506     269.989    0.591362    0.341987     0.29652
     2     4     17.5573     89.7506     59.5461    0.282019    0.228954    0.223379
     3     4     42.5618     269.989     59.5461    0.705779    0.330421    0.255282

Correlation status saved!

System Shutdown
-------

median tracking time: 0.138115
mean tracking time: 0.146954

Saving camera trajectory to result09.txt ...

trajectory saved!
All done

========== Performance Summary (ms) ==========
name                                mean      median        rmse         min         max       count
Tracking                          11.995      12.223       2.634       3.421      23.950         445
Total Init                      8716.318    8716.318       0.000    8716.318    8716.318           1
Pipeline                         146.950     138.093      43.038     106.566     353.018         474
SuperPoint Extract               110.067     115.019      21.507      64.673     306.144         474
KAZE Extract                     113.702     110.435      11.253      96.909     168.503         474
SIFT Extract                      37.243      32.585      11.232      24.734      79.080         474
Correlation                        1.142       1.143       0.292       0.128       2.776         445
AKAZE Extract                     27.828      26.887       6.189      17.768      47.624         474
BRISK Extract                     27.013      25.708       8.693       8.762      49.260         474
ORB Extract                        4.227       4.154       0.897       2.257       7.940         474
