Registering ORBextractor...
Registering AKAZEextractor...
Registering BRISKextractor...
Registering SIFTextractor...
Registering KAZEextractor...
Registering SuperPointExtractor...

ORB-SLAM2 Copyright (C) 2014-2016 Raul Mur-Artal, University of Zaragoza.
This program comes with ABSOLUTELY NO WARRANTY;
This is free software, and you are welcome to redistribute it
under certain conditions. See LICENSE.txt.

Input sensor was set to: Monocular

Loading Vocabulary : /home/howard/Refactored_ORB_SLAM2/Install/var/lib/orbslam2/voc/orb_mur.fbow
This could take a while...
Loading ORB Vocabulary in FBoW.
ORB Vocabulary loaded in 0.010317s


Loading Vocabulary : /home/howard/Refactored_ORB_SLAM2/Install/var/lib/orbslam2/voc/akaze_cv.fbow
This could take a while...
Loading AKAZE Vocabulary in FBoW.
AKAZE Vocabulary loaded in 0.001887s


Loading Vocabulary : /home/howard/Refactored_ORB_SLAM2/Install/var/lib/orbslam2/voc/brisk_cv.fbow
This could take a while...
Loading BRISK Vocabulary in FBoW.
BRISK Vocabulary loaded in 0.001965s


Loading Vocabulary : /home/howard/Refactored_ORB_SLAM2/Install/var/lib/orbslam2/voc/kaze_cv.fbow
This could take a while...
Loading KAZE Vocabulary in FBoW.
KAZE Vocabulary loaded in 0.008226s


Loading Vocabulary : /home/howard/Refactored_ORB_SLAM2/Install/var/lib/orbslam2/voc/sift_cv.fbow
This could take a while...
Loading SIFT Vocabulary in FBoW.
SIFT Vocabulary loaded in 0.013406s


Loading Vocabulary : /home/howard/Refactored_ORB_SLAM2/Install/var/lib/orbslam2/voc/superpoint.fbow
This could take a while...
Loading SuperPoint Vocabulary in FBoW.
SuperPoint Vocabulary loaded in 0.008657s


Camera Parameters: 
- fx: 535.4
- fy: 539.2
- cx: 320.1
- cy: 247.6
- k1: 0
- k2: 0
- p1: 0
- p2: 0
- fps: 30
- color order: RGB (ignored if grayscale)

[Feature 0] ORB Extractor Parameters: 
 ( TH_LOW: 50, TH_HIGH: 100 )
- Number of Features: 1000
- Scale Levels: 8
- Scale Factor: 1.2
- Initial Fast Threshold: 20
- Minimum Fast Threshold: 7

[Feature 1] AKAZE Extractor Parameters: 
 ( TH_LOW: 100, TH_HIGH: 200 )
- Number of Features: 1000
- Scale Levels: 4
- Scale Factor: 1.4
- Threshold: 1e-05
- Num of Octaves: 4
- Num of Octave Layers: 4

[Feature 2] BRISK Extractor Parameters: 
 ( TH_LOW: 100, TH_HIGH: 200 )
- Number of Features: 1000
- Scale Levels: 6
- Scale Factor: 1.414
- Threshold: 4
- Num of Octaves: 3
- Pattern Scale: 1

[Feature 3] KAZE Extractor Parameters: 
 ( TH_LOW: 0.5, TH_HIGH: 1 )
- Number of Features : 1000
- Scale Levels       : 4
- Scale Factor       : 1.4
- Threshold          : 1e-05
- nOctaves           : 4
- nOctaveLayers      : 4
- Extended (128‑dim) : 0
- Upright            : 0

[Feature 4] SIFT Extractor Parameters: 
 ( TH_LOW: 300, TH_HIGH: 500 )
- Number of Features  : 1000
- Scale Levels        : 1
- Scale Factor        : 1
- Contrast Threshold  : 0.001
- Edge Threshold      : 10
- nOctaves            : 3
- Sigma               : 1.6

[Feature 5] SuperPoint Extractor Parameters: 
 ( TH_LOW: 0.7, TH_HIGH: 0.9 )
- Number of Features: 1000
- Scale Levels: 4
- Scale Factor: 1.2
- Use CUDA: 1
- Use NMS: 1
- iniTh: 0.0024
- minTh: 0.0012

-------
Start processing sequence ...
Images in the sequence: 474

2
New map created with 6 points for 0 Feature Type 
New map created with 314 points for 1 Feature Type 
New map created with 103 points for 2 Feature Type 
New map created with 264 points for 3 Feature Type 
New map created with 93 points for 4 Feature Type 
New map created with 0 points for 5 Feature Type 
Tracking Initlized in 51.29s
The initlized frame ID: 28
The lost frame ID: 303
The lost frame ID: 304
The lost frame ID: 311
The lost frame ID: 313
The lost frame ID: 324
The lost frame ID: 327
The lost frame ID: 329
The lost frame ID: 330
The lost frame ID: 331
The lost frame ID: 332
The lost frame ID: 334
The lost frame ID: 335
The lost frame ID: 336
The lost frame ID: 337
The lost frame ID: 339
The lost frame ID: 340
The lost frame ID: 342
The lost frame ID: 345
The lost frame ID: 347
The lost frame ID: 349
The lost frame ID: 351
The lost frame ID: 352
The lost frame ID: 353
The lost frame ID: 355
The lost frame ID: 356
The lost frame ID: 357
The lost frame ID: 358
The lost frame ID: 359
The lost frame ID: 363
The lost frame ID: 364
The lost frame ID: 366
The lost frame ID: 367
The lost frame ID: 369
The lost frame ID: 371
The lost frame ID: 374
The lost frame ID: 375
The lost frame ID: 376
The lost frame ID: 377
The lost frame ID: 379
The lost frame ID: 382
The lost frame ID: 384
The lost frame ID: 387
The lost frame ID: 388
The lost frame ID: 389
The lost frame ID: 390
The lost frame ID: 391
The lost frame ID: 392
The lost frame ID: 393
The lost frame ID: 394
The lost frame ID: 395
The lost frame ID: 396
The lost frame ID: 398
The lost frame ID: 400
The lost frame ID: 401
The lost frame ID: 402
The lost frame ID: 404
The lost frame ID: 405
The lost frame ID: 406
The lost frame ID: 407
The lost frame ID: 408
The lost frame ID: 410
The lost frame ID: 412
The lost frame ID: 413
The lost frame ID: 414
The lost frame ID: 415
The lost frame ID: 416
The lost frame ID: 417
The lost frame ID: 418
The lost frame ID: 419
The lost frame ID: 422
The lost frame ID: 425
The lost frame ID: 427
The lost frame ID: 430
The lost frame ID: 431
The lost frame ID: 432
The lost frame ID: 435
The lost frame ID: 437
The lost frame ID: 438
The lost frame ID: 439
The lost frame ID: 440
The lost frame ID: 441
The lost frame ID: 442
The lost frame ID: 443
The lost frame ID: 444
The lost frame ID: 447
The lost frame ID: 449
The lost frame ID: 451
The lost frame ID: 457
The lost frame ID: 458
The lost frame ID: 459
System::StopViewer()
System::StopViewer() done
Viewer thread finished.

Saving correlation status...

========== Global Summary ==========
Frames: 2810
avg_CorrEdges: 6.26228
avg_match_A: 37.7512
avg_match_B: 52.1452
global_RI_MNR: 0.165883
global_RI_GNR: 0.141143
global_RI_DICE: 0.139322

========== Per-Channel Summary ==========
   chA   chB     avgCorr        avgA        avgB   avgRI_MNR   avgRI_GNR  avgRI_DICE
     0     1    0.604167     7.22083      66.175   0.0541139   0.0178923   0.0116702
     0     2       2.275     7.22083     34.6542    0.224229   0.0982841   0.0726892
     0     3     2.02917     7.22083     127.733    0.217706   0.0494288    0.023855
     0     4    0.697479     7.26891     18.0462     0.07107    0.040203   0.0343873
     1     2     3.11576     52.4277     28.9678    0.087534   0.0497799   0.0427454
     1     3      30.537     52.4277     103.942    0.445889    0.245829    0.208588
     1     4     2.96853     56.8706     15.6014    0.131554   0.0755237   0.0647643
     2     3     6.66761     26.0369     92.7188    0.155464   0.0838129   0.0700138
     2     4     2.21959     30.2027     15.1081   0.0993137   0.0703067   0.0659725
     3     4     6.53378     108.689     15.1081    0.266736    0.105799    0.074278

Correlation status saved!

System Shutdown
-------

median tracking time: 0.135103
mean tracking time: 0.143415

Saving camera trajectory to result05.txt ...

trajectory saved!
All done

========== Performance Summary (ms) ==========
name                                mean      median        rmse         min         max       count
Tracking                          13.505       7.994       9.977       1.928      39.023         445
Total Init                      8203.359    8203.359       0.000    8203.359    8203.359           1
Pipeline                         143.412     135.100      40.546     104.275     310.973         474
SuperPoint Extract                88.405      83.617      18.483      56.643     276.236         474
KAZE Extract                     116.510     117.267      10.349      95.631     150.603         474
SIFT Extract                      36.699      33.048      11.716      24.060     100.776         474
Correlation                        0.322       0.207       0.340       0.015       1.530         355
AKAZE Extract                     26.977      25.874       6.068      17.711      49.064         474
BRISK Extract                     26.816      25.409       8.548       7.914      48.715         474
ORB Extract                        4.052       3.982       0.800       2.348       8.832         474
