Registering ORBextractor...
Registering AKAZEextractor...
Registering BRISKextractor...
Registering SIFTextractor...
Registering KAZEextractor...
Registering SuperPointExtractor...

ORB-SLAM2 Copyright (C) 2014-2016 Raul Mur-Artal, University of Zaragoza.
This program comes with ABSOLUTELY NO WARRANTY;
This is free software, and you are welcome to redistribute it
under certain conditions. See LICENSE.txt.

Input sensor was set to: Monocular

Loading Vocabulary : /home/howard/Refactored_ORB_SLAM2/Install/var/lib/orbslam2/voc/orb_mur.fbow
This could take a while...
Loading ORB Vocabulary in FBoW.
ORB Vocabulary loaded in 0.011543s


Loading Vocabulary : /home/howard/Refactored_ORB_SLAM2/Install/var/lib/orbslam2/voc/akaze_cv.fbow
This could take a while...
Loading AKAZE Vocabulary in FBoW.
AKAZE Vocabulary loaded in 0.002214s


Loading Vocabulary : /home/howard/Refactored_ORB_SLAM2/Install/var/lib/orbslam2/voc/brisk_cv.fbow
This could take a while...
Loading BRISK Vocabulary in FBoW.
BRISK Vocabulary loaded in 0.002040s


Loading Vocabulary : /home/howard/Refactored_ORB_SLAM2/Install/var/lib/orbslam2/voc/kaze_cv.fbow
This could take a while...
Loading KAZE Vocabulary in FBoW.
KAZE Vocabulary loaded in 0.007777s


Loading Vocabulary : /home/howard/Refactored_ORB_SLAM2/Install/var/lib/orbslam2/voc/sift_cv.fbow
This could take a while...
Loading SIFT Vocabulary in FBoW.
SIFT Vocabulary loaded in 0.014016s


Loading Vocabulary : /home/howard/Refactored_ORB_SLAM2/Install/var/lib/orbslam2/voc/superpoint.fbow
This could take a while...
Loading SuperPoint Vocabulary in FBoW.
SuperPoint Vocabulary loaded in 0.008662s


Camera Parameters: 
- fx: 535.4
- fy: 539.2
- cx: 320.1
- cy: 247.6
- k1: 0
- k2: 0
- p1: 0
- p2: 0
- fps: 30
- color order: RGB (ignored if grayscale)

[Feature 0] ORB Extractor Parameters: 
 ( TH_LOW: 50, TH_HIGH: 100 )
- Number of Features: 1000
- Scale Levels: 8
- Scale Factor: 1.2
- Initial Fast Threshold: 20
- Minimum Fast Threshold: 7

[Feature 1] AKAZE Extractor Parameters: 
 ( TH_LOW: 100, TH_HIGH: 200 )
- Number of Features: 1000
- Scale Levels: 4
- Scale Factor: 1.4
- Threshold: 1e-05
- Num of Octaves: 4
- Num of Octave Layers: 4

[Feature 2] BRISK Extractor Parameters: 
 ( TH_LOW: 100, TH_HIGH: 200 )
- Number of Features: 1000
- Scale Levels: 6
- Scale Factor: 1.414
- Threshold: 4
- Num of Octaves: 3
- Pattern Scale: 1

[Feature 3] KAZE Extractor Parameters: 
 ( TH_LOW: 0.5, TH_HIGH: 1 )
- Number of Features : 1000
- Scale Levels       : 4
- Scale Factor       : 1.4
- Threshold          : 1e-05
- nOctaves           : 4
- nOctaveLayers      : 4
- Extended (128‑dim) : 0
- Upright            : 0

[Feature 4] SIFT Extractor Parameters: 
 ( TH_LOW: 300, TH_HIGH: 500 )
- Number of Features  : 1000
- Scale Levels        : 1
- Scale Factor        : 1
- Contrast Threshold  : 0.001
- Edge Threshold      : 10
- nOctaves            : 3
- Sigma               : 1.6

[Feature 5] SuperPoint Extractor Parameters: 
 ( TH_LOW: 0.7, TH_HIGH: 0.9 )
- Number of Features: 1000
- Scale Levels: 4
- Scale Factor: 1.2
- Use CUDA: 1
- Use NMS: 1
- iniTh: 0.0024
- minTh: 0.0012

-------
Start processing sequence ...
Images in the sequence: 474

2
New map created with 6 points for 0 Feature Type 
New map created with 314 points for 1 Feature Type 
New map created with 103 points for 2 Feature Type 
New map created with 264 points for 3 Feature Type 
New map created with 93 points for 4 Feature Type 
New map created with 0 points for 5 Feature Type 
Tracking Initlized in 50.56s
The initlized frame ID: 28
System::StopViewer()
System::StopViewer() done
Viewer thread finished.

Saving correlation status...

========== Global Summary ==========
Frames: 3541
avg_CorrEdges: 6.28947
avg_match_A: 41.3914
avg_match_B: 57.1418
global_RI_MNR: 0.151951
global_RI_GNR: 0.129325
global_RI_DICE: 0.127662

========== Per-Channel Summary ==========
   chA   chB     avgCorr        avgA        avgB   avgRI_MNR   avgRI_GNR  avgRI_DICE
     0     1    0.854545     11.4227     74.7136   0.0837862   0.0260272   0.0162853
     0     2     2.39467     8.17433     40.0969     0.29142    0.125207   0.0924137
     0     3     2.46973     8.17433     117.162    0.348513   0.0849881   0.0447342
     0     4    0.975728     8.18204     18.4757    0.129636   0.0753414   0.0652038
     1     2       4.256      66.924      45.276    0.132168    0.056849   0.0430096
     1     3      39.584      66.924     124.452    0.602973    0.284132    0.230295
     1     4       4.112      66.924      22.932    0.131679   0.0572929   0.0424601
     2     3     9.01348     38.4135     111.463    0.214161    0.124175    0.107128
     2     4     2.01802     38.4482     17.5405   0.0812074   0.0590777   0.0558072
     3     4      6.2545     111.651     17.5405    0.272513    0.105629   0.0738595

Correlation status saved!

System Shutdown
-------

median tracking time: 0.122995
mean tracking time: 0.13462

Saving camera trajectory to result01.txt ...

trajectory saved!
All done

========== Performance Summary (ms) ==========
name                                mean      median        rmse         min         max       count
Tracking                           6.065       5.385       2.834       2.807      24.930         445
Total Init                      8310.814    8310.814       0.000    8310.814    8310.814           1
Pipeline                         134.616     122.918      41.499     101.321     336.674         474
SuperPoint Extract                87.687      85.342      15.657      59.926     283.490         474
KAZE Extract                     115.839     113.990      11.876      93.555     174.152         474
SIFT Extract                      35.413      31.283      11.681      24.065      97.657         474
Correlation                        0.359       0.236       0.319       0.064       1.855         445
AKAZE Extract                     26.895      25.809       5.867      17.980      44.613         474
BRISK Extract                     26.867      25.773       8.263       8.405      46.413         474
ORB Extract                        4.067       3.979       0.829       2.158       9.166         474
