Registering ORBextractor...
Registering AKAZEextractor...
Registering BRISKextractor...
Registering SIFTextractor...
Registering KAZEextractor...
Registering SuperPointExtractor...

ORB-SLAM2 Copyright (C) 2014-2016 Raul Mur-Artal, University of Zaragoza.
This program comes with ABSOLUTELY NO WARRANTY;
This is free software, and you are welcome to redistribute it
under certain conditions. See LICENSE.txt.

Input sensor was set to: Monocular

Loading Vocabulary : /home/howard/Refactored_ORB_SLAM2/Install/var/lib/orbslam2/voc/orb_mur.fbow
This could take a while...
Loading ORB Vocabulary in FBoW.
ORB Vocabulary loaded in 0.009650s


Loading Vocabulary : /home/howard/Refactored_ORB_SLAM2/Install/var/lib/orbslam2/voc/akaze_cv.fbow
This could take a while...
Loading AKAZE Vocabulary in FBoW.
AKAZE Vocabulary loaded in 0.001845s


Loading Vocabulary : /home/howard/Refactored_ORB_SLAM2/Install/var/lib/orbslam2/voc/brisk_cv.fbow
This could take a while...
Loading BRISK Vocabulary in FBoW.
BRISK Vocabulary loaded in 0.001727s


Loading Vocabulary : /home/howard/Refactored_ORB_SLAM2/Install/var/lib/orbslam2/voc/kaze_cv.fbow
This could take a while...
Loading KAZE Vocabulary in FBoW.
KAZE Vocabulary loaded in 0.006338s


Loading Vocabulary : /home/howard/Refactored_ORB_SLAM2/Install/var/lib/orbslam2/voc/sift_cv.fbow
This could take a while...
Loading SIFT Vocabulary in FBoW.
SIFT Vocabulary loaded in 0.012491s


Loading Vocabulary : /home/howard/Refactored_ORB_SLAM2/Install/var/lib/orbslam2/voc/superpoint.fbow
This could take a while...
Loading SuperPoint Vocabulary in FBoW.
SuperPoint Vocabulary loaded in 0.008304s


Camera Parameters: 
- fx: 535.4
- fy: 539.2
- cx: 320.1
- cy: 247.6
- k1: 0
- k2: 0
- p1: 0
- p2: 0
- fps: 30
- color order: RGB (ignored if grayscale)

[Feature 0] ORB Extractor Parameters: 
 ( TH_LOW: 50, TH_HIGH: 100 )
- Number of Features: 1000
- Scale Levels: 8
- Scale Factor: 1.2
- Initial Fast Threshold: 20
- Minimum Fast Threshold: 7

[Feature 1] AKAZE Extractor Parameters: 
 ( TH_LOW: 100, TH_HIGH: 200 )
- Number of Features: 1000
- Scale Levels: 4
- Scale Factor: 1.4
- Threshold: 1e-05
- Num of Octaves: 4
- Num of Octave Layers: 4

[Feature 2] BRISK Extractor Parameters: 
 ( TH_LOW: 100, TH_HIGH: 200 )
- Number of Features: 1000
- Scale Levels: 6
- Scale Factor: 1.414
- Threshold: 4
- Num of Octaves: 3
- Pattern Scale: 1

[Feature 3] KAZE Extractor Parameters: 
 ( TH_LOW: 0.5, TH_HIGH: 1 )
- Number of Features : 1000
- Scale Levels       : 4
- Scale Factor       : 1.4
- Threshold          : 1e-05
- nOctaves           : 4
- nOctaveLayers      : 4
- Extended (128‑dim) : 0
- Upright            : 0

[Feature 4] SIFT Extractor Parameters: 
 ( TH_LOW: 300, TH_HIGH: 500 )
- Number of Features  : 1000
- Scale Levels        : 1
- Scale Factor        : 1
- Contrast Threshold  : 0.001
- Edge Threshold      : 10
- nOctaves            : 3
- Sigma               : 1.6

[Feature 5] SuperPoint Extractor Parameters: 
 ( TH_LOW: 0.7, TH_HIGH: 0.9 )
- Number of Features: 1000
- Scale Levels: 4
- Scale Factor: 1.2
- Use CUDA: 1
- Use NMS: 1
- iniTh: 0.0024
- minTh: 0.0012

-------
Start processing sequence ...
Images in the sequence: 474

2
New map created with 6 points for 0 Feature Type 
New map created with 314 points for 1 Feature Type 
New map created with 103 points for 2 Feature Type 
New map created with 264 points for 3 Feature Type 
New map created with 93 points for 4 Feature Type 
New map created with 0 points for 5 Feature Type 
Tracking Initlized in 52.10s
The initlized frame ID: 28
System::StopViewer()
System::StopViewer() done
Viewer thread finished.

Saving correlation status...

========== Global Summary ==========
Frames: 4181
avg_CorrEdges: 4.97752
avg_match_A: 33.42
avg_match_B: 52.7037
global_RI_MNR: 0.148938
global_RI_GNR: 0.118601
global_RI_DICE: 0.11559

========== Per-Channel Summary ==========
   chA   chB     avgCorr        avgA        avgB   avgRI_MNR   avgRI_GNR  avgRI_DICE
     0     1    0.708661     6.28346     47.4882    0.113645   0.0510549   0.0392405
     0     2     2.14436     6.28346     33.5381    0.323192    0.140382    0.103733
     0     3     1.61942     6.28346      116.63    0.235986   0.0492886   0.0209479
     0     4    0.605263     6.29737     23.3342   0.0819103   0.0449811   0.0381253
     1     2     2.68849       42.07     30.4537    0.110693   0.0756139   0.0697096
     1     3     22.4289       42.07     106.621     0.33348    0.174197    0.145589
     1     4     2.15646     42.2245     21.2245    0.102474   0.0555566   0.0465265
     2     3     7.77079     30.3326     106.373    0.268306    0.118682   0.0918632
     2     4     1.83973     30.4086     21.1738   0.0880819   0.0566717   0.0514152
     3     4     5.70203     106.749     21.1738    0.207656     0.08754   0.0639751

Correlation status saved!

System Shutdown
-------

median tracking time: 0.132158
mean tracking time: 0.140185

Saving camera trajectory to result17.txt ...

trajectory saved!
All done

========== Performance Summary (ms) ==========
name                                mean      median        rmse         min         max       count
Tracking                           6.567       5.517       3.365       3.203      24.363         445
Total Init                      8436.222    8436.222       0.000    8436.222    8436.222           1
Pipeline                         140.182     132.149      41.768     104.661     352.014         474
SuperPoint Extract                86.247      82.424      16.602      63.347     289.980         474
KAZE Extract                     120.910     123.075      10.152      97.484     159.995         474
SIFT Extract                      37.294      34.521      10.886      22.870      85.036         474
Correlation                        0.349       0.252       0.285       0.062       1.463         445
AKAZE Extract                     26.870      25.749       6.016      17.908      47.516         474
BRISK Extract                     26.715      25.662       8.441       8.507      49.495         474
ORB Extract                        3.902       3.838       0.704       2.474       6.879         474
