Registering ORBextractor...
Registering AKAZEextractor...
Registering BRISKextractor...
Registering SIFTextractor...
Registering KAZEextractor...
Registering SuperPointExtractor...

ORB-SLAM2 Copyright (C) 2014-2016 Raul Mur-Artal, University of Zaragoza.
This program comes with ABSOLUTELY NO WARRANTY;
This is free software, and you are welcome to redistribute it
under certain conditions. See LICENSE.txt.

Input sensor was set to: Monocular

Loading Vocabulary : /home/howard/Refactored_ORB_SLAM2/Install/var/lib/orbslam2/voc/orb_mur.fbow
This could take a while...
Loading ORB Vocabulary in FBoW.
ORB Vocabulary loaded in 0.009411s


Loading Vocabulary : /home/howard/Refactored_ORB_SLAM2/Install/var/lib/orbslam2/voc/akaze_cv.fbow
This could take a while...
Loading AKAZE Vocabulary in FBoW.
AKAZE Vocabulary loaded in 0.001832s


Loading Vocabulary : /home/howard/Refactored_ORB_SLAM2/Install/var/lib/orbslam2/voc/brisk_cv.fbow
This could take a while...
Loading BRISK Vocabulary in FBoW.
BRISK Vocabulary loaded in 0.001675s


Loading Vocabulary : /home/howard/Refactored_ORB_SLAM2/Install/var/lib/orbslam2/voc/kaze_cv.fbow
This could take a while...
Loading KAZE Vocabulary in FBoW.
KAZE Vocabulary loaded in 0.006207s


Loading Vocabulary : /home/howard/Refactored_ORB_SLAM2/Install/var/lib/orbslam2/voc/sift_cv.fbow
This could take a while...
Loading SIFT Vocabulary in FBoW.
SIFT Vocabulary loaded in 0.012533s


Loading Vocabulary : /home/howard/Refactored_ORB_SLAM2/Install/var/lib/orbslam2/voc/superpoint.fbow
This could take a while...
Loading SuperPoint Vocabulary in FBoW.
SuperPoint Vocabulary loaded in 0.008285s


Camera Parameters: 
- fx: 535.4
- fy: 539.2
- cx: 320.1
- cy: 247.6
- k1: 0
- k2: 0
- p1: 0
- p2: 0
- fps: 30
- color order: RGB (ignored if grayscale)

[Feature 0] ORB Extractor Parameters: 
 ( TH_LOW: 50, TH_HIGH: 100 )
- Number of Features: 1000
- Scale Levels: 8
- Scale Factor: 1.2
- Initial Fast Threshold: 20
- Minimum Fast Threshold: 7

[Feature 1] AKAZE Extractor Parameters: 
 ( TH_LOW: 100, TH_HIGH: 200 )
- Number of Features: 1000
- Scale Levels: 4
- Scale Factor: 1.4
- Threshold: 1e-05
- Num of Octaves: 4
- Num of Octave Layers: 4

[Feature 2] BRISK Extractor Parameters: 
 ( TH_LOW: 100, TH_HIGH: 200 )
- Number of Features: 1000
- Scale Levels: 6
- Scale Factor: 1.414
- Threshold: 4
- Num of Octaves: 3
- Pattern Scale: 1

[Feature 3] KAZE Extractor Parameters: 
 ( TH_LOW: 0.5, TH_HIGH: 1 )
- Number of Features : 1000
- Scale Levels       : 4
- Scale Factor       : 1.4
- Threshold          : 1e-05
- nOctaves           : 4
- nOctaveLayers      : 4
- Extended (128‑dim) : 0
- Upright            : 0

[Feature 4] SIFT Extractor Parameters: 
 ( TH_LOW: 300, TH_HIGH: 500 )
- Number of Features  : 1000
- Scale Levels        : 1
- Scale Factor        : 1
- Contrast Threshold  : 0.001
- Edge Threshold      : 10
- nOctaves            : 3
- Sigma               : 1.6

[Feature 5] SuperPoint Extractor Parameters: 
 ( TH_LOW: 0.7, TH_HIGH: 0.9 )
- Number of Features: 1000
- Scale Levels: 4
- Scale Factor: 1.2
- Use CUDA: 1
- Use NMS: 1
- iniTh: 0.0024
- minTh: 0.0012

-------
Start processing sequence ...
Images in the sequence: 474

2
New map created with 6 points for 0 Feature Type 
New map created with 314 points for 1 Feature Type 
New map created with 103 points for 2 Feature Type 
New map created with 264 points for 3 Feature Type 
New map created with 93 points for 4 Feature Type 
New map created with 0 points for 5 Feature Type 
Tracking Initlized in 51.04s
The initlized frame ID: 28
System::StopViewer()
System::StopViewer() done
Viewer thread finished.

Saving correlation status...

========== Global Summary ==========
Frames: 4203
avg_CorrEdges: 8.18225
avg_match_A: 47.3293
avg_match_B: 59.8587
global_RI_MNR: 0.172879
global_RI_GNR: 0.153725
global_RI_DICE: 0.152671

========== Per-Channel Summary ==========
   chA   chB     avgCorr        avgA        avgB   avgRI_MNR   avgRI_GNR  avgRI_DICE
     0     1     2.84119     13.9876     78.6774    0.202415   0.0775288   0.0531281
     0     2     2.96985     14.0327     35.1533    0.232415    0.112969   0.0893652
     0     3     3.34243     14.1836     125.672      0.2458   0.0661652   0.0356082
     0     4     2.44526     14.1314     22.9367    0.173318    0.120949    0.112677
     1     2     5.32547     74.9387     34.0259    0.108019   0.0691304   0.0625514
     1     3     37.3808     74.3341     120.418      0.4062    0.265813    0.242512
     1     4     4.69266     73.6009     21.8784    0.157785   0.0828003   0.0682651
     2     3     10.9722      33.529     119.664    0.223337    0.119363   0.0993333
     2     4     2.86343     33.4537     21.5463   0.0904012   0.0691414   0.0664049
     3     4     7.87643     118.071     21.5721    0.260139    0.104795   0.0734699

Correlation status saved!

System Shutdown
-------

median tracking time: 0.132789
mean tracking time: 0.138695

Saving camera trajectory to result13.txt ...

trajectory saved!
All done

========== Performance Summary (ms) ==========
name                                mean      median        rmse         min         max       count
Tracking                           7.155       6.075       3.402       3.211      22.567         445
Total Init                      8206.068    8206.068       0.000    8206.068    8206.068           1
Pipeline                         138.692     132.699      40.575     101.895     343.331         474
SuperPoint Extract                84.839      81.982      15.644      59.928     292.055         474
KAZE Extract                     118.820     122.693      11.542      92.250     148.954         474
SIFT Extract                      39.060      35.676      12.667      23.475      94.900         474
Correlation                        0.449       0.293       0.351       0.062       1.752         445
AKAZE Extract                     27.189      26.337       6.147      17.669      51.351         474
BRISK Extract                     26.539      25.205       8.249       7.500      47.655         474
ORB Extract                        3.975       3.891       0.768       2.157       9.188         474
